[2014/10/11 - 12:8:26] * Tony Zill asignó a Alex Urquiza administrador nivel [99999]
[2014/10/11 - 12:8:26] * El usuario Alex Urquiza se le ha modificado su nivel administrativo a 99999 
[2014/10/11 - 12:20:59] * Alex Urquiza asignó a Tony Zill administrador nivel [99999]
[2014/10/11 - 12:20:59] * El usuario Tony Zill se le ha modificado su nivel administrativo a 99999 
[2014/10/19 - 22:16:50] * Tony Zill asignó a Tony Zill administrador nivel [0]
[2014/10/19 - 22:16:50] * El usuario Tony Zill se le ha modificado su nivel administrativo a 0 
[2014/10/20 - 13:18:43] * Tony Zill asignó a Tony Zill administrador nivel [99999]
[2014/10/20 - 13:18:43] * El usuario Tony Zill se le ha modificado su nivel administrativo a 99999 
[2014/10/20 - 13:19:12] * Tony Zill asignó a Tony Zill administrador nivel [99999]
[2014/10/20 - 13:19:12] * El usuario Tony Zill se le ha modificado su nivel administrativo a 99999 
[2014/10/20 - 13:57:47] * Tony Zill asignó a Tony Zill administrador nivel [999999]
[2014/10/20 - 13:57:47] * El usuario Tony Zill se le ha modificado su nivel administrativo a 999999 
[2014/11/2 - 10:13:31] * Tony Zill asignó a Tony Zill administrador nivel [0]
[2014/11/2 - 10:13:31] * El usuario Tony Zill se le ha modificado su nivel administrativo a 0 
[2014/11/2 - 12:55:51] * Tony Zill asignó a Tony Zill administrador nivel [2]
[2014/11/2 - 12:55:51] * El usuario Tony Zill se le ha modificado su nivel administrativo a 2 
[2014/11/5 - 11:57:23] * Tony Zill asignó a Tony Zill administrador nivel [0]
[2014/11/5 - 11:57:23] * El usuario Tony Zill se le ha modificado su nivel administrativo a 0 
[2014/11/5 - 12:11:36] * Tony Zill asignó a Tony Zill administrador nivel [0]
[2014/11/5 - 12:11:36] * El usuario Tony Zill se le ha modificado su nivel administrativo a 0 
[2014/11/5 - 16:26:18] * Tony Zill asignó a Tony Zill administrador nivel [9999]
[2014/11/5 - 16:26:18] * El usuario Tony Zill se le ha modificado su nivel administrativo a 9999 
[2014/11/5 - 16:26:20] * Tony Zill asignó a Tony Zill administrador nivel [99999]
[2014/11/5 - 16:26:20] * El usuario Tony Zill se le ha modificado su nivel administrativo a 99999 
[2014/11/5 - 16:31:15] * Tony Zill asignó a Tony Zill administrador nivel [99999]
[2014/11/5 - 16:31:15] * El usuario Tony Zill se le ha modificado su nivel administrativo a 99999 
[2014/11/5 - 16:31:23] * Tony Zill asignó a Tony Zill administrador nivel [999999]
[2014/11/5 - 16:31:23] * El usuario Tony Zill se le ha modificado su nivel administrativo a 999999 
[2016/3/8 - 21:4:22] * Benjamin Alastre asignó a Benjamin Alastre administrador nivel [-1530494977]
[2016/3/8 - 21:4:22] * El usuario Benjamin Alastre se le ha modificado su nivel administrativo a -1530494977 
[2016/3/8 - 21:4:31] * Benjamin Alastre asignó a Benjamin Alastre administrador nivel [999999]
[2016/3/8 - 21:4:31] * El usuario Benjamin Alastre se le ha modificado su nivel administrativo a 999999 
[2016/3/27 - 20:44:15] * Benjamin Alastre asignó a Benjamin Alastre administrador nivel [99999]
[2016/3/27 - 20:44:15] * El usuario Benjamin Alastre se le ha modificado su nivel administrativo a 99999 
[2016/3/27 - 20:49:18] * Benjamin Alastre asignó a Benjamin Alastre administrador nivel [4000]
[2016/3/27 - 20:49:18] * El usuario Benjamin Alastre se le ha modificado su nivel administrativo a 4000 
[2016/3/27 - 20:49:47] * Benjamin Alastre asignó a Benjamin Alastre administrador nivel [99999]
[2016/3/27 - 20:49:47] * El usuario Benjamin Alastre se le ha modificado su nivel administrativo a 99999 
[2016/4/12 - 21:3:45] * Benjamin Alastre asignó a Benjamin Alastre administrador nivel [6000]
[2016/4/12 - 21:3:45] * El usuario Benjamin Alastre se le ha modificado su nivel administrativo a 6000 
[2016/4/19 - 10:44:36] * Benjamin Alastre asignó a Benjamin Alastre administrador nivel [4]
[2016/4/19 - 10:44:36] * El usuario Benjamin Alastre se le ha modificado su nivel administrativo a 4 
[2016/4/19 - 10:45:48] * Benjamin Alastre asignó a Benjamin Alastre administrador nivel [6000]
[2016/4/19 - 10:45:48] * El usuario Benjamin Alastre se le ha modificado su nivel administrativo a 6000 
[2016/4/21 - 9:18:53] * Benjamin Alastre asignó a Benjamin Alastre administrador nivel [99999]
[2016/4/21 - 9:18:53] * El usuario Benjamin Alastre se le ha modificado su nivel administrativo a 99999 
[2016/5/15 - 14:47:57] * Benjamin Alastre asignó a Benjamin Alastre administrador nivel [2]
[2016/5/15 - 14:47:57] * El usuario Benjamin Alastre se le ha modificado su nivel administrativo a 2 
[2016/5/15 - 14:48:6] * Benjamin Alastre asignó a Benjamin Alastre administrador nivel [60000]
[2016/5/15 - 14:48:6] * El usuario Benjamin Alastre se le ha modificado su nivel administrativo a 60000 
[2016/5/15 - 14:48:9] * Benjamin Alastre asignó a Benjamin Alastre administrador nivel [6000]
[2016/5/15 - 14:48:9] * El usuario Benjamin Alastre se le ha modificado su nivel administrativo a 6000 
[2016/5/21 - 12:46:2] * Benjamin Alastre asignó a Jesus Alastre administrador nivel [6000]
[2016/5/21 - 12:46:2] * El usuario Jesus Alastre se le ha modificado su nivel administrativo a 6000 
[2016/6/2 - 21:16:56] * Benjamin Alastre asignó a Benjamin Alastre administrador nivel [4001]
[2016/6/2 - 21:16:56] * El usuario Benjamin Alastre se le ha modificado su nivel administrativo a 4001 
[2016/6/2 - 21:29:40] * Benjamin Alastre asignó a Benjamin Alastre administrador nivel [6000]
[2016/6/2 - 21:29:40] * El usuario Benjamin Alastre se le ha modificado su nivel administrativo a 6000 
[2016/7/25 - 21:12:5] * Benjamin Alastre asignó a Mad Max administrador nivel [6000]
[2016/7/25 - 21:12:5] * El usuario Mad Max se le ha modificado su nivel administrativo a 6000 
[2016/7/26 - 15:48:18] * Benjamin Alastre asignó a Pablo Perez administrador nivel [1]
[2016/7/26 - 15:48:18] * El usuario Pablo Perez se le ha modificado su nivel administrativo a 1 
[2016/7/26 - 15:48:30] * Benjamin Alastre asignó a Pablo Perez administrador nivel [-1]
[2016/7/26 - 15:48:30] * El usuario Pablo Perez se le ha modificado su nivel administrativo a -1 
[2016/7/26 - 15:48:32] * Benjamin Alastre asignó a Pablo Perez administrador nivel [1614332778]
[2016/7/26 - 15:48:32] * El usuario Pablo Perez se le ha modificado su nivel administrativo a 1614332778 
[2016/7/26 - 15:48:39] * Benjamin Alastre asignó a Pablo Perez administrador nivel [-5]
[2016/7/26 - 15:48:39] * El usuario Pablo Perez se le ha modificado su nivel administrativo a -5 
[2016/7/26 - 15:48:47] * Benjamin Alastre asignó a Pablo Perez administrador nivel [0]
[2016/7/26 - 15:48:47] * El usuario Pablo Perez se le ha modificado su nivel administrativo a 0 
[2016/7/26 - 15:53:47] * Benjamin Alastre asignó a Gabriel Solorza administrador nivel [1338]
[2016/7/26 - 15:53:47] * El usuario Gabriel Solorza se le ha modificado su nivel administrativo a 1338 
[2016/7/26 - 15:53:51] * Benjamin Alastre asignó a Pablo Perez administrador nivel [1338]
[2016/7/26 - 15:53:51] * El usuario Pablo Perez se le ha modificado su nivel administrativo a 1338 
[2016/9/29 - 23:36:5] * Azarel Thawne asignó a Azarel Thawne administrador nivel [4000]
[2016/9/29 - 23:36:5] * El usuario Azarel Thawne se le ha modificado su nivel administrativo a 4000 
[2016/9/29 - 23:42:41] * Azarel Thawne asignó a Azarel Thawne administrador nivel [6000]
[2016/9/29 - 23:42:41] * El usuario Azarel Thawne se le ha modificado su nivel administrativo a 6000 
[2016/10/5 - 16:27:5] * Abdul AlBergha asignó a John MacTavish administrador nivel [1]
[2016/10/5 - 16:27:5] * El usuario John MacTavish se le ha modificado su nivel administrativo a 1 
[2016/10/5 - 16:27:41] * Abdul AlBergha asignó a John MacTavish administrador nivel [2]
[2016/10/5 - 16:27:41] * El usuario John MacTavish se le ha modificado su nivel administrativo a 2 
[2016/10/5 - 16:27:50] * Abdul AlBergha asignó a John MacTavish administrador nivel [3]
[2016/10/5 - 16:27:50] * El usuario John MacTavish se le ha modificado su nivel administrativo a 3 
[2016/10/5 - 16:27:56] * Abdul AlBergha asignó a John MacTavish administrador nivel [4]
[2016/10/5 - 16:27:56] * El usuario John MacTavish se le ha modificado su nivel administrativo a 4 
[2016/10/5 - 16:28:1] * Abdul AlBergha asignó a John MacTavish administrador nivel [5]
[2016/10/5 - 16:28:1] * El usuario John MacTavish se le ha modificado su nivel administrativo a 5 
[2016/10/5 - 16:28:7] * Abdul AlBergha asignó a John MacTavish administrador nivel [6]
[2016/10/5 - 16:28:7] * El usuario John MacTavish se le ha modificado su nivel administrativo a 6 
[2016/10/5 - 16:28:11] * Abdul AlBergha asignó a John MacTavish administrador nivel [7]
[2016/10/5 - 16:28:11] * El usuario John MacTavish se le ha modificado su nivel administrativo a 7 
[2016/10/5 - 16:28:17] * Abdul AlBergha asignó a John MacTavish administrador nivel [8]
[2016/10/5 - 16:28:17] * El usuario John MacTavish se le ha modificado su nivel administrativo a 8 
[2016/10/5 - 16:28:44] * Abdul AlBergha asignó a John MacTavish administrador nivel [10]
[2016/10/5 - 16:28:44] * El usuario John MacTavish se le ha modificado su nivel administrativo a 10 
[2016/10/5 - 16:28:53] * Abdul AlBergha asignó a John MacTavish administrador nivel [1024]
[2016/10/5 - 16:28:53] * El usuario John MacTavish se le ha modificado su nivel administrativo a 1024 
[2016/10/5 - 16:29:1] * Abdul AlBergha asignó a John MacTavish administrador nivel [2012]
[2016/10/5 - 16:29:1] * El usuario John MacTavish se le ha modificado su nivel administrativo a 2012 
[2016/10/5 - 16:29:6] * Abdul AlBergha asignó a John MacTavish administrador nivel [2013]
[2016/10/5 - 16:29:6] * El usuario John MacTavish se le ha modificado su nivel administrativo a 2013 
[2016/10/5 - 16:29:12] * Abdul AlBergha asignó a John MacTavish administrador nivel [6000]
[2016/10/5 - 16:29:12] * El usuario John MacTavish se le ha modificado su nivel administrativo a 6000 
[2016/10/5 - 16:29:19] * Abdul AlBergha asignó a John MacTavish administrador nivel [5999]
[2016/10/5 - 16:29:19] * El usuario John MacTavish se le ha modificado su nivel administrativo a 5999 
[2016/10/5 - 16:29:26] * Abdul AlBergha asignó a John MacTavish administrador nivel [6000]
[2016/10/5 - 16:29:26] * El usuario John MacTavish se le ha modificado su nivel administrativo a 6000 
[2016/10/5 - 16:33:1] * John MacTavish asignó a Abdul AlBergha administrador nivel [1]
[2016/10/5 - 16:33:1] * El usuario Abdul AlBergha se le ha modificado su nivel administrativo a 1 
[2016/10/5 - 16:33:46] * John MacTavish asignó a Abdul AlBergha administrador nivel [6000]
[2016/10/5 - 16:33:46] * El usuario Abdul AlBergha se le ha modificado su nivel administrativo a 6000 
[2016/10/5 - 16:35:14] * John MacTavish asignó a Abdul AlBergha administrador nivel [0]
[2016/10/5 - 16:35:14] * El usuario Abdul AlBergha se le ha modificado su nivel administrativo a 0 
[2016/10/5 - 16:36:38] * John MacTavish asignó a Abdul AlBergha administrador nivel [6000]
[2016/10/5 - 16:36:38] * El usuario Abdul AlBergha se le ha modificado su nivel administrativo a 6000 
[2016/10/5 - 16:58:31] * John MacTavish asignó a Lucas Jordi administrador nivel [2]
[2016/10/5 - 16:58:31] * El usuario Lucas Jordi se le ha modificado su nivel administrativo a 2 
[2016/10/5 - 18:34:36] * Azarel Thawne asignó a John MacTavish administrador nivel [1]
[2016/10/5 - 18:34:36] * El usuario John MacTavish se le ha modificado su nivel administrativo a 1 
[2016/10/31 - 19:58:39] * Harvey Specter asignó a Harvey Specter administrador nivel [5000]
[2016/10/31 - 19:58:39] * El usuario Harvey Specter se le ha modificado su nivel administrativo a 5000 
[2016/10/31 - 19:58:43] * Harvey Specter asignó a Harvey Specter administrador nivel [6000]
[2016/10/31 - 19:58:43] * El usuario Harvey Specter se le ha modificado su nivel administrativo a 6000 
[2016/10/31 - 19:58:53] * Harvey Specter asignó a Harvey Specter administrador nivel [4000]
[2016/10/31 - 19:58:53] * El usuario Harvey Specter se le ha modificado su nivel administrativo a 4000 
[2016/10/31 - 20:10:48] * Natalie Reynolds asignó a Natalie Reynolds administrador nivel [6000]
[2016/10/31 - 20:10:48] * El usuario Natalie Reynolds se le ha modificado su nivel administrativo a 6000 
[2016/10/31 - 20:10:55] * Natalie Reynolds asignó a Natalie Reynolds administrador nivel [4000]
[2016/10/31 - 20:10:55] * El usuario Natalie Reynolds se le ha modificado su nivel administrativo a 4000 
[2016/10/31 - 20:18:6] * Natalie Reynolds asignó a Natalie Reynolds administrador nivel [5000]
[2016/10/31 - 20:18:6] * El usuario Natalie Reynolds se le ha modificado su nivel administrativo a 5000 
[2016/10/31 - 20:18:9] * Natalie Reynolds asignó a Natalie Reynolds administrador nivel [6000]
[2016/10/31 - 20:18:9] * El usuario Natalie Reynolds se le ha modificado su nivel administrativo a 6000 
[2016/10/31 - 20:25:35] * Natalie Reynolds asignó a Natalie Reynolds administrador nivel [6000]
[2016/10/31 - 20:25:35] * El usuario Natalie Reynolds se le ha modificado su nivel administrativo a 6000 
[2016/10/31 - 20:25:38] * Natalie Reynolds asignó a Natalie Reynolds administrador nivel [5000]
[2016/10/31 - 20:25:38] * El usuario Natalie Reynolds se le ha modificado su nivel administrativo a 5000 
[2016/10/31 - 20:25:40] * Natalie Reynolds asignó a Natalie Reynolds administrador nivel [6000]
[2016/10/31 - 20:25:40] * El usuario Natalie Reynolds se le ha modificado su nivel administrativo a 6000 
[2016/10/31 - 20:28:45] * Natalie Reynolds asignó a Natalie Reynolds administrador nivel [6000]
[2016/10/31 - 20:28:45] * El usuario Natalie Reynolds se le ha modificado su nivel administrativo a 6000 
[2016/10/31 - 20:28:49] * Natalie Reynolds asignó a Natalie Reynolds administrador nivel [5000]
[2016/10/31 - 20:28:49] * El usuario Natalie Reynolds se le ha modificado su nivel administrativo a 5000 
[2016/10/31 - 20:28:52] * Natalie Reynolds asignó a Natalie Reynolds administrador nivel [6000]
[2016/10/31 - 20:28:52] * El usuario Natalie Reynolds se le ha modificado su nivel administrativo a 6000 
[2016/10/31 - 20:49:29] * Natalie Reynolds asignó a Natalie Reynolds administrador nivel [5000]
[2016/10/31 - 20:49:29] * El usuario Natalie Reynolds se le ha modificado su nivel administrativo a 5000 
[2016/10/31 - 20:49:32] * Natalie Reynolds asignó a Natalie Reynolds administrador nivel [6000]
[2016/10/31 - 20:49:32] * El usuario Natalie Reynolds se le ha modificado su nivel administrativo a 6000 
[2016/10/31 - 20:49:36] * Natalie Reynolds asignó a Natalie Reynolds administrador nivel [4000]
[2016/10/31 - 20:49:36] * El usuario Natalie Reynolds se le ha modificado su nivel administrativo a 4000 
[2016/10/31 - 20:53:47] * Natalie Reynolds asignó a Natalie Reynolds administrador nivel [6000]
[2016/10/31 - 20:53:47] * El usuario Natalie Reynolds se le ha modificado su nivel administrativo a 6000 
[2016/10/31 - 20:53:52] * Natalie Reynolds asignó a Natalie Reynolds administrador nivel [5000]
[2016/10/31 - 20:53:52] * El usuario Natalie Reynolds se le ha modificado su nivel administrativo a 5000 
[2016/10/31 - 20:53:55] * Natalie Reynolds asignó a Natalie Reynolds administrador nivel [6000]
[2016/10/31 - 20:53:55] * El usuario Natalie Reynolds se le ha modificado su nivel administrativo a 6000 
[2016/10/31 - 20:58:19] * Natalie Reynolds asignó a Natalie Reynolds administrador nivel [6000]
[2016/10/31 - 20:58:19] * El usuario Natalie Reynolds se le ha modificado su nivel administrativo a 6000 
[2016/10/31 - 21:1:11] * Natalie Reynolds asignó a Natalie Reynolds administrador nivel [6000]
[2016/10/31 - 21:1:11] * El usuario Natalie Reynolds se le ha modificado su nivel administrativo a 6000 
[2016/10/31 - 21:1:17] * Natalie Reynolds asignó a Natalie Reynolds administrador nivel [5000]
[2016/10/31 - 21:1:17] * El usuario Natalie Reynolds se le ha modificado su nivel administrativo a 5000 
[2016/10/31 - 21:1:20] * Natalie Reynolds asignó a Natalie Reynolds administrador nivel [6000]
[2016/10/31 - 21:1:20] * El usuario Natalie Reynolds se le ha modificado su nivel administrativo a 6000 
[2016/10/31 - 21:1:54] * Natalie Reynolds asignó a Natalie Reynolds administrador nivel [5000]
[2016/10/31 - 21:1:54] * El usuario Natalie Reynolds se le ha modificado su nivel administrativo a 5000 
[2016/10/31 - 21:5:18] * Natalie Reynolds asignó a Natalie Reynolds administrador nivel [6000]
[2016/10/31 - 21:5:18] * El usuario Natalie Reynolds se le ha modificado su nivel administrativo a 6000 
[2016/10/31 - 21:17:16] * Natalie Reynolds asignó a Natalie Reynolds administrador nivel [89650]
[2016/10/31 - 21:17:16] * El usuario Natalie Reynolds se le ha modificado su nivel administrativo a 89650 
[2016/10/31 - 21:27:31] * Natalie Reynolds asignó a Natalie Reynolds administrador nivel [89651]
[2016/10/31 - 21:27:31] * El usuario Natalie Reynolds se le ha modificado su nivel administrativo a 89651 
[2016/10/31 - 21:31:25] * Natalie Reynolds asignó a Natalie Reynolds administrador nivel [89651]
[2016/10/31 - 21:31:25] * El usuario Natalie Reynolds se le ha modificado su nivel administrativo a 89651 
[2016/10/31 - 21:31:39] * Natalie Reynolds asignó a Natalie Reynolds administrador nivel [89650]
[2016/10/31 - 21:31:39] * El usuario Natalie Reynolds se le ha modificado su nivel administrativo a 89650 
[2016/10/31 - 21:31:48] * Natalie Reynolds asignó a Natalie Reynolds administrador nivel [89651]
[2016/10/31 - 21:31:48] * El usuario Natalie Reynolds se le ha modificado su nivel administrativo a 89651 
[2016/10/31 - 21:37:16] * Natalie Reynolds asignó a Natalie Reynolds administrador nivel [89651]
[2016/10/31 - 21:37:16] * El usuario Natalie Reynolds se le ha modificado su nivel administrativo a 89651 
[2016/10/31 - 21:37:23] * Natalie Reynolds asignó a Natalie Reynolds administrador nivel [89650]
[2016/10/31 - 21:37:23] * El usuario Natalie Reynolds se le ha modificado su nivel administrativo a 89650 
[2016/11/1 - 12:39:45] * Natalie Reynolds asignó a Natalie Reynolds administrador nivel [5000]
[2016/11/1 - 12:39:45] * El usuario Natalie Reynolds se le ha modificado su nivel administrativo a 5000 
[2016/11/1 - 12:52:26] * Natalie Reynolds asignó a Natalie Reynolds administrador nivel [5000]
[2016/11/1 - 12:52:26] * El usuario Natalie Reynolds se le ha modificado su nivel administrativo a 5000 
[2016/11/1 - 12:57:16] * Natalie Reynolds asignó a Natalie Reynolds administrador nivel [8650]
[2016/11/1 - 12:57:16] * El usuario Natalie Reynolds se le ha modificado su nivel administrativo a 8650 
[2016/11/1 - 12:57:18] * Natalie Reynolds asignó a Natalie Reynolds administrador nivel [89650]
[2016/11/1 - 12:57:18] * El usuario Natalie Reynolds se le ha modificado su nivel administrativo a 89650 
[2016/11/1 - 12:57:20] * Natalie Reynolds asignó a Natalie Reynolds administrador nivel [89651]
[2016/11/1 - 12:57:20] * El usuario Natalie Reynolds se le ha modificado su nivel administrativo a 89651 
[2016/11/1 - 13:57:58] * Natalie Reynolds asignó a Natalie Reynolds administrador nivel [89650]
[2016/11/1 - 13:57:58] * El usuario Natalie Reynolds se le ha modificado su nivel administrativo a 89650 
[2016/11/1 - 13:59:13] * Natalie Reynolds asignó a Natalie Reynolds administrador nivel [89651]
[2016/11/1 - 13:59:13] * El usuario Natalie Reynolds se le ha modificado su nivel administrativo a 89651 
[2016/11/1 - 13:59:24] * Natalie Reynolds asignó a Natalie Reynolds administrador nivel [5000]
[2016/11/1 - 13:59:24] * El usuario Natalie Reynolds se le ha modificado su nivel administrativo a 5000 
[2016/11/1 - 14:3:10] * Natalie Reynolds asignó a Natalie Reynolds administrador nivel [89651]
[2016/11/1 - 14:3:10] * El usuario Natalie Reynolds se le ha modificado su nivel administrativo a 89651 
[2016/11/1 - 14:7:50] * Natalie Reynolds asignó a Natalie Reynolds administrador nivel [89651]
[2016/11/1 - 14:7:50] * El usuario Natalie Reynolds se le ha modificado su nivel administrativo a 89651 
[2016/11/1 - 14:7:56] * Natalie Reynolds asignó a Natalie Reynolds administrador nivel [1]
[2016/11/1 - 14:7:56] * El usuario Natalie Reynolds se le ha modificado su nivel administrativo a 1 
[2016/11/1 - 14:9:15] * Natalie Reynolds asignó a Natalie Reynolds administrador nivel [4002]
[2016/11/1 - 14:9:15] * El usuario Natalie Reynolds se le ha modificado su nivel administrativo a 4002 
[2016/11/1 - 14:17:12] * Natalie Reynolds asignó a Natalie Reynolds administrador nivel [89651]
[2016/11/1 - 14:17:12] * El usuario Natalie Reynolds se le ha modificado su nivel administrativo a 89651 
[2016/11/1 - 14:17:19] * Natalie Reynolds asignó a Natalie Reynolds administrador nivel [89650]
[2016/11/1 - 14:17:19] * El usuario Natalie Reynolds se le ha modificado su nivel administrativo a 89650 
[2016/11/1 - 14:17:26] * Natalie Reynolds asignó a Natalie Reynolds administrador nivel [5000]
[2016/11/1 - 14:17:26] * El usuario Natalie Reynolds se le ha modificado su nivel administrativo a 5000 
[2016/11/1 - 14:17:35] * Natalie Reynolds asignó a Natalie Reynolds administrador nivel [4002]
[2016/11/1 - 14:17:35] * El usuario Natalie Reynolds se le ha modificado su nivel administrativo a 4002 
