----------------------------------------
Fecha: 10/11/2014 - Hora: 12:55
(1) : 0
(2) : 0
(3) : 0
(4) : 0
(5) : 0
(6) : 0
(7) : 0
(8) : 0
(9) : 0
(10) : 0
(11) : 0
(12) : 0
(13) : 0
(14) : 0
(15) : 0
----------------------------------------
Fecha: 10/19/2014 - Hora: 11:46
(1) : 0
(2) : 0
(3) : 0
(4) : 0
(5) : 0
(6) : 0
(7) : 0
(8) : 0
(9) : 0
(10) : 0
(11) : 0
(12) : 0
(13) : 0
(14) : 0
(15) : 0
----------------------------------------
Fecha: 10/20/2014 - Hora: 13:52
(1) : 0
(2) : 0
(3) : 0
(4) : 0
(5) : 0
(6) : 0
(7) : 0
(8) : 0
(9) : 0
(10) : 0
(11) : 0
(12) : 0
(13) : 0
(14) : 0
(15) : 0
----------------------------------------
Fecha: 10/20/2014 - Hora: 13:52
(1) : 0
(2) : 0
(3) : 0
(4) : 0
(5) : 0
(6) : 0
(7) : 0
(8) : 0
(9) : 0
(10) : 0
(11) : 0
(12) : 0
(13) : 0
(14) : 0
(15) : 0
----------------------------------------
Fecha: 10/20/2014 - Hora: 15:43
(1) : 0
(2) : 0
(3) : 0
(4) : 0
(5) : 0
(6) : 0
(7) : 0
(8) : 0
(9) : 0
(10) : 0
(11) : 0
(12) : 0
(13) : 0
(14) : 0
(15) : 0
----------------------------------------
Fecha: 10/26/2014 - Hora: 19:50
(1) : 0
(2) : 0
(3) : 0
(4) : 0
(5) : 0
(6) : 0
(7) : 0
(8) : 0
(9) : 0
(10) : 0
(11) : 0
(12) : 0
(13) : 0
(14) : 0
(15) : 0
----------------------------------------
Fecha: 10/31/2014 - Hora: 14:42
(1) : 0
(2) : 0
(3) : 0
(4) : 0
(5) : 0
(6) : 0
(7) : 0
(8) : 0
(9) : 0
(10) : 0
(11) : 0
(12) : 0
(13) : 0
(14) : 0
(15) : 0
----------------------------------------
Fecha: 10/31/2014 - Hora: 14:42
(1) : 0
(2) : 0
(3) : 0
(4) : 0
(5) : 0
(6) : 0
(7) : 0
(8) : 0
(9) : 0
(10) : 0
(11) : 0
(12) : 0
(13) : 0
(14) : 0
(15) : 0
----------------------------------------
Fecha: 10/31/2014 - Hora: 14:42
(1) : 0
(2) : 0
(3) : 0
(4) : 0
(5) : 0
(6) : 0
(7) : 0
(8) : 0
(9) : 0
(10) : 0
(11) : 0
(12) : 0
(13) : 0
(14) : 0
(15) : 0
----------------------------------------
Fecha: 11/5/2014 - Hora: 11:57
(1) : 0
(2) : 0
(3) : 0
(4) : 0
(5) : 0
(6) : 0
(7) : 0
(8) : 0
(9) : 0
(10) : 0
(11) : 0
(12) : 0
(13) : 0
(14) : 0
(15) : 0
----------------------------------------
Fecha: 11/5/2014 - Hora: 21:34
(1) : 0
(2) : 0
(3) : 0
(4) : 0
(5) : 0
(6) : 0
(7) : 0
(8) : 0
(9) : 0
(10) : 0
(11) : 0
(12) : 0
(13) : 0
(14) : 0
(15) : 0
----------------------------------------
Fecha: 11/5/2014 - Hora: 21:34
(1) : 0
(2) : 0
(3) : 0
(4) : 0
(5) : 0
(6) : 0
(7) : 0
(8) : 0
(9) : 0
(10) : 0
(11) : 0
(12) : 0
(13) : 0
(14) : 0
(15) : 0
----------------------------------------
Fecha: 11/9/2014 - Hora: 21:31
(1) : 0
(2) : 0
(3) : 0
(4) : 0
(5) : 0
(6) : 0
(7) : 0
(8) : 0
(9) : 0
(10) : 0
(11) : 0
(12) : 0
(13) : 0
(14) : 0
(15) : 0
----------------------------------------
Fecha: 11/15/2014 - Hora: 12:54
(1) : 0
(2) : 0
(3) : 0
(4) : 0
(5) : 0
(6) : 0
(7) : 0
(8) : 0
(9) : 0
(10) : 0
(11) : 0
(12) : 0
(13) : 0
(14) : 0
(15) : 0
----------------------------------------
Fecha: 11/19/2014 - Hora: 19:32
(1) : 0
(2) : 0
(3) : 0
(4) : 0
(5) : 0
(6) : 0
(7) : 0
(8) : 0
(9) : 0
(10) : 0
(11) : 0
(12) : 0
(13) : 0
(14) : 0
(15) : 0
----------------------------------------
Fecha: 1/10/2015 - Hora: 23:34
(1) : 0
(2) : 0
(3) : 0
(4) : 0
(5) : 0
(6) : 0
(7) : 0
(8) : 0
(9) : 0
(10) : 0
(11) : 0
(12) : 0
(13) : 0
(14) : 0
(15) : 0
----------------------------------------
Fecha: 3/8/2016 - Hora: 11:33
(1) : 0
(2) : 0
(3) : 0
(4) : 0
(5) : 0
(6) : 0
(7) : 0
(8) : 0
(9) : 0
(10) : 0
(11) : 0
(12) : 0
(13) : 0
(14) : 0
(15) : 0
----------------------------------------
Fecha: 3/8/2016 - Hora: 11:33
(1) : 0
(2) : 0
(3) : 0
(4) : 0
(5) : 0
(6) : 0
(7) : 0
(8) : 0
(9) : 0
(10) : 0
(11) : 0
(12) : 0
(13) : 0
(14) : 0
(15) : 0
----------------------------------------
Fecha: 3/9/2016 - Hora: 20:13
(1) Ninguna: 0
(2) : 0
(3) : 0
(4) : 0
(5) : 0
(6) : 0
(7) : 0
(8) : 0
(9) : 0
(10) : 0
(11) : 0
(12) : 0
(13) : 0
(14) : 0
(15) : 0
----------------------------------------
Fecha: 3/9/2016 - Hora: 21:35
(1) Ninguna: 0
(2) : 0
(3) : 0
(4) : 0
(5) : 0
(6) : 0
(7) : 0
(8) : 0
(9) : 0
(10) : 0
(11) : 0
(12) : 0
(13) : 0
(14) : 0
(15) : 0
----------------------------------------
Fecha: 3/13/2016 - Hora: 18:23
(1) Ninguna: 0
(2) : 0
(3) : 0
(4) : 0
(5) : 0
(6) : 0
(7) : 0
(8) : 0
(9) : 0
(10) : 0
(11) : 0
(12) : 0
(13) : 0
(14) : 0
(15) : 0
----------------------------------------
Fecha: 3/13/2016 - Hora: 20:37
(1) Ninguna: 0
(2) : 0
(3) : 0
(4) : 0
(5) : 0
(6) : 0
(7) : 0
(8) : 0
(9) : 0
(10) : 0
(11) : 0
(12) : 0
(13) : 0
(14) : 0
(15) : 0
----------------------------------------
Fecha: 3/18/2016 - Hora: 10:36
(1) Ninguna: 0
(2) : 0
(3) : 0
(4) : 0
(5) : 0
(6) : 0
(7) : 0
(8) : 0
(9) : 0
(10) : 0
(11) : 0
(12) : 0
(13) : 0
(14) : 0
(15) : 0
----------------------------------------
Fecha: 3/25/2016 - Hora: 17:2
(1) Motociclistas Hell Angels: 0
(2) : 0
(3) : 0
(4) : 0
(5) : 0
(6) : 0
(7) : 0
(8) : 0
(9) : 0
(10) : 0
(11) : 0
(12) : 0
(13) : 0
(14) : 0
(15) : 0
----------------------------------------
Fecha: 3/25/2016 - Hora: 17:3
(1) Motociclistas Hell Angels: 0
(2) : 0
(3) : 0
(4) : 0
(5) : 0
(6) : 0
(7) : 0
(8) : 0
(9) : 0
(10) : 0
(11) : 0
(12) : 0
(13) : 0
(14) : 0
(15) : 0
----------------------------------------
Fecha: 3/25/2016 - Hora: 17:3
(1) Motociclistas Hell Angels: 0
(2) : 0
(3) : 0
(4) : 0
(5) : 0
(6) : 0
(7) : 0
(8) : 0
(9) : 0
(10) : 0
(11) : 0
(12) : 0
(13) : 0
(14) : 0
(15) : 0
----------------------------------------
Fecha: 3/25/2016 - Hora: 17:4
(1) Motociclistas Hell Angels: 0
(2) : 0
(3) : 0
(4) : 0
(5) : 0
(6) : 0
(7) : 0
(8) : 0
(9) : 0
(10) : 0
(11) : 0
(12) : 0
(13) : 0
(14) : 0
(15) : 0
----------------------------------------
Fecha: 3/27/2016 - Hora: 20:39
(1) Motociclistas Hell Angels: 0
(2) : 0
(3) : 0
(4) : 0
(5) : 0
(6) : 0
(7) : 0
(8) : 0
(9) : 0
(10) : 0
(11) : 0
(12) : 0
(13) : 0
(14) : 0
(15) : 0
----------------------------------------
Fecha: 3/27/2016 - Hora: 20:58
(1) Motociclistas Hell Angels: 0
(2) : 0
(3) : 0
(4) : 0
(5) : 0
(6) : 0
(7) : 0
(8) : 0
(9) : 0
(10) : 0
(11) : 0
(12) : 0
(13) : 0
(14) : 0
(15) : 0
----------------------------------------
Fecha: 3/27/2016 - Hora: 21:1
(1) Motociclistas Hell Angels: 0
(2) : 0
(3) : 0
(4) : 0
(5) : 0
(6) : 0
(7) : 0
(8) : 0
(9) : 0
(10) : 0
(11) : 0
(12) : 0
(13) : 0
(14) : 0
(15) : 0
----------------------------------------
Fecha: 3/28/2016 - Hora: 21:1
(1) : 0
(2) : 0
(3) : 0
(4) : 0
(5) : 0
(6) : 0
(7) : 0
(8) : 0
(9) : 0
(10) : 0
(11) : 0
(12) : 0
(13) : 0
(14) : 0
(15) : 0
----------------------------------------
Fecha: 3/31/2016 - Hora: 21:28
(1) : 0
(2) : 0
(3) : 0
(4) : 0
(5) : 0
(6) : 0
(7) : 0
(8) : 0
(9) : 0
(10) : 0
(11) : 0
(12) : 0
(13) : 0
(14) : 0
(15) : 0
----------------------------------------
Fecha: 4/1/2016 - Hora: 12:41
(1) : 0
(2) : 0
(3) : 0
(4) : 0
(5) : 0
(6) : 0
(7) : 0
(8) : 0
(9) : 0
(10) : 0
(11) : 0
(12) : 0
(13) : 0
(14) : 0
(15) : 0
----------------------------------------
Fecha: 4/2/2016 - Hora: 21:23
(1) : 0
(2) : 0
(3) : 0
(4) : 0
(5) : 0
(6) : 0
(7) : 0
(8) : 0
(9) : 0
(10) : 0
(11) : 0
(12) : 0
(13) : 0
(14) : 0
(15) : 0
----------------------------------------
Fecha: 4/17/2016 - Hora: 17:9
(1) Ninguna: 0
(2) : 0
(3) : 0
(4) : 0
(5) : 0
(6) : 0
(7) : 0
(8) : 0
(9) : 0
(10) : 0
(11) : 0
(12) : 0
(13) : 0
(14) : 0
(15) : 0
----------------------------------------
Fecha: 5/6/2016 - Hora: 18:19
(1) Ninguna: 0
(2) : 0
(3) : 0
(4) : 0
(5) : 0
(6) : 0
(7) : 0
(8) : 0
(9) : 0
(10) : 0
(11) : 0
(12) : 0
(13) : 0
(14) : 0
(15) : 0
----------------------------------------
Fecha: 5/6/2016 - Hora: 18:19
(1) Ninguna: 0
(2) : 0
(3) : 0
(4) : 0
(5) : 0
(6) : 0
(7) : 0
(8) : 0
(9) : 0
(10) : 0
(11) : 0
(12) : 0
(13) : 0
(14) : 0
(15) : 0
----------------------------------------
Fecha: 5/13/2016 - Hora: 12:36
(1) Ninguna: 0
(2) : 0
(3) : 0
(4) : 0
(5) : 0
(6) : 0
(7) : 0
(8) : 0
(9) : 0
(10) : 0
(11) : 0
(12) : 0
(13) : 0
(14) : 0
(15) : 0
----------------------------------------
Fecha: 5/13/2016 - Hora: 13:45
(1) Ninguna: 0
(2) : 0
(3) : 0
(4) : 0
(5) : 0
(6) : 0
(7) : 0
(8) : 0
(9) : 0
(10) : 0
(11) : 0
(12) : 0
(13) : 0
(14) : 0
(15) : 0
----------------------------------------
Fecha: 5/15/2016 - Hora: 15:36
(1) Ninguna: 0
(2) : 0
(3) : 0
(4) : 0
(5) : 0
(6) : 0
(7) : 0
(8) : 0
(9) : 0
(10) : 0
(11) : 0
(12) : 0
(13) : 0
(14) : 0
(15) : 0
----------------------------------------
Fecha: 5/20/2016 - Hora: 12:13
(1) Ninguna: 0
(2) : 0
(3) : 0
(4) : 0
(5) : 0
(6) : 0
(7) : 0
(8) : 0
(9) : 0
(10) : 0
(11) : 0
(12) : 0
(13) : 0
(14) : 0
(15) : 0
----------------------------------------
Fecha: 5/20/2016 - Hora: 12:14
(1) Ninguna: 0
(2) : 0
(3) : 0
(4) : 0
(5) : 0
(6) : 0
(7) : 0
(8) : 0
(9) : 0
(10) : 0
(11) : 0
(12) : 0
(13) : 0
(14) : 0
(15) : 0
----------------------------------------
Fecha: 5/21/2016 - Hora: 12:45
(1) Ninguna: 0
(2) : 0
(3) : 0
(4) : 0
(5) : 0
(6) : 0
(7) : 0
(8) : 0
(9) : 0
(10) : 0
(11) : 0
(12) : 0
(13) : 0
(14) : 0
(15) : 0
----------------------------------------
Fecha: 5/21/2016 - Hora: 12:45
(1) Ninguna: 0
(2) : 0
(3) : 0
(4) : 0
(5) : 0
(6) : 0
(7) : 0
(8) : 0
(9) : 0
(10) : 0
(11) : 0
(12) : 0
(13) : 0
(14) : 0
(15) : 0
----------------------------------------
Fecha: 5/28/2016 - Hora: 16:44
(1) : 0
(2) : 0
(3) : 0
(4) : 0
(5) : 0
(6) : 0
(7) : 0
(8) : 0
(9) : 0
(10) : 0
(11) : 0
(12) : 0
(13) : 0
(14) : 0
(15) : 0
----------------------------------------
Fecha: 5/28/2016 - Hora: 21:1
(1) : 0
(2) : 0
(3) : 0
(4) : 0
(5) : 0
(6) : 0
(7) : 0
(8) : 0
(9) : 0
(10) : 0
(11) : 0
(12) : 0
(13) : 0
(14) : 0
(15) : 0
----------------------------------------
Fecha: 6/7/2016 - Hora: 12:52
(1) : 0
(2) : 0
(3) : 0
(4) : 0
(5) : 0
(6) : 0
(7) : 0
(8) : 0
(9) : 0
(10) : 0
(11) : 0
(12) : 0
(13) : 0
(14) : 0
(15) : 0
----------------------------------------
Fecha: 6/7/2016 - Hora: 12:53
(1) : 0
(2) : 0
(3) : 0
(4) : 0
(5) : 0
(6) : 0
(7) : 0
(8) : 0
(9) : 0
(10) : 0
(11) : 0
(12) : 0
(13) : 0
(14) : 0
(15) : 0
----------------------------------------
Fecha: 6/16/2016 - Hora: 12:12
(1) : 0
(2) : 0
(3) : 0
(4) : 0
(5) : 0
(6) : 0
(7) : 0
(8) : 0
(9) : 0
(10) : 0
(11) : 0
(12) : 0
(13) : 0
(14) : 0
(15) : 0
----------------------------------------
Fecha: 6/16/2016 - Hora: 20:11
(1) : 0
(2) : 0
(3) : 0
(4) : 0
(5) : 0
(6) : 0
(7) : 0
(8) : 0
(9) : 0
(10) : 0
(11) : 0
(12) : 0
(13) : 0
(14) : 0
(15) : 0
----------------------------------------
Fecha: 6/20/2016 - Hora: 21:33
(1) : 0
(2) : 0
(3) : 0
(4) : 0
(5) : 0
(6) : 0
(7) : 0
(8) : 0
(9) : 0
(10) : 0
(11) : 0
(12) : 0
(13) : 0
(14) : 0
(15) : 0
----------------------------------------
Fecha: 6/22/2016 - Hora: 19:43
(1) : 0
(2) : 0
(3) : 0
(4) : 0
(5) : 0
(6) : 0
(7) : 0
(8) : 0
(9) : 0
(10) : 0
(11) : 0
(12) : 0
(13) : 0
(14) : 0
(15) : 0
----------------------------------------
Fecha: 6/29/2016 - Hora: 20:17
(1) : 0
(2) : 0
(3) : 0
(4) : 0
(5) : 0
(6) : 0
(7) : 0
(8) : 0
(9) : 0
(10) : 0
(11) : 0
(12) : 0
(13) : 0
(14) : 0
(15) : 0
----------------------------------------
Fecha: 6/30/2016 - Hora: 13:29
(1) : 0
(2) : 0
(3) : 0
(4) : 0
(5) : 0
(6) : 0
(7) : 0
(8) : 0
(9) : 0
(10) : 0
(11) : 0
(12) : 0
(13) : 0
(14) : 0
(15) : 0
----------------------------------------
Fecha: 7/19/2016 - Hora: 13:2
(1) : 0
(2) : 0
(3) : 0
(4) : 0
(5) : 0
(6) : 0
(7) : 0
(8) : 0
(9) : 0
(10) : 0
(11) : 0
(12) : 0
(13) : 0
(14) : 0
(15) : 0
----------------------------------------
Fecha: 7/24/2016 - Hora: 15:4
(1) : 0
(2) : 0
(3) : 0
(4) : 0
(5) : 0
(6) : 0
(7) : 0
(8) : 0
(9) : 0
(10) : 0
(11) : 0
(12) : 0
(13) : 0
(14) : 0
(15) : 0
----------------------------------------
Fecha: 7/24/2016 - Hora: 15:5
(1) : 0
(2) : 0
(3) : 0
(4) : 0
(5) : 0
(6) : 0
(7) : 0
(8) : 0
(9) : 0
(10) : 0
(11) : 0
(12) : 0
(13) : 0
(14) : 0
(15) : 0
----------------------------------------
Fecha: 7/25/2016 - Hora: 14:17
(1) Ninguna: 0
(2) : 0
(3) : 0
(4) : 0
(5) : 0
(6) : 0
----------------------------------------
Fecha: 7/25/2016 - Hora: 20:53
(1) Ninguna: 0
(2) : 0
(3) : 0
(4) : 0
(5) : 0
(6) : 0
----------------------------------------
Fecha: 7/25/2016 - Hora: 21:11
(1) Ninguna: 0
(2) : 0
(3) : 0
(4) : 0
(5) : 0
(6) : 0
----------------------------------------
Fecha: 7/25/2016 - Hora: 21:11
(1) Ninguna: 0
(2) : 0
(3) : 0
(4) : 0
(5) : 0
(6) : 0
----------------------------------------
Fecha: 7/26/2016 - Hora: 15:52
(1) Ninguna: 0
(2) : 0
(3) : 0
(4) : 0
(5) : 0
(6) : 0
----------------------------------------
Fecha: 7/26/2016 - Hora: 15:52
(1) Ninguna: 0
(2) : 0
(3) : 0
(4) : 0
(5) : 0
(6) : 0
----------------------------------------
Fecha: 7/26/2016 - Hora: 15:52
(1) Ninguna: 0
(2) : 0
(3) : 0
(4) : 0
(5) : 0
(6) : 0
----------------------------------------
Fecha: 7/26/2016 - Hora: 15:52
(1) Ninguna: 0
(2) : 0
(3) : 0
(4) : 0
(5) : 0
(6) : 0
----------------------------------------
Fecha: 8/1/2016 - Hora: 14:36
(1) Ninguna: 0
(2) : 0
(3) : 0
(4) : 0
(5) : 0
(6) : 0
----------------------------------------
Fecha: 8/1/2016 - Hora: 14:37
(1) Ninguna: 0
(2) : 0
(3) : 0
(4) : 0
(5) : 0
(6) : 0
----------------------------------------
Fecha: 8/1/2016 - Hora: 15:45
(1) Ninguna: 0
(2) : 0
(3) : 0
(4) : 0
(5) : 0
(6) : 0
----------------------------------------
Fecha: 8/1/2016 - Hora: 21:47
(1) Ninguna: 0
(2) : 0
(3) : 0
(4) : 0
(5) : 0
(6) : 0
----------------------------------------
Fecha: 8/2/2016 - Hora: 13:9
(1) Ninguna: 0
(2) : 0
(3) : 0
(4) : 0
(5) : 0
(6) : 0
----------------------------------------
Fecha: 8/2/2016 - Hora: 13:9
(1) Ninguna: 0
(2) : 0
(3) : 0
(4) : 0
(5) : 0
(6) : 0
----------------------------------------
Fecha: 8/2/2016 - Hora: 13:10
(1) Ninguna: 0
(2) : 0
(3) : 0
(4) : 0
(5) : 0
(6) : 0
----------------------------------------
Fecha: 8/2/2016 - Hora: 13:10
(1) Ninguna: 0
(2) : 0
(3) : 0
(4) : 0
(5) : 0
(6) : 0
----------------------------------------
Fecha: 8/2/2016 - Hora: 13:12
(1) Ninguna: 0
(2) : 0
(3) : 0
(4) : 0
(5) : 0
(6) : 0
----------------------------------------
Fecha: 8/2/2016 - Hora: 14:0
(1) Ninguna: 0
(2) : 0
(3) : 0
(4) : 0
(5) : 0
(6) : 0
----------------------------------------
Fecha: 8/2/2016 - Hora: 18:54
(1) Ninguna: 0
(2) : 0
(3) : 0
(4) : 0
(5) : 0
(6) : 0
----------------------------------------
Fecha: 8/3/2016 - Hora: 20:31
(1) Ninguna: 0
(2) : 0
(3) : 0
(4) : 0
(5) : 0
(6) : 0
----------------------------------------
Fecha: 8/4/2016 - Hora: 15:32
(1) Ninguna: 0
(2) : 0
(3) : 0
(4) : 0
(5) : 0
(6) : 0
----------------------------------------
Fecha: 8/5/2016 - Hora: 12:37
(1) Ninguna: 0
(2) : 0
(3) : 0
(4) : 0
(5) : 0
(6) : 0
----------------------------------------
Fecha: 8/5/2016 - Hora: 14:48
(1) Ninguna: 0
(2) : 0
(3) : 0
(4) : 0
(5) : 0
(6) : 0
----------------------------------------
Fecha: 8/5/2016 - Hora: 19:44
(1) Ninguna: 0
(2) : 0
(3) : 0
(4) : 0
(5) : 0
(6) : 0
----------------------------------------
Fecha: 8/6/2016 - Hora: 14:25
(1) Ninguna: 0
(2) : 0
(3) : 0
(4) : 0
(5) : 0
(6) : 0
----------------------------------------
Fecha: 8/7/2016 - Hora: 16:19
(1) Ninguna: 0
(2) : 0
(3) : 0
(4) : 0
(5) : 0
(6) : 0
----------------------------------------
Fecha: 8/7/2016 - Hora: 17:29
(1) Ninguna: 0
(2) : 0
(3) : 0
(4) : 0
(5) : 0
(6) : 0
----------------------------------------
Fecha: 8/8/2016 - Hora: 17:9
(1) Ninguna: 0
(2) : 0
(3) : 0
(4) : 0
(5) : 0
(6) : 0
----------------------------------------
Fecha: 8/8/2016 - Hora: 18:18
(1) Ninguna: 0
(2) : 0
(3) : 0
(4) : 0
(5) : 0
(6) : 0
----------------------------------------
Fecha: 8/8/2016 - Hora: 19:29
(1) Ninguna: 0
(2) : 0
(3) : 0
(4) : 0
(5) : 0
(6) : 0
----------------------------------------
Fecha: 8/9/2016 - Hora: 15:49
(1) Ninguna: 0
(2) : 0
(3) : 0
(4) : 0
(5) : 0
(6) : 0
----------------------------------------
Fecha: 8/9/2016 - Hora: 17:21
(1) Ninguna: 0
(2) : 0
(3) : 0
(4) : 0
(5) : 0
(6) : 0
----------------------------------------
Fecha: 8/9/2016 - Hora: 21:25
(1) Ninguna: 0
(2) : 0
(3) : 0
(4) : 0
(5) : 0
(6) : 0
----------------------------------------
Fecha: 8/13/2016 - Hora: 17:50
(1) Ninguna: 0
(2) : 0
(3) : 0
(4) : 0
(5) : 0
(6) : 0
----------------------------------------
Fecha: 8/13/2016 - Hora: 19:59
(1) Ninguna: 0
(2) : 0
(3) : 0
(4) : 0
(5) : 0
(6) : 0
----------------------------------------
Fecha: 8/13/2016 - Hora: 21:9
(1) Ninguna: 0
(2) : 0
(3) : 0
(4) : 0
(5) : 0
(6) : 0
----------------------------------------
Fecha: 8/14/2016 - Hora: 13:8
(1) Ninguna: 0
(2) : 0
(3) : 0
(4) : 0
(5) : 0
(6) : 0
----------------------------------------
Fecha: 8/14/2016 - Hora: 16:44
(1) Ninguna: 0
(2) : 0
(3) : 0
(4) : 0
(5) : 0
(6) : 0
----------------------------------------
Fecha: 10/5/2016 - Hora: 14:36
(1) Ninguna: 0
(2) : 0
(3) : 0
(4) : 0
(5) : 0
(6) : 0
----------------------------------------
Fecha: 10/5/2016 - Hora: 14:37
(1) Ninguna: 0
(2) : 0
(3) : 0
(4) : 0
(5) : 0
(6) : 0
----------------------------------------
Fecha: 10/5/2016 - Hora: 16:38
(1) Ninguna: 0
(2) : 0
(3) : 0
(4) : 0
(5) : 0
(6) : 0
----------------------------------------
Fecha: 10/5/2016 - Hora: 16:45
(1) Ninguna: 0
(2) : 0
(3) : 0
(4) : 0
(5) : 0
(6) : 0
----------------------------------------
Fecha: 10/5/2016 - Hora: 17:8
(1) Ninguna: 0
(2) : 0
(3) : 0
(4) : 0
(5) : 0
(6) : 0
----------------------------------------
Fecha: 10/5/2016 - Hora: 17:9
(1) Ninguna: 0
(2) : 0
(3) : 0
(4) : 0
(5) : 0
(6) : 0
----------------------------------------
Fecha: 10/5/2016 - Hora: 18:56
(1) Ninguna: 0
(2) : 0
(3) : 0
(4) : 0
(5) : 0
(6) : 0
----------------------------------------
Fecha: 10/5/2016 - Hora: 20:3
(1) Ninguna: 0
(2) : 0
(3) : 0
(4) : 0
(5) : 0
(6) : 0
----------------------------------------
Fecha: 10/9/2016 - Hora: 11:48
(1) Ninguna: 0
(2) : 0
(3) : 0
(4) : 0
(5) : 0
(6) : 0
----------------------------------------
Fecha: 10/9/2016 - Hora: 12:53
(1) Ninguna: 0
(2) : 0
(3) : 0
(4) : 0
(5) : 0
(6) : 0
----------------------------------------
Fecha: 10/9/2016 - Hora: 13:58
(1) Ninguna: 0
(2) : 0
(3) : 0
(4) : 0
(5) : 0
(6) : 0
----------------------------------------
Fecha: 10/9/2016 - Hora: 15:3
(1) Ninguna: 0
(2) : 0
(3) : 0
(4) : 0
(5) : 0
(6) : 0
----------------------------------------
Fecha: 10/9/2016 - Hora: 16:8
(1) Ninguna: 0
(2) : 0
(3) : 0
(4) : 0
(5) : 0
(6) : 0
----------------------------------------
Fecha: 10/9/2016 - Hora: 17:13
(1) Ninguna: 0
(2) : 0
(3) : 0
(4) : 0
(5) : 0
(6) : 0
----------------------------------------
Fecha: 10/9/2016 - Hora: 18:17
(1) Ninguna: 0
(2) : 0
(3) : 0
(4) : 0
(5) : 0
(6) : 0
----------------------------------------
Fecha: 10/13/2016 - Hora: 19:41
(1) Ninguna: 0
(2) : 0
(3) : 0
(4) : 0
(5) : 0
(6) : 0
----------------------------------------
Fecha: 10/13/2016 - Hora: 23:13
(1) Ninguna: 0
(2) : 0
(3) : 0
(4) : 0
(5) : 0
(6) : 0
----------------------------------------
Fecha: 10/31/2016 - Hora: 14:55
(1) Ninguna: 0
(2) : 0
(3) : 0
(4) : 0
(5) : 0
(6) : 0
----------------------------------------
Fecha: 10/31/2016 - Hora: 14:55
(1) Ninguna: 0
(2) : 0
(3) : 0
(4) : 0
(5) : 0
(6) : 0
----------------------------------------
Fecha: 10/31/2016 - Hora: 14:59
(1) Ninguna: 0
(2) : 0
(3) : 0
(4) : 0
(5) : 0
(6) : 0
----------------------------------------
Fecha: 11/7/2016 - Hora: 15:29
(1) Ninguna: 0
(2) : 0
(3) : 0
(4) : 0
(5) : 0
(6) : 0
----------------------------------------
Fecha: 11/7/2016 - Hora: 16:35
(1) Ninguna: 0
(2) : 0
(3) : 0
(4) : 0
(5) : 0
(6) : 0
----------------------------------------
Fecha: 11/7/2016 - Hora: 17:41
(1) Ninguna: 0
(2) : 0
(3) : 0
(4) : 0
(5) : 0
(6) : 0
----------------------------------------
Fecha: 11/19/2016 - Hora: 17:31
(1) Ninguna: 0
(2) : 0
(3) : 0
(4) : 0
(5) : 0
(6) : 0
