[2016/3/8 - 12:1:24] Benjamin Alastre adjusted family 1's rank 1 to Novato
[2016/3/8 - 12:2:2] Benjamin Alastre adjusted family 1's rank 1 to Aprendiz
[2016/3/8 - 12:2:6] Benjamin Alastre adjusted family 1's rank 1 to Novato
[2016/3/8 - 12:2:30] Benjamin Alastre adjusted family 1's rank 2 to Motociclista medio
[2016/3/8 - 12:2:34] Benjamin Alastre adjusted family 1's rank 2 to Motociclista Medio
[2016/3/8 - 12:2:41] Benjamin Alastre adjusted family 1's rank 3 to Motociclista
[2016/3/8 - 12:2:51] Benjamin Alastre adjusted family 1's rank 4 to Maestro de la moto
[2016/3/8 - 12:3:2] Benjamin Alastre adjusted family 1's rank 5 to Mano derecha
[2016/3/8 - 12:3:10] Benjamin Alastre adjusted family 1's rank 6 to Jefe del bar
[2016/3/8 - 12:5:34] Benjamin Alastre adjusted family 1's name to Sons Of Anarchy (SAMCRO)
[2016/3/21 - 16:2:43] Benjamin Alastre adjusted family 1's name to SAMCRO
[2016/3/21 - 16:2:57] Benjamin Alastre adjusted family 1's name to Motociclistas Hell Angels
[2016/5/13 - 14:48:15] Benjamin Alastre uninvited Benjamin Alastre from family 1 
[2016/5/13 - 14:48:46] Benjamin Alastre uninvited Benjamin Alastre from family 1 
[2016/6/22 - 14:0:18] Benjamin Alastre set Benjamin Alastre rank to 1 in family 1 
[2016/6/22 - 14:1:58] Benjamin Alastre set Benjamin Alastre rank to 2 in family 1 
[2016/6/22 - 14:2:41] Benjamin Alastre uninvited Benjamin Alastre from family 1 
[2016/8/2 - 13:12:20] Benjamin Alastre uninvited Benjamin Alastre from family 1 
[2016/8/13 - 20:2:22] Benjamin Alastre uninvited Benjamin Alastre from family 1 
[2016/8/13 - 20:54:4] Benjamin Alastre uninvited Benjamin Alastre from family 1 
