[2014/10/11 - 12:19:19] Stil Marley ha asignado moderador de facciones a Stil Marley
[2014/10/20 - 13:20:4] Tony Zill ha asignado Técnico de la Tienda Online a Tony Zill
[2016/3/8 - 21:4:1] Benjamin Alastre ha asignado Encargado de Staff a Benjamin Alastre
[2016/3/9 - 21:36:52] Benjamin Alastre ha asignado Encargado de Staff a Benjamin Alastre
[2016/3/10 - 18:27:57] Benjamin Alastre ha asignado Encargado de Staff a Benjamin Alastre
[2016/3/14 - 20:52:26] Benjamin Alastre ha asignado Encargado de Staff a Benjamin Alastre
[2016/3/21 - 15:59:36] Benjamin Alastre ha asignado Encargado de Staff a Benjamin Alastre
[2016/3/25 - 16:25:44] Benjamin Alastre ha asignado Técnico de la Tienda Online a Benjamin Alastre
[2016/3/27 - 20:44:28] Benjamin Alastre ha asignado Técnico de la Tienda Online a Benjamin Alastre
[2016/3/27 - 20:45:47] Benjamin Alastre ha asignado Técnico de la Tienda Online a Benjamin Alastre
[2016/3/27 - 20:49:54] Benjamin Alastre ha asignado Encargado de Staff a Benjamin Alastre
[2016/3/27 - 20:53:43] Benjamin Alastre ha asignado Técnico de la Tienda Online a Benjamin Alastre
[2016/6/2 - 21:16:48] Benjamin Alastre ha asignado Encargado de Staff a Benjamin Alastre
[2016/8/9 - 17:10:37] Benjamin Alastre ha asignado moderador de facciones a Benjamin Alastre
[2016/9/29 - 23:35:17] Azarel Thawne ha asignado Encargado de Staff a Azarel Thawne
[2016/9/29 - 23:42:58] Azarel Thawne ha asignado moderador de facciones a Azarel Thawne
[2016/10/5 - 14:8:47] Azarel Thawne ha asignado moderador de familias y bandas a Azarel Thawne
[2016/10/5 - 14:9:9] Azarel Thawne ha asignado Encargado de Staff a Azarel Thawne
[2016/10/5 - 14:9:17] Azarel Thawne ha asignado moderador de facciones a Azarel Thawne
[2016/10/5 - 14:9:44] Azarel Thawne ha asignado Técnico de la Tienda Online a Azarel Thawne
[2016/10/5 - 14:9:55] Azarel Thawne ha asignado Apelador de desbaneos a Azarel Thawne
[2016/10/5 - 16:26:56] Abdul AlBergha ha asignado Encargado de Staff a Abdul AlBergha
[2016/10/5 - 16:32:31] John MacTavish ha asignado Encargado de Staff a Abdul AlBergha
[2016/10/5 - 16:32:33] John MacTavish ha asignado Encargado de Staff a Abdul AlBergha
[2016/10/5 - 16:32:39] John MacTavish ha asignado Encargado de Staff a John MacTavish
[2016/10/5 - 16:33:27] John MacTavish ha asignado moderador de facciones a John MacTavish
[2016/10/5 - 16:33:28] John MacTavish ha asignado moderador de familias y bandas a John MacTavish
[2016/10/5 - 16:36:23] John MacTavish ha asignado Apelador de desbaneos a Abdul AlBergha
[2016/10/5 - 16:36:26] John MacTavish ha asignado Apelador de desbaneos a John MacTavish
[2016/10/5 - 16:39:37] Abdul AlBergha ha asignado moderador de facciones a Abdul AlBergha
[2016/10/6 - 20:38:18] Harvey Specter ha asignado Encargado de Staff a Harvey Specter
[2016/10/8 - 1:30:30] Harvey Specter ha asignado moderador de facciones a Harvey Specter
[2016/10/31 - 19:58:34] Harvey Specter ha asignado Encargado de Staff a Harvey Specter
