[2014/10/30 - 15:46:46] Stil Marley estableción el dinero de Stil Marley a $10000 (/dardinero)
[2014/10/31 - 14:41:32] Stil Marley estableción el dinero de Stil Marley a $1 (/dardinero)
[2014/10/31 - 14:41:36] Stil Marley estableción el dinero de Stil Marley a $100000 (/dardinero)
[2014/11/5 - 11:58:4] Tony Zill estableción el dinero de Tony Zill a $10000 (/dardinero)
[2014/11/9 - 16:10:19] Tony Zill estableció el dinero de Tony Zill a $0 (/seteardinero)
[2016/3/8 - 21:14:43] Benjamin Alastre estableció el dinero de Benjamin Alastre a $1 (/seteardinero)
[2016/3/8 - 21:14:48] Benjamin Alastre estableció el dinero de Benjamin Alastre a $200000 (/seteardinero)
[2016/3/29 - 10:25:6] Benjamin Alastre estableció el dinero de Benjamin Alastre a $1 (/seteardinero)
[2016/3/29 - 10:25:12] Benjamin Alastre estableció el dinero de Benjamin Alastre a $600000 (/seteardinero)
[2016/4/3 - 0:29:40] Benjamin Alastre estableció el dinero de Benjamin Alastre a $2000000 (/seteardinero)
[2016/5/13 - 11:30:41] Benjamin Alastre estableció el dinero de Benjamin Alastre a $0 (/seteardinero)
[2016/5/13 - 11:31:40] Benjamin Alastre estableció el dinero de Benjamin Alastre a $-445677867 (/seteardinero)
[2016/5/13 - 11:31:44] Benjamin Alastre estableció el dinero de Benjamin Alastre a $3849289 (/seteardinero)
[2016/5/20 - 12:20:56] Benjamin Alastre estableció el dinero de Benjamin Alastre a $0 (/seteardinero)
[2016/5/20 - 12:56:6] Benjamin Alastre estableció el dinero de Benjamin Alastre a $0 (/seteardinero)
[2016/7/2 - 13:13:22] Benjamin Alastre estableció el dinero de Benjamin Alastre a $0 (/seteardinero)
[2016/7/2 - 13:14:1] Benjamin Alastre estableció el dinero de Benjamin Alastre a $100000 (/seteardinero)
[2016/7/19 - 12:11:22] Benjamin Alastre estableció el dinero de Benjamin Alastre a $2000000 (/seteardinero)
[2016/7/25 - 13:54:38] Benjamin Alastre estableció el dinero de Benjamin Alastre a $500000 (/seteardinero)
[2016/8/2 - 17:48:57] Benjamin Alastre estableció el dinero de Benjamin Alastre a $89128391 (/seteardinero)
[2016/8/6 - 15:18:7] Benjamin Alastre estableció el dinero de Benjamin Alastre a $0 (/seteardinero)
[2016/8/6 - 15:20:53] Benjamin Alastre estableció el dinero de Benjamin Alastre a $500000 (/seteardinero)
[2016/8/13 - 21:4:10] Benjamin Alastre estableció el dinero de Benjamin Alastre a $519230 (/seteardinero)
[2016/8/13 - 22:13:40] Benjamin Alastre estableció el dinero de Benjamin Alastre a $451290 (/seteardinero)
[2016/8/14 - 13:28:40] Benjamin Alastre estableció el dinero de Benjamin Alastre a $912130 (/seteardinero)
