[2016/10/7 - 2:53:35] * El usuario Nicolas Guevara se le ha modificado su nivel administrativo a 4 
[2016/10/7 - 2:53:37] * El usuario Nicolas Guevara se le ha modificado su nivel administrativo a 2 
[2016/10/7 - 2:53:43] * El usuario Azarel Thawne se le ha modificado su nivel administrativo a 1337 
[2016/10/7 - 2:53:57] * El usuario Azarel Thawne se le ha modificado su nivel administrativo a 1338 
[2016/10/7 - 2:57:11] * El usuario Azarel Thawne se le ha modificado su nivel administrativo a 4000 
[2016/10/7 - 2:57:51] * El usuario Juan Soriano se le ha modificado su nivel administrativo a 4 
[2016/10/7 - 2:58:4] * El usuario Juan Soriano se le ha modificado su nivel administrativo a 1338 
[2016/10/7 - 2:58:13] * El usuario Juan Soriano se le ha modificado su nivel administrativo a 5 
[2016/10/7 - 5:3:49] * El usuario Nicolas Guevara se le ha modificado su nivel administrativo a 4 
[2016/10/7 - 6:14:39] * El usuario Fady Saba se le ha modificado su nivel administrativo a 4 
[2016/10/7 - 17:22:30] * El usuario Forrest Dyrdek se le ha modificado su nivel administrativo a 1 
[2016/10/7 - 17:24:8] * El usuario Forrest Dyrdek se le ha modificado su nivel administrativo a 2 
[2016/10/7 - 19:22:2] * El usuario Fady Saba se le ha modificado su nivel administrativo a 4000 
[2016/10/7 - 19:24:39] * El usuario Azarel Thawne se le ha modificado su nivel administrativo a 5000 
[2016/10/7 - 22:57:39] * El usuario Ai Zetsu se le ha modificado su nivel administrativo a 6000 
[2016/10/7 - 23:0:47] * El usuario Ai Zetsu se le ha modificado su nivel administrativo a 0 
[2016/10/7 - 23:3:14] * El usuario Hal Nozaki se le ha modificado su nivel administrativo a 6000 
[2016/10/7 - 23:21:45] * El usuario Bayron Wazouky se le ha modificado su nivel administrativo a 2 
[2016/10/8 - 0:10:26] * El usuario Azarel Thawne se le ha modificado su nivel administrativo a 4000 
[2016/10/8 - 0:47:50] * El usuario Nicolas Guevara se le ha modificado su nivel administrativo a 0 
[2016/10/8 - 0:50:58] * El usuario Nicolas Guevara se le ha modificado su nivel administrativo a 4 
[2016/10/8 - 16:29:3] * El usuario Forrest Dyrdek se le ha modificado su nivel administrativo a 0 
[2016/10/8 - 16:38:58] * El usuario Bayron Wazouky se le ha modificado su nivel administrativo a 2 
[2016/10/8 - 17:10:15] * El usuario Bayron Wazouky se le ha modificado su nivel administrativo a 3 
[2016/10/8 - 19:29:58] * El usuario Azarel Thawne se le ha modificado su nivel administrativo a 0 
[2016/10/8 - 19:30:13] * El usuario Azarel Thawne se le ha modificado su nivel administrativo a 2 
[2016/10/8 - 19:30:24] * El usuario Azarel Thawne se le ha modificado su nivel administrativo a 0 
[2016/10/8 - 19:32:26] * El usuario Azarel Thawne se le ha modificado su nivel administrativo a 4 
[2016/10/8 - 19:33:29] * El usuario Azarel Thawne se le ha modificado su nivel administrativo a 4000 
[2016/10/8 - 19:43:47] * El usuario Takeshi Yuki se le ha modificado su nivel administrativo a 0 
[2016/10/8 - 19:44:45] * El usuario Takeshi Yuki se le ha modificado su nivel administrativo a 4000 
[2016/10/8 - 19:53:48] * El usuario Juan Soriano se le ha modificado su nivel administrativo a 4 
[2016/10/8 - 19:53:57] * El usuario Juan Soriano se le ha modificado su nivel administrativo a 6 
[2016/10/10 - 23:52:32] * El usuario Nicolas Guevara se le ha modificado su nivel administrativo a 4 
[2016/10/10 - 23:52:45] * El usuario Nicolas Guevara se le ha modificado su nivel administrativo a 5 
[2016/10/10 - 23:53:0] * El usuario Nicolas Guevara se le ha modificado su nivel administrativo a 1338 
[2016/10/10 - 23:53:11] * El usuario Nicolas Guevara se le ha modificado su nivel administrativo a 1337 
[2016/10/10 - 23:53:22] * El usuario Nicolas Guevara se le ha modificado su nivel administrativo a 1338 
[2016/10/10 - 23:53:34] * El usuario Nicolas Guevara se le ha modificado su nivel administrativo a 6 
[2016/10/10 - 23:54:33] * El usuario Nicolas Guevara se le ha modificado su nivel administrativo a 5000 
[2016/10/10 - 23:55:0] * El usuario Nicolas Guevara se le ha modificado su nivel administrativo a 4000 
[2016/10/11 - 2:20:44] * El usuario Joaco DeAvila se le ha modificado su nivel administrativo a 0 
[2016/10/11 - 2:20:46] * El usuario Joaco DeAvila se le ha modificado su nivel administrativo a 5000 
[2016/10/11 - 2:22:8] * El usuario Joaco DeAvila se le ha modificado su nivel administrativo a 4000 
[2016/10/12 - 6:5:40] * El usuario Facundo Fernandez se le ha modificado su nivel administrativo a 1 
[2016/10/12 - 6:6:0] * El usuario Facundo Fernandez se le ha modificado su nivel administrativo a 0 
[2016/10/12 - 20:27:42] * El usuario Azarel Thawne se le ha modificado su nivel administrativo a 0 
[2016/10/12 - 20:28:26] * El usuario Azarel Thawne se le ha modificado su nivel administrativo a 5000 
[2016/10/12 - 20:30:23] * El usuario Azarel Thawne se le ha modificado su nivel administrativo a 4001 
[2016/10/12 - 20:30:35] * El usuario Azarel Thawne se le ha modificado su nivel administrativo a 4002 
[2016/10/12 - 20:30:42] * El usuario Azarel Thawne se le ha modificado su nivel administrativo a 6000 
[2016/10/12 - 20:30:49] * El usuario Azarel Thawne se le ha modificado su nivel administrativo a 2 
[2016/10/12 - 20:31:23] * El usuario Azarel Thawne se le ha modificado su nivel administrativo a 4000 
[2016/10/14 - 1:43:36] * El usuario Nicolas Guevara se le ha modificado su nivel administrativo a 4000 
[2016/10/15 - 2:51:27] * El usuario Juan Soriano se le ha modificado su nivel administrativo a 6000 
[2016/10/15 - 2:57:30] * El usuario Fady Saba se le ha modificado su nivel administrativo a 5000 
[2016/10/15 - 2:59:29] * El usuario Fady Saba se le ha modificado su nivel administrativo a 5000 
[2016/10/15 - 4:25:59] * El usuario Azarel Thawne se le ha modificado su nivel administrativo a 6000 
[2016/10/15 - 4:37:43] * El usuario Azarel Thawne se le ha modificado su nivel administrativo a 5000 
[2016/10/15 - 4:39:22] * El usuario Azarel Thawne se le ha modificado su nivel administrativo a 6000 
[2016/10/15 - 22:16:27] * El usuario Juan Soriano se le ha modificado su nivel administrativo a 5000 
[2016/10/15 - 22:19:17] * El usuario Azarel Thawne se le ha modificado su nivel administrativo a 5000 
[2016/10/17 - 20:57:57] * El usuario Azarel Thawne se le ha modificado su nivel administrativo a 4002 
[2016/10/17 - 20:58:11] * El usuario Azarel Thawne se le ha modificado su nivel administrativo a 4003 
[2016/10/17 - 20:58:28] * El usuario Azarel Thawne se le ha modificado su nivel administrativo a 5000 
[2016/10/17 - 20:58:41] * El usuario Azarel Thawne se le ha modificado su nivel administrativo a 4000 
[2016/10/17 - 20:58:52] * El usuario Azarel Thawne se le ha modificado su nivel administrativo a 5000 
[2016/10/17 - 21:0:53] * El usuario Azarel Thawne se le ha modificado su nivel administrativo a 6000 
[2016/10/17 - 21:1:12] * El usuario Fady Saba se le ha modificado su nivel administrativo a 5000 
[2016/10/17 - 21:1:15] * El usuario Harvey Specter se le ha modificado su nivel administrativo a 5000 
[2016/10/17 - 21:1:40] * El usuario Harvey Specter se le ha modificado su nivel administrativo a 6000 
[2016/10/17 - 21:12:5] * El usuario Azarel Thawne se le ha modificado su nivel administrativo a 5000 
[2016/10/17 - 23:1:24] * El usuario Fady Saba se le ha modificado su nivel administrativo a 6000 
[2016/10/17 - 23:1:31] * El usuario Jeii Calore se le ha modificado su nivel administrativo a 2 
[2016/10/17 - 23:1:39] * El usuario Mandawa Makani se le ha modificado su nivel administrativo a 2 
[2016/10/17 - 23:2:9] * El usuario Fady Saba se le ha modificado su nivel administrativo a 5000 
[2016/10/18 - 1:34:31] * El usuario Pablo Villalobos se le ha modificado su nivel administrativo a 2 
[2016/10/21 - 0:2:10] * El usuario Joaco DeAvila se le ha modificado su nivel administrativo a 4000 
[2016/10/21 - 19:28:20] * El usuario Fady Saba se le ha modificado su nivel administrativo a 5000 
[2016/10/21 - 19:35:20] * El usuario Juan Soriano se le ha modificado su nivel administrativo a 500 
[2016/10/21 - 19:35:36] * El usuario Fady Saba se le ha modificado su nivel administrativo a 5001 
[2016/10/21 - 19:35:38] * El usuario Juan Soriano se le ha modificado su nivel administrativo a 5000 
[2016/10/21 - 19:35:44] * El usuario Fady Saba se le ha modificado su nivel administrativo a 5002 
[2016/10/21 - 19:35:53] * El usuario Fady Saba se le ha modificado su nivel administrativo a 5000 
[2016/10/21 - 19:59:34] * El usuario Fady Saba se le ha modificado su nivel administrativo a 5002 
[2016/10/21 - 19:59:42] * El usuario Fady Saba se le ha modificado su nivel administrativo a 5003 
[2016/10/21 - 19:59:48] * El usuario Fady Saba se le ha modificado su nivel administrativo a 5000 
[2016/10/21 - 20:34:21] * El usuario Yeison Knee se le ha modificado su nivel administrativo a 2 
[2016/10/21 - 20:42:0] * El usuario Jeii Calore se le ha modificado su nivel administrativo a 4000 
[2016/10/21 - 20:42:21] * El usuario Jeii Calore se le ha modificado su nivel administrativo a 2 
[2016/10/21 - 20:42:52] * El usuario Yeison Knee se le ha modificado su nivel administrativo a 1 
[2016/10/21 - 20:43:11] * El usuario Yeison Knee se le ha modificado su nivel administrativo a 2 
[2016/10/21 - 20:44:40] * El usuario Fady Saba se le ha modificado su nivel administrativo a 6000 
[2016/10/21 - 20:44:51] * El usuario Fady Saba se le ha modificado su nivel administrativo a 5000 
[2016/10/21 - 20:54:32] * El usuario Jason Odegaard se le ha modificado su nivel administrativo a 2 
[2016/10/21 - 21:15:40] * El usuario Mike Wazouky se le ha modificado su nivel administrativo a 4 
[2016/10/21 - 21:18:23] * El usuario Bayron Wazouky se le ha modificado su nivel administrativo a 4 
[2016/10/22 - 0:30:8] * El usuario Fady Saba se le ha modificado su nivel administrativo a 6000 
[2016/10/22 - 0:30:15] * El usuario Fady Saba se le ha modificado su nivel administrativo a 5000 
[2016/10/22 - 5:42:2] * El usuario Fady Saba se le ha modificado su nivel administrativo a 6000 
[2016/10/22 - 5:42:44] * El usuario Fady Saba se le ha modificado su nivel administrativo a 5000 
[2016/10/22 - 19:17:35] * El usuario Nicolas Guevara se le ha modificado su nivel administrativo a 5000 
[2016/10/22 - 23:37:11] * El usuario Jeii Calore se le ha modificado su nivel administrativo a 3 
[2016/10/23 - 1:50:5] * El usuario Hal Nozaki se le ha modificado su nivel administrativo a 5000 
[2016/10/23 - 1:51:20] * El usuario Hal Nozaki se le ha modificado su nivel administrativo a 6000 
[2016/10/23 - 5:58:43] * El usuario Hal Nozaki se le ha modificado su nivel administrativo a 1 
[2016/10/23 - 6:0:3] * El usuario Hal Nozaki se le ha modificado su nivel administrativo a 6000 
[2016/10/23 - 18:14:18] * El usuario Pablo Villalobos se le ha modificado su nivel administrativo a 3 
[2016/10/23 - 20:10:49] * El usuario Miguel Useche se le ha modificado su nivel administrativo a 2 
[2016/10/23 - 20:11:49] * El usuario Fady Saba se le ha modificado su nivel administrativo a 6000 
[2016/10/23 - 20:12:50] * El usuario Fady Saba se le ha modificado su nivel administrativo a 5000 
[2016/10/23 - 22:6:24] * El usuario Fady Saba se le ha modificado su nivel administrativo a 6000 
[2016/10/23 - 22:7:3] * El usuario Fady Saba se le ha modificado su nivel administrativo a 5000 
[2016/10/24 - 20:6:33] * El usuario Jason Odegaard se le ha modificado su nivel administrativo a 3 
[2016/10/25 - 1:48:31] * El usuario Klaus MacTavish se le ha modificado su nivel administrativo a 2 
[2016/10/25 - 1:49:27] * El usuario Klaus MacTavish se le ha modificado su nivel administrativo a 5000 
[2016/10/25 - 1:52:49] * El usuario Fady Saba se le ha modificado su nivel administrativo a 6000 
[2016/10/25 - 1:53:21] * El usuario Fady Saba se le ha modificado su nivel administrativo a 5000 
[2016/10/25 - 3:6:0] * El usuario Jeii Calore se le ha modificado su nivel administrativo a 4000 
[2016/10/25 - 3:7:13] * El usuario Jeii Calore se le ha modificado su nivel administrativo a 3 
[2016/10/25 - 3:7:29] * El usuario Fady Saba se le ha modificado su nivel administrativo a 6000 
[2016/10/25 - 22:23:27] * El usuario Fady Saba se le ha modificado su nivel administrativo a 5000 
[2016/10/25 - 22:50:22] * El usuario Dreker Vaskar se le ha modificado su nivel administrativo a 3 
[2016/10/25 - 22:53:10] * El usuario Bayron Wazouky se le ha modificado su nivel administrativo a 3 
[2016/10/25 - 22:53:13] * El usuario Bayron Wazouky se le ha modificado su nivel administrativo a 4 
[2016/10/26 - 4:6:45] * El usuario Jeii Calore se le ha modificado su nivel administrativo a 4000 
[2016/10/26 - 4:6:59] * El usuario Jason Odegaard se le ha modificado su nivel administrativo a 4000 
[2016/10/26 - 4:7:31] * El usuario Jeii Calore se le ha modificado su nivel administrativo a 3 
[2016/10/26 - 4:7:37] * El usuario Jason Odegaard se le ha modificado su nivel administrativo a 3 
[2016/10/26 - 4:10:41] * El usuario Jason Odegaard se le ha modificado su nivel administrativo a 4000 
[2016/10/26 - 4:11:4] * El usuario Jason Odegaard se le ha modificado su nivel administrativo a 3 
[2016/10/26 - 5:5:55] * El usuario Nicolas Guevara se le ha modificado su nivel administrativo a 5000 
[2016/10/26 - 5:22:53] * El usuario Harvey Specter se le ha modificado su nivel administrativo a 0 
[2016/10/26 - 5:25:36] * El usuario Harvey Specter se le ha modificado su nivel administrativo a 6000 
[2016/10/26 - 5:27:4] * El usuario Juan Soriano se le ha modificado su nivel administrativo a 4000 
[2016/10/26 - 6:19:51] * El usuario Fady Saba se le ha modificado su nivel administrativo a 5000 
[2016/10/26 - 6:20:17] * El usuario Fady Saba se le ha modificado su nivel administrativo a 4000 
[2016/10/26 - 6:20:24] * El usuario Fady Saba se le ha modificado su nivel administrativo a 5000 
[2016/10/26 - 6:20:30] * El usuario Harvey Specter se le ha modificado su nivel administrativo a 3000 
[2016/10/26 - 6:20:35] * El usuario Harvey Specter se le ha modificado su nivel administrativo a 5000 
[2016/10/26 - 6:20:38] * El usuario Harvey Specter se le ha modificado su nivel administrativo a 6000 
[2016/10/26 - 6:21:31] * El usuario Fady Saba se le ha modificado su nivel administrativo a 4000 
[2016/10/26 - 6:24:16] * El usuario Fady Saba se le ha modificado su nivel administrativo a 5000 
[2016/10/26 - 6:32:35] * El usuario Fady Saba se le ha modificado su nivel administrativo a 4000 
[2016/10/26 - 6:38:33] * El usuario Nicolas Guevara se le ha modificado su nivel administrativo a 7000 
[2016/10/26 - 6:38:41] * El usuario Nicolas Guevara se le ha modificado su nivel administrativo a 9000 
[2016/10/26 - 6:38:54] * El usuario Nicolas Guevara se le ha modificado su nivel administrativo a 5000 
[2016/10/26 - 6:49:47] * El usuario Fady Saba se le ha modificado su nivel administrativo a 3000 
[2016/10/26 - 6:49:57] * El usuario Fady Saba se le ha modificado su nivel administrativo a 1338 
[2016/10/26 - 7:4:35] * El usuario Nicolas Guevara se le ha modificado su nivel administrativo a 6000 
[2016/10/26 - 7:4:46] * El usuario Nicolas Guevara se le ha modificado su nivel administrativo a 5000 
[2016/10/26 - 7:44:10] * El usuario Nicolas Guevara se le ha modificado su nivel administrativo a 6000 
[2016/10/26 - 20:8:45] * El usuario Nicolas Guevara se le ha modificado su nivel administrativo a 2 
[2016/10/26 - 20:13:55] * El usuario Nicolas Guevara se le ha modificado su nivel administrativo a 5000 
[2016/10/26 - 20:15:5] * El usuario Nicolas Guevara se le ha modificado su nivel administrativo a 5000 
[2016/10/26 - 20:15:24] * El usuario Nicolas Guevara se le ha modificado su nivel administrativo a 2 
[2016/10/26 - 20:15:38] * El usuario Nicolas Guevara se le ha modificado su nivel administrativo a 5000 
[2016/10/26 - 20:15:42] * El usuario Nicolas Guevara se le ha modificado su nivel administrativo a 6000 
[2016/10/26 - 20:15:48] * El usuario Nicolas Guevara se le ha modificado su nivel administrativo a 6 
[2016/10/26 - 20:16:7] * El usuario Nicolas Guevara se le ha modificado su nivel administrativo a 1338 
[2016/10/26 - 20:16:18] * El usuario Nicolas Guevara se le ha modificado su nivel administrativo a 4002 
[2016/10/26 - 20:16:29] * El usuario Nicolas Guevara se le ha modificado su nivel administrativo a 4001 
[2016/10/26 - 20:16:47] * El usuario Nicolas Guevara se le ha modificado su nivel administrativo a 5000 
[2016/10/26 - 20:16:52] * El usuario Nicolas Guevara se le ha modificado su nivel administrativo a 6000 
[2016/10/26 - 20:17:11] * El usuario Nicolas Guevara se le ha modificado su nivel administrativo a 5000 
[2016/10/26 - 20:24:28] * El usuario Harvey Specter se le ha modificado su nivel administrativo a 0 
[2016/10/26 - 20:26:15] * El usuario Harvey Specter se le ha modificado su nivel administrativo a 6000 
[2016/10/26 - 20:36:43] * El usuario Pablo Villalobos se le ha modificado su nivel administrativo a 5 
[2016/10/26 - 21:2:3] * El usuario Jeii Calore se le ha modificado su nivel administrativo a 4 
[2016/10/26 - 21:9:14] * El usuario Jeii Calore se le ha modificado su nivel administrativo a 5000 
[2016/10/26 - 21:9:48] * El usuario Jeii Calore se le ha modificado su nivel administrativo a 4 
[2016/10/26 - 21:17:55] * El usuario Klaus MacTavish se le ha modificado su nivel administrativo a 1 
[2016/10/26 - 21:18:42] * El usuario Klaus MacTavish se le ha modificado su nivel administrativo a 4000 
[2016/10/26 - 21:18:48] * El usuario Klaus MacTavish se le ha modificado su nivel administrativo a 5000 
[2016/10/26 - 21:54:57] * El usuario Nicolas Guevara se le ha modificado su nivel administrativo a 6000 
[2016/10/26 - 22:29:4] * El usuario Jason Odegaard se le ha modificado su nivel administrativo a 4 
[2016/10/28 - 4:20:25] * El usuario Pablo Villalobos se le ha modificado su nivel administrativo a 0 
[2016/10/28 - 4:24:24] * El usuario Pablo Villalobos se le ha modificado su nivel administrativo a 2 
[2016/10/28 - 4:34:5] * El usuario Pablo Villalobos se le ha modificado su nivel administrativo a 4 
[2016/10/28 - 4:34:35] * El usuario Pablo Villalobos se le ha modificado su nivel administrativo a 5 
[2016/10/30 - 18:54:25] * El usuario Nicolas Guevara se le ha modificado su nivel administrativo a 50000 
[2016/10/30 - 18:54:58] * El usuario Nicolas Guevara se le ha modificado su nivel administrativo a 5000 
[2016/10/30 - 18:55:10] * El usuario Nicolas Guevara se le ha modificado su nivel administrativo a 6000 
[2016/10/31 - 19:41:11] * El usuario Nicolas Guevara se le ha modificado su nivel administrativo a 4 
[2016/10/31 - 19:41:38] * El usuario Nicolas Guevara se le ha modificado su nivel administrativo a 5000 
[2016/10/31 - 19:44:12] * El usuario Harvey Specter se le ha modificado su nivel administrativo a 1 
[2016/10/31 - 21:38:42] * El usuario Nicolas Guevara se le ha modificado su nivel administrativo a 6000 
[2016/10/31 - 23:46:45] * El usuario Harvey Specter se le ha modificado su nivel administrativo a 6000 
[2016/10/31 - 23:50:54] * El usuario Nicolas Guevara se le ha modificado su nivel administrativo a 5000 
[2016/11/1 - 1:30:16] * El usuario Jeii Calore se le ha modificado su nivel administrativo a 3 
[2016/11/1 - 1:31:19] * El usuario Jason Odegaard se le ha modificado su nivel administrativo a 3 
[2016/11/1 - 1:35:53] * El usuario Jeii Calore se le ha modificado su nivel administrativo a 4 
[2016/11/1 - 1:35:59] * El usuario Jason Odegaard se le ha modificado su nivel administrativo a 4 
[2016/11/1 - 2:2:29] * El usuario Nicolas Guevara se le ha modificado su nivel administrativo a 6000 
[2016/11/1 - 2:2:56] * El usuario Nicolas Guevara se le ha modificado su nivel administrativo a 5000 
[2016/11/1 - 3:46:16] * El usuario Nicolas Guevara se le ha modificado su nivel administrativo a 600 
[2016/11/1 - 3:48:37] * El usuario Nicolas Guevara se le ha modificado su nivel administrativo a 5000 
[2016/11/1 - 3:50:5] * El usuario Nicolas Guevara se le ha modificado su nivel administrativo a 6000 
[2016/11/1 - 3:51:17] * El usuario Nicolas Guevara se le ha modificado su nivel administrativo a 5000 
[2016/11/1 - 3:51:45] * El usuario Nicolas Guevara se le ha modificado su nivel administrativo a 6001 
[2016/11/1 - 3:51:55] * El usuario Nicolas Guevara se le ha modificado su nivel administrativo a 5000 
[2016/11/1 - 6:31:45] * El usuario Nicolas Guevara se le ha modificado su nivel administrativo a 6000 
[2016/11/1 - 6:31:53] * El usuario Nicolas Guevara se le ha modificado su nivel administrativo a 7000 
[2016/11/1 - 6:32:2] * El usuario Nicolas Guevara se le ha modificado su nivel administrativo a 8000 
[2016/11/1 - 6:32:11] * El usuario Nicolas Guevara se le ha modificado su nivel administrativo a 5000 
