[2014/10/11 - 12:19:59] AdmWarning: Stil Marley limpió variables admin a Tony Zill
[2014/10/11 - 12:36:33] AdmCmd: Tony Zill fue liberado de prisión por Stil Marley, razón: ya(10-11-2014)
[2014/10/19 - 12:23:57] AdmCmd: Tony Zill fue liberado de prisión por Stil Marley, razón: 0(10-19-2014)
[2014/11/2 - 10:12:36] [AdmCmd]: Tony Zill fue liberado de prisión por Tony Zill, razón: bug(11-2-2014)
[2014/11/9 - 13:17:34] [AdmCmd]: Tony Zill fue liberado de prisión por Tony Zill, razón: ah(11-9-2014)
[2016/6/7 - 13:4:5] Miami-Beach: Benjamin Alastre expulsó del staff a Jesus_Alastre (CMD OFFLINE)
[2016/6/7 - 13:4:6] Miami-Beach: Benjamin Alastre expulsó del staff a Jesus_Alastre (CMD OFFLINE)
[2016/7/26 - 20:18:32] [AdmCmd]: Benjamin Alastre fue liberado de prisión por Benjamin Alastre, razón: .(7-26-2016)
[2016/8/1 - 15:41:49] [AdmCmd]: Benjamin Alastre fue liberado de prisión por Benjamin Alastre, razón: Bueno.(8-1-2016)
[2016/10/5 - 14:28:26] [AdmCmd]: Azarel Thawne fue liberado de prisión por Azarel Thawne, razón: Perdonao.(10-5-2016)
[2016/10/7 - 3:7:47] [AdmCmd]: Pablo Villalobos fue liberado de prisión por Harvey Specter, razón: bug(10-7-2016)
[2016/10/7 - 3:7:58] [AdmCmd]: Ramiro Rojas fue liberado de prisión por Harvey Specter, razón: bug(10-7-2016)
[2016/10/7 - 17:33:24] [AdmCmd]: Perico Capone fue liberado de prisión por Forrest Dyrdek, razón: Solucionado(10-7-2016)
[2016/10/7 - 17:50:16] AdmCmd: Agustina_Belen fue jaileado por Juan Soriano (10-7-2016) [CMD OFFLINE]
[2016/10/7 - 18:53:42] [AdmCmd]: Maicol Nico fue liberado de prisión por Juan Soriano, razón: bUG(10-7-2016)
[2016/10/7 - 18:54:19] [AdmCmd]: Maicol Nico fue liberado de prisión por Juan Soriano, razón: Ajuste(10-7-2016)
[2016/10/7 - 19:44:38] [AdmCmd]: Angel Luis fue liberado de prisión por Bayron Wazouky, razón: .(10-7-2016)
[2016/10/7 - 21:43:58] [AdmCmd]: Jonas Jure fue liberado de prisión por Juan Soriano, razón: Usuario nuevo(10-7-2016)
[2016/10/7 - 21:44:19] [AdmCmd]: Pablo Villalobos fue liberado de prisión por Bayron Wazouky, razón: .(10-7-2016)
[2016/10/7 - 21:50:59] [AdmCmd]: Xavier Navarro fue liberado de prisión por Bayron Wazouky, razón: Perdonado Que No Vuelva a Ocurrir(10-7-2016)
[2016/10/8 - 0:27:57] [AdmCmd]: Jerome Casanova fue liberado de prisión por Cornelio Contreras, razón: Perdonado(10-8-2016)
[2016/10/8 - 0:29:19] [AdmCmd]: Xavi Antonello fue liberado de prisión por Joaco DeAvila, razón: Fail ID(10-8-2016)
[2016/10/8 - 0:38:10] [AdmCmd]: Eduardo Salazar fue liberado de prisión por Joaco DeAvila, razón: Perdonado(10-8-2016)
[2016/10/8 - 0:40:26] [AdmCmd]: Miliannys Sierra fue liberado de prisión por Cornelio Contreras, razón: Lastima.(10-8-2016)
[2016/10/8 - 1:14:16] [AdmCmd]: Maicol Nico fue liberado de prisión por PC Takeshi, razón: Perdonado(10-8-2016)
[2016/10/8 - 5:48:54] [AdmCmd]: Xavier Navarro fue liberado de prisión por Bayron Wazouky, razón: Bug.(10-8-2016)
[2016/10/8 - 11:40:26] [AdmCmd]: Brian Piazzoni fue liberado de prisión por Forrest Dyrdek, razón: Solucionado (Advertido)(10-8-2016)
[2016/10/8 - 18:13:41] [AdmCmd]: Alconblack fue liberado de prisión por Juan Soriano, razón: bug(10-8-2016)
[2016/10/8 - 18:14:41] [AdmCmd]: Pablo Villalobos fue liberado de prisión por Juan Soriano, razón: bug(10-8-2016)
[2016/10/8 - 19:11:30] [AdmCmd]: Facundo Gonzales fue liberado de prisión por Hal Nozaki, razón: Bug(10-8-2016)
[2016/10/8 - 23:46:29] [AdmCmd]: Raul Fernandeziel fue liberado de prisión por Fady Saba, razón: Perdonado.(10-8-2016)
[2016/10/9 - 3:33:12] [AdmCmd]: Josue Trejos fue liberado de prisión por Bayron Wazouky, razón: Que No Vuelva a OCURRIR(10-9-2016)
[2016/10/9 - 3:44:46] [AdmCmd]: Angel Luis fue liberado de prisión por Bayron Wazouky, razón: .(10-9-2016)
[2016/10/9 - 4:40:19] [AdmCmd]: Diler Hawting fue liberado de prisión por Fady Saba, razón: BUG.(10-9-2016)
[2016/10/9 - 4:46:52] [AdmCmd]: Giusepe Tartani fue liberado de prisión por Bayron Wazouky, razón: .(10-9-2016)
[2016/10/9 - 16:20:20] [AdmCmd]: Sebastian Chiuki fue liberado de prisión por Juan Soriano, razón: Lag(10-9-2016)
[2016/10/9 - 18:46:5] [AdmCmd]: Pablo Villalobos fue liberado de prisión por Azarel Thawne, razón: .(10-9-2016)
[2016/10/9 - 21:7:41] [AdmCmd]: Nahuel Beltran fue liberado de prisión por Bayron Wazouky, razón: Era Broma WE(10-9-2016)
[2016/10/9 - 21:36:25] [AdmCmd]: Alejandro Sanchez fue liberado de prisión por Bayron Wazouky, razón: .(10-9-2016)
[2016/10/9 - 22:18:15] [AdmCmd]: Bayron Wazouky fue liberado de prisión por Bayron Wazouky, razón: Era Broma we(10-9-2016)
[2016/10/9 - 22:30:45] [AdmCmd]: Manuel Melo fue liberado de prisión por Bayron Wazouky, razón: Bug, Jail.(10-9-2016)
[2016/10/9 - 22:48:12] [AdmCmd]: Jonas Jure fue liberado de prisión por Bayron Wazouky, razón: .(10-9-2016)
[2016/10/9 - 22:48:35] [AdmCmd]: Jonas Jure fue liberado de prisión por Bayron Wazouky, razón: 1(10-9-2016)
[2016/10/10 - 3:18:2] [AdmCmd]: Jonas Jure fue liberado de prisión por Joaco DeAvila, razón: Fail ID(10-10-2016)
[2016/10/10 - 3:18:2] [AdmCmd]: Bayron Wazouky fue liberado de prisión por Bayron Wazouky, razón: .(10-10-2016)
[2016/10/10 - 3:20:12] [AdmCmd]: Joaco DeAvila fue liberado de prisión por Joaco DeAvila, razón: ,(10-10-2016)
[2016/10/10 - 7:14:11] AdmCmd: Axel_Yankee fue jaileado por Fady Saba (10-10-2016) [CMD OFFLINE]
[2016/10/11 - 1:54:23] [AdmCmd]: Nicolas Guevara fue liberado de prisión por Azarel Thawne, razón: xD(10-11-2016)
[2016/10/11 - 1:59:0] [AdmCmd]: Manuel Melo fue liberado de prisión por Azarel Thawne, razón: Fail ID de Nico(10-11-2016)
[2016/10/11 - 2:24:27] [AdmCmd]: Fran Perez fue liberado de prisión por Cornelio Contreras, razón: noob(10-11-2016)
[2016/10/11 - 8:20:33] {FFFF00}[AdmCmd]:{FF0000} Nicolas Guevara quitó la facción a Nicolas_Guevara (CMD OFFLINE)
[2016/10/12 - 1:54:12] [AdmCmd]: Dubrasca Lafuente fue liberado de prisión por Juan Soriano, razón: bug(10-12-2016)
[2016/10/12 - 2:18:29] [AdmCmd]: Ernesto Beltran fue liberado de prisión por Joaco DeAvila, razón: Perdonado(10-12-2016)
[2016/10/12 - 6:4:3] [AdmCmd]: Facundo Fernandez fue liberado de prisión por Harvey Specter, razón: perdonado(10-12-2016)
[2016/10/12 - 6:11:13] [AdmCmd]: Harvey Specter fue liberado de prisión por Harvey Specter, razón: Prueba(10-12-2016)
[2016/10/12 - 20:33:59] [AdmCmd]: Nicolas Guevara fue liberado de prisión por Nicolas Guevara, razón: Lindo(10-12-2016)
[2016/10/13 - 22:31:19] AdmCmd: Jason_Odegaard fue jaileado por Joaco DeAvila (10-13-2016) [CMD OFFLINE]
[2016/10/13 - 22:31:24] AdmCmd: Jason_Odegaard fue jaileado por Joaco DeAvila (10-13-2016) [CMD OFFLINE]
[2016/10/14 - 2:27:47] [AdmCmd]: Lucas Rojo fue liberado de prisión por Joaco DeAvila, razón: Nuevo(10-14-2016)
[2016/10/14 - 3:34:13] AdmCmd: Diplo_Ramos fue jaileado por Azarel Thawne (10-14-2016) [CMD OFFLINE]
[2016/10/15 - 3:44:54] [AdmCmd]: Daniel Britos fue liberado de prisión por Fady Saba, razón: Bug(10-15-2016)
[2016/10/15 - 19:46:28] [AdmCmd]: Yeison Knee fue liberado de prisión por Fady Saba, razón: Perdonado.(10-15-2016)
[2016/10/15 - 19:47:16] [AdmCmd]: Matias Carrion fue liberado de prisión por Bayron Wazouky, razón: .(10-15-2016)
[2016/10/15 - 19:48:28] [AdmCmd]: Matias Carrion fue liberado de prisión por Fady Saba, razón: Perdonado. (Que no vuelva a suceder y ponele 3 lineas al
[2016/10/16 - 1:31:51] [AdmCmd]: Pedro Lescano fue liberado de prisión por Nicolas Guevara, razón: Perdonado(10-16-2016)
[2016/10/16 - 1:31:54] [AdmCmd]: Nazareno Arias fue liberado de prisión por Nicolas Guevara, razón: Perdonado(10-16-2016)
[2016/10/16 - 2:3:59] [AdmCmd]: Bayron Wazouky fue liberado de prisión por Fady Saba, razón: </3(10-16-2016)
[2016/10/16 - 3:23:12] [AdmCmd]: Homero Mcarny fue liberado de prisión por Bayron Wazouky, razón: Mala Mia.(10-16-2016)
[2016/10/16 - 18:42:6] [AdmCmd]: Yeison Knee fue liberado de prisión por Bayron Wazouky, razón: Liberado <3(10-16-2016)
[2016/10/16 - 18:43:9] [AdmCmd]: Yeison Knee fue liberado de prisión por Bayron Wazouky, razón: Okno(10-16-2016)
[2016/10/16 - 20:35:11] [AdmCmd]: Erick Gonzalez fue liberado de prisión por Fady Saba, razón: Bug.(10-16-2016)
[2016/10/16 - 23:14:36] [AdmCmd]: Alejandra Marquez fue liberado de prisión por Bayron Wazouky, razón: .(10-16-2016)
[2016/10/16 - 23:15:5] AdmCmd: Alejandra_Marquez fue jaileado por Bayron Wazouky (10-16-2016) [CMD OFFLINE]
[2016/10/16 - 23:17:20] [AdmCmd]: Alejandra Marquez fue liberado de prisión por Bayron Wazouky, razón: .(10-16-2016)
[2016/10/17 - 0:32:45] [AdmCmd]: Josbriel Rodriguez fue liberado de prisión por Bayron Wazouky, razón: .Si CLaro Todos Me Dicen Eso.(10-17-2016)
[2016/10/17 - 5:1:57] [AdmCmd]: Erick Capone fue liberado de prisión por Aaron WestBrook, razón: Perdonado.(10-17-2016)
[2016/10/17 - 5:6:16] [AdmCmd]: Deejay Westbrook fue liberado de prisión por Aaron WestBrook, razón: Bug(10-17-2016)
[2016/10/17 - 6:1:19] [AdmCmd]: Fady Saba fue liberado de prisión por Fady Saba, razón: Okey No.(10-17-2016)
[2016/10/17 - 7:4:39] [AdmCmd]: Aleksei Necker fue liberado de prisión por Fady Saba, razón: Perdonado <3(10-17-2016)
[2016/10/17 - 19:18:26] [AdmCmd]: Alejo Castillo fue liberado de prisión por Juan Soriano, razón: Ajuste(10-17-2016)
[2016/10/17 - 19:21:0] [AdmCmd]: Alejo Castillo fue liberado de prisión por Juan Soriano, razón: Perdonado(10-17-2016)
[2016/10/17 - 19:33:30] AdmCmd: Josue_Trejos fue jaileado por Fady Saba (10-17-2016) [CMD OFFLINE]
[2016/10/17 - 21:0:20] Perfect City: Harvey Specter expulsó del staff a Azarel_Thawne (CMD OFFLINE)
[2016/10/17 - 22:9:3] [AdmCmd]: Karol Sevilla fue liberado de prisión por Joaco DeAvila, razón: Nueva(10-17-2016)
[2016/10/17 - 22:42:4] AdmCmd: Brian_Piazzoni fue jaileado por Fady Saba (10-17-2016) [CMD OFFLINE]
[2016/10/18 - 0:44:58] [AdmCmd]: Josbriel Rodriguez fue liberado de prisión por Nicolas Guevara, razón: bug(10-18-2016)
[2016/10/18 - 1:43:34] [AdmCmd]: Jonas Jure fue liberado de prisión por Pablo Villalobos, razón: Error(10-18-2016)
[2016/10/18 - 5:29:41] [AdmCmd]: Jimmy Kalashnikov fue liberado de prisión por Nicolas Guevara, razón: Perdonado(10-18-2016)
[2016/10/18 - 20:6:9] AdmCmd: Bruno_McSanders fue jaileado por Juan Soriano (10-18-2016) [CMD OFFLINE]
[2016/10/18 - 20:6:51] [AdmCmd]: Bruno McSanders fue liberado de prisión por Juan Soriano, razón: Ajuste(10-18-2016)
[2016/10/18 - 20:8:58] [AdmCmd]: Karol Sevilla fue liberado de prisión por Juan Soriano, razón: Perdonada(10-18-2016)
[2016/10/18 - 20:9:58] [AdmCmd]: Bruno McSanders fue liberado de prisión por Juan Soriano, razón: Perdonado(10-18-2016)
[2016/10/18 - 20:15:54] [AdmCmd]: Bruno McSanders fue liberado de prisión por Juan Soriano, razón: Perdonado(10-18-2016)
[2016/10/18 - 20:28:6] [AdmCmd]: Jaider Rico fue liberado de prisión por Pablo Villalobos, razón: Espero No Pase Denuevo(10-18-2016)
[2016/10/18 - 21:56:34] [AdmCmd]: Ramiro Gonzalez fue liberado de prisión por Jeii Calore, razón: Bug(10-18-2016)
[2016/10/18 - 22:54:24] [AdmCmd]: Karol Sevilla fue liberado de prisión por Jeii Calore, razón: Que no vuelva a pasar(10-18-2016)
[2016/10/19 - 2:23:12] AdmCmd: Vicenzo_Luchinni fue jaileado por Nicolas Guevara (10-19-2016) [CMD OFFLINE]
[2016/10/19 - 2:33:24] [AdmCmd]: Vicenzo Luchinni fue liberado de prisión por Nicolas Guevara, razón: .(10-19-2016)
[2016/10/19 - 3:31:7] [AdmCmd]: Gonzalo Bartolomeo fue liberado de prisión por Nicolas Guevara, razón: Bug(10-19-2016)
[2016/10/19 - 3:32:4] [AdmCmd]: Gonzalo Bartolomeo fue liberado de prisión por Nicolas Guevara, razón: bug(10-19-2016)
[2016/10/19 - 20:32:10] [AdmCmd]: Alejo Castillo fue liberado de prisión por Pablo Villalobos, razón: Oportunidad(10-19-2016)
[2016/10/19 - 20:56:17] [AdmCmd]: Karol Sevilla fue liberado de prisión por Pablo Villalobos, razón: Què No Vuelva A Pasar O ...(10-19-2016)
[2016/10/19 - 22:17:38] [AdmCmd]: Jonas Jure fue liberado de prisión por Juan Soriano, razón: Reporte sin evidencia(10-19-2016)
[2016/10/19 - 23:59:34] [AdmCmd]: Karol Sevilla fue liberado de prisión por Pablo Villalobos, razón: Fail :v(10-19-2016)
[2016/10/20 - 1:14:45] [AdmCmd]: Homero Mcarny fue liberado de prisión por Fady Saba, razón: Que no vuelva a suceder(10-20-2016)
[2016/10/20 - 1:14:48] [AdmCmd]: Jeii Calore fue liberado de prisión por Fady Saba, razón: Que no vuelva a suceder(10-20-2016)
[2016/10/20 - 1:32:50] [AdmCmd]: Yeison Knee fue liberado de prisión por Fady Saba, razón: .(10-20-2016)
[2016/10/20 - 1:33:19] [AdmCmd]: Yeison Knee fue liberado de prisión por Nicolas Guevara, razón: Perdonado...(10-20-2016)
[2016/10/20 - 2:27:26] [AdmCmd]: Jason Odegaard fue liberado de prisión por Fady Saba, razón: Esta conmigo(10-20-2016)
[2016/10/20 - 18:0:21] [AdmCmd]: Alejo Castillo fue liberado de prisión por Jeii Calore, razón: Que no vuelva a pasar(10-20-2016)
[2016/10/20 - 21:23:59] [AdmCmd]: Jeii Calore fue liberado de prisión por Jeii Calore, razón: Solucionado(10-20-2016)
[2016/10/21 - 0:1:24] [AdmCmd]: Yeison Knee fue liberado de prisión por Hal Nozaki, razón: :3(10-21-2016)
[2016/10/21 - 0:3:11] [AdmCmd]: Yeison Knee fue liberado de prisión por Hal Nozaki, razón: .(10-21-2016)
[2016/10/21 - 0:5:38] [AdmCmd]: Yeison Knee fue liberado de prisión por Joaco DeAvila, razón: .(10-21-2016)
[2016/10/21 - 0:6:25] [AdmCmd]: Hal Nozaki fue liberado de prisión por Hal Nozaki, razón: .(10-21-2016)
[2016/10/21 - 21:16:59] [AdmCmd]: Jason Odegaard fue liberado de prisión por Mike Wazouky, razón: </3(10-21-2016)
[2016/10/21 - 22:31:8] AdmCmd: Bart_Mcarny fue jaileado por Bayron Wazouky (10-21-2016) [CMD OFFLINE]
[2016/10/21 - 22:33:11] [AdmCmd]: Bart Mcarny fue liberado de prisión por Bayron Wazouky, razón: ...Perdonado Que No Vuelva A Ocurrir.(10-21-2016)
[2016/10/21 - 23:15:36] [AdmCmd]: Homero Mcarny fue liberado de prisión por Juan Soriano, razón: Pendiente(10-21-2016)
[2016/10/21 - 23:20:33] [AdmCmd]: Homero Mcarny fue liberado de prisión por Juan Soriano, razón: Condena terminada(10-21-2016)
[2016/10/21 - 23:26:47] [AdmCmd]: Bart Mcarny fue liberado de prisión por Jason Odegaard, razón: condena cumplida(10-21-2016)
[2016/10/21 - 23:35:18] [AdmCmd]: Fady Saba fue liberado de prisión por Fady Saba, razón: .(10-21-2016)
[2016/10/22 - 0:22:15] [AdmCmd]: Jason Odegaard fue liberado de prisión por Jason Odegaard, razón: perdonado(10-22-2016)
[2016/10/22 - 0:44:30] [AdmCmd]: Michael Corvo fue liberado de prisión por Fady Saba, razón: Perdonado.(10-22-2016)
[2016/10/22 - 5:13:35] [AdmCmd]: Ernesto Beltran fue liberado de prisión por Jason Odegaard, razón: Perdonad, que no se vuelva a repetir(10-22-2016)
[2016/10/22 - 18:33:28] [AdmCmd]: Alejo Castillo fue liberado de prisión por Jeii Calore, razón: Perdonado(10-22-2016)
[2016/10/22 - 18:33:36] [AdmCmd]: Alvaro Mansilla fue liberado de prisión por Jeii Calore, razón: Perdonado(10-22-2016)
[2016/10/22 - 19:20:20] [AdmCmd]: Matti Rodriguez fue liberado de prisión por Juan Soriano, razón: Ok(10-22-2016)
[2016/10/22 - 19:20:52] AdmCmd: Matti_Rodriguez fue jaileado por Juan Soriano (10-22-2016) [CMD OFFLINE]
[2016/10/22 - 19:21:55] [AdmCmd]: Matti Rodriguez fue liberado de prisión por Juan Soriano, razón: Reduccion(10-22-2016)
[2016/10/22 - 19:39:13] AdmCmd: Karol_Sevilla fue jaileado por Fady Saba (10-22-2016) [CMD OFFLINE]
[2016/10/22 - 19:40:27] [AdmCmd]: Matti Rodriguez fue liberado de prisión por Fady Saba, razón: Perdonado.(10-22-2016)
[2016/10/22 - 20:55:1] [AdmCmd]: Yeison Knee fue liberado de prisión por Yeison Knee, razón: Estoy dutyAdmin.(10-22-2016)
[2016/10/22 - 21:59:59] [AdmCmd]: Pablo Villalobos fue liberado de prisión por Pablo Villalobos, razón: Loco(10-22-2016)
[2016/10/22 - 22:0:17] [AdmCmd]: Matti Rodriguez fue liberado de prisión por Juan Soriano, razón: Perdonadu(10-22-2016)
[2016/10/22 - 22:8:5] [AdmCmd]: Gennaro Corleone fue liberado de prisión por Jeii Calore, razón: Perdonado(10-22-2016)
[2016/10/22 - 22:8:37] [AdmCmd]: Gennaro Corleone fue liberado de prisión por Jason Odegaard, razón: Perdonado(10-22-2016)
[2016/10/22 - 22:10:50] [AdmCmd]: Gennaro Corleone fue liberado de prisión por Jeii Calore, razón: Perdonado(10-22-2016)
[2016/10/22 - 22:12:7] [AdmCmd]: Gennaro Corleone fue liberado de prisión por Jeii Calore, razón: Perdonado(10-22-2016)
[2016/10/22 - 22:17:23] [AdmCmd]: Josbriel Rodriguez fue liberado de prisión por Jeii Calore, razón: Bug (10-22-2016)
[2016/10/22 - 22:18:22] [AdmCmd]: Nacho Astiz fue liberado de prisión por Jeii Calore, razón: Bug (10-22-2016)
[2016/10/22 - 22:19:16] [AdmCmd]: Lucas Rojo fue liberado de prisión por Jeii Calore, razón: Bug (10-22-2016)
[2016/10/22 - 22:30:6] [AdmCmd]: Anthony Olivares fue liberado de prisión por Jeii Calore, razón: Bug(10-22-2016)
[2016/10/22 - 22:31:59] [AdmCmd]: Ricardo Romero fue liberado de prisión por Jeii Calore, razón: Bug(10-22-2016)
[2016/10/22 - 22:50:6] [AdmCmd]: Wilson Moran fue liberado de prisión por Jeii Calore, razón: Perdonado(10-22-2016)
[2016/10/22 - 23:32:59] [AdmCmd]: Kevin Moya fue liberado de prisión por Jeii Calore, razón: Solucionado(10-22-2016)
[2016/10/22 - 23:58:59] [AdmCmd]: Manuel Melo fue liberado de prisión por Jeii Calore, razón: Solucionado(10-22-2016)
[2016/10/23 - 0:1:52] [AdmCmd]: Wilson Moran fue liberado de prisión por Jeii Calore, razón: Perdonado(10-23-2016)
[2016/10/23 - 0:28:12] AdmCmd: Renzo_Leone fue jaileado por Juan Soriano (10-23-2016) [CMD OFFLINE]
[2016/10/23 - 1:15:59] [AdmCmd]: Ivan Morelli fue liberado de prisión por Juan Soriano, razón: Ok(10-23-2016)
[2016/10/23 - 1:16:16] [AdmCmd]: Manuel Melo fue liberado de prisión por Jeii Calore, razón: Perdonado(10-23-2016)
[2016/10/23 - 1:17:33] [AdmCmd]: Manuel Melo fue liberado de prisión por Jeii Calore, razón: Perdonado(10-23-2016)
[2016/10/23 - 1:27:19] AdmCmd: Nicolas_Martinez fue jaileado por Juan Soriano (10-23-2016) [CMD OFFLINE]
[2016/10/23 - 2:9:9] [AdmCmd]: Jaider Rico fue liberado de prisión por Hal Nozaki, razón: .(10-23-2016)
[2016/10/23 - 2:58:52] [AdmCmd]: Yeison Knee fue liberado de prisión por Yeison Knee, razón: No maté a nadien.(10-23-2016)
[2016/10/23 - 2:59:32] [AdmCmd]: Jason Odegaard fue liberado de prisión por Jason Odegaard, razón: Ok basta, hora de trabajar(10-23-2016)
[2016/10/23 - 3:37:34] [AdmCmd]: Dylan Varela fue liberado de prisión por Jeii Calore, razón: Perdonado(10-23-2016)
[2016/10/23 - 3:37:44] [AdmCmd]: Eder Vhangelien fue liberado de prisión por Jeii Calore, razón: Perdonado(10-23-2016)
[2016/10/23 - 4:24:24] [AdmCmd]: Michael Corvo fue liberado de prisión por Juan Soriano, razón: Perdonado(10-23-2016)
[2016/10/23 - 4:26:20] [AdmCmd]: Alvaro Mansilla fue liberado de prisión por Juan Soriano, razón: bug(10-23-2016)
[2016/10/23 - 4:26:28] [AdmCmd]: Snitcheel Mcfly fue liberado de prisión por Jason Odegaard, razón: bug(10-23-2016)
[2016/10/23 - 19:55:31] [AdmCmd]: Jeii Calore fue liberado de prisión por Jeii Calore, razón: Solucionado(10-23-2016)
[2016/10/23 - 20:12:23] Perfect City: Fady Saba expulsó del staff a Miguel_Useche (CMD OFFLINE)
[2016/10/23 - 20:18:37] [AdmCmd]: Gonza Fonseco fue liberado de prisión por Fady Saba, razón: Solucionado(10-23-2016)
[2016/10/23 - 20:34:50] [AdmCmd]: Miguel Useche fue liberado de prisión por Miguel Useche, razón: .(10-23-2016)
[2016/10/23 - 20:41:29] [AdmCmd]: Nazareno Arias fue liberado de prisión por Jeii Calore, razón: Perdonado(10-23-2016)
[2016/10/23 - 21:1:13] [AdmCmd]: Yeison Knee fue liberado de prisión por Fady Saba, razón: Perdonado(10-23-2016)
[2016/10/23 - 21:11:45] [AdmCmd]: Yeison Knee fue liberado de prisión por Yeison Knee, razón: .(10-23-2016)
[2016/10/23 - 21:19:28] [AdmCmd]: Gennaro Corleone fue liberado de prisión por Jeii Calore, razón: Ok(10-23-2016)
[2016/10/23 - 21:21:36] [AdmCmd]: Josbriel Rodriguez fue liberado de prisión por Jeii Calore, razón: Perdonado(10-23-2016)
[2016/10/23 - 22:6:54] Perfect City: Fady Saba expulsó del staff a Miguel_Useche (CMD OFFLINE)
[2016/10/24 - 19:20:3] [AdmCmd]: Nicolas Guevara fue liberado de prisión por Jeii Calore, razón: Bug(10-24-2016)
[2016/10/24 - 19:28:31] [AdmCmd]: Wilfredo Velletri fue liberado de prisión por Jason Odegaard, razón: Bug(10-24-2016)
[2016/10/24 - 19:31:46] [AdmCmd]: Alejo Castillo fue liberado de prisión por Jason Odegaard, razón: Buf(10-24-2016)
[2016/10/24 - 19:31:53] [AdmCmd]: Alejo Castillo fue liberado de prisión por Jason Odegaard, razón: Bug(10-24-2016)
[2016/10/24 - 19:50:17] [AdmCmd]: Wilfredo Velletri fue liberado de prisión por Pablo Villalobos, razón: Perdonado Que No Vuelva a Pasar(10-24-2016)
[2016/10/24 - 20:35:21] [AdmCmd]: Alejo Castillo fue liberado de prisión por Jason Odegaard, razón: solucionado, que no se vuelva a repetir(10-24-2016)
[2016/10/24 - 23:11:19] [AdmCmd]: Yair Drick fue liberado de prisión por Hal Nozaki, razón: No sabía el concepto.(10-24-2016)
[2016/10/24 - 23:51:32] [AdmCmd]: Renzo Leone fue liberado de prisión por Jason Odegaard, razón: tiempo cumplido(10-24-2016)
[2016/10/25 - 0:48:42] [AdmCmd]: Harvey Specter fue liberado de prisión por Harvey Specter, razón: .(10-25-2016)
[2016/10/25 - 3:26:11] [AdmCmd]: Wilson Moran fue liberado de prisión por Jeii Calore, razón: Bug(10-25-2016)
[2016/10/25 - 3:51:31] [AdmCmd]: Homero Mcarny fue liberado de prisión por Jason Odegaard, razón: Solucionado, que no se vuelva a repetir(10-25-2016)
[2016/10/25 - 17:22:43] [AdmCmd]: Nahuel Jimenez fue liberado de prisión por Dreker Vaskar, razón: Redución de tiempo(10-25-2016)
[2016/10/25 - 17:27:44] [AdmCmd]: Nahuel Jimenez fue liberado de prisión por Dreker Vaskar, razón: Arreglado(10-25-2016)
[2016/10/25 - 19:23:25] [AdmCmd]: Joel Ruiz fue liberado de prisión por Jeii Calore, razón: Perdonado(10-25-2016)
[2016/10/25 - 21:31:18] [AdmCmd]: Wilfredo Velletri fue liberado de prisión por Jeii Calore, razón: Que no vuelva a pasar(10-25-2016)
[2016/10/25 - 22:5:2] [AdmCmd]: Josbriel Rodriguez fue liberado de prisión por Bayron Wazouky, razón: Perdonado(10-25-2016)
[2016/10/25 - 22:5:25] [AdmCmd]: Jeii Calore fue liberado de prisión por Jeii Calore, razón: Confunsion(10-25-2016)
[2016/10/25 - 22:15:3] [AdmCmd]: Michael Corvo fue liberado de prisión por Jason Odegaard, razón: Solucionado, que no se vuelva a repetir(10-25-2016)
[2016/10/25 - 22:38:29] AdmCmd: Jeii_Calore fue jaileado por Fady Saba (10-25-2016) [CMD OFFLINE]
[2016/10/25 - 23:14:49] [AdmCmd]: Jeii Calore fue liberado de prisión por Fady Saba, razón: Al terminar el rol vuelves a jail.(10-25-2016)
[2016/10/26 - 0:31:14] [AdmCmd]: Carlos Villagran fue liberado de prisión por Jeii Calore, razón: Bug(10-26-2016)
[2016/10/26 - 1:37:6] [AdmCmd]: Carlos Villagran fue liberado de prisión por Bayron Wazouky, razón: Era Broma <3(10-26-2016)
[2016/10/26 - 1:37:26] [AdmCmd]: Bayron Wazouky fue liberado de prisión por Bayron Wazouky, razón: Era Broma <3(10-26-2016)
[2016/10/26 - 1:37:39] [AdmCmd]: Bayron Wazouky fue liberado de prisión por Bayron Wazouky, razón: Era Broma <3(10-26-2016)
[2016/10/26 - 6:14:10] Perfect City: Harvey Specter limpió variables administrativas a Fady Saba
[2016/10/26 - 20:25:42] [AdmCmd]: Harvey Specter fue liberado de prisión por Nicolas Guevara, razón: p(10-26-2016)
[2016/10/26 - 20:26:8] [AdmCmd]: Harvey Specter fue liberado de prisión por Nicolas Guevara, razón: PERDONADO(10-26-2016)
[2016/10/26 - 20:52:59] [AdmCmd]: Troy Brown fue liberado de prisión por Pablo Villalobos, razón: Solucionado :3(10-26-2016)
[2016/10/26 - 21:13:30] [AdmCmd]: Sofia Zuleta fue liberado de prisión por Nicolas Guevara, razón: Perdonado(10-26-2016)
[2016/10/26 - 21:14:43] [AdmCmd]: Sofia Zuleta fue liberado de prisión por Nicolas Guevara, razón: Equivocación de Pablo Villalobos(10-26-2016)
[2016/10/26 - 22:4:6] [AdmCmd]: Blasco Zeid fue liberado de prisión por Nicolas Guevara, razón: evento(10-26-2016)
[2016/10/26 - 22:5:7] [AdmCmd]: Josbriel Rodriguez fue liberado de prisión por Nicolas Guevara, razón: evento(10-26-2016)
[2016/10/26 - 22:30:19] [AdmCmd]: Blasco Zeid fue liberado de prisión por Klaus MacTavish, razón: Perdonado(10-26-2016)
[2016/10/26 - 22:43:15] [AdmCmd]: Sofia Zuleta fue liberado de prisión por Jeii Calore, razón: Reducir tiempo(10-26-2016)
[2016/10/27 - 0:8:40] [AdmCmd]: Quinn Ford fue liberado de prisión por Klaus MacTavish, razón: Solucionado.(10-27-2016)
[2016/10/27 - 1:49:28] [AdmCmd]: Daniel Tellez fue liberado de prisión por Jeii Calore, razón: Que no vuelva a pasar(10-27-2016)
[2016/10/27 - 1:53:42] [AdmCmd]: Nicole Suarez fue liberado de prisión por Nicolas Guevara, razón: perdonado(10-27-2016)
[2016/10/27 - 2:6:18] AdmCmd: Axel_Yankee fue jaileado por Nicolas Guevara (10-27-2016) [CMD OFFLINE]
[2016/10/27 - 2:39:32] [AdmCmd]: Harvey Specter fue liberado de prisión por Jeii Calore, razón: .(10-27-2016)
[2016/10/27 - 2:52:6] [AdmCmd]: Andy Alvarez fue liberado de prisión por Jeii Calore, razón: Perdonado(10-27-2016)
[2016/10/27 - 2:56:22] [AdmCmd]: Andy Alvarez fue liberado de prisión por Jeii Calore, razón: Perdonado(10-27-2016)
[2016/10/27 - 3:0:55] [AdmCmd]: Andy Alvarez fue liberado de prisión por Nicolas Guevara, razón: Aclarado(10-27-2016)
[2016/10/27 - 20:43:43] [AdmCmd]: Jonas Jure fue liberado de prisión por Jeii Calore, razón: Perdonado(10-27-2016)
[2016/10/27 - 20:50:52] [AdmCmd]: Pablo Villalobos fue liberado de prisión por Pablo Villalobos, razón: ...(10-27-2016)
[2016/10/27 - 20:53:27] [AdmCmd]: Quinn Ford fue liberado de prisión por Pablo Villalobos, razón: ...(10-27-2016)
[2016/10/27 - 20:53:46] [AdmCmd]: Wilfredo Velletri fue liberado de prisión por Pablo Villalobos, razón: Solucionado(10-27-2016)
[2016/10/28 - 0:7:40] [AdmCmd]: Josbriel Rodriguez fue liberado de prisión por Pablo Villalobos, razón: fail(10-28-2016)
[2016/10/28 - 0:50:22] [AdmCmd]: Pablo Villalobos fue liberado de prisión por Nicolas Guevara, razón: Perdonado(10-28-2016)
[2016/10/28 - 0:51:32] AdmCmd: Homero_Mcarny fue jaileado por Nicolas Guevara (10-28-2016) [CMD OFFLINE]
[2016/10/28 - 1:40:56] [AdmCmd]: Adham Ashraf fue liberado de prisión por Klaus MacTavish, razón: Error.(10-28-2016)
[2016/10/28 - 2:59:24] [AdmCmd]: Sofia Zuleta fue liberado de prisión por Pablo Villalobos, razón: lol(10-28-2016)
[2016/10/28 - 3:34:46] [AdmCmd]: Nicole Suarez fue liberado de prisión por Pablo Villalobos, razón: :)(10-28-2016)
[2016/10/28 - 3:34:47] [AdmCmd]: Nicole Suarez fue liberado de prisión por Bayron Wazouky, razón: .(10-28-2016)
[2016/10/28 - 4:44:13] AdmCmd: Robinson_Calore fue jaileado por Pablo Villalobos (10-28-2016) [CMD OFFLINE]
[2016/10/28 - 18:57:1] [AdmCmd]: Sofia Zuleta fue liberado de prisión por Jeii Calore, razón: Bug (10-28-2016)
[2016/10/28 - 21:27:57] [AdmCmd]: Adham Ashraf fue liberado de prisión por Nicolas Guevara, razón: Perdonado(10-28-2016)
[2016/10/30 - 4:15:55] [AdmCmd]: Bruno McSanders fue liberado de prisión por Pablo Villalobos, razón: No Cagues(10-30-2016)
[2016/10/30 - 17:49:10] [AdmCmd]: Brian Piazzoni fue liberado de prisión por Nicolas Guevara, razón: Bug(10-30-2016)
[2016/10/30 - 17:59:54] [AdmCmd]: Escobar Edgar fue liberado de prisión por Nicolas Guevara, razón: A leer reglas(10-30-2016)
[2016/10/31 - 0:0:28] [AdmCmd]: John Snow fue liberado de prisión por Jason Odegaard, razón: Perdonado, solucionado(10-31-2016)
[2016/10/31 - 1:46:39] [AdmCmd]: Eder Vhangelien fue liberado de prisión por Jason Odegaard, razón: Mal entendido, solucionado(10-31-2016)
[2016/10/31 - 1:49:23] [AdmCmd]: Paolo DeTitto fue liberado de prisión por Jason Odegaard, razón: Solucionado, que no se vuelva a repetir(10-31-2016)
[2016/10/31 - 20:3:35] [AdmCmd]: Homero Mcarny fue liberado de prisión por Nicolas Guevara, razón: bug(10-31-2016)
[2016/10/31 - 22:1:27] [AdmCmd]: Niko Pacheco fue liberado de prisión por Jeii Calore, razón: Perdonado que no vuelva a pasar(10-31-2016)
[2016/10/31 - 22:50:26] [AdmCmd]: Karol Sevilla fue liberado de prisión por Jeii Calore, razón: Bug(10-31-2016)
[2016/11/1 - 0:0:4] [AdmCmd]: Klaus MacTavish fue liberado de prisión por Nicolas Guevara, razón: .(11-1-2016)
[2016/11/1 - 0:6:7] [AdmCmd]: Klaus MacTavish fue liberado de prisión por Klaus MacTavish, razón: .(11-1-2016)
[2016/11/1 - 2:49:31] [AdmCmd]: Bruno McSanders fue liberado de prisión por Nicolas Guevara, razón: bug(11-1-2016)
[2016/11/1 - 19:9:50] [AdmCmd]: Wilfredo Velletri fue liberado de prisión por Pablo Villalobos, razón: Perdonado(11-1-2016)
[2016/11/1 - 22:27:9] [AdmCmd]: Wilfredo Velletri fue liberado de prisión por Jeii Calore, razón: Confuncion(11-1-2016)
[2016/11/1 - 22:27:30] [AdmCmd]: Alejo Castillo fue liberado de prisión por Jeii Calore, razón: Confucion(11-1-2016)
[2016/11/1 - 23:25:47] [AdmCmd]: Brian Kenny fue liberado de prisión por Jeii Calore, razón: Perdonado(11-1-2016)
[2016/11/1 - 23:37:18] [AdmCmd]: Maicol Nico fue liberado de prisión por Jeii Calore, razón: .(11-1-2016)
[2016/11/2 - 0:0:57] [AdmCmd]: Enzo Ferrari fue liberado de prisión por Jeii Calore, razón: Que no vuelva a pasar(11-2-2016)
[2016/11/2 - 6:56:54] [AdmCmd]: Bruno McSanders fue liberado de prisión por Nicolas Guevara, razón: bug(11-2-2016)
