[2016/10/5 - 17:19:5] AdmCmd: Abdul AlBergha(IP:Abdul AlBergha) was banned by ., reason: 
à. (5-2016-)
[2016/10/7 - 4:18:14] AdmCmd: Facundo Fernandez(IP:Harvey Specter) was banned by cerralo :3, reason: 
àcerralo :3 (7-2016-)
[2016/10/7 - 18:55:1] AdmCmd: Maicol Nico(IP:Juan Soriano) was banned by oc, reason: 
àoc (7-2016-)
[2016/10/8 - 0:23:40] AdmCmd: Figueroa Inoa(IP:Cornelio Contreras) was banned by ., reason: 
à. (8-2016-)
[2016/10/8 - 0:26:3] AdmCmd: Juanjo Arnaiz(IP:Takeshi Yuki) was banned by Hack :3, reason: 
àHack :3 (8-2016-)
[2016/10/8 - 1:30:14] AdmCmd: Miliannys Sierra(IP:PC Azarel) was banned by HACK, reason: 
àHACK (8-2016-)
[2016/10/8 - 1:49:11] AdmCmd: Brai Tedeschini(IP:Juan Soriano) was banned by oc, reason: 
àoc (8-2016-)
[2016/10/8 - 3:33:46] AdmCmd: Jerome Casanova(IP:Azarel Thawne) was banned by AirBRK, reason: 
àAirBRK (8-2016-)
[2016/10/8 - 18:12:7] AdmCmd: Alex Perez(IP:Azarel Thawne) was banned by HACK, reason: 
àHACK (8-2016-)
[2016/10/8 - 19:37:57] AdmCmd: Mateus Ridolmo(IP:Takeshi Yuki) was banned by Hack (Advertido), reason: 
àHack (Advertido) (8-2016-)
[2016/10/8 - 19:55:54] AdmCmd: David Ewing(IP:Azarel Thawne) was banned by NO SPAM, reason: 
àNO SPAM (8-2016-)
[2016/10/8 - 21:48:1] AdmCmd: Elly Mike(IP:Azarel Thawne) was banned by Nos vemos capo, aca eso no., reason: 
àNos vemos capo, aca eso no. (8-2016-)
[2016/10/9 - 17:11:32] AdmCmd: Zein Gutiertk(IP:Joaco DeAvila) was banned by AIOOC, reason: 
àAIOOC (9-2016-)
[2016/10/9 - 17:33:16] AdmCmd: Alex Jimenez(IP:Juan Soriano) was banned by a, reason: 
àa (9-2016-)
[2016/10/9 - 17:33:34] AdmCmd: Alex Jimenez 2(IP:Joaco DeAvila) was banned by ., reason: 
à. (9-2016-)
[2016/10/9 - 17:33:47] AdmCmd: Alex Jimenez 1(IP:Juan Soriano) was banned by 1, reason: 
à1 (9-2016-)
[2016/10/9 - 21:22:50] AdmCmd: Pablo Lucero(IP:Azarel Thawne) was banned by Vete., reason: 
àVete. (9-2016-)
[2016/10/9 - 21:53:47] AdmCmd: Emmanuel Damian(IP:Azarel Thawne) was banned by Acá no SPAM, reason: 
àAcá no SPAM (9-2016-)
[2016/10/11 - 2:49:11] AdmCmd: Cornelio Contreras(IP:Cornelio Contreras) was banned by Me voy., reason: 
àMe voy. (11-2016-)
[2016/10/12 - 3:8:5] AdmCmd: Nahuel Beltran(IP:Juan Soriano) was banned by Ok, reason: 
àOk (12-2016-)
[2016/10/15 - 20:43:33] AdmCmd: Emily Crawford(IP:Nicolas Guevara) was banned by Nos vemos virga, reason: 
àNos vemos virga (15-2016-)
[2016/10/15 - 20:45:38] AdmCmd: Fernanda Diaz(IP:Nicolas Guevara) was banned by No te cansas no? Virga, reason: 
àNo te cansas no? Virga (15-2016-)
[2016/10/15 - 21:48:57] AdmCmd: Rudy Fox(IP:Hal Nozaki) was banned by xd, reason: 
àxd (15-2016-)
[2016/10/19 - 22:35:59] AdmCmd: Azarel Thawne(IP:Juan Soriano) was banned by CK2, reason: 
àCK2 (19-2016-)
[2016/10/20 - 23:59:47] AdmCmd: Joaco DeAvila(IP:Takeshi Yuki) was banned by Prueba, reason: 
àPrueba (20-2016-)
[2016/10/22 - 19:29:13] AdmCmd: Nicolas Guevara(IP:Nicolas Guevara) was banned by Nos vemos, reason: 
àNos vemos (22-2016-)
[2016/10/25 - 16:55:16] AdmCmd: jhessuath rebolledo(IP:Klaus MacTavish) was banned by Avisado. (Nombre Apellido Iniciales con Mayús), reason: 
àAvisado
[2016/10/26 - 6:55:49] AdmCmd: Fady Saba(IP:Fady Saba) was banned by Adios papus <3 Razon: Mucho AA <3 Los hamo, Azarel puto :v, reason: 
àAdios papus
[2016/10/28 - 20:3:59] AdmCmd: Bruno McSanders(IP:Pablo Villalobos) was banned by Uso De Hack, reason: 
àUso De Hack (28-2016-)
[2016/10/30 - 0:23:46] AdmCmd: Matti Rodriguez(IP:Jeii Calore) was banned by Hack , reason: 
àHack  (30-2016-)
[2016/10/31 - 2:13:49] AdmCmd: Mariano Hernandez(IP:Nicolas Guevara) was banned by 54millones en banco, okey, reason: 
à54millones en banco, okey (31-
[2016/11/1 - 6:44:11] AdmCmd: Breison Andresk(IP:Nicolas Guevara) was banned by Sin puntos de respeto 150k y super Gt, reason: àSin puntos de respet
