[2014/11/9 - 14:28:28] Tony_Zill ha cambiado su nombre a {5ABAFF}Gobierno{FFFFFF}.
[2016/8/14 - 18:17:57] Benjamin_Alastre ha cambiado su nombre a {5ABAFF}Kronos{FFFFFF}.
[2016/10/7 - 3:18:47] Juan_Soriano ha cambiado su nombre a {5ABAFF}Juan_Sorian{FFFFFF}.
[2016/10/7 - 22:25:56] Azarel_Thawne ha cambiado su nombre a {5ABAFF}Azarel{FFFFFF}.
[2016/10/7 - 23:6:12] Cornelio_Contreras ha cambiado su nombre a {5ABAFF}Gobierno{FFFFFF}.
[2016/10/7 - 23:18:38] Cornelio_Contreras ha cambiado su nombre a {5ABAFF}Benjamin_Alastre{FFFFFF}.
[2016/10/8 - 1:6:48] Azarel_Thawne ha cambiado su nombre a {5ABAFF}Azarel{FFFFFF}.
[2016/10/8 - 1:10:9] Azarel_Thawne ha cambiado su nombre a {5ABAFF}PC_Azarel{FFFFFF}.
[2016/10/8 - 1:10:12] Takeshi_Yuki ha cambiado su nombre a {5ABAFF}17 PC_Takeshi{FFFFFF}.
[2016/10/8 - 1:10:43] Takeshi_Yuki ha cambiado su nombre a {5ABAFF}17 PC_Takeshi{FFFFFF}.
[2016/10/8 - 1:10:53] Takeshi_Yuki ha cambiado su nombre a {5ABAFF}PC_Takeshi{FFFFFF}.
[2016/10/8 - 1:19:0] Juan_Soriano ha cambiado su nombre a {5ABAFF}PC_Soriano{FFFFFF}.
[2016/10/8 - 11:45:31] Forrest_Dyrdek ha cambiado su nombre a {5ABAFF}Dyrdek{FFFFFF}.
[2016/10/8 - 11:46:22] Forrest_Dyrdek ha cambiado su nombre a {5ABAFF}Forrest_AFK{FFFFFF}.
[2016/10/9 - 4:40:34] Takeshi_Yuki ha cambiado su nombre a {5ABAFF}Takeshi{FFFFFF}.
[2016/10/9 - 4:41:29] Bayron_Wazouky ha cambiado su nombre a {5ABAFF}Mike Wazouky{FFFFFF}.
[2016/10/9 - 4:42:20] Fady_Saba ha cambiado su nombre a {5ABAFF}Fadyx{FFFFFF}.
[2016/10/9 - 5:46:32] Fady_Saba ha cambiado su nombre a {5ABAFF}Fadyx{FFFFFF}.
[2016/10/9 - 8:12:57] Bayron_Wazouky ha cambiado su nombre a {5ABAFF}_Consola_{FFFFFF}.
[2016/10/9 - 8:22:36] Fady_Saba ha cambiado su nombre a {5ABAFF}_Consola_v2.0{FFFFFF}.
[2016/10/9 - 16:47:14] Juan_Soriano ha cambiado su nombre a {5ABAFF}AFK_Soriano{FFFFFF}.
[2016/10/9 - 20:46:43] Azarel_Thawne ha cambiado su nombre a {5ABAFF}Azarel{FFFFFF}.
[2016/10/9 - 20:50:3] Bayron_Wazouky ha cambiado su nombre a {5ABAFF}Consola we{FFFFFF}.
[2016/10/9 - 20:52:37] Bayron_Wazouky ha cambiado su nombre a {5ABAFF}Smook Weed{FFFFFF}.
[2016/10/9 - 22:11:9] Azarel_Thawne ha cambiado su nombre a {5ABAFF}Azarel{FFFFFF}.
[2016/10/9 - 22:11:30] Bayron_Wazouky ha cambiado su nombre a {5ABAFF}___Consola___{FFFFFF}.
[2016/10/10 - 0:42:35] Azarel_Thawne ha cambiado su nombre a {5ABAFF}Azarel{FFFFFF}.
[2016/10/10 - 3:13:53] Takeshi_Yuki ha cambiado su nombre a {5ABAFF}Takeshi{FFFFFF}.
[2016/10/10 - 3:22:13] Joaco_DeAvila ha cambiado su nombre a {5ABAFF}Joaco_Garrix{FFFFFF}.
[2016/10/10 - 3:22:31] Bayron_Wazouky ha cambiado su nombre a {5ABAFF}MaickWazouky{FFFFFF}.
[2016/10/10 - 3:22:38] Joaco_DeAvila ha cambiado su nombre a {5ABAFF}Joaco_Wang{FFFFFF}.
[2016/10/10 - 3:23:5] Bayron_Wazouky ha cambiado su nombre a {5ABAFF}[Nombre_Apellido]{FFFFFF}.
[2016/10/10 - 3:23:19] Joaco_DeAvila ha cambiado su nombre a {5ABAFF}Joaco_Fernandezs{FFFFFF}.
[2016/10/10 - 3:35:58] Joaco_DeAvila ha cambiado su nombre a {5ABAFF}Pol_Brun{FFFFFF}.
[2016/10/10 - 3:40:32] Joaco_DeAvila ha cambiado su nombre a {5ABAFF}Joaco_Isairias{FFFFFF}.
[2016/10/10 - 3:41:9] Joaco_DeAvila ha cambiado su nombre a {5ABAFF}Dodox{FFFFFF}.
[2016/10/10 - 3:41:55] Takeshi_Yuki ha cambiado su nombre a {5ABAFF}Kenji_Wang{FFFFFF}.
[2016/10/10 - 3:42:14] Takeshi_Yuki ha cambiado su nombre a {5ABAFF}Takeshi{FFFFFF}.
[2016/10/10 - 3:42:15] Joaco_DeAvila ha cambiado su nombre a {5ABAFF}Jorge_Isirias{FFFFFF}.
[2016/10/10 - 3:42:31] Joaco_DeAvila ha cambiado su nombre a {5ABAFF}Jorge_Isairias{FFFFFF}.
[2016/10/10 - 3:43:21] Bayron_Wazouky ha cambiado su nombre a {5ABAFF}Steven Lavando Perros{FFFFFF}.
[2016/10/10 - 3:44:37] Joaco_DeAvila ha cambiado su nombre a {5ABAFF}Jaja_SteMen{FFFFFF}.
[2016/10/10 - 3:44:56] Bayron_Wazouky ha cambiado su nombre a {5ABAFF}Steven_Lavado{FFFFFF}.
[2016/10/10 - 3:45:22] Joaco_DeAvila ha cambiado su nombre a {5ABAFF}Joaco_Nozaki{FFFFFF}.
[2016/10/10 - 3:45:32] Takeshi_Yuki ha cambiado su nombre a {5ABAFF}Takeshi_Nozaki{FFFFFF}.
[2016/10/10 - 3:45:39] Bayron_Wazouky ha cambiado su nombre a {5ABAFF}Nozaki_Nada{FFFFFF}.
[2016/10/10 - 3:49:14] Joaco_DeAvila ha cambiado su nombre a {5ABAFF}Ismael_Nozaki{FFFFFF}.
[2016/10/10 - 3:49:32] Joaco_DeAvila ha cambiado su nombre a {5ABAFF}Joaco_Nozaki{FFFFFF}.
[2016/10/10 - 3:54:28] Bayron_Wazouky ha cambiado su nombre a {5ABAFF}__[Nombre_Apellido]__{FFFFFF}.
[2016/10/10 - 4:3:7] Joaco_DeAvila ha cambiado su nombre a {5ABAFF}Pol_Brun/afk{FFFFFF}.
[2016/10/10 - 4:5:13] Bayron_Wazouky ha cambiado su nombre a {5ABAFF}aquiles{FFFFFF}.
[2016/10/10 - 4:5:36] Bayron_Wazouky ha cambiado su nombre a {5ABAFF}Aquiles{FFFFFF}.
[2016/10/10 - 4:10:11] Bayron_Wazouky ha cambiado su nombre a {5ABAFF}Joaco_DeAvila2{FFFFFF}.
[2016/10/10 - 4:17:24] Joaco_DeAvila ha cambiado su nombre a {5ABAFF}Pol_Brun{FFFFFF}.
[2016/10/10 - 5:5:35] Fady_Saba ha cambiado su nombre a {5ABAFF}[Nombre_Apellido]{FFFFFF}.
[2016/10/10 - 19:14:18] Azarel_Thawne ha cambiado su nombre a {5ABAFF}Azarel{FFFFFF}.
[2016/10/10 - 20:0:48] Harvey_Specter ha cambiado su nombre a {5ABAFF}Gobierno{FFFFFF}.
[2016/10/10 - 20:36:57] Fady_Saba ha cambiado su nombre a {5ABAFF}AFK_Foro{FFFFFF}.
[2016/10/11 - 2:53:48] Harvey_Specter ha cambiado su nombre a {5ABAFF}Benjamin_Alastre{FFFFFF}.
[2016/10/11 - 2:56:13] Harvey_Specter ha cambiado su nombre a {5ABAFF}Benjamin_Alastreeeeee{FFFFFF}.
[2016/10/11 - 2:56:20] Harvey_Specter ha cambiado su nombre a {5ABAFF}Benjamin_Alastre{FFFFFF}.
[2016/10/11 - 2:58:21] Harvey_Specter ha cambiado su nombre a {5ABAFF}Gobierno{FFFFFF}.
[2016/10/11 - 3:5:14] Harvey_Specter ha cambiado su nombre a {5ABAFF}Gobierno{FFFFFF}.
[2016/10/11 - 3:20:3] Azarel_Thawne ha cambiado su nombre a {5ABAFF}Abdul_Bhedga{FFFFFF}.
[2016/10/11 - 3:21:56] Nicolas_Guevara ha cambiado su nombre a {5ABAFF}Matías_Echevarria{FFFFFF}.
[2016/10/11 - 3:22:35] Harvey_Specter ha cambiado su nombre a {5ABAFF}Mia_Stone{FFFFFF}.
[2016/10/11 - 4:8:31] Harvey_Specter ha cambiado su nombre a {5ABAFF}Mia_Stone{FFFFFF}.
[2016/10/11 - 4:16:29] Harvey_Specter ha cambiado su nombre a {5ABAFF}Gobierno{FFFFFF}.
[2016/10/11 - 4:23:0] Harvey_Specter ha cambiado su nombre a {5ABAFF}Mia_Stone{FFFFFF}.
[2016/10/11 - 4:29:10] Harvey_Specter ha cambiado su nombre a {5ABAFF}Elizabeth_Reynolds{FFFFFF}.
[2016/10/12 - 4:30:0] Harvey_Specter ha cambiado su nombre a {5ABAFF}Mia_Stone{FFFFFF}.
[2016/10/12 - 5:38:22] Harvey_Specter ha cambiado su nombre a {5ABAFF}Gobierno{FFFFFF}.
[2016/10/12 - 5:39:21] Harvey_Specter ha cambiado su nombre a {5ABAFF}Nicolas_Guevara2.0{FFFFFF}.
[2016/10/12 - 5:41:3] Nicolas_Guevara ha cambiado su nombre a {5ABAFF}Gonzalo_Bartolomeo 1{FFFFFF}.
[2016/10/12 - 5:46:21] Harvey_Specter ha cambiado su nombre a {5ABAFF}Elizabeth_/revivir 0{FFFFFF}.
[2016/10/12 - 20:46:24] Azarel_Thawne ha cambiado su nombre a {5ABAFF}Wilhelm Fenske{FFFFFF}.
[2016/10/12 - 21:1:50] Azarel_Thawne ha cambiado su nombre a {5ABAFF}Wilhelm Fenske{FFFFFF}.
[2016/10/12 - 21:7:31] Azarel_Thawne ha cambiado su nombre a {5ABAFF}Benjamin_Alastre{FFFFFF}.
[2016/10/12 - 21:9:13] Azarel_Thawne ha cambiado su nombre a {5ABAFF}Gobierno{FFFFFF}.
[2016/10/14 - 0:49:59] Bayron_Wazouky ha cambiado su nombre a {5ABAFF}Aquiles_Corro{FFFFFF}.
[2016/10/14 - 7:25:50] Fady_Saba ha cambiado su nombre a {5ABAFF}Roberto_Rojass{FFFFFF}.
[2016/10/14 - 7:26:18] Fady_Saba ha cambiado su nombre a {5ABAFF}Puta_Loca{FFFFFF}.
[2016/10/15 - 23:41:51] Bayron_Wazouky ha cambiado su nombre a {5ABAFF}Aquiles_Bailo{FFFFFF}.
[2016/10/16 - 7:24:49] Fady_Saba ha cambiado su nombre a {5ABAFF}AFK_Foro{FFFFFF}.
[2016/10/16 - 7:43:39] Nicolas_Guevara ha cambiado su nombre a {5ABAFF}Javier_SanJose{FFFFFF}.
[2016/10/16 - 16:38:20] Bayron_Wazouky ha cambiado su nombre a {5ABAFF}Elfo_MeCuliao{FFFFFF}.
[2016/10/16 - 17:38:2] Azarel_Thawne ha cambiado su nombre a {5ABAFF}Wilhelm_Oppenheim{FFFFFF}.
[2016/10/16 - 21:7:6] Azarel_Thawne ha cambiado su nombre a {5ABAFF}Wilhelm_Oppenheim{FFFFFF}.
[2016/10/16 - 22:11:34] Azarel_Thawne ha cambiado su nombre a {5ABAFF}Azarel{FFFFFF}.
[2016/10/17 - 22:14:44] Joaco_DeAvila ha cambiado su nombre a {5ABAFF}Joaco_Knee{FFFFFF}.
[2016/10/17 - 22:15:32] Joaco_DeAvila ha cambiado su nombre a {5ABAFF}Joaco_Jure{FFFFFF}.
[2016/10/18 - 20:34:41] Takeshi_Yuki ha cambiado su nombre a {5ABAFF}Takeshi{FFFFFF}.
[2016/10/18 - 22:31:1] Azarel_Thawne ha cambiado su nombre a {5ABAFF}Klaus_MacTavish{FFFFFF}.
[2016/10/21 - 21:10:51] Bayron_Wazouky ha cambiado su nombre a {5ABAFF}Mike_Wazouky{FFFFFF}.
[2016/10/23 - 18:25:30] Fady_Saba ha cambiado su nombre a {5ABAFF}Afk{FFFFFF}.
[2016/10/25 - 4:2:26] Jason_Odegaard ha cambiado su nombre a {5ABAFF}Viru{FFFFFF}.
[2016/10/25 - 4:3:51] Jason_Odegaard ha cambiado su nombre a {5ABAFF}Viru{FFFFFF}.
[2016/10/25 - 17:55:49] Dreker_Vaskar ha cambiado su nombre a {5ABAFF}Jennifer_Flesth{FFFFFF}.
[2016/10/25 - 19:29:42] Jason_Odegaard ha cambiado su nombre a {5ABAFF}Viru{FFFFFF}.
[2016/10/26 - 0:17:57] Dreker_Vaskar ha cambiado su nombre a {5ABAFF}Jennifer_Ferlit{FFFFFF}.
[2016/10/26 - 1:27:28] Jason_Odegaard ha cambiado su nombre a {5ABAFF}Viru{FFFFFF}.
[2016/10/26 - 6:14:43] Harvey_Specter ha cambiado su nombre a {5ABAFF}Hola{FFFFFF}.
[2016/10/26 - 6:15:17] Nicolas_Guevara ha cambiado su nombre a {5ABAFF}Facundo_Fernendes{FFFFFF}.
[2016/10/26 - 6:15:46] Nicolas_Guevara ha cambiado su nombre a {5ABAFF}Facundo_Fernendez{FFFFFF}.
[2016/10/26 - 18:46:14] Dreker_Vaskar ha cambiado su nombre a {5ABAFF}Jennifer_Fernit{FFFFFF}.
[2016/10/26 - 21:42:56] Klaus_MacTavish ha cambiado su nombre a {5ABAFF}Azarel{FFFFFF}.
[2016/10/27 - 0:42:51] Klaus_MacTavish ha cambiado su nombre a {5ABAFF}Klaus{FFFFFF}.
[2016/10/27 - 0:44:0] Jeii_Calore ha cambiado su nombre a {5ABAFF}Jeii{FFFFFF}.
[2016/10/27 - 1:19:33] Jason_Odegaard ha cambiado su nombre a {5ABAFF}Viru{FFFFFF}.
[2016/10/27 - 4:44:58] Jason_Odegaard ha cambiado su nombre a {5ABAFF}Ernesta{FFFFFF}.
[2016/10/27 - 4:47:8] Jason_Odegaard ha cambiado su nombre a {5ABAFF}PaulPuto{FFFFFF}.
[2016/10/30 - 1:4:16] Jason_Odegaard ha cambiado su nombre a {5ABAFF}Viru{FFFFFF}.
