[2016/10/8 - 2:28:26] << Manuel Martinez hizó un contrato: Matar a Steve Suarez por $2000, detalles: Matenlo (10-8-2016)(2:28) >>
[2016/10/11 - 0:54:2] << Manuel Martinez hizó un contrato: Matar a Bart Mcarny por $2000, detalles: . (10-11-2016)(0:54) >>
[2016/10/18 - 23:9:38] << Fady Saba hizó un contrato: Matar a Axel Yankee por $2900, detalles: Cortale el culo (10-18-2016)(23:9) >>
[2016/10/18 - 23:10:9] << Fady Saba hizó un contrato: Matar a Jeii Calore por $2000, detalles: kuak (10-18-2016)(23:10) >>
[2016/10/31 - 6:11:47] << Nicolas Guevara hizó un contrato: Matar a Alejo Castillo por $2000, detalles: . (10-31-2016)(6:11) >>
[2016/10/31 - 18:23:20] << Wilfredo Velletri hizó un contrato: Matar a Nahuel Jimenez por $2000, detalles: Debe una suma importante de din (10-31-2016)
[2016/10/31 - 21:3:12] << Eder Vhangelien hizó un contrato: Matar a Jeii Calore por $35000, detalles: Quiero que me manden una foto d (10-31-2016)(21:
[2016/10/31 - 21:48:43] << Wilfredo Velletri hizó un contrato: Matar a Homero Mcarny por $2000, detalles: Asuntos Personales. (10-31-2016)(21:48) >>
[2016/10/31 - 22:50:43] << Nicolas Guevara has removido el contrato de Homero Mcarny(10-31-2016) >>
[2016/10/31 - 22:52:13] << Nicolas Guevara hizó un contrato: Matar a Dylan Varela por $20000, detalles: Que le duela (10-31-2016)(22:52) >>
[2016/10/31 - 22:53:16] << Nicolas Guevara hizó un contrato: Matar a Brian Piazzoni por $20000, detalles: Es un hijo de puta (10-31-2016)(22:53) >>
[2016/10/31 - 22:54:0] << Nicolas Guevara hizó un contrato: Matar a Enzo Ferrari por $20000, detalles: Quiero que quede sin brazos (10-31-2016)(22:54)
[2016/10/31 - 22:54:37] << Nicolas Guevara hizó un contrato: Matar a Josbriel Rodriguez por $20000, detalles: Policía, quiero su cabeza (10-31-2016)(22
[2016/10/31 - 22:54:40] << Nicolas Guevara hizó un contrato: Matar a Enzo Ferrari por $20000, detalles: Quiero que quede sin brazo (10-31-2016)(22:54) 
[2016/10/31 - 22:55:1] << Nicolas Guevara hizó un contrato: Matar a Paul Stiven por $20000, detalles: Lo quiero muerto (10-31-2016)(22:55) >>
[2016/10/31 - 22:55:46] << Nicolas Guevara hizó un contrato: Matar a Pedro Lescano por $20000, detalles: Lo quiero muerto (10-31-2016)(22:55) >>
[2016/10/31 - 23:57:54] << Nicolas Guevara hizó un contrato: Matar a Klaus MacTavish por $30000, detalles: . (10-31-2016)(23:57) >>
[2016/11/1 - 1:58:39] << Homero Mcarny hizó un contrato: Matar a Sofia Zuleta por $2000, detalles: chica guapa  (11-1-2016)(1:58) >>
[2016/11/1 - 1:59:1] << Homero Mcarny hizó un contrato: Matar a Nahuel Beltran por $2000, detalles: estafa (11-1-2016)(1:59) >>
[2016/11/1 - 15:59:15] << Alejo Castillo hizó un contrato: Matar a Brian Kenny por $2000, detalles: Lo quiero muerto (11-1-2016)(15:59) >>
[2016/11/1 - 16:42:14] << Alejo Castillo hizó un contrato: Matar a Paolo DeTitto por $20000, detalles: Muerto o remuerto! (11-1-2016)(16:42) >>
[2016/11/1 - 17:11:12] << Enzo Ferrari hizó un contrato: Matar a Brian Piazzoni por $20000, detalles: El sujeto suempre handa acompañ (11-1-2016)(17:1
[2016/11/1 - 22:57:31] << Wilfredo Velletri hizó un contrato: Matar a Jonas Jure por $20000, detalles: SAEM, LO QUIERO MUERTO (11-1-2016)(22:57) >>
