[2014/10/20 - 13:7:17] Stil Marley editó la DoorID 56 - nombre a FBI.
[2014/10/20 - 13:8:9] Stil Marley ha editado la DoorID 0 - Exterior.
[2014/10/20 - 13:8:20] Stil Marley ha editado la DoorID 0 - PickupModel.
[2014/10/20 - 13:9:21] Stil Marley ha editado la DoorID 1 - Interior Personalizado.
[2014/10/20 - 13:9:35] Stil Marley ha editado la DoorID 1 - Interior
[2014/10/20 - 13:10:44] Stil Marley ha editado la DoorID 2 - Exterior.
[2014/10/20 - 13:11:1] Stil Marley editó la DoorID 2 - nombre a Corte Judicial .
[2014/10/20 - 13:11:9] Stil Marley ha editado la DoorID 26 - PickupModel.
[2014/10/20 - 13:11:19] Stil Marley ha editado la DoorID 2 - PickupModel.
[2014/10/20 - 13:11:26] Stil Marley ha editado la DoorID 266 - PickupModel.
[2014/10/20 - 13:11:28] Stil Marley ha editado la DoorID 26 - PickupModel.
[2014/10/20 - 13:11:38] Stil Marley ha editado la DoorID 2 - PickupModel.
[2014/10/20 - 13:11:43] Stil Marley ha editado la DoorID 2 - PickupModel.
[2014/10/20 - 13:11:46] Stil Marley ha editado la DoorID 2 - PickupModel.
[2014/10/20 - 13:13:20] Stil Marley ha editado la DoorID 2 - Interior Personalizado.
[2014/10/20 - 13:13:24] Stil Marley ha editado la DoorID 2 - Interior
[2014/10/20 - 13:13:34] Stil Marley ha editado la DoorID 2 - Exterior Personalizado.
[2014/10/20 - 13:16:32] Stil Marley ha editado la DoorID 3 - Exterior.
[2014/10/20 - 13:17:32] Stil Marley ha editado la DoorID 3 - Exterior.
[2014/10/20 - 13:17:47] Stil Marley ha editado la DoorID 4 - Exterior.
[2014/10/20 - 13:18:0] Stil Marley editó la DoorID 4 - nombre a Funeraria Los Santos.
[2014/10/20 - 13:18:17] Stil Marley ha editado la DoorID 4 - PickupModel.
[2014/10/20 - 13:20:36] Tony Zill ha editado la DoorID 4 - Interior
[2014/10/20 - 13:20:39] Tony Zill ha editado la DoorID 4 - Interior Personalizado.
[2014/10/20 - 13:21:45] Stil Marley ha editado la DoorID 5 - Exterior.
[2014/10/20 - 13:22:2] Tony Zill editó la DoorID 5 - nombre a The Lost and Damned.
[2014/10/20 - 13:22:32] Stil Marley ha editado la DoorID 5 - Interior
[2014/10/20 - 13:22:35] Stil Marley ha editado la DoorID 5 - Interior Personalizado.
[2014/10/20 - 13:27:4] Tony Zill ha editado la DoorID 6 - Interior
[2014/10/20 - 13:27:7] Tony Zill ha editado la DoorID 6 - Interior Personalizado.
[2014/10/20 - 13:28:14] Tony Zill a borrado DoorID 92.
[2014/10/20 - 13:28:21] Tony Zill ha editado la DoorID 6 - Exterior.
[2014/10/20 - 13:28:29] Tony Zill editó la DoorID 6 - nombre a Lounge VIP.
[2014/10/20 - 13:32:10] Tony Zill ha editado la DoorID 7 - Exterior.
[2014/10/20 - 13:32:15] Tony Zill ha editado la DoorID 7 - Exterior.
[2014/10/20 - 13:32:23] Tony Zill editó la DoorID 7 - nombre a 24/7 Unity.
[2014/10/20 - 13:32:44] Tony Zill ha editado la DoorID 7 - Exterior.
[2014/10/20 - 13:33:15] Tony Zill ha editado la DoorID 7 - Interior
[2014/10/20 - 13:33:28] Tony Zill ha editado la DoorID 7 - Exterior.
[2014/10/20 - 13:37:58] Tony Zill ha editado la DoorID 1 - Interior
[2014/10/20 - 13:45:4] Tony Zill ha editado la DoorID 43 - Interior
[2014/10/20 - 13:47:58] Tony Zill ha editado la DoorID 45 - Interior
[2014/10/20 - 13:48:44] Tony Zill ha editado la DoorID 38 - Interior
[2014/10/20 - 13:56:27] Tony Zill ha editado la DoorID 12 - Exterior.
[2014/10/20 - 13:58:12] Tony Zill ha editado la DoorID 12 - Exterior.
[2014/10/20 - 14:0:23] Tony Zill ha editado la DoorID 23 - Exterior.
[2014/10/20 - 14:0:29] Tony Zill ha editado la DoorID 23 - Exterior.
[2014/10/20 - 14:0:39] Tony Zill ha editado la DoorID 23 - Exterior.
[2014/10/20 - 14:0:46] Tony Zill ha editado la DoorID 24 - Exterior.
[2014/10/20 - 14:2:25] Stil Marley ha editado la DoorID 24 - Exterior.
[2014/10/20 - 14:30:44] Stil Marley ha editado la DoorID 23 - Exterior Personalizado.
[2014/10/20 - 14:33:34] Stil Marley ha editado la DoorID 4 - Exterior.
[2014/10/20 - 14:34:56] Stil Marley ha editado la DoorID 4 - Interior
[2014/10/20 - 14:35:1] Stil Marley ha editado la DoorID 4 - Interior Personalizado.
[2014/10/20 - 14:35:4] Stil Marley ha editado la DoorID 4 - Interior Personalizado.
[2014/10/20 - 14:35:28] Stil Marley ha editado la DoorID 4 - Exterior.
[2014/10/20 - 14:35:42] Stil Marley ha editado la DoorID 4 - Interior Personalizado.
[2014/10/20 - 18:12:49] Stil Marley ha editado la DoorID 9 - Exterior.
[2014/10/20 - 18:12:52] Stil Marley editó la DoorID 9 - nombre a CIA.
[2014/10/20 - 18:12:59] Stil Marley ha editado la DoorID 9 - PickupModel.
[2014/10/20 - 18:15:17] Stil Marley ha editado la DoorID 9 - Interior
[2014/10/20 - 18:15:37] Stil Marley ha editado la DoorID 9 - Exterior Personalizado.
[2014/10/21 - 16:59:46] Tony Zill ha editado la DoorID 32 - Exterior.
[2014/10/21 - 16:59:58] Tony Zill editó la DoorID 32 - nombre a Garage VIP..
[2014/10/21 - 17:0:17] Tony Zill ha editado la DoorID 32 - VIP Nivel.
[2014/10/21 - 17:0:45] Tony Zill ha editado la DoorID 32 - VIP Nivel.
[2014/10/21 - 17:1:52] Tony Zill ha editado la DoorID 32 - Interior
[2014/10/21 - 17:2:11] Tony Zill ha editado la DoorID 32 - Interior Personalizado.
[2014/10/21 - 17:6:8] Tony Zill a borrado DoorID 32.
[2014/10/23 - 17:45:22] Tony Zill ha editado la DoorID 32 - Exterior.
[2014/10/23 - 17:45:28] Tony Zill editó la DoorID 32 - nombre a Helipuerto.
[2014/10/23 - 17:45:44] Tony Zill ha editado la DoorID 32 - Interior
[2014/10/23 - 17:45:47] Tony Zill ha editado la DoorID 32 - Interior Personalizado.
[2014/10/23 - 17:46:21] Tony Zill ha editado la DoorID 32 - Interior Personalizado.
[2014/10/23 - 17:46:23] Tony Zill ha editado la DoorID 32 - Interior Personalizado.
[2014/10/23 - 17:46:27] Tony Zill ha editado la DoorID 32 - Interior
[2014/10/24 - 23:1:2] Stil Marley ha editado la DoorID 57 - Exterior.
[2014/10/24 - 23:1:13] Stil Marley ha editado la DoorID 57 - Exterior.
[2014/11/5 - 10:55:4] Stil Marley ha editado la DoorID 70 - Exterior.
[2014/11/5 - 10:55:13] Stil Marley editó la DoorID 70 - nombre a Prisión SAEM.
[2014/11/5 - 10:55:27] Stil Marley ha editado la DoorID 3 - Facción.
[2014/11/5 - 10:57:20] Stil Marley ha editado la DoorID 70 - Interior
[2014/11/5 - 10:57:22] Stil Marley ha editado la DoorID 70 - Interior Personalizado.
[2014/11/5 - 10:57:53] Stil Marley ha editado la DoorID 70 - Facción.
[2014/11/5 - 11:6:56] Tony Zill ha editado la DoorID 5 - Interior
[2014/11/15 - 10:50:34] Stil Marley ha editado la DoorID 71 - Exterior.
[2014/11/15 - 10:50:40] Stil Marley editó la DoorID 71 - nombre a Tienda de muebles.
[2014/11/15 - 11:31:5] Stil Marley ha editado la DoorID 71 - Interior
[2014/11/15 - 11:31:8] Stil Marley ha editado la DoorID 71 - Interior Personalizado.
[2014/11/15 - 13:29:5] Stil Marley ha editado la DoorID 72 - Exterior.
[2014/11/15 - 13:29:13] Tony Zill editó la DoorID 72 - nombre a Bomberos LS.
[2014/11/15 - 13:29:31] Tony Zill ha editado la DoorID 72 - Interior
[2014/11/15 - 13:29:34] Tony Zill ha editado la DoorID 72 - Interior Personalizado.
[2014/11/15 - 13:53:33] Tony Zill ha editado la DoorID 73 - Exterior.
[2014/11/15 - 13:55:55] Tony Zill ha editado la DoorID 73 - Interior
[2014/11/15 - 13:57:14] Tony Zill editó la DoorID 73 - nombre a Campione d'Italia .
[2014/11/15 - 13:58:58] Tony Zill ha editado la DoorID 74 - Exterior.
[2014/11/15 - 13:59:18] Tony Zill editó la DoorID 74 - nombre a 4 Dragons Casino .
[2014/11/15 - 14:0:7] Stil Marley ha editado la DoorID 74 - Interior
[2014/11/15 - 14:2:4] Stil Marley ha editado la DoorID 75 - Exterior.
[2014/11/15 - 14:2:20] Stil Marley editó la DoorID 75 - nombre a Caligulas Casino .
[2014/11/15 - 14:3:22] Stil Marley ha editado la DoorID 75 - Interior
[2014/11/15 - 17:43:59] Stil Marley ha editado la DoorID 9 - Exterior.
[2014/11/15 - 17:58:55] Stil Marley ha editado la DoorID 32 - Interior
[2014/11/15 - 17:59:2] Stil Marley ha editado la DoorID 32 - Interior Personalizado.
[2015/1/10 - 23:24:26] Stil Marley a borrado DoorID 71.
[2016/5/13 - 11:29:48] Benjamin Alastre ha editado la DoorID 35 - Facción.
[2016/5/13 - 15:9:14] Benjamin Alastre ha editado la DoorID 62 - Exterior.
[2016/5/13 - 15:9:35] Benjamin Alastre ha editado la DoorID 2 - PickupModel.
[2016/5/13 - 15:9:37] Benjamin Alastre ha editado la DoorID 4 - PickupModel.
[2016/5/13 - 15:9:42] Benjamin Alastre ha editado la DoorID 62 - PickupModel.
[2016/5/13 - 15:9:46] Benjamin Alastre ha editado la DoorID 62 - PickupModel.
[2016/5/13 - 15:9:48] Benjamin Alastre ha editado la DoorID 62 - PickupModel.
[2016/5/13 - 15:9:50] Benjamin Alastre ha editado la DoorID 62 - PickupModel.
[2016/5/13 - 15:9:53] Benjamin Alastre ha editado la DoorID 62 - PickupModel.
[2016/5/13 - 15:9:57] Benjamin Alastre ha editado la DoorID 62 - PickupModel.
[2016/5/28 - 17:13:23] Benjamin Alastre editó la DoorID 35 - nombre a Cartel del Golfo.
[2016/5/29 - 0:11:28] Benjamin Alastre a borrado DoorID 43.
[2016/5/29 - 0:11:59] Benjamin Alastre a borrado DoorID 34.
[2016/5/29 - 0:37:22] Benjamin Alastre editó la DoorID 63 - nombre a OCFD.
[2016/5/29 - 0:39:49] Benjamin Alastre ha editado la DoorID 34 - Exterior.
[2016/5/29 - 0:39:54] Benjamin Alastre editó la DoorID 34 - nombre a Triadas.
[2016/5/29 - 0:40:9] Benjamin Alastre ha editado la DoorID 34 - Facción.
[2016/5/29 - 0:40:40] Benjamin Alastre ha editado la DoorID 34 - Interior
[2016/5/29 - 0:41:17] Benjamin Alastre a borrado DoorID 2.
[2016/5/29 - 0:43:7] Benjamin Alastre ha editado la DoorID 34 - Facción.
[2016/5/31 - 12:2:55] Benjamin Alastre ha editado la DoorID 70 - Exterior.
[2016/5/31 - 12:3:13] Benjamin Alastre editó la DoorID 70 - nombre a Comisaria Sheriff.
[2016/5/31 - 12:3:40] Benjamin Alastre ha editado la DoorID 70 - Interior
[2016/5/31 - 12:3:54] Benjamin Alastre a borrado DoorID 28.
[2016/6/4 - 16:50:27] Benjamin Alastre a borrado DoorID 57.
[2016/6/4 - 16:52:52] Benjamin Alastre ha editado la DoorID 1 - Interior
[2016/6/4 - 16:52:56] Benjamin Alastre ha editado la DoorID 1 - Interior
[2016/6/4 - 16:52:58] Benjamin Alastre ha editado la DoorID 1 - Interior
[2016/6/4 - 16:53:3] Benjamin Alastre ha editado la DoorID 1 - Interior
[2016/6/4 - 16:53:7] Benjamin Alastre ha editado la DoorID 1 - Interior
[2016/6/4 - 16:53:9] Benjamin Alastre ha editado la DoorID 1 - Interior
[2016/6/4 - 16:53:12] Benjamin Alastre ha editado la DoorID 1 - Interior
[2016/6/4 - 16:53:24] Benjamin Alastre ha editado la DoorID 1 - Interior
[2016/6/15 - 14:17:21] Benjamin Alastre a borrado DoorID 34.
[2016/6/16 - 10:21:32] Benjamin Alastre ha editado la DoorID 1 - Interior
[2016/6/16 - 10:21:35] Benjamin Alastre ha editado la DoorID 1 - Interior
[2016/6/16 - 10:21:38] Benjamin Alastre ha editado la DoorID 1 - Interior
[2016/6/16 - 10:21:45] Benjamin Alastre ha editado la DoorID 1 - Interior
[2016/6/16 - 10:21:49] Benjamin Alastre ha editado la DoorID 1 - Interior
[2016/6/16 - 11:45:4] Benjamin Alastre ha editado la DoorID 45 - PickupModel.
[2016/6/16 - 11:45:6] Benjamin Alastre ha editado la DoorID 45 - PickupModel.
[2016/6/16 - 11:45:9] Benjamin Alastre ha editado la DoorID 45 - PickupModel.
[2016/6/16 - 11:45:14] Benjamin Alastre ha editado la DoorID 45 - PickupModel.
[2016/6/16 - 11:45:18] Benjamin Alastre ha editado la DoorID 45 - PickupModel.
[2016/6/16 - 11:48:31] Benjamin Alastre ha editado la DoorID 44 - Exterior.
[2016/6/16 - 12:14:56] Benjamin Alastre ha editado la DoorID 74 - Exterior.
[2016/6/16 - 12:15:17] Benjamin Alastre editó la DoorID 24 - pass a tugfa.
[2016/6/16 - 12:16:44] Benjamin Alastre editó la DoorID 74 - pass a tugfa.
[2016/6/16 - 12:16:57] Benjamin Alastre editó la DoorID 74 - pass a tugfamaldita.
[2016/6/16 - 12:18:19] Benjamin Alastre ha editado la DoorID 74 - Exterior.
[2016/6/20 - 20:38:11] Benjamin Alastre ha editado la DoorID 1 - Interior
[2016/6/20 - 20:38:14] Benjamin Alastre ha editado la DoorID 1 - Interior
[2016/6/20 - 20:38:16] Benjamin Alastre ha editado la DoorID 1 - Interior
[2016/6/20 - 20:38:18] Benjamin Alastre ha editado la DoorID 1 - Interior
[2016/6/20 - 20:38:28] Benjamin Alastre ha editado la DoorID 1 - Interior Personalizado.
[2016/6/20 - 20:38:29] Benjamin Alastre ha editado la DoorID 1 - Interior Personalizado.
[2016/6/20 - 20:38:32] Benjamin Alastre ha editado la DoorID 1 - Interior Personalizado.
[2016/6/20 - 20:39:26] Benjamin Alastre ha editado la DoorID 1 - Interior
[2016/6/20 - 20:49:12] Benjamin Alastre ha editado la DoorID 1 - Interior
[2016/7/25 - 13:11:14] Benjamin Alastre ha editado la DoorID 29 - Exterior.
[2016/7/25 - 13:11:21] Benjamin Alastre ha editado la DoorID 51 - Exterior.
[2016/7/25 - 13:14:54] Benjamin Alastre editó la DoorID 1 - nombre a SAPD.
[2016/7/25 - 13:15:24] Benjamin Alastre editó la DoorID 2 - nombre a Entrenamiento SAPD.
[2016/7/25 - 13:15:28] Benjamin Alastre editó la DoorID 3 - nombre a Entrenamiento SAPD.
[2016/7/25 - 13:15:38] Benjamin Alastre editó la DoorID 4 - nombre a Hospital EUEM.
[2016/7/25 - 13:15:50] Benjamin Alastre editó la DoorID 5 - nombre a Armería EUEM.
[2016/7/25 - 13:16:4] Benjamin Alastre editó la DoorID 6 - nombre a Sala de Reunión - EUEM.
[2016/7/25 - 13:16:16] Benjamin Alastre editó la DoorID 7 - nombre a Torre de Control - EUEM.
[2016/7/25 - 13:16:25] Benjamin Alastre editó la DoorID 8 - nombre a Hospital - SAMD.
[2016/7/25 - 13:17:18] Benjamin Alastre editó la DoorID 14 - nombre a Azotea - SAMD.
[2016/7/25 - 13:18:10] Benjamin Alastre editó la DoorID 29 - nombre a Estudio de Grabación - LSRTV.
[2016/7/25 - 13:18:19] Benjamin Alastre editó la DoorID 51 - nombre a Oficinas LSRTV.
[2016/7/25 - 13:18:36] Benjamin Alastre editó la DoorID 31 - nombre a Cárcel - SAPD.
[2016/7/25 - 13:19:45] Benjamin Alastre ha editado la DoorID 31 - Interior
[2016/7/25 - 13:20:37] Benjamin Alastre a borrado DoorID 35.
[2016/7/25 - 13:21:18] Benjamin Alastre a borrado DoorID 37.
[2016/7/25 - 13:21:24] Benjamin Alastre a borrado DoorID 38.
[2016/7/25 - 13:21:45] Benjamin Alastre a borrado DoorID 44.
[2016/7/25 - 13:22:24] Benjamin Alastre a borrado DoorID 50.
[2016/7/25 - 13:22:46] Benjamin Alastre editó la DoorID 55 - nombre a Gasolinera.
[2016/7/25 - 13:23:9] Benjamin Alastre editó la DoorID 60 - nombre a Funeraria.
[2016/7/25 - 13:23:18] Benjamin Alastre editó la DoorID 61 - nombre a Prisión EUEM.
[2016/7/25 - 13:23:33] Benjamin Alastre editó la DoorID 63 - nombre a LSFD.
[2016/7/25 - 13:23:59] Benjamin Alastre a borrado DoorID 66.
[2016/7/25 - 13:24:14] Benjamin Alastre editó la DoorID 68 - nombre a Banco de Los Santos.
[2016/7/25 - 13:38:37] Benjamin Alastre ha editado la DoorID 1 - Exterior.
[2016/7/25 - 13:38:49] Benjamin Alastre ha editado la DoorID 1 - Exterior.
[2016/7/25 - 19:16:50] Benjamin Alastre ha editado la DoorID 63 - Exterior.
[2016/7/25 - 19:16:57] Benjamin Alastre ha editado la DoorID 63 - Exterior.
[2016/7/25 - 19:17:14] Benjamin Alastre ha editado la DoorID 90 - Exterior.
[2016/7/25 - 19:17:42] Benjamin Alastre ha editado la DoorID 90 - Interior
[2016/7/25 - 19:17:52] Benjamin Alastre ha editado la DoorID 90 - Facción.
[2016/7/25 - 19:17:56] Benjamin Alastre ha editado la DoorID 90 - Facción.
[2016/7/25 - 19:18:17] Benjamin Alastre editó la DoorID 90 - nombre a Azotea LSFD.
[2016/7/25 - 19:18:21] Benjamin Alastre editó la DoorID 90 - nombre a Azotea - LSFD.
[2016/8/1 - 20:53:28] Benjamin Alastre ha editado la DoorID 95 - Exterior.
[2016/8/1 - 20:53:36] Benjamin Alastre ha editado la DoorID 95 - PickupModel.
[2016/8/1 - 20:53:39] Benjamin Alastre ha editado la DoorID 95 - PickupModel.
[2016/8/1 - 20:53:41] Benjamin Alastre ha editado la DoorID 95 - PickupModel.
[2016/8/1 - 20:53:44] Benjamin Alastre ha editado la DoorID 95 - PickupModel.
[2016/8/1 - 20:53:48] Benjamin Alastre ha editado la DoorID 95 - PickupModel.
[2016/8/1 - 20:53:51] Benjamin Alastre ha editado la DoorID 95 - PickupModel.
[2016/8/1 - 20:53:54] Benjamin Alastre ha editado la DoorID 95 - PickupModel.
[2016/8/1 - 20:54:0] Benjamin Alastre ha editado la DoorID 95 - PickupModel.
[2016/8/1 - 20:54:3] Benjamin Alastre ha editado la DoorID 95 - PickupModel.
[2016/8/1 - 20:54:6] Benjamin Alastre ha editado la DoorID 95 - PickupModel.
[2016/8/1 - 20:54:25] Benjamin Alastre ha editado la DoorID 95 - Exterior.
[2016/8/1 - 20:54:52] Benjamin Alastre ha editado la DoorID 95 - Exterior.
[2016/8/1 - 20:54:56] Benjamin Alastre ha editado la DoorID 95 - Exterior.
[2016/8/2 - 13:7:24] Benjamin Alastre ha editado la DoorID 93 - Exterior.
[2016/8/2 - 13:7:29] Benjamin Alastre editó la DoorID 93 - nombre a Ferretería.
[2016/8/2 - 13:8:14] Benjamin Alastre ha editado la DoorID 93 - Interior
[2016/8/2 - 17:36:19] Benjamin Alastre ha editado la DoorID 21 - Exterior.
[2016/8/2 - 17:36:20] Benjamin Alastre ha editado la DoorID 21 - Exterior.
[2016/8/2 - 17:40:31] Benjamin Alastre a borrado DoorID 21.
[2016/8/2 - 17:47:17] Benjamin Alastre ha editado la DoorID 20 - Exterior.
[2016/8/2 - 17:48:22] Benjamin Alastre a borrado DoorID 23.
[2016/8/2 - 17:48:42] Benjamin Alastre a borrado DoorID 20.
[2016/8/2 - 17:49:56] Benjamin Alastre a borrado DoorID 39.
[2016/8/2 - 17:50:57] Benjamin Alastre a borrado DoorID 54.
[2016/8/2 - 17:51:27] Benjamin Alastre a borrado DoorID 15.
[2016/8/2 - 17:52:25] Benjamin Alastre a borrado DoorID 9.
[2016/8/2 - 17:55:15] Benjamin Alastre a borrado DoorID 24.
[2016/8/2 - 17:56:12] Benjamin Alastre a borrado DoorID 26.
[2016/8/2 - 17:57:30] Benjamin Alastre a borrado DoorID 25.
[2016/8/2 - 17:58:2] Benjamin Alastre a borrado DoorID 22.
[2016/8/2 - 17:59:44] Benjamin Alastre a borrado DoorID 64.
[2016/8/6 - 14:32:40] Benjamin Alastre ha editado la DoorID 8 - Exterior.
[2016/8/6 - 16:40:58] Benjamin Alastre ha editado la DoorID 19 - Exterior.
[2016/8/6 - 16:41:43] Benjamin Alastre ha editado la DoorID 93 - Exterior.
[2016/8/6 - 16:41:50] Benjamin Alastre ha editado la DoorID 93 - Exterior.
[2016/8/6 - 16:41:52] Benjamin Alastre ha editado la DoorID 93 - Exterior.
[2016/8/8 - 22:4:35] Benjamin Alastre ha editado la DoorID 1 - PickupModel.
[2016/8/8 - 22:4:42] Benjamin Alastre ha editado la DoorID 1 - PickupModel.
[2016/8/8 - 22:4:47] Benjamin Alastre ha editado la DoorID 1 - PickupModel.
[2016/8/8 - 22:4:49] Benjamin Alastre ha editado la DoorID 1 - PickupModel.
[2016/8/8 - 22:4:50] Benjamin Alastre ha editado la DoorID 1 - PickupModel.
[2016/8/8 - 22:4:53] Benjamin Alastre ha editado la DoorID 1 - PickupModel.
[2016/8/8 - 22:4:56] Benjamin Alastre ha editado la DoorID 1 - PickupModel.
[2016/8/8 - 22:4:59] Benjamin Alastre ha editado la DoorID 1 - PickupModel.
[2016/8/8 - 22:5:21] Benjamin Alastre ha editado la DoorID 4 - PickupModel.
[2016/8/8 - 22:5:23] Benjamin Alastre ha editado la DoorID 4 - PickupModel.
[2016/8/8 - 22:5:24] Benjamin Alastre ha editado la DoorID 4 - PickupModel.
[2016/8/8 - 22:5:25] Benjamin Alastre ha editado la DoorID 4 - PickupModel.
[2016/8/8 - 22:5:27] Benjamin Alastre ha editado la DoorID 4 - PickupModel.
[2016/8/8 - 22:13:23] Benjamin Alastre a borrado DoorID 53.
[2016/8/8 - 22:21:50] Benjamin Alastre a borrado DoorID 30.
[2016/8/9 - 17:17:24] Benjamin Alastre ha editado la DoorID 49 - PickupModel.
[2016/8/9 - 17:17:26] Benjamin Alastre ha editado la DoorID 49 - PickupModel.
[2016/8/9 - 17:17:31] Benjamin Alastre ha editado la DoorID 45 - PickupModel.
[2016/8/9 - 17:17:33] Benjamin Alastre ha editado la DoorID 45 - PickupModel.
[2016/8/9 - 17:17:36] Benjamin Alastre ha editado la DoorID 45 - PickupModel.
[2016/8/9 - 17:17:54] Benjamin Alastre ha editado la DoorID 49 - PickupModel.
[2016/8/9 - 17:17:57] Benjamin Alastre ha editado la DoorID 49 - PickupModel.
[2016/8/9 - 17:17:59] Benjamin Alastre ha editado la DoorID 49 - PickupModel.
[2016/10/7 - 21:19:3] Fady Saba a borrado DoorID 0.
[2016/10/8 - 4:6:54] Fady Saba ha editado la DoorID 1 - Exterior.
[2016/10/8 - 4:7:11] Fady Saba ha editado la DoorID 1 - Exterior.
[2016/10/8 - 4:7:20] Fady Saba ha editado la DoorID 1 - Exterior.
[2016/10/8 - 4:7:24] Fady Saba ha editado la DoorID 1 - Exterior.
[2016/10/8 - 4:19:59] Fady Saba ha creado la DoorID 11.
[2016/10/8 - 4:20:22] Fady Saba ha creado la DoorID 11.
[2016/10/9 - 8:33:5] Fady Saba ha editado la DoorID 70 - Exterior.
[2016/10/9 - 8:33:30] Fady Saba ha editado la DoorID 70 - Exterior.
[2016/10/9 - 8:33:54] Fady Saba ha editado la DoorID 80 - Exterior.
[2016/10/9 - 8:34:39] Fady Saba ha editado la DoorID 80 - Exterior.
[2016/10/9 - 8:34:44] Fady Saba ha editado la DoorID 80 - Exterior.
[2016/10/9 - 8:35:54] Fady Saba ha creado la DoorID 80.
[2016/10/9 - 8:35:59] Fady Saba ha creado la DoorID 80.
[2016/10/9 - 8:36:19] Fady Saba ha editado la DoorID 80 - Exterior.
[2016/10/9 - 8:36:32] Fady Saba ha editado la DoorID 80 - Color.
[2016/10/9 - 8:36:39] Fady Saba ha editado la DoorID 80 - Color.
[2016/10/9 - 8:36:43] Fady Saba ha editado la DoorID 80 - Color.
[2016/10/9 - 8:36:53] Fady Saba ha editado la DoorID 80 - PickupModel.
[2016/10/9 - 8:37:12] Fady Saba ha editado la DoorID 80 - Wanted.
[2016/10/9 - 8:37:20] Fady Saba ha editado la DoorID 80 - Color.
[2016/10/9 - 8:38:9] Fady Saba ha editado la DoorID 80 - Facción.
[2016/10/9 - 8:38:37] Fady Saba ha creado la DoorID 80.
[2016/10/9 - 8:38:43] Fady Saba ha creado la DoorID 80.
[2016/10/9 - 8:41:22] Fady Saba ha editado la DoorID 2 - Exterior.
[2016/10/9 - 8:43:39] Fady Saba ha editado la DoorID 2 - Interior
[2016/10/9 - 8:45:41] Fady Saba ha editado la DoorID 2 - Exterior.
[2016/10/9 - 8:46:43] Fady Saba ha editado la DoorID 2 - Interior
[2016/10/9 - 8:48:19] Fady Saba ha editado la DoorID 2 - Exterior Personalizado.
[2016/10/9 - 8:48:32] Fady Saba ha editado la DoorID 2 - Exterior.
[2016/10/9 - 8:49:26] Fady Saba ha editado la DoorID 2 - Interior
[2016/10/9 - 8:50:35] Fady Saba ha editado la DoorID 2 - Interior Personalizado.
[2016/10/9 - 8:50:40] Fady Saba ha editado la DoorID 2 - Interior Personalizado.
[2016/10/9 - 8:50:42] Fady Saba ha editado la DoorID 2 - Interior Personalizado.
[2016/10/9 - 8:51:53] Fady Saba ha editado la DoorID 2 - Interior Personalizado.
[2016/10/9 - 8:51:59] Fady Saba ha editado la DoorID 2 - Interior Personalizado.
[2016/10/9 - 8:59:15] Fady Saba ha creado la DoorID 81.
[2016/10/9 - 9:1:6] Fady Saba ha editado la DoorID 81 - Interior Personalizado.
[2016/10/9 - 9:1:26] Fady Saba ha editado la DoorID 80 - Interior Personalizado.
[2016/10/9 - 9:2:30] Fady Saba ha editado la DoorID 81 - Interior
[2016/10/9 - 9:3:11] Fady Saba ha editado la DoorID 81 - Interior
[2016/10/9 - 9:3:33] Fady Saba ha editado la DoorID 81 - Interior Personalizado.
[2016/10/9 - 9:3:41] Fady Saba ha editado la DoorID 81 - Interior Personalizado.
[2016/10/9 - 9:3:57] Fady Saba ha editado la DoorID 81 - Interior
[2016/10/9 - 9:4:16] Fady Saba ha editado la DoorID 81 - Exterior Personalizado.
[2016/10/9 - 20:37:58] Fady Saba ha editado la DoorID 2 - Exterior.
[2016/10/9 - 20:37:58] Fady Saba ha editado la DoorID 2 - Exterior.
[2016/10/10 - 3:19:33] Takeshi editó la DoorID 8 - nombre a pene.
[2016/10/10 - 3:21:27] Takeshi editó la DoorID 8 - nombre a Hospital - Los Santos.
[2016/10/11 - 8:13:14] Nicolas Guevara ha creado la DoorID 7.
[2016/10/11 - 8:15:39] Nicolas Guevara ha creado la DoorID 7.
[2016/10/11 - 8:16:1] Nicolas Guevara ha creado la DoorID 7.
[2016/10/15 - 19:40:49] Fady Saba ha editado la DoorID 350 - Exterior.
[2016/10/15 - 19:41:0] Fady Saba editó la DoorID 350 - nombre a Mansion Rusa.
[2016/10/15 - 19:42:2] Fady Saba ha editado la DoorID 350 - Interior
[2016/10/15 - 19:42:7] Fady Saba ha editado la DoorID 350 - Interior Personalizado.
[2016/10/18 - 1:23:59] Takeshi Yuki editó la DoorID 8 - nombre a mikol.
[2016/10/18 - 1:24:8] Takeshi Yuki editó la DoorID 8 - nombre a Hospital - Los Santos.
[2016/10/18 - 8:12:35] Fady Saba ha editado la DoorID 400 - Exterior.
[2016/10/18 - 8:12:50] Fady Saba editó la DoorID 400 - nombre a Fabrica De Armas.
[2016/10/18 - 8:15:25] Fady Saba ha editado la DoorID 400 - Interior
[2016/10/18 - 8:15:30] Fady Saba ha editado la DoorID 400 - Interior Personalizado.
[2016/10/23 - 18:11:19] Fady Saba ha editado la DoorID 400 - Exterior.
[2016/10/23 - 18:11:49] Fady Saba editó la DoorID 400 - nombre a Bug, no tocar..
[2016/10/31 - 20:9:51] Nicolas Guevara ha editado la DoorID 59 - Exterior.
