[2016/10/7 - 4:23:33] [LOG] Facundo_Fernandez fue desbaneado por Harvey Specter. (10-7-2016)
[2016/10/7 - 18:11:19] [LOG] Maicol_Nico fue desbaneado por Aizen Shiku. (10-7-2016)
[2016/10/7 - 19:20:4] [LOG] Maicol_Nico fue desbaneado por Harvey Specter. (10-7-2016)
[2016/10/8 - 16:23:59] [LOG] Miliannys_Sierra fue desbaneado por Harvey Specter. (10-8-2016)
[2016/10/12 - 3:9:7] [LOG] Nahuel_Beltran fue desbaneado por Harvey Specter. (10-12-2016)
[2016/10/14 - 19:23:26] [LOG] Lodes_Garrix fue desbaneado por Harvey Specter. (10-14-2016)
[2016/10/15 - 21:50:2] [LOG] Rudy_Fox fue desbaneado por Hal Nozaki. (10-15-2016)
[2016/10/21 - 0:0:50] [LOG] Joaco_DeAvila fue desbaneado por Hal Nozaki. (10-21-2016)
[2016/10/21 - 19:19:23] [LOG] Fady_Saba fue desbaneado por Harvey Specter. (10-21-2016)
[2016/10/22 - 19:36:22] [LOG] Nicolas_Guevara fue desbaneado por Fady Saba. (10-22-2016)
[2016/10/26 - 5:0:30] [LOG] Juan_Soriano fue desbaneado por Harvey Specter. (10-26-2016)
[2016/10/26 - 7:7:15] [LOG] Fady_Saba fue desbaneado por Nicolas Guevara. (10-26-2016)
[2016/10/26 - 20:44:39] [LOG] Fady_Saba fue desbaneado por Nicolas Guevara. (10-26-2016)
[2016/10/26 - 20:47:8] [LOG] Juan_Soriano fue desbaneado por Harvey Specter. (10-26-2016)
[2016/10/27 - 3:51:22] [LOG] Fady_Saba fue desbaneado por Nicolas Guevara. (10-27-2016)
[2016/10/27 - 16:44:27] [LOG] Azarel_Thawne fue desbaneado por Klaus MacTavish. (10-27-2016)
[2016/10/28 - 0:58:51] [LOG] Jonas_Jure fue desbaneado por Nicolas Guevara. (10-28-2016)
[2016/10/28 - 21:19:6] [LOG] Leoo_Venega fue desbaneado por Nicolas Guevara. (10-28-2016)
[2016/10/28 - 21:19:19] [LOG] Bruno_McSanders fue desbaneado por Nicolas Guevara. (10-28-2016)
[2016/10/30 - 17:39:50] [LOG] Matti_Rodriguez fue desbaneado por Nicolas Guevara. (10-30-2016)
[2016/11/2 - 7:38:59] [LOG] Bruno_McSanders fue desbaneado por Nicolas Guevara. (11-2-2016)
