[2016/3/8 - 12:1:24] Benjamin Alastre adjusted family 1's rank 1 to Novato
[2016/3/8 - 12:2:2] Benjamin Alastre adjusted family 1's rank 1 to Aprendiz
[2016/3/8 - 12:2:6] Benjamin Alastre adjusted family 1's rank 1 to Novato
[2016/3/8 - 12:2:30] Benjamin Alastre adjusted family 1's rank 2 to Motociclista medio
[2016/3/8 - 12:2:34] Benjamin Alastre adjusted family 1's rank 2 to Motociclista Medio
[2016/3/8 - 12:2:41] Benjamin Alastre adjusted family 1's rank 3 to Motociclista
[2016/3/8 - 12:2:51] Benjamin Alastre adjusted family 1's rank 4 to Maestro de la moto
[2016/3/8 - 12:3:2] Benjamin Alastre adjusted family 1's rank 5 to Mano derecha
[2016/3/8 - 12:3:10] Benjamin Alastre adjusted family 1's rank 6 to Jefe del bar
[2016/3/8 - 12:5:34] Benjamin Alastre adjusted family 1's name to Sons Of Anarchy (SAMCRO)
[2016/3/21 - 16:2:43] Benjamin Alastre adjusted family 1's name to SAMCRO
[2016/3/21 - 16:2:57] Benjamin Alastre adjusted family 1's name to Motociclistas Hell Angels
[2016/5/13 - 14:48:15] Benjamin Alastre uninvited Benjamin Alastre from family 1 
[2016/5/13 - 14:48:46] Benjamin Alastre uninvited Benjamin Alastre from family 1 
[2016/6/22 - 14:0:18] Benjamin Alastre set Benjamin Alastre rank to 1 in family 1 
[2016/6/22 - 14:1:58] Benjamin Alastre set Benjamin Alastre rank to 2 in family 1 
[2016/6/22 - 14:2:41] Benjamin Alastre uninvited Benjamin Alastre from family 1 
[2016/8/2 - 13:12:20] Benjamin Alastre uninvited Benjamin Alastre from family 1 
[2016/8/13 - 20:2:22] Benjamin Alastre uninvited Benjamin Alastre from family 1 
[2016/8/13 - 20:54:4] Benjamin Alastre uninvited Benjamin Alastre from family 1 
[2016/10/7 - 3:10:37] Harvey Specter adjusted family 1's name to La Cosa Nostra
[2016/10/7 - 3:34:2] Pablo Villalobos invited Manuel Melo to family 1 
[2016/10/7 - 3:53:6] Harvey Specter uninvited Pablo Villalobos from family 1 
[2016/10/8 - 6:29:21] Fady Saba adjusted family 2's name to Petare
[2016/10/8 - 6:29:37] Fady Saba adjusted family 2's rank 1 to Convive
[2016/10/8 - 6:29:52] Fady Saba adjusted family 2's rank 5 to Mano derecha
[2016/10/8 - 6:30:1] Fady Saba adjusted family 2's rank 6 to Cabezilla
[2016/10/8 - 6:30:27] Fady Saba adjusted family 2's rank 2 to Experto
[2016/10/8 - 6:30:36] Fady Saba adjusted family 2's rank 3 to Terrorista
[2016/10/8 - 6:35:43] Fady Saba invited Nicolas Guevara to family 2 
[2016/10/8 - 6:35:51] Fady Saba invited Nicolas Guevara to family 2 
[2016/10/8 - 7:53:23] Fady Saba set Nicolas Guevara rank to 6 in family 2 
[2016/10/8 - 8:30:40] Fady Saba adjusted family 2's safe
[2016/10/8 - 16:22:41] Harvey Specter uninvited Harvey Specter from family 1 
[2016/10/8 - 22:17:36] Fady Saba invited Sofia Sanches to family 2 
[2016/10/8 - 22:22:48] Fady Saba adjusted family 2's rank 2 to 1 Aprendiz
[2016/10/8 - 22:22:59] Fady Saba adjusted family 2's rank 1 to Aprendiz
[2016/10/8 - 22:23:6] Fady Saba adjusted family 2's rank 2 to Convive
[2016/10/8 - 22:23:18] Fady Saba adjusted family 2's rank 3 to Experto
[2016/10/8 - 22:49:32] Fady Saba invited Eder Vhangelien to family 2 
[2016/10/8 - 23:12:59] Fady Saba invited Jonathan Trinidad to family 2 
[2016/10/8 - 23:15:45] Fady Saba set Jonathan Trinidad rank to 2 in family 2 
[2016/10/9 - 16:42:23] Harvey Specter adjusted family 1's name to La Cosa Nostra
[2016/10/9 - 16:51:57] Harvey Specter uninvited Harvey Specter from family 1 
[2016/10/9 - 16:58:28] Harvey Specter adjusted family 3's name to Yakuza
[2016/10/9 - 16:59:48] Harvey Specter uninvited Harvey Specter from family 3 
[2016/10/9 - 21:36:18] Fady Saba set Eder Vhangelien rank to 2 in family 2 
[2016/10/9 - 22:4:45] Fady Saba invited Francisco Ruiz to family 2 
[2016/10/9 - 22:5:21] Fady Saba invited Francisco Ruiz to family 2 
[2016/10/9 - 22:5:49] Fady Saba invited Eduardo Salazar to family 2 
[2016/10/9 - 23:37:16] Eduardo Salazar (IP: 190.201.12.230) depositó $1 en la FAM 2's bank account.
[2016/10/10 - 6:27:41] Fady Saba invited Sebastian Chiuki to family 2 
[2016/10/10 - 6:28:9] Fady Saba set Sebastian Chiuki rank to 2 in family 2 
[2016/10/11 - 3:47:30] Mia Stone adjusted family 5's name to La Banda de Nico
[2016/10/11 - 3:47:58] Mia Stone adjusted family 5's name to La Banda de Nico piola
[2016/10/11 - 3:49:3] Mia Stone adjusted family 5's name to lÁ BáNdÁ Dél nÍcÓ píOlÁ
[2016/10/11 - 3:49:59] Mia Stone adjusted family 5's name to Piratas del asfalto
[2016/10/11 - 8:6:45] Nicolas Guevara adjusted family 5's rank 1 to Pillo
[2016/10/11 - 8:7:32] Nicolas Guevara adjusted family 5's rank 2 to Negro
[2016/10/11 - 8:7:41] Nicolas Guevara adjusted family 5's rank 3 to Cabeza
[2016/10/11 - 8:7:50] Nicolas Guevara adjusted family 5's rank 4 to Sobrevalorado
[2016/10/11 - 8:8:5] Nicolas Guevara adjusted family 5's rank 5 to Turro
[2016/10/11 - 8:8:13] Nicolas Guevara adjusted family 5's rank 6 to Nico
[2016/10/11 - 8:38:16] Nicolas Guevara adjusted family 5's rank 6 to Gangster
[2016/10/11 - 8:38:44] Nicolas Guevara adjusted family 5's rank 6 to Mano Derecha
[2016/10/11 - 8:38:50] Nicolas Guevara adjusted family 5's rank 6 to Gangster
[2016/10/11 - 8:38:58] Nicolas Guevara adjusted family 5's rank 5 to Mano Derecha
[2016/10/11 - 8:39:40] Nicolas Guevara adjusted family 5's rank 2 to Mula
[2016/10/11 - 8:40:4] Nicolas Guevara adjusted family 5's rank 3 to Picante
[2016/10/11 - 8:41:52] Nicolas Guevara adjusted family 5's rank 3 to Killer
[2016/10/11 - 8:41:57] Nicolas Guevara adjusted family 5's rank 3 to Mc
[2016/10/11 - 8:42:20] Nicolas Guevara adjusted family 5's rank 4 to El Picante
[2016/10/11 - 8:42:32] Nicolas Guevara adjusted family 5's rank 5 to Dealeader
[2016/10/11 - 8:42:40] Nicolas Guevara adjusted family 5's rank 6 to G-King
[2016/10/11 - 8:43:44] Nicolas Guevara adjusted family 5's rank 5 to Dealer
[2016/10/11 - 8:46:32] Nicolas Guevara adjusted family 5's name to BloodRose
[2016/10/12 - 5:2:6] Nicolas Guevara set Nicolas Guevara rank to 1 in family 5 
[2016/10/12 - 5:2:55] Nicolas Guevara set Mia Stone rank to 2 in family 5 
[2016/10/12 - 5:3:10] Nicolas Guevara set Mia Stone rank to 3 in family 5 
[2016/10/12 - 5:3:18] Nicolas Guevara set Mia Stone rank to 4 in family 5 
[2016/10/12 - 5:3:29] Nicolas Guevara set Mia Stone rank to 5 in family 5 
[2016/10/12 - 5:3:39] Nicolas Guevara set Mia Stone rank to 6 in family 5 
[2016/10/12 - 5:28:39] Nicolas Guevara invited Gonzalo Bartolomeo to family 5 
[2016/10/12 - 5:52:41] Nicolas Guevara set Gonzalo Bartolomeo rank to 2 in family 5 
[2016/10/12 - 5:52:50] Nicolas Guevara set Gonzalo Bartolomeo rank to 3 in family 5 
[2016/10/12 - 5:52:57] Nicolas Guevara set Gonzalo Bartolomeo rank to 4 in family 5 
[2016/10/12 - 20:8:34] Harvey Specter uninvited Harvey Specter from family 5 
[2016/10/12 - 20:10:0] Azarel Thawne uninvited Azarel Thawne from family 5 
[2016/10/12 - 20:23:49] Nicolas Guevara uninvited Nicolas Guevara from family 5 
[2016/10/12 - 20:54:15] Natalie Reynolds uninvited Natalie Reynolds from family 5 
[2016/10/12 - 22:11:39] Nicolas Guevara uninvited Gonzalo Bartolomeo from family 5 
[2016/10/12 - 22:11:44] Nicolas Guevara uninvited Nicolas Guevara from family 5 
[2016/10/13 - 1:40:49] Fady Saba adjusted family 2's name to Petare Barrio Pakistan
[2016/10/13 - 1:41:19] Fady Saba adjusted family 2's name to Petare Barrio Pakistan (PBP)
[2016/10/15 - 3:58:13] Fady Saba set Eduardo Salazar rank to 2 in family 2 
[2016/10/15 - 3:59:29] Fady Saba set Eduardo Salazar rank to 2 in family 2 
[2016/10/15 - 4:1:21] Fady Saba invited Jeii Calore to family 2 
[2016/10/15 - 4:2:15] Fady Saba set Jeii Calore rank to 5 in family 2 
[2016/10/15 - 7:38:41] Fady Saba invited Jonas Jure to family 2 
[2016/10/15 - 7:39:14] Fady Saba invited Brian Piazzoni to family 2 
[2016/10/15 - 7:39:35] Fady Saba invited Brian Piazzoni to family 2 
[2016/10/15 - 7:51:4] Fady Saba set Fady Saba rank to 1 in family 2 
[2016/10/15 - 7:51:42] Fady Saba set Brian Piazzoni rank to 2 in family 2 
[2016/10/15 - 7:51:46] Fady Saba set Jonas Jure rank to 2 in family 2 
[2016/10/15 - 20:59:31] Fady Saba uninvited Jonas Jure from family 2 
[2016/10/16 - 9:12:32] Nicolas Guevara uninvited Nicolas Guevara from family 1 
[2016/10/16 - 9:32:9] Nicolas Guevara invited Javier Sanjose to family 3 
[2016/10/16 - 9:57:59] Nicolas Guevara uninvited Javier Sanjose from family 3 
[2016/10/16 - 9:58:8] Nicolas Guevara uninvited Nicolas Guevara from family 3 
[2016/10/16 - 20:37:16] Fady Saba invited Erick Gonzalez to family 2 
[2016/10/16 - 20:37:34] Fady Saba set Erick Gonzalez rank to 5 in family 2 
[2016/10/16 - 21:49:23] Fady Saba invited Bart Mcarny to family 2 
[2016/10/16 - 21:49:47] Fady Saba uninvited Bart Mcarny from family 2 
[2016/10/16 - 21:51:35] Fady Saba invited Andy Alvarez to family 2 
[2016/10/16 - 21:52:29] Fady Saba set Andy Alvarez rank to 2 in family 2 
[2016/10/17 - 20:43:40] Fady Saba set Jeii Calore rank to 6 in family 2 
[2016/10/17 - 23:11:9] Fady Saba invited Karol Sevilla to family 2 
[2016/10/18 - 8:18:19] Fady Saba set Andy Alvarez rank to 4 in family 2 
[2016/10/18 - 8:19:5] Fady Saba adjusted family 2's rank 4 to Asesino
[2016/10/18 - 21:25:7] Fady Saba set Sebastian Chiuki rank to 4 in family 2 
[2016/10/18 - 21:29:27] Fady Saba set Erick Gonzalez rank to 6 in family 2 
[2016/10/18 - 21:32:42] Fady Saba uninvited Brian Piazzoni from family 2 
[2016/10/20 - 0:1:24] Fady Saba invited Pablo Villalobos to family 2 
[2016/10/20 - 2:43:7] Fady Saba set Jeii Calore rank to 6 in family 2 
[2016/10/21 - 23:22:46] Fady Saba uninvited Juan Soriano from family 2 
[2016/10/22 - 0:43:55] Fady Saba invited Jason Odegaard to family 2 
[2016/10/22 - 0:44:4] Fady Saba set Jason Odegaard rank to 4 in family 2 
[2016/10/22 - 19:56:34] Fady Saba invited Antoine Marchetti to family 2 
[2016/10/23 - 3:51:49] Fady Saba set Eder Vhangelien rank to 3 in family 2 
[2016/10/23 - 3:54:54] Fady Saba adjusted family 2's rank 2 to 3 Bict Mata Fokas
[2016/10/23 - 3:55:3] Fady Saba adjusted family 2's rank 3 to Bict Mata Fokas
[2016/10/23 - 3:55:14] Fady Saba adjusted family 2's rank 2 to Convive
[2016/10/23 - 3:55:45] Fady Saba set Erick Gonzalez rank to 3 in family 2 
[2016/10/23 - 3:55:58] Fady Saba set Erick Gonzalez rank to 6 in family 2 
[2016/10/23 - 3:59:18] Fady Saba adjusted family 2's rank 3 to Escolta
[2016/10/23 - 5:19:10] Fady Saba set Antoine Marchetti rank to 2 in family 2 
[2016/10/23 - 13:50:19] Jeii Calore (IP: 201.210.138.148) has withdrawn $14000 from family safe 2.
[2016/10/23 - 14:21:50] Jeii Calore invited Santiago Pillar to family 2 
[2016/10/24 - 19:11:47] Jeii Calore invited Nahuel Jimenez to family 2 
[2016/10/24 - 22:15:7] Jeii Calore invited Yair Drick to family 2 
[2016/10/25 - 1:59:58] Fady Saba invited Antonella Johnson to family 2 
[2016/10/25 - 2:4:17] Jeii Calore invited Antonella Johnson to family 2 
[2016/10/25 - 3:2:36] Fady Saba uninvited Jeii Calore from family 2 
[2016/10/25 - 3:3:14] Fady Saba invited Jeii Calore to family 2 
[2016/10/25 - 22:56:14] Fady Saba invited Nikolay Petrovsky to family 2 
[2016/10/25 - 22:56:43] Fady Saba set Nikolay Petrovsky rank to 6 in family 2 
[2016/10/25 - 23:21:3] Fady Saba invited Bayron Wazouky to family 2 
[2016/10/25 - 23:56:12] Fady Saba invited Paolo DeTitto to family 2 
[2016/10/25 - 23:56:53] Fady Saba set Jason Odegaard rank to 5 in family 2 
[2016/10/26 - 1:45:43] Fady Saba set Eduardo Salazar rank to 4 in family 2 
[2016/10/26 - 1:49:59] Fady Saba invited Bruno McSanders to family 2 
[2016/10/26 - 1:50:14] Fady Saba set Bruno McSanders rank to 2 in family 2 
[2016/10/26 - 1:50:26] Fady Saba set Bruno McSanders rank to 5 in family 2 
[2016/10/26 - 2:0:46] Fady Saba invited Nicolas Guevara to family 2 
[2016/10/26 - 3:17:12] Fady Saba set Bruno McSanders rank to 2 in family 2 
[2016/10/26 - 4:1:59] Fady Saba set Nahuel Jimenez rank to 3 in family 2 
[2016/10/26 - 5:58:20] Nicolas Guevara uninvited Nicolas Guevara from family 2 
[2016/10/26 - 19:23:22] Nicolas Guevara set Jason Odegaard rank to 6 in family 2 
[2016/10/26 - 19:23:41] Nicolas Guevara uninvited Nicolas Guevara from family 2 
[2016/10/26 - 21:8:9] Nicolas Guevara set Jeii Calore rank to 6 in family 2 
[2016/10/26 - 21:10:11] Nicolas Guevara uninvited Nicolas Guevara from family 2 
[2016/10/26 - 21:13:29] Jeii Calore set Bruno McSanders rank to 5 in family 2 
[2016/10/26 - 21:23:36] Bruno McSanders (IP: 167.56.248.105) has withdrawn $1 from family safe 2.
[2016/10/26 - 21:23:45] Bruno McSanders (IP: 167.56.248.105) has withdrawn $10 from family safe 2.
[2016/10/26 - 23:47:17] Jeii Calore invited Alex Martinez to family 2 
[2016/10/27 - 0:32:1] Jeii Calore set Andy Alvarez rank to 5 in family 2 
[2016/10/27 - 2:36:27] Jeii Calore uninvited Eder Vhangelien from family 2 
[2016/10/27 - 23:36:42] Jeii Calore set Paolo DeTitto rank to 2 in family 2 
[2016/10/27 - 23:37:24] Jeii Calore set Alex Martinez rank to 2 in family 2 
[2016/10/28 - 17:29:49] Jeii Calore invited Antonio Calore to family 2 
[2016/10/28 - 18:24:19] Jeii Calore invited Pablo Villalobos to family 2 
[2016/10/30 - 23:8:38] Nicolas Guevara uninvited Bruno McSanders from family 2 
[2016/10/30 - 23:10:50] Nicolas Guevara uninvited Nicolas Guevara from family 2 
[2016/10/31 - 2:42:9] Nicolas Guevara uninvited Paolo DeTitto from family 2 
[2016/10/31 - 2:42:14] Nicolas Guevara uninvited Nicolas Guevara from family 2 
[2016/10/31 - 20:21:57] Nicolas Guevara uninvited Nahuel Jimenez from family 2 
[2016/10/31 - 20:22:9] Nicolas Guevara uninvited Nicolas Guevara from family 2 
[2016/11/1 - 0:13:5] Jeii Calore invited Nahuel Jimenez to family 2 
[2016/11/1 - 0:13:46] Jeii Calore invited Niko Pacheco to family 2 
[2016/11/1 - 0:15:17] Jeii Calore invited Nahuel Jimenez to family 2 
[2016/11/1 - 0:27:21] Jeii Calore set Nahuel Jimenez rank to 5 in family 2 
[2016/11/1 - 1:8:27] Jeii Calore invited John Snow to family 2 
[2016/11/1 - 1:24:14] Jeii Calore invited Sofia Zuleta to family 2 
[2016/11/1 - 2:30:11] Nahuel Jimenez (IP: 190.179.7.214) has withdrawn $45500 from family safe 2.
[2016/11/1 - 2:30:25] Nahuel Jimenez (IP: 190.179.7.214) has withdrawn 600 materials from family safe 2.
[2016/11/2 - 0:35:18] Jeii Calore uninvited Erick Gonzalez from family 2 
[2016/11/2 - 0:35:21] Jeii Calore uninvited Nahuel Jimenez from family 2 
[2016/11/2 - 0:35:29] Jeii Calore uninvited Sofia Zuleta from family 2 
[2016/11/2 - 0:35:39] Jeii Calore uninvited Niko Pacheco from family 2 
[2016/11/2 - 1:2:50] Jeii Calore uninvited Jeii Calore from family 2 
[2016/11/2 - 3:48:51] Nicolas Guevara (IP: 181.47.30.62) has withdrawn $1 from family safe 2.
[2016/11/2 - 3:48:54] Nicolas Guevara (IP: 181.47.30.62) has withdrawn $10 from family safe 2.
[2016/11/2 - 3:48:59] Nicolas Guevara (IP: 181.47.30.62) has withdrawn $40 from family safe 2.
[2016/11/2 - 3:49:1] Nicolas Guevara (IP: 181.47.30.62) has withdrawn $1 from family safe 2.
[2016/11/2 - 3:49:10] Nicolas Guevara (IP: 181.47.30.62) has withdrawn $30 from family safe 2.
[2016/11/2 - 3:49:16] Nicolas Guevara (IP: 181.47.30.62) has withdrawn $4 from family safe 2.
[2016/11/2 - 3:49:19] Nicolas Guevara (IP: 181.47.30.62) has withdrawn $2 from family safe 2.
[2016/11/2 - 3:49:22] Nicolas Guevara (IP: 181.47.30.62) has withdrawn $1 from family safe 2.
[2016/11/2 - 3:49:47] Nicolas Guevara (IP: 181.47.30.62) has withdrawn 1 grams of crack from family safe 2.
[2016/11/2 - 3:49:52] Nicolas Guevara (IP: 181.47.30.62) has withdrawn 4 grams of crack from family safe 2.
[2016/11/2 - 3:50:7] Nicolas Guevara (IP: 181.47.30.62) has withdrawn 8 grams of pot from family safe 2.
[2016/11/2 - 3:50:9] Nicolas Guevara (IP: 181.47.30.62) has withdrawn 2 grams of pot from family safe 2.
