[2014/10/19 - 13:24:4] Tony Zill (ID 0) Posible hack teleport, LUGAR: Casa de Hierba.
[2014/11/2 - 11:33:10] Tony Zill (ID 0) Posible hack teleport, LUGAR: Casa de Crack.
[2016/7/25 - 17:30:18] Benjamin Alastresd (ID 0)Posible hack teleport, LUGAR: JobPizzero.
[2016/8/13 - 19:14:48] Benjamin Alastre (ID 0) Posible hack teleport truckrunning.
[2016/10/7 - 7:11:2] Fady Saba (ID 6) Posible hack teleport, LUGAR: Punto de mats.
[2016/10/7 - 8:35:19] Niko Vicente (ID 1) Posible hack teleport LUGAR: JobCamioneros.
[2016/10/7 - 8:35:20] Niko Vicente (ID 1) Posible hack teleport truckrunning.
[2016/10/7 - 8:39:5] Niko Vicente (ID 1) Posible hack teleport, LUGAR: Punto de mats.
[2016/10/7 - 8:45:58] Niko Vicente (ID 1)Posible hack teleport, LUGAR: JobPizzero.
[2016/10/7 - 8:49:12] Niko Vicente (ID 1)Posible hack teleport, LUGAR: JobPizzero.
[2016/10/7 - 16:25:58] Perico Capone (ID 2) es posible que use Cheat de JetPack.
[2016/10/7 - 21:13:40] Fady Saba (ID 14) Posible hack teleport, LUGAR: Punto de mats.
[2016/10/8 - 18:42:10] Vanessa Contreras (ID 29)Posible hack teleport, LUGAR: JobPizzero.
[2016/10/8 - 19:24:48] Mateus Ridolmo (ID 0)Posible hack teleport, LUGAR: JobPizzero.
[2016/10/8 - 19:37:49] Mateus Ridolmo (ID 10)Posible hack teleport, LUGAR: JobPizzero.
[2016/10/8 - 20:44:32] Daniel Tille (ID 18) Posible hack teleport LUGAR: JobCamioneros.
[2016/10/8 - 20:45:52] Daniel Tille (ID 18) Posible hack teleport LUGAR: JobCamioneros.
[2016/10/8 - 22:28:59] Daniel Tille (ID 5) Posible hack teleport LUGAR: JobCamioneros.
[2016/10/8 - 23:34:21] Daniel Tille (ID 31) Posible hack teleport LUGAR: JobCamioneros.
[2016/10/8 - 23:57:0] Ranz Lait (ID 14) Posible hack teleport truckrunning.
[2016/10/9 - 0:28:49] Daniel Tille (ID 7) Posible hack teleport LUGAR: JobCamioneros.
[2016/10/9 - 8:29:8] Fady Saba (ID 3) Posible hack teleport LUGAR: JobCamioneros.
[2016/10/9 - 8:29:12] Fady Saba (ID 3) Posible hack teleport truckrunning.
[2016/10/10 - 3:7:52] Joaco DeAvila (ID 4)Posible hack teleport, LUGAR: JobPizzero.
[2016/10/10 - 17:30:59] Joaco DeAvila (ID 3)Posible hack teleport, LUGAR: JobPizzero.
[2016/10/10 - 17:34:58] Joaco DeAvila (ID 3)Posible hack teleport, LUGAR: JobPizzero.
[2016/10/11 - 16:40:18] Maicol Nico (ID 0)Posible hack teleport, LUGAR: JobPizzero.
[2016/10/11 - 16:41:40] Maicol Nico (ID 0)Posible hack teleport, LUGAR: JobPizzero.
[2016/10/11 - 16:43:17] Maicol Nico (ID 0)Posible hack teleport, LUGAR: JobPizzero.
[2016/10/11 - 16:44:27] Maicol Nico (ID 0)Posible hack teleport, LUGAR: JobPizzero.
[2016/10/11 - 16:45:12] Maicol Nico (ID 0)Posible hack teleport, LUGAR: JobPizzero.
[2016/10/11 - 16:45:48] Maicol Nico (ID 0)Posible hack teleport, LUGAR: JobPizzero.
[2016/10/11 - 16:51:41] Maicol Nico (ID 0)Posible hack teleport, LUGAR: JobPizzero.
[2016/10/12 - 0:56:23] Gonzalo Bartolomeo (ID 4) es posible que use Cheat de JetPack.
[2016/10/14 - 7:13:19] Erick Capone (ID 1) Posible hack teleport, LUGAR: Casa de Crack.
[2016/10/14 - 7:14:30] Erick Capone (ID 1) Posible hack teleport, LUGAR: Casa de Crack.
[2016/10/14 - 7:18:18] Erick Capone (ID 1) Posible hack teleport, LUGAR: Casa de Crack.
[2016/10/14 - 7:21:8] Erick Capone (ID 1) Posible hack teleport, LUGAR: Casa de Crack.
[2016/10/14 - 7:22:6] Erick Capone (ID 1) Posible hack teleport, LUGAR: Casa de Crack.
[2016/10/14 - 7:22:58] Erick Capone (ID 1) Posible hack teleport, LUGAR: Casa de Crack.
[2016/10/14 - 7:24:4] Erick Capone (ID 1) Posible hack teleport, LUGAR: Casa de Crack.
[2016/10/14 - 8:33:29] Erick Capone (ID 0) Posible hack teleport, LUGAR: Casa de Crack.
[2016/10/14 - 8:35:23] Erick Capone (ID 0) Posible hack teleport, LUGAR: Casa de Crack.
[2016/10/14 - 8:36:17] Erick Capone (ID 0) Posible hack teleport, LUGAR: Casa de Crack.
[2016/10/14 - 8:37:13] Erick Capone (ID 0) Posible hack teleport, LUGAR: Casa de Crack.
[2016/10/14 - 8:38:0] Erick Capone (ID 0) Posible hack teleport, LUGAR: Casa de Crack.
[2016/10/14 - 8:38:58] Erick Capone (ID 0) Posible hack teleport, LUGAR: Casa de Crack.
[2016/10/14 - 8:39:46] Erick Capone (ID 0) Posible hack teleport, LUGAR: Casa de Crack.
[2016/10/14 - 8:42:43] Erick Capone (ID 0) Posible hack teleport, LUGAR: Casa de Crack.
[2016/10/14 - 8:43:30] Erick Capone (ID 0) Posible hack teleport, LUGAR: Casa de Crack.
[2016/10/14 - 8:44:34] Erick Capone (ID 0) Posible hack teleport, LUGAR: Casa de Crack.
[2016/10/14 - 8:49:53] Erick Capone (ID 0) Posible hack teleport, LUGAR: Casa de Crack.
[2016/10/14 - 8:53:30] Erick Capone (ID 0) Posible hack teleport, LUGAR: Casa de Crack.
[2016/10/14 - 8:58:29] Erick Capone (ID 0) Posible hack teleport, LUGAR: Casa de Crack.
[2016/10/14 - 8:59:37] Erick Capone (ID 0) Posible hack teleport, LUGAR: Casa de Crack.
[2016/10/14 - 9:1:3] Erick Capone (ID 0) Posible hack teleport, LUGAR: Casa de Crack.
[2016/10/14 - 9:5:51] Erick Capone (ID 0) Posible hack teleport, LUGAR: Casa de Crack.
[2016/10/14 - 9:6:57] Erick Capone (ID 0) Posible hack teleport, LUGAR: Casa de Crack.
[2016/10/15 - 0:52:9] Liam Perez (ID 0) es posible que use Cheat de JetPack.
[2016/10/15 - 8:23:53] Axel Astudillo (ID 2) Posible hack teleport LUGAR: JobCamioneros.
[2016/10/15 - 8:23:54] Axel Astudillo (ID 2) Posible hack teleport truckrunning.
[2016/10/15 - 8:24:40] Axel Astudillo (ID 2) Posible hack teleport LUGAR: JobCamioneros.
[2016/10/15 - 8:24:47] Axel Astudillo (ID 2) Posible hack teleport truckrunning.
[2016/10/15 - 18:51:13] Andres Herrera (ID 2) Posible hack teleport LUGAR: JobCamioneros.
[2016/10/15 - 18:51:15] Andres Herrera (ID 2) Posible hack teleport truckrunning.
[2016/10/15 - 18:54:20] Andres Herrera (ID 2) Posible hack teleport truckrunning.
[2016/10/15 - 18:54:57] Andres Herrera (ID 2) Posible hack teleport LUGAR: JobCamioneros.
[2016/10/15 - 18:54:58] Andres Herrera (ID 2) Posible hack teleport truckrunning.
[2016/10/15 - 20:4:50] Jeii Calore (ID 15) Posible hack teleport, LUGAR: Casa de Crack.
[2016/10/15 - 22:44:35] Fady Saba (ID 0) Posible hack teleport, LUGAR: Casa de Hierba.
[2016/10/18 - 0:55:0] Evan Munoz (ID 2)Posible hack teleport, LUGAR: JobPizzero.
[2016/10/18 - 0:55:5] Evan Munoz (ID 2)Posible hack teleport, LUGAR: JobPizzero.
[2016/10/18 - 0:55:9] Evan Munoz (ID 2)Posible hack teleport, LUGAR: JobPizzero.
[2016/10/18 - 0:55:11] Evan Munoz (ID 2)Posible hack teleport, LUGAR: JobPizzero.
[2016/10/18 - 0:55:12] Evan Munoz (ID 2)Posible hack teleport, LUGAR: JobPizzero.
[2016/10/18 - 0:55:13] Evan Munoz (ID 2)Posible hack teleport, LUGAR: JobPizzero.
[2016/10/18 - 0:55:15] Evan Munoz (ID 2)Posible hack teleport, LUGAR: JobPizzero.
[2016/10/18 - 0:55:16] Evan Munoz (ID 2)Posible hack teleport, LUGAR: JobPizzero.
[2016/10/18 - 0:55:17] Evan Munoz (ID 2)Posible hack teleport, LUGAR: JobPizzero.
[2016/10/18 - 0:55:18] Evan Munoz (ID 2)Posible hack teleport, LUGAR: JobPizzero.
[2016/10/18 - 0:55:27] Evan Munoz (ID 2)Posible hack teleport, LUGAR: JobPizzero.
[2016/10/18 - 0:55:27] Evan Munoz (ID 2)Posible hack teleport, LUGAR: JobPizzero.
[2016/10/18 - 0:55:32] Evan Munoz (ID 2)Posible hack teleport, LUGAR: JobPizzero.
[2016/10/18 - 0:55:34] Evan Munoz (ID 2)Posible hack teleport, LUGAR: JobPizzero.
[2016/10/18 - 0:55:36] Evan Munoz (ID 2)Posible hack teleport, LUGAR: JobPizzero.
[2016/10/18 - 0:55:37] Evan Munoz (ID 2)Posible hack teleport, LUGAR: JobPizzero.
[2016/10/18 - 0:55:38] Evan Munoz (ID 2)Posible hack teleport, LUGAR: JobPizzero.
[2016/10/18 - 0:55:39] Evan Munoz (ID 2)Posible hack teleport, LUGAR: JobPizzero.
[2016/10/18 - 0:55:40] Evan Munoz (ID 2)Posible hack teleport, LUGAR: JobPizzero.
[2016/10/18 - 1:1:43] Evan Munoz (ID 2)Posible hack teleport, LUGAR: JobPizzero.
[2016/10/18 - 1:1:53] Evan Munoz (ID 2)Posible hack teleport, LUGAR: JobPizzero.
[2016/10/18 - 1:2:35] Evan Munoz (ID 2)Posible hack teleport, LUGAR: JobPizzero.
[2016/10/18 - 14:7:15] Jeii Calore (ID 0) Posible hack teleport, LUGAR: Casa de Crack.
[2016/10/19 - 5:25:5] Erick Capone (ID 0)Posible hack teleport, LUGAR: JobPizzero.
[2016/10/19 - 5:27:0] Erick Capone (ID 0)Posible hack teleport, LUGAR: JobPizzero.
[2016/10/20 - 4:50:18] Erick Capone (ID 0) Posible hack teleport, LUGAR: Casa de Crack.
[2016/10/21 - 20:37:17] Pablo Villalobos (ID 1) es posible que use Cheat de JetPack.
[2016/10/22 - 18:54:47] Fady Saba (ID 10) Posible hack teleport, LUGAR: Punto de mats.
[2016/10/23 - 17:53:9] Emanuel Rossi (ID 1)Posible hack teleport, LUGAR: JobPizzero.
[2016/10/23 - 17:54:7] Emanuel Rossi (ID 1)Posible hack teleport, LUGAR: JobPizzero.
[2016/10/23 - 18:59:53] Jeii Calore (ID 7) Posible hack teleport, LUGAR: Casa de Crack.
[2016/10/23 - 23:0:45] Mateo Guillin (ID 0)Posible hack teleport, LUGAR: JobPizzero.
[2016/10/25 - 3:26:6] Erick Capone (ID 2) Posible hack teleport, LUGAR: Casa de Crack.
[2016/10/25 - 11:39:19] Erick Capone (ID 0)Posible hack teleport, LUGAR: JobPizzero.
[2016/10/26 - 17:10:3] Robinson Pulido (ID 2) Posible hack teleport, LUGAR: Casa de Crack.
[2016/10/26 - 17:11:7] Robinson Pulido (ID 2) Posible hack teleport, LUGAR: Casa de Crack.
[2016/10/26 - 17:12:2] Robinson Pulido (ID 2) Posible hack teleport, LUGAR: Casa de Crack.
[2016/10/26 - 17:13:9] Robinson Pulido (ID 2) Posible hack teleport, LUGAR: Casa de Crack.
[2016/10/26 - 17:14:28] Robinson Pulido (ID 2) Posible hack teleport, LUGAR: Casa de Crack.
[2016/10/26 - 17:15:24] Robinson Pulido (ID 2) Posible hack teleport, LUGAR: Casa de Crack.
[2016/10/26 - 17:17:11] Robinson Pulido (ID 2) Posible hack teleport, LUGAR: Casa de Crack.
[2016/10/26 - 17:18:24] Robinson Pulido (ID 2) Posible hack teleport, LUGAR: Casa de Crack.
[2016/10/26 - 17:19:21] Robinson Pulido (ID 2) Posible hack teleport, LUGAR: Casa de Crack.
[2016/10/26 - 17:20:18] Robinson Pulido (ID 2) Posible hack teleport, LUGAR: Casa de Crack.
[2016/10/26 - 17:21:15] Robinson Pulido (ID 2) Posible hack teleport, LUGAR: Casa de Crack.
[2016/10/27 - 2:44:15] Quinn Ford (ID 10) Posible hack teleport, LUGAR: Casa de Crack.
[2016/10/27 - 6:37:58] Quinn Ford (ID 0) Posible hack teleport, LUGAR: Casa de Crack.
[2016/10/27 - 6:38:19] Quinn Ford (ID 0) Posible hack teleport, LUGAR: Casa de Crack.
[2016/10/27 - 6:38:42] Quinn Ford (ID 0) Posible hack teleport, LUGAR: Casa de Crack.
[2016/10/27 - 6:39:6] Quinn Ford (ID 0) Posible hack teleport, LUGAR: Casa de Crack.
[2016/10/27 - 6:39:28] Quinn Ford (ID 0) Posible hack teleport, LUGAR: Casa de Crack.
[2016/10/27 - 6:39:50] Quinn Ford (ID 0) Posible hack teleport, LUGAR: Casa de Crack.
[2016/10/27 - 6:40:11] Quinn Ford (ID 0) Posible hack teleport, LUGAR: Casa de Crack.
[2016/10/27 - 6:40:33] Quinn Ford (ID 0) Posible hack teleport, LUGAR: Casa de Crack.
[2016/10/27 - 6:40:50] Quinn Ford (ID 0) Posible hack teleport, LUGAR: Casa de Crack.
[2016/10/27 - 6:41:8] Quinn Ford (ID 0) Posible hack teleport, LUGAR: Casa de Crack.
[2016/10/27 - 6:42:9] Quinn Ford (ID 0) Posible hack teleport, LUGAR: Casa de Crack.
[2016/10/27 - 6:42:34] Quinn Ford (ID 0) Posible hack teleport, LUGAR: Casa de Crack.
[2016/10/27 - 6:42:54] Quinn Ford (ID 0) Posible hack teleport, LUGAR: Casa de Crack.
[2016/10/27 - 6:43:13] Quinn Ford (ID 0) Posible hack teleport, LUGAR: Casa de Crack.
[2016/10/27 - 6:43:34] Quinn Ford (ID 0) Posible hack teleport, LUGAR: Casa de Crack.
[2016/10/27 - 6:43:52] Quinn Ford (ID 0) Posible hack teleport, LUGAR: Casa de Crack.
[2016/10/27 - 6:44:11] Quinn Ford (ID 0) Posible hack teleport, LUGAR: Casa de Crack.
[2016/10/27 - 6:44:30] Quinn Ford (ID 0) Posible hack teleport, LUGAR: Casa de Crack.
[2016/10/27 - 6:44:48] Quinn Ford (ID 0) Posible hack teleport, LUGAR: Casa de Crack.
[2016/10/27 - 6:45:15] Quinn Ford (ID 0) Posible hack teleport, LUGAR: Casa de Crack.
[2016/10/27 - 6:45:36] Quinn Ford (ID 0) Posible hack teleport, LUGAR: Casa de Crack.
[2016/10/27 - 6:45:55] Quinn Ford (ID 0) Posible hack teleport, LUGAR: Casa de Crack.
[2016/10/27 - 6:46:12] Quinn Ford (ID 0) Posible hack teleport, LUGAR: Casa de Crack.
[2016/10/27 - 6:46:37] Quinn Ford (ID 0) Posible hack teleport, LUGAR: Casa de Crack.
[2016/10/27 - 6:46:56] Quinn Ford (ID 0) Posible hack teleport, LUGAR: Casa de Crack.
[2016/10/27 - 6:47:14] Quinn Ford (ID 0) Posible hack teleport, LUGAR: Casa de Crack.
[2016/10/27 - 6:47:30] Quinn Ford (ID 0) Posible hack teleport, LUGAR: Casa de Crack.
[2016/10/27 - 6:48:9] Quinn Ford (ID 0) Posible hack teleport, LUGAR: Casa de Crack.
[2016/10/27 - 6:48:32] Quinn Ford (ID 0) Posible hack teleport, LUGAR: Casa de Crack.
[2016/10/27 - 6:48:53] Quinn Ford (ID 0) Posible hack teleport, LUGAR: Casa de Crack.
[2016/10/27 - 6:49:14] Quinn Ford (ID 0) Posible hack teleport, LUGAR: Casa de Crack.
[2016/10/27 - 6:49:34] Quinn Ford (ID 0) Posible hack teleport, LUGAR: Casa de Crack.
[2016/10/27 - 6:49:55] Quinn Ford (ID 0) Posible hack teleport, LUGAR: Casa de Crack.
[2016/10/27 - 6:50:18] Quinn Ford (ID 0) Posible hack teleport, LUGAR: Casa de Crack.
[2016/10/27 - 6:50:36] Quinn Ford (ID 0) Posible hack teleport, LUGAR: Casa de Crack.
[2016/10/27 - 6:50:53] Quinn Ford (ID 0) Posible hack teleport, LUGAR: Casa de Crack.
[2016/10/27 - 6:51:12] Quinn Ford (ID 0) Posible hack teleport, LUGAR: Casa de Crack.
[2016/10/27 - 17:47:10] Gonza Fonseco (ID 2)Posible hack teleport, LUGAR: JobPizzero.
[2016/10/27 - 17:48:52] Gonza Fonseco (ID 2)Posible hack teleport, LUGAR: JobPizzero.
[2016/10/27 - 17:49:8] Gonza Fonseco (ID 2)Posible hack teleport, LUGAR: JobPizzero.
[2016/10/27 - 17:49:38] Gonza Fonseco (ID 2)Posible hack teleport, LUGAR: JobPizzero.
[2016/10/27 - 17:50:14] Gonza Fonseco (ID 2)Posible hack teleport, LUGAR: JobPizzero.
[2016/10/27 - 17:50:50] Gonza Fonseco (ID 2)Posible hack teleport, LUGAR: JobPizzero.
[2016/10/27 - 17:51:21] Gonza Fonseco (ID 2)Posible hack teleport, LUGAR: JobPizzero.
[2016/10/27 - 17:52:2] Gonza Fonseco (ID 2)Posible hack teleport, LUGAR: JobPizzero.
[2016/10/27 - 17:52:40] Gonza Fonseco (ID 2)Posible hack teleport, LUGAR: JobPizzero.
[2016/10/27 - 17:53:10] Gonza Fonseco (ID 2)Posible hack teleport, LUGAR: JobPizzero.
[2016/10/27 - 20:2:13] David Castellano (ID 1)Posible hack teleport, LUGAR: JobPizzero.
[2016/10/27 - 20:6:23] David Castellano (ID 1)Posible hack teleport, LUGAR: JobPizzero.
[2016/10/27 - 20:7:40] David Castellano (ID 1)Posible hack teleport, LUGAR: JobPizzero.
[2016/10/27 - 22:29:16] John Zweing (ID 4) Posible hack teleport truckrunning.
[2016/10/29 - 18:8:53] Gonza Fonseco (ID 5) Posible hack teleport, LUGAR: Punto de mats.
[2016/10/29 - 18:9:54] Gonza Fonseco (ID 5) Posible hack teleport, LUGAR: Punto de mats.
[2016/10/29 - 18:10:40] Gonza Fonseco (ID 5) Posible hack teleport, LUGAR: Punto de mats.
[2016/10/29 - 18:11:30] Gonza Fonseco (ID 5) Posible hack teleport, LUGAR: Punto de mats.
[2016/10/31 - 0:35:4] Nicolas Guevara (ID 14) Posible hack teleport truckrunning.
[2016/10/31 - 1:20:44] Nicolas Guevara (ID 14) Posible hack teleport LUGAR: JobCamioneros.
[2016/10/31 - 15:59:57] Enzo Ferrari (ID 4) Posible hack teleport LUGAR: JobCamioneros.
[2016/10/31 - 16:3:44] Enzo Ferrari (ID 4) Posible hack teleport truckrunning.
[2016/10/31 - 16:5:30] Enzo Ferrari (ID 4) Posible hack teleport truckrunning.
[2016/10/31 - 16:6:34] Enzo Ferrari (ID 4) Posible hack teleport LUGAR: JobCamioneros.
[2016/10/31 - 16:16:50] Enzo Ferrari (ID 0) Posible hack teleport truckrunning.
[2016/10/31 - 16:21:23] Enzo Ferrari (ID 0) Posible hack teleport LUGAR: JobCamioneros.
[2016/10/31 - 16:21:36] Enzo Ferrari (ID 0) Posible hack teleport truckrunning.
[2016/10/31 - 16:22:46] Enzo Ferrari (ID 0) Posible hack teleport LUGAR: JobCamioneros.
[2016/11/2 - 11:24:18] Erick Capone (ID 1) Posible hack teleport, LUGAR: Casa de Crack.
[2016/11/2 - 11:33:4] Erick Capone (ID 0)Posible hack teleport, LUGAR: JobPizzero.
[2016/11/2 - 11:36:24] Erick Capone (ID 0) Posible hack teleport, LUGAR: Casa de Crack.
[2016/11/2 - 11:37:32] Erick Capone (ID 0) Posible hack teleport, LUGAR: Casa de Crack.
[2016/11/2 - 11:39:0] Erick Capone (ID 0) Posible hack teleport, LUGAR: Casa de Crack.
[2016/11/2 - 11:40:3] Erick Capone (ID 0) Posible hack teleport, LUGAR: Casa de Crack.
[2016/11/2 - 11:41:13] Erick Capone (ID 0) Posible hack teleport, LUGAR: Casa de Crack.
[2016/11/2 - 11:44:46] Erick Capone (ID 0) Posible hack teleport, LUGAR: Casa de Crack.
[2016/11/2 - 11:45:51] Erick Capone (ID 0) Posible hack teleport, LUGAR: Casa de Crack.
[2016/11/2 - 11:50:38] Erick Capone (ID 0) Posible hack teleport, LUGAR: Casa de Crack.
[2016/11/2 - 11:51:43] Erick Capone (ID 0) Posible hack teleport, LUGAR: Casa de Crack.
[2016/11/2 - 12:1:17] Erick Capone (ID 0) Posible hack teleport, LUGAR: Casa de Crack.
[2016/11/2 - 12:11:40] Erick Capone (ID 0) Posible hack teleport, LUGAR: Casa de Crack.
[2016/11/2 - 12:16:13] Erick Capone (ID 0) Posible hack teleport, LUGAR: Casa de Crack.
[2016/11/2 - 12:22:13] Erick Capone (ID 0) Posible hack teleport, LUGAR: Casa de Crack.
[2016/11/2 - 12:24:49] Erick Capone (ID 0) Posible hack teleport, LUGAR: Casa de Crack.
[2016/11/2 - 12:28:28] Erick Capone (ID 0) Posible hack teleport, LUGAR: Casa de Crack.
[2016/11/2 - 12:29:24] Erick Capone (ID 0) Posible hack teleport, LUGAR: Casa de Crack.
[2016/11/2 - 12:31:37] Erick Capone (ID 0) Posible hack teleport, LUGAR: Casa de Crack.
[2016/11/2 - 12:32:31] Erick Capone (ID 0) Posible hack teleport, LUGAR: Casa de Crack.
[2016/11/2 - 12:33:28] Erick Capone (ID 0) Posible hack teleport, LUGAR: Casa de Crack.
[2016/11/2 - 12:34:25] Erick Capone (ID 0) Posible hack teleport, LUGAR: Casa de Crack.
[2016/11/2 - 12:35:30] Erick Capone (ID 0) Posible hack teleport, LUGAR: Casa de Crack.
[2016/11/2 - 12:36:32] Erick Capone (ID 0) Posible hack teleport, LUGAR: Casa de Crack.
[2016/11/2 - 12:37:34] Erick Capone (ID 0) Posible hack teleport, LUGAR: Casa de Crack.
[2016/11/2 - 12:38:34] Erick Capone (ID 0) Posible hack teleport, LUGAR: Casa de Crack.
[2016/11/2 - 12:39:46] Erick Capone (ID 0) Posible hack teleport, LUGAR: Casa de Crack.
[2016/11/2 - 12:43:16] Erick Capone (ID 0) Posible hack teleport, LUGAR: Casa de Crack.
[2016/11/2 - 12:45:38] Erick Capone (ID 0) Posible hack teleport, LUGAR: Casa de Crack.
[2016/11/2 - 12:46:36] Erick Capone (ID 0) Posible hack teleport, LUGAR: Casa de Crack.
[2016/11/2 - 12:47:37] Erick Capone (ID 0) Posible hack teleport, LUGAR: Casa de Crack.
[2016/11/2 - 12:48:38] Erick Capone (ID 0) Posible hack teleport, LUGAR: Casa de Crack.
[2016/11/2 - 12:49:35] Erick Capone (ID 0) Posible hack teleport, LUGAR: Casa de Crack.
[2016/11/2 - 12:50:36] Erick Capone (ID 0) Posible hack teleport, LUGAR: Casa de Crack.
[2016/11/2 - 12:51:33] Erick Capone (ID 0) Posible hack teleport, LUGAR: Casa de Crack.
[2016/11/2 - 12:52:34] Erick Capone (ID 0) Posible hack teleport, LUGAR: Casa de Crack.
