[2014/10/20 - 13:20:5] Tony Zill has edited HouseID 278's Exterior.
[2016/3/14 - 12:10:26] Benjamin Alastre has edited HouseID 1's Level to 1242044.
[2016/3/14 - 12:11:20] Benjamin Alastre has edited HouseID 188's Exterior.
[2016/3/15 - 9:46:47] Benjamin Alastre has edited HouseID 400's Exterior.
[2016/3/16 - 12:6:26] Benjamin Alastre has edited HouseID 367's Exterior.
[2016/3/21 - 15:50:9] Benjamin Alastre has edited HouseID 191's Exterior.
[2016/3/21 - 15:50:13] Benjamin Alastre has edited HouseID 191's Exterior.
[2016/3/21 - 15:50:17] Benjamin Alastre has edited HouseID 191's Exterior.
[2016/3/21 - 15:50:26] Benjamin Alastre has edited HouseID 191's Exterior.
[2016/3/21 - 15:52:54] Benjamin Alastre has edited HouseID 177's Exterior.
[2016/4/17 - 15:30:2] Benjamin Alastre has edited HouseID 251's Exterior.
[2016/4/17 - 16:58:44] Benjamin Alastre has edited HouseID 303's Exterior.
[2016/4/17 - 16:58:48] Benjamin Alastre has edited HouseID 303's Exterior.
[2016/5/29 - 0:42:7] Benjamin Alastre has edited HouseID 199's Exterior.
[2016/7/18 - 20:30:39] Benjamin Alastre has edited HouseID 653's Class to 2.
[2016/7/18 - 20:30:41] Benjamin Alastre has edited HouseID 653's Class to 3.
[2016/7/18 - 20:30:42] Benjamin Alastre has edited HouseID 653's Class to 1.
[2016/7/18 - 20:30:43] Benjamin Alastre has edited HouseID 653's Class to 2.
[2016/7/18 - 20:30:44] Benjamin Alastre has edited HouseID 653's Class to 3.
[2016/7/24 - 18:36:3] Benjamin Alastre has edited HouseID 280's Exterior.
[2016/7/24 - 18:36:13] Benjamin Alastre has edited HouseID 281's Exterior.
[2016/7/24 - 18:57:54] Benjamin Alastre has edited HouseID 249's Exterior.
[2016/7/24 - 19:30:29] Benjamin Alastre has edited HouseID 1's Exterior.
[2016/7/24 - 19:31:1] Benjamin Alastre has edited HouseID 2's Exterior.
[2016/7/24 - 19:31:20] Benjamin Alastre has edited HouseID 3's Exterior.
[2016/7/24 - 22:52:16] Benjamin Alastre has edited HouseID 1's Exterior.
[2016/7/24 - 22:52:26] Benjamin Alastre has edited HouseID 2's Exterior.
[2016/7/25 - 13:39:23] Benjamin Alastre has edited HouseID 1's Exterior.
[2016/7/25 - 13:39:31] Benjamin Alastre has edited HouseID 2's Exterior.
[2016/7/25 - 15:24:15] Benjamin Alastre has edited HouseID 517's Exterior.
[2016/7/25 - 16:1:9] Benjamin Alastre has edited HouseID 1's Exterior.
[2016/7/25 - 16:1:11] Benjamin Alastre has edited HouseID 2's Exterior.
[2016/7/25 - 16:2:8] Benjamin Alastre has edited HouseID 495's Exterior.
[2016/7/25 - 16:2:13] Benjamin Alastre has edited HouseID 495's Exterior.
[2016/7/25 - 16:2:19] Benjamin Alastre has edited HouseID 496's Exterior.
[2016/7/25 - 16:3:4] Benjamin Alastre has edited HouseID 495's Exterior.
[2016/7/25 - 16:3:5] Benjamin Alastre has edited HouseID 496's Exterior.
[2016/7/25 - 16:3:9] Benjamin Alastre has edited HouseID 495's Exterior.
[2016/7/25 - 16:4:16] Benjamin Alastre has edited HouseID 596's Exterior.
[2016/7/25 - 16:4:21] Benjamin Alastre has edited HouseID 596's Exterior.
[2016/7/25 - 16:4:27] Benjamin Alastre has edited HouseID 595's Exterior.
[2016/7/25 - 16:4:31] Benjamin Alastre has edited HouseID 595's Exterior.
[2016/7/25 - 16:5:43] Benjamin Alastre has edited HouseID 595's Exterior.
[2016/7/25 - 16:6:10] Benjamin Alastre has edited HouseID 137's Exterior.
[2016/7/25 - 16:6:13] Benjamin Alastre has edited HouseID 137's Exterior.
[2016/7/25 - 16:15:34] Benjamin Alastre has edited HouseID 518's Exterior.
[2016/7/25 - 20:42:41] Benjamin Alastre has edited HouseID 254's Exterior.
[2016/8/2 - 18:11:31] Benjamin Alastre has edited HouseID 392's Exterior.
[2016/8/2 - 18:11:48] Benjamin Alastre has edited HouseID 392's Exterior.
[2016/8/2 - 18:11:51] Benjamin Alastre has edited HouseID 392's Exterior.
[2016/8/2 - 18:12:26] Benjamin Alastre has edited HouseID 392's Exterior.
[2016/8/6 - 16:42:27] Benjamin Alastre has edited HouseID 750's Exterior.
[2016/8/6 - 16:42:31] Benjamin Alastre has edited HouseID 750's Exterior.
[2016/8/6 - 16:43:7] Benjamin Alastre has edited HouseID 751's Exterior.
[2016/8/6 - 16:44:52] Benjamin Alastre has edited HouseID 753's Exterior.
[2016/8/6 - 16:44:58] Benjamin Alastre has edited HouseID 753's Exterior.
[2016/10/7 - 19:25:14] Fady Saba has edited HouseID 440's Exterior.
[2016/10/7 - 19:26:36] Fady Saba has edited HouseID 441's Exterior.
[2016/10/7 - 19:27:32] Fady Saba has edited HouseID 416's Exterior.
[2016/10/7 - 19:40:13] Fady Saba has edited HouseID 514's Exterior.
[2016/10/7 - 19:42:41] Fady Saba has edited HouseID 503's Exterior.
[2016/10/7 - 19:46:7] Fady Saba has edited HouseID 503's Exterior.
[2016/10/7 - 19:46:24] Fady Saba has edited HouseID 305's Exterior.
[2016/10/7 - 19:46:54] Fady Saba has edited HouseID 503's Exterior.
[2016/10/7 - 19:47:3] Fady Saba has edited HouseID 503's Interior.
[2016/10/7 - 19:47:10] Fady Saba has edited HouseID 503's Interior.
[2016/10/7 - 19:48:14] Fady Saba has edited HouseID 447's Exterior.
[2016/10/7 - 19:53:50] Fady Saba has edited HouseID 476's Exterior.
[2016/10/7 - 19:54:49] Fady Saba has edited HouseID 477's Exterior.
[2016/10/7 - 19:56:50] Fady Saba has edited HouseID 462's Exterior.
[2016/10/7 - 20:0:53] Fady Saba has edited HouseID 125's Exterior.
[2016/10/7 - 20:1:51] Fady Saba has edited HouseID 463's Exterior.
[2016/10/7 - 20:4:3] Fady Saba has edited HouseID 463's Exterior.
[2016/10/7 - 20:5:6] Fady Saba has edited HouseID 463's Exterior.
[2016/10/7 - 20:14:20] Fady Saba has edited HouseID 463's Exterior.
[2016/10/7 - 20:20:14] Fady Saba has edited HouseID 402's Interior.
[2016/10/7 - 20:20:37] Fady Saba has edited HouseID 402's Interior.
[2016/10/7 - 20:21:10] Fady Saba has edited HouseID 1's Custom Interior.
[2016/10/7 - 20:21:12] Fady Saba has edited HouseID 1's Custom Interior.
[2016/10/7 - 20:21:24] Fady Saba has edited HouseID 3's Custom Interior.
[2016/10/7 - 20:27:9] Fady Saba has edited HouseID 464's Exterior.
[2016/10/7 - 20:27:38] Fady Saba has edited HouseID 465's Exterior.
[2016/10/7 - 20:28:10] Fady Saba has edited HouseID 472's Exterior.
[2016/10/7 - 20:28:25] Fady Saba has edited HouseID 517's Exterior.
[2016/10/7 - 20:31:1] Fady Saba has edited HouseID 517's Exterior.
[2016/10/7 - 20:31:26] Fady Saba has edited HouseID 518's Exterior.
[2016/10/7 - 20:31:37] Fady Saba has edited HouseID 515's Exterior.
[2016/10/7 - 20:31:46] Fady Saba has edited HouseID 515's Exterior.
[2016/10/7 - 20:31:59] Fady Saba has edited HouseID 515's Exterior.
[2016/10/7 - 20:32:8] Fady Saba has edited HouseID 519's Exterior.
[2016/10/7 - 20:39:36] Fady Saba has edited HouseID 524's Exterior.
[2016/10/7 - 20:41:4] Fady Saba has edited HouseID 523's Exterior.
[2016/10/7 - 20:41:32] Fady Saba has edited HouseID 509's Exterior.
[2016/10/7 - 20:41:43] Fady Saba has edited HouseID 508's Exterior.
[2016/10/7 - 20:43:29] Fady Saba has edited HouseID 509's Exterior.
[2016/10/7 - 20:43:42] Fady Saba has edited HouseID 508's Exterior.
[2016/10/7 - 20:44:13] Fady Saba has edited HouseID 525's Exterior.
[2016/10/7 - 20:45:15] Fady Saba has edited HouseID 522's Exterior.
[2016/10/7 - 20:45:29] Fady Saba has edited HouseID 519's Exterior.
[2016/10/7 - 20:45:46] Fady Saba has edited HouseID 357's Exterior.
[2016/10/7 - 20:46:33] Fady Saba has edited HouseID 597's Exterior.
[2016/10/7 - 20:46:55] Fady Saba has edited HouseID 511's Exterior.
[2016/10/7 - 20:47:47] Fady Saba has edited HouseID 506's Exterior.
[2016/10/7 - 20:47:53] Fady Saba has edited HouseID 526's Exterior.
[2016/10/7 - 20:49:27] Fady Saba has edited HouseID 521's Exterior.
[2016/10/7 - 20:51:46] Fady Saba has edited HouseID 512's Exterior.
[2016/10/7 - 20:53:23] Fady Saba has edited HouseID 516's Exterior.
[2016/10/7 - 20:55:27] Fady Saba has edited HouseID 278's Exterior.
[2016/10/7 - 20:56:28] Fady Saba has edited HouseID 505's Exterior.
[2016/10/7 - 20:57:51] Fady Saba has edited HouseID 516's Exterior.
[2016/10/7 - 20:58:10] Fady Saba has edited HouseID 504's Exterior.
[2016/10/7 - 20:58:50] Fady Saba has edited HouseID 513's Exterior.
[2016/10/7 - 20:59:4] Fady Saba has edited HouseID 520's Exterior.
[2016/10/7 - 21:1:50] Fady Saba has edited HouseID 471's Exterior.
[2016/10/7 - 21:1:56] Fady Saba has edited HouseID 470's Exterior.
[2016/10/7 - 21:2:3] Fady Saba has edited HouseID 469's Exterior.
[2016/10/7 - 21:2:17] Fady Saba has edited HouseID 469's Exterior.
[2016/10/7 - 21:2:30] Fady Saba has edited HouseID 466's Exterior.
[2016/10/7 - 21:2:47] Fady Saba has edited HouseID 453's Exterior.
[2016/10/7 - 21:2:51] Fady Saba has edited HouseID 452's Exterior.
[2016/10/7 - 21:3:1] Fady Saba has edited HouseID 498's Exterior.
[2016/10/7 - 21:3:9] Fady Saba has edited HouseID 407's Exterior.
[2016/10/7 - 21:3:13] Fady Saba has edited HouseID 406's Exterior.
[2016/10/7 - 21:3:36] Fady Saba has edited HouseID 499's Exterior.
[2016/10/7 - 21:3:56] Fady Saba has edited HouseID 498's Exterior.
[2016/10/7 - 21:4:4] Fady Saba has edited HouseID 487's Exterior.
[2016/10/7 - 21:5:7] Fady Saba has edited HouseID 426's Exterior.
[2016/10/7 - 21:5:12] Fady Saba has edited HouseID 427's Exterior.
[2016/10/7 - 21:11:58] Fady Saba has edited HouseID 448's Exterior.
[2016/10/7 - 21:12:0] Fady Saba has edited HouseID 449's Exterior.
[2016/10/7 - 21:12:9] Fady Saba has edited HouseID 455's Exterior.
[2016/10/7 - 21:12:18] Fady Saba has edited HouseID 456's Exterior.
[2016/10/7 - 21:12:26] Fady Saba has edited HouseID 381's Exterior.
[2016/10/7 - 21:12:37] Fady Saba has edited HouseID 351's Exterior.
[2016/10/7 - 21:12:48] Fady Saba has edited HouseID 451's Exterior.
[2016/10/7 - 21:13:1] Fady Saba has edited HouseID 482's Exterior.
[2016/10/7 - 21:13:26] Fady Saba has edited HouseID 379's Exterior.
[2016/10/7 - 21:14:15] Azarel Thawne has edited HouseID 673's Exterior.
[2016/10/7 - 21:20:16] Fady Saba has edited HouseID 402's Interior.
[2016/10/7 - 21:31:44] Fady Saba has edited HouseID 429's Exterior.
[2016/10/7 - 21:31:57] Fady Saba has edited HouseID 428's Exterior.
[2016/10/7 - 21:32:38] Fady Saba has edited HouseID 320's Exterior.
[2016/10/7 - 21:33:2] Fady Saba has edited HouseID 497's Exterior.
[2016/10/7 - 21:33:12] Fady Saba has edited HouseID 494's Exterior.
[2016/10/7 - 21:33:43] Fady Saba has edited HouseID 395's Exterior.
[2016/10/7 - 21:34:24] Fady Saba has edited HouseID 394's Exterior.
[2016/10/7 - 21:34:35] Fady Saba has edited HouseID 421's Exterior.
[2016/10/7 - 21:36:44] Fady Saba has edited HouseID 420's Exterior.
[2016/10/7 - 21:37:8] Fady Saba has edited HouseID 417's Exterior.
[2016/10/7 - 21:38:26] Fady Saba has edited HouseID 483's Exterior.
[2016/10/7 - 21:38:58] Fady Saba has edited HouseID 382's Exterior.
[2016/10/7 - 21:39:42] Fady Saba has edited HouseID 468's Exterior.
[2016/10/7 - 21:40:10] Fady Saba has edited HouseID 467's Exterior.
[2016/10/7 - 21:51:35] Fady Saba has edited HouseID 491's Exterior.
[2016/10/7 - 21:51:46] Fady Saba has edited HouseID 443's Exterior.
[2016/10/7 - 21:51:47] Fady Saba has edited HouseID 422's Exterior.
[2016/10/7 - 21:51:50] Fady Saba has edited HouseID 493's Exterior.
[2016/10/7 - 21:51:52] Fady Saba has edited HouseID 423's Exterior.
[2016/10/7 - 21:51:55] Fady Saba has edited HouseID 424's Exterior.
[2016/10/7 - 21:51:57] Fady Saba has edited HouseID 425's Exterior.
[2016/10/7 - 21:52:1] Fady Saba has edited HouseID 408's Exterior.
[2016/10/7 - 21:52:3] Fady Saba has edited HouseID 438's Exterior.
[2016/10/7 - 21:52:7] Fady Saba has edited HouseID 404's Exterior.
[2016/10/7 - 21:52:33] Fady Saba has edited HouseID 36's Exterior.
[2016/10/7 - 21:52:36] Fady Saba has edited HouseID 397's Exterior.
[2016/10/7 - 21:52:39] Fady Saba has edited HouseID 439's Exterior.
[2016/10/7 - 21:54:47] Fady Saba has edited HouseID 480's Exterior.
[2016/10/7 - 21:55:2] Fady Saba has edited HouseID 479's Exterior.
[2016/10/7 - 21:55:27] Fady Saba has edited HouseID 478's Exterior.
[2016/10/7 - 21:57:12] Fady Saba has edited HouseID 496's Exterior.
[2016/10/7 - 21:57:29] Fady Saba has edited HouseID 395's Exterior.
[2016/10/7 - 21:58:2] Fady Saba has edited HouseID 2's Exterior.
[2016/10/7 - 21:58:2] Fady Saba has edited HouseID 1's Exterior.
[2016/10/7 - 21:58:7] Fady Saba has edited HouseID 493's Exterior.
[2016/10/7 - 21:58:16] Fady Saba has edited HouseID 491's Exterior.
[2016/10/7 - 21:58:29] Fady Saba has edited HouseID 439's Exterior.
[2016/10/7 - 21:58:37] Fady Saba has edited HouseID 438's Exterior.
[2016/10/7 - 22:1:34] Fady Saba has edited HouseID 36's Exterior.
[2016/10/7 - 22:2:20] Fady Saba has edited HouseID 397's Exterior.
[2016/10/7 - 22:2:42] Fady Saba has edited HouseID 397's Exterior.
[2016/10/7 - 22:3:14] Fady Saba has edited HouseID 404's Exterior.
[2016/10/7 - 22:3:41] Fady Saba has edited HouseID 408's Exterior.
[2016/10/7 - 22:4:8] Fady Saba has edited HouseID 422's Exterior.
[2016/10/7 - 22:8:9] Fady Saba has edited HouseID 422's Exterior.
[2016/10/7 - 22:8:55] Fady Saba has edited HouseID 423's Exterior.
[2016/10/7 - 22:9:3] Fady Saba has edited HouseID 424's Exterior.
[2016/10/7 - 22:9:12] Fady Saba has edited HouseID 425's Exterior.
[2016/10/7 - 22:10:36] Fady Saba has edited HouseID 377's Exterior.
[2016/10/7 - 22:10:39] Fady Saba has edited HouseID 376's Exterior.
[2016/10/7 - 22:10:41] Fady Saba has edited HouseID 374's Exterior.
[2016/10/7 - 22:10:44] Fady Saba has edited HouseID 375's Exterior.
[2016/10/7 - 22:10:49] Fady Saba has edited HouseID 460's Exterior.
[2016/10/7 - 22:10:52] Fady Saba has edited HouseID 459's Exterior.
[2016/10/7 - 22:11:10] Fady Saba has edited HouseID 484's Exterior.
[2016/10/7 - 22:11:10] Fady Saba has edited HouseID 380's Exterior.
[2016/10/7 - 22:11:10] Fady Saba has edited HouseID 373's Exterior.
[2016/10/7 - 22:11:58] Fady Saba has edited HouseID 495's Exterior.
[2016/10/7 - 22:12:2] Fady Saba has edited HouseID 486's Exterior.
[2016/10/7 - 22:12:5] Fady Saba has edited HouseID 378's Exterior.
[2016/10/7 - 22:12:12] Fady Saba has edited HouseID 383's Exterior.
[2016/10/7 - 22:12:42] Fady Saba has edited HouseID 454's Exterior.
[2016/10/7 - 22:12:48] Fady Saba has edited HouseID 443's Exterior.
[2016/10/7 - 22:13:57] Fady Saba has edited HouseID 386's Exterior.
[2016/10/7 - 22:13:58] Fady Saba has edited HouseID 385's Exterior.
[2016/10/7 - 22:14:1] Fady Saba has edited HouseID 386's Exterior.
[2016/10/7 - 22:14:4] Fady Saba has edited HouseID 419's Exterior.
[2016/10/7 - 22:14:6] Fady Saba has edited HouseID 473's Exterior.
[2016/10/7 - 22:14:10] Fady Saba has edited HouseID 461's Exterior.
[2016/10/7 - 22:14:46] Fady Saba has edited HouseID 396's Exterior.
[2016/10/7 - 22:17:3] Fady Saba has edited HouseID 377's Exterior.
[2016/10/7 - 22:19:8] Fady Saba has edited HouseID 376's Exterior.
[2016/10/7 - 22:19:18] Fady Saba has edited HouseID 375's Exterior.
[2016/10/7 - 22:19:29] Fady Saba has edited HouseID 374's Exterior.
[2016/10/7 - 22:19:46] Fady Saba has edited HouseID 372's Exterior.
[2016/10/7 - 22:20:2] Fady Saba has edited HouseID 386's Exterior.
[2016/10/7 - 22:20:20] Fady Saba has edited HouseID 396's Exterior.
[2016/10/7 - 22:20:31] Fady Saba has edited HouseID 419's Exterior.
[2016/10/7 - 22:21:8] Fady Saba has edited HouseID 443's Exterior.
[2016/10/7 - 22:21:19] Fady Saba has edited HouseID 454's Exterior.
[2016/10/7 - 22:21:29] Fady Saba has edited HouseID 459's Exterior.
[2016/10/7 - 22:21:50] Fady Saba has edited HouseID 460's Exterior.
[2016/10/7 - 22:22:44] Fady Saba has edited HouseID 461's Exterior.
[2016/10/7 - 22:22:54] Fady Saba has edited HouseID 473's Exterior.
[2016/10/7 - 22:23:19] Fady Saba has edited HouseID 484's Exterior.
[2016/10/7 - 22:23:31] Fady Saba has edited HouseID 486's Exterior.
[2016/10/7 - 22:23:50] Fady Saba has edited HouseID 495's Exterior.
[2016/10/7 - 22:26:11] Fady Saba has edited HouseID 373's Exterior.
[2016/10/7 - 22:26:23] Fady Saba has edited HouseID 378's Exterior.
[2016/10/7 - 22:26:32] Fady Saba has edited HouseID 380's Exterior.
[2016/10/7 - 22:27:3] Fady Saba has edited HouseID 373's Exterior.
[2016/10/7 - 22:27:11] Fady Saba has edited HouseID 378's Exterior.
[2016/10/7 - 22:27:31] Fady Saba has edited HouseID 385's Exterior.
[2016/10/7 - 22:27:44] Fady Saba has edited HouseID 383's Exterior.
[2016/10/7 - 22:29:32] Fady Saba has edited HouseID 385's Exterior.
[2016/10/7 - 22:31:3] Fady Saba has edited HouseID 385's Exterior.
[2016/10/7 - 22:31:41] Fady Saba has edited HouseID 373's Exterior.
[2016/10/7 - 22:34:15] Fady Saba has edited HouseID 385's Exterior.
[2016/10/7 - 22:34:30] Fady Saba has edited HouseID 385's Exterior.
[2016/10/7 - 22:34:32] Fady Saba has edited HouseID 385's Exterior.
[2016/10/7 - 22:45:8] Fady Saba has edited HouseID 440's Exterior.
[2016/10/7 - 22:45:40] Fady Saba has edited HouseID 402's Exterior.
[2016/10/7 - 22:45:46] Fady Saba has edited HouseID 402's Exterior.
[2016/10/8 - 1:29:50] PC Azarel has edited HouseID 303's Exterior.
[2016/10/8 - 1:30:48] PC Azarel has edited HouseID 303's Exterior.
[2016/10/8 - 1:30:52] PC Azarel has edited HouseID 303's Exterior.
[2016/10/8 - 1:31:3] PC Azarel has edited HouseID 303's Exterior.
[2016/10/8 - 1:31:3] PC Azarel has edited HouseID 303's Exterior.
[2016/10/8 - 1:31:3] PC Azarel has edited HouseID 303's Exterior.
[2016/10/8 - 1:32:47] PC Azarel has edited HouseID 400's Exterior.
[2016/10/8 - 1:32:52] PC Azarel has edited HouseID 303's Exterior.
[2016/10/8 - 1:32:56] PC Azarel has edited HouseID 251's Exterior.
[2016/10/8 - 1:33:2] PC Azarel has edited HouseID 188's Exterior.
[2016/10/8 - 1:37:0] PC Azarel has edited HouseID 177's Exterior.
[2016/10/8 - 1:37:13] PC Azarel has edited HouseID 177's Exterior.
[2016/10/8 - 1:37:31] PC Azarel has edited HouseID 177's Exterior.
[2016/10/8 - 1:37:31] PC Azarel has edited HouseID 177's Exterior.
[2016/10/8 - 1:37:31] PC Azarel has edited HouseID 177's Exterior.
[2016/10/8 - 3:54:14] Azarel Thawne has edited HouseID 252's Exterior.
[2016/10/8 - 3:54:24] Azarel Thawne has edited HouseID 252's Exterior.
[2016/10/8 - 3:54:26] Azarel Thawne has edited HouseID 252's Exterior.
[2016/10/8 - 3:54:27] Azarel Thawne has edited HouseID 252's Exterior.
[2016/10/8 - 3:54:36] Azarel Thawne has edited HouseID 252's Exterior.
[2016/10/8 - 3:55:25] Azarel Thawne has edited HouseID 252's Exterior.
[2016/10/8 - 3:55:30] Azarel Thawne has edited HouseID 252's Exterior.
[2016/10/8 - 3:55:57] Azarel Thawne has edited HouseID 652's Exterior.
[2016/10/8 - 3:56:6] Azarel Thawne has edited HouseID 252's Exterior.
[2016/10/8 - 3:56:17] Azarel Thawne has edited HouseID 252's Exterior.
[2016/10/8 - 3:56:20] Azarel Thawne has edited HouseID 252's Exterior.
[2016/10/8 - 3:56:22] Azarel Thawne has edited HouseID 252's Exterior.
[2016/10/8 - 3:56:23] Azarel Thawne has edited HouseID 252's Exterior.
[2016/10/8 - 6:44:34] Fady Saba has edited HouseID 211's Exterior.
[2016/10/8 - 6:44:50] Fady Saba has edited HouseID 402's Exterior.
[2016/10/8 - 6:45:17] Fady Saba has edited HouseID 211's Exterior.
[2016/10/8 - 6:50:28] Fady Saba has edited HouseID 367's Exterior.
[2016/10/8 - 7:13:56] Fady Saba has edited HouseID 440's Exterior.
[2016/10/8 - 8:19:33] Fady Saba has edited HouseID 317's Exterior.
[2016/10/8 - 16:31:0] Harvey Specter has edited HouseID 90's Interior.
[2016/10/8 - 16:37:1] Harvey Specter has edited HouseID 90's Interior.
[2016/10/8 - 16:38:25] Harvey Specter has edited HouseID 90's Interior.
[2016/10/8 - 16:42:15] Harvey Specter has edited HouseID 90's Interior.
[2016/10/8 - 16:54:36] Harvey Specter has edited HouseID 90's Interior.
[2016/10/8 - 16:55:41] Harvey Specter has edited HouseID 90's Custom Interior.
[2016/10/8 - 16:55:49] Harvey Specter has edited HouseID 90's Custom Interior.
[2016/10/8 - 16:55:55] Harvey Specter has edited HouseID 90's Custom Interior.
[2016/10/8 - 16:56:7] Harvey Specter has edited HouseID 9's Interior.
[2016/10/8 - 16:56:16] Harvey Specter has edited HouseID 90's Interior.
[2016/10/8 - 16:56:55] Harvey Specter has edited HouseID 90's Interior.
[2016/10/8 - 19:35:35] Fady Saba has edited HouseID 177's Exterior.
[2016/10/8 - 19:35:43] Fady Saba has edited HouseID 188's Exterior.
[2016/10/8 - 19:36:4] Fady Saba has edited HouseID 251's Exterior.
[2016/10/8 - 19:36:14] Fady Saba has edited HouseID 251's Exterior.
[2016/10/8 - 19:36:45] Fady Saba has edited HouseID 400's Exterior.
[2016/10/8 - 19:37:40] Fady Saba has edited HouseID 303's Exterior.
[2016/10/8 - 22:14:18] Azarel Thawne has edited HouseID 500's Exterior.
[2016/10/8 - 22:14:27] Azarel Thawne has edited HouseID 651's Exterior.
[2016/10/8 - 22:15:26] Azarel Thawne has edited HouseID 447's Exterior.
[2016/10/8 - 22:19:24] Azarel Thawne has edited HouseID 447's Exterior.
[2016/10/8 - 22:19:29] Azarel Thawne has edited HouseID 447's Exterior.
[2016/10/8 - 22:19:32] Azarel Thawne has edited HouseID 447's Exterior.
[2016/10/8 - 23:43:6] Fady Saba has edited HouseID 211's Exterior.
[2016/10/8 - 23:43:19] Fady Saba has edited HouseID 211's Exterior.
[2016/10/8 - 23:43:27] Fady Saba has edited HouseID 211's Exterior.
[2016/10/8 - 23:44:0] Fady Saba has edited HouseID 211's Exterior.
[2016/10/9 - 6:11:53] Fady Saba has edited HouseID 500's Exterior.
[2016/10/9 - 6:12:1] Fady Saba has edited HouseID 651's Exterior.
[2016/10/9 - 6:12:6] Fady Saba has edited HouseID 694's Exterior.
[2016/10/9 - 7:44:42] Fady Saba has edited HouseID 499's Interior.
[2016/10/9 - 7:44:47] Fady Saba has edited HouseID 487's Interior.
[2016/10/9 - 7:45:19] Fady Saba has edited HouseID 220's Interior.
[2016/10/9 - 7:56:40] Fady Saba has edited HouseID 469's Interior.
[2016/10/9 - 7:57:53] Fady Saba has edited HouseID 487's Interior.
[2016/10/9 - 7:57:58] Fady Saba has edited HouseID 498's Interior.
[2016/10/9 - 7:58:1] Fady Saba has edited HouseID 406's Interior.
[2016/10/9 - 7:58:3] Fady Saba has edited HouseID 407's Interior.
[2016/10/9 - 7:58:7] Fady Saba has edited HouseID 452's Interior.
[2016/10/9 - 7:58:8] Fady Saba has edited HouseID 453's Interior.
[2016/10/9 - 7:58:12] Fady Saba has edited HouseID 513's Interior.
[2016/10/9 - 7:58:14] Fady Saba has edited HouseID 520's Interior.
[2016/10/9 - 8:4:16] Fady Saba has edited HouseID 220's Interior.
[2016/10/9 - 16:49:35] Harvey Specter has edited HouseID 512's Exterior.
[2016/10/9 - 16:57:15] Harvey Specter has edited HouseID 514's Exterior.
[2016/10/9 - 20:42:23] Fady Saba has edited HouseID 440's Exterior.
[2016/10/9 - 22:14:18] Azarel has edited HouseID 199's Exterior.
[2016/10/9 - 22:14:22] Azarel has edited HouseID 199's Exterior.
[2016/10/9 - 22:14:31] Azarel has edited HouseID 199's Exterior.
[2016/10/10 - 4:2:51] Fady Saba has edited HouseID 220's Interior.
[2016/10/10 - 5:57:58] Fady Saba has edited HouseID 402's Exterior.
[2016/10/10 - 5:58:11] Fady Saba has edited HouseID 211's Exterior.
[2016/10/10 - 5:58:27] Fady Saba has edited HouseID 211's Exterior.
[2016/10/10 - 7:16:29] Fady Saba has edited HouseID 220's Interior.
[2016/10/11 - 3:0:55] Harvey Specter has edited HouseID 105's Interior.
[2016/10/11 - 3:29:58] Mia Stone has edited HouseID 305's Exterior.
[2016/10/11 - 4:0:2] Nicolas Guevara has edited HouseID 100000's Price to $.
[2016/10/11 - 4:0:17] Nicolas Guevara has edited HouseID 4's Level to 305.
[2016/10/11 - 4:0:45] Nicolas Guevara has edited HouseID 305's Level to 4.
[2016/10/11 - 4:1:11] Nicolas Guevara has edited HouseID 305's Interior.
[2016/10/11 - 4:1:52] Nicolas Guevara has edited HouseID 305's Interior.
[2016/10/11 - 4:2:3] Nicolas Guevara has edited HouseID 305's Interior.
[2016/10/11 - 4:6:39] Mia Stone has edited HouseID 305's Interior.
[2016/10/11 - 4:26:31] Nicolas Guevara has edited HouseID 1000000's Price to $.
[2016/10/11 - 4:26:49] Nicolas Guevara has edited HouseID 100000's Price to $.
[2016/10/11 - 4:41:41] Nicolas Guevara has edited HouseID 1500000's Price to $.
[2016/10/11 - 4:42:0] Nicolas Guevara has edited HouseID 200000's Price to $.
[2016/10/11 - 8:9:39] Nicolas Guevara has edited HouseID 1's Price to $.
[2016/10/11 - 8:10:3] Nicolas Guevara has edited HouseID 200000's Price to $.
[2016/10/11 - 9:16:38] Nicolas Guevara has edited HouseID 681's Level to 3.
[2016/10/11 - 9:16:41] Nicolas Guevara has edited HouseID 681's Level to 2.
[2016/10/11 - 9:16:53] Nicolas Guevara has edited HouseID 90000's Price to $.
[2016/10/11 - 9:17:21] Nicolas Guevara has edited HouseID 100000's Price to $.
[2016/10/11 - 9:19:17] Nicolas Guevara has edited HouseID 681's Exterior.
[2016/10/11 - 9:19:19] Nicolas Guevara has edited HouseID 681's Exterior.
[2016/10/11 - 9:23:4] Nicolas Guevara has edited HouseID 681's Exterior.
[2016/10/11 - 9:23:7] Nicolas Guevara has edited HouseID 681's Exterior.
[2016/10/11 - 9:23:12] Nicolas Guevara has edited HouseID 681's Exterior.
[2016/10/11 - 9:24:53] Nicolas Guevara has edited HouseID 695's Exterior.
[2016/10/11 - 9:25:3] Nicolas Guevara has edited HouseID 695's Exterior.
[2016/10/11 - 9:29:49] Nicolas Guevara has edited HouseID 681's Exterior.
[2016/10/11 - 20:9:7] Nicolas Guevara has edited HouseID 771's Exterior.
[2016/10/11 - 20:9:11] Nicolas Guevara has edited HouseID 771's Exterior.
[2016/10/11 - 20:9:47] Nicolas Guevara has edited HouseID 771's Exterior.
[2016/10/11 - 20:9:54] Nicolas Guevara has edited HouseID 771's Exterior.
[2016/10/11 - 20:10:28] Nicolas Guevara has edited HouseID 771's Level to 5.
[2016/10/11 - 20:10:30] Nicolas Guevara has edited HouseID 771's Level to 7.
[2016/10/11 - 20:10:40] Nicolas Guevara has edited HouseID 500000's Price to $.
[2016/10/11 - 20:12:53] Nicolas Guevara has edited HouseID 773's Custom Interior.
[2016/10/11 - 20:13:56] Nicolas Guevara has edited HouseID 773's Exterior.
[2016/10/11 - 20:15:21] Nicolas Guevara has edited HouseID 773's Exterior.
[2016/10/11 - 20:15:59] Nicolas Guevara has edited HouseID 773's Exterior.
[2016/10/11 - 20:19:50] Nicolas Guevara has edited HouseID 771's Exterior.
[2016/10/11 - 20:20:12] Nicolas Guevara has edited HouseID 771's Level to 5.
[2016/10/11 - 20:20:24] Nicolas Guevara has edited HouseID 300000's Price to $.
[2016/10/11 - 20:20:38] Nicolas Guevara has edited HouseID 773's Exterior.
[2016/10/11 - 20:20:51] Nicolas Guevara has edited HouseID 773's Level to 7.
[2016/10/11 - 20:21:9] Nicolas Guevara has edited HouseID 1's Price to $.
[2016/10/11 - 20:21:16] Nicolas Guevara has edited HouseID 500000's Price to $.
[2016/10/12 - 5:54:17] Nicolas Guevara has edited HouseID 773's Exterior.
[2016/10/12 - 5:56:41] Nicolas Guevara has edited HouseID 305's Exterior.
[2016/10/12 - 6:0:26] Nicolas Guevara has edited HouseID 773's Exterior.
[2016/10/12 - 6:3:26] Nicolas Guevara has edited HouseID 771's Exterior.
[2016/10/12 - 6:4:34] Nicolas Guevara has edited HouseID 681's Exterior.
[2016/10/12 - 6:5:40] Nicolas Guevara has edited HouseID 771's Exterior.
[2016/10/12 - 6:18:58] Nicolas Guevara has edited HouseID 681's Exterior.
[2016/10/12 - 6:20:21] Nicolas Guevara has edited HouseID 681's Exterior.
[2016/10/12 - 6:21:54] Nicolas Guevara has edited HouseID 681's Exterior.
[2016/10/14 - 4:58:40] Fady Saba has edited HouseID 309's Interior.
[2016/10/15 - 21:44:19] Nicolas Guevara has edited HouseID 3000000's Price to $.
[2016/10/15 - 21:44:24] Nicolas Guevara has edited HouseID 2000000's Price to $.
[2016/10/15 - 21:44:31] Nicolas Guevara has edited HouseID 200000's Price to $.
[2016/10/15 - 22:28:51] Fady Saba has edited HouseID 205's Interior.
[2016/10/15 - 22:31:50] Fady Saba has edited HouseID 402's Interior.
[2016/10/16 - 2:46:0] Fady Saba has edited HouseID 402's Interior.
[2016/10/16 - 2:46:17] Fady Saba has edited HouseID 211's Interior.
[2016/10/16 - 4:29:13] Nicolas Guevara has edited HouseID 2000000's Price to $.
[2016/10/16 - 4:29:18] Nicolas Guevara has edited HouseID 200000's Price to $.
[2016/10/16 - 6:39:51] Fady Saba has edited HouseID 199's Exterior.
[2016/10/16 - 9:0:58] Nicolas Guevara has edited HouseID 774's Exterior.
[2016/10/16 - 9:1:10] Nicolas Guevara has edited HouseID 1's Price to $.
[2016/10/16 - 9:1:20] Nicolas Guevara has edited HouseID 774's Level to 1.
[2016/10/16 - 9:1:37] Nicolas Guevara has edited HouseID 774's Exterior.
[2016/10/16 - 9:3:44] Nicolas Guevara has edited HouseID 774's Exterior.
[2016/10/16 - 9:4:10] Nicolas Guevara has edited HouseID 774's Exterior.
[2016/10/16 - 9:4:33] Nicolas Guevara has edited HouseID 774's Exterior.
[2016/10/16 - 9:4:41] Nicolas Guevara has edited HouseID 774's Exterior.
[2016/10/16 - 9:5:30] Nicolas Guevara has edited HouseID 774's Exterior.
[2016/10/16 - 9:6:29] Nicolas Guevara has edited HouseID 774's Exterior.
[2016/10/16 - 9:6:49] Nicolas Guevara has edited HouseID 774's Exterior.
[2016/10/16 - 9:7:25] Nicolas Guevara has edited HouseID 1's Price to $.
[2016/10/16 - 9:7:44] Nicolas Guevara has edited HouseID 305's Level to 8.
[2016/10/16 - 9:8:6] Nicolas Guevara has edited HouseID 500000's Price to $.
[2016/10/16 - 9:8:20] Nicolas Guevara has edited HouseID 1's Price to $.
[2016/10/16 - 9:9:42] Nicolas Guevara has edited HouseID 500000's Price to $.
[2016/10/16 - 19:45:9] Fady Saba has edited HouseID 439's Interior.
[2016/10/17 - 1:27:30] Fady Saba has edited HouseID 438's Interior.
[2016/10/17 - 18:42:30] Fady Saba has edited HouseID 278's Exterior.
[2016/10/17 - 18:42:48] Fady Saba has edited HouseID 700's Exterior.
[2016/10/17 - 18:43:2] Fady Saba has edited HouseID 699's Exterior.
[2016/10/17 - 18:43:12] Fady Saba has edited HouseID 698's Exterior.
[2016/10/17 - 18:43:19] Fady Saba has edited HouseID 697's Exterior.
[2016/10/17 - 18:43:28] Fady Saba has edited HouseID 696's Exterior.
[2016/10/17 - 18:43:37] Fady Saba has edited HouseID 695's Exterior.
[2016/10/17 - 18:43:49] Fady Saba has edited HouseID 694's Exterior.
[2016/10/17 - 18:43:53] Fady Saba has edited HouseID 693's Exterior.
[2016/10/17 - 18:44:1] Fady Saba has edited HouseID 692's Exterior.
[2016/10/17 - 18:44:8] Fady Saba has edited HouseID 691's Exterior.
[2016/10/17 - 18:44:14] Fady Saba has edited HouseID 690's Exterior.
[2016/10/17 - 18:44:26] Fady Saba has edited HouseID 689's Exterior.
[2016/10/17 - 18:44:35] Fady Saba has edited HouseID 688's Exterior.
[2016/10/17 - 18:45:29] Fady Saba has edited HouseID 686's Exterior.
[2016/10/17 - 18:45:38] Fady Saba has edited HouseID 685's Exterior.
[2016/10/17 - 18:45:44] Fady Saba has edited HouseID 684's Exterior.
[2016/10/17 - 18:45:49] Fady Saba has edited HouseID 683's Exterior.
[2016/10/17 - 18:45:54] Fady Saba has edited HouseID 682's Exterior.
[2016/10/17 - 18:46:0] Fady Saba has edited HouseID 681's Exterior.
[2016/10/17 - 18:46:5] Fady Saba has edited HouseID 680's Exterior.
[2016/10/18 - 1:3:36] Nicolas Guevara has edited HouseID 654's Exterior.
[2016/10/18 - 1:4:3] Nicolas Guevara has edited HouseID 1's Price to $.
[2016/10/18 - 1:4:25] Nicolas Guevara has edited HouseID 500000's Price to $.
[2016/10/18 - 7:26:15] Nicolas Guevara has edited HouseID 305's Exterior.
[2016/10/18 - 7:26:58] Fady Saba has edited HouseID 402's Exterior.
[2016/10/18 - 7:28:30] Nicolas Guevara has edited HouseID 305's Exterior.
[2016/10/18 - 7:33:10] Fady Saba has edited HouseID 402's Exterior.
[2016/10/18 - 7:37:56] Nicolas Guevara has edited HouseID 532's Exterior.
[2016/10/18 - 7:38:7] Nicolas Guevara has edited HouseID 10000's Price to $.
[2016/10/18 - 7:38:35] Nicolas Guevara has edited HouseID 532's Level to 1000.
[2016/10/18 - 7:43:9] Nicolas Guevara has edited HouseID 532's Level to 1.
[2016/10/18 - 7:43:16] Nicolas Guevara has edited HouseID 532's Level to 1000.
[2016/10/18 - 7:43:25] Nicolas Guevara has edited HouseID 532's Level to 1.
[2016/10/18 - 7:43:44] Nicolas Guevara has edited HouseID 1000000000's Price to $.
[2016/10/18 - 7:44:3] Nicolas Guevara has edited HouseID 10000's Price to $.
[2016/10/18 - 7:46:24] Nicolas Guevara has edited HouseID 750's Exterior.
[2016/10/18 - 7:46:59] Nicolas Guevara has edited HouseID 760's Exterior.
[2016/10/18 - 7:47:22] Nicolas Guevara has edited HouseID 1's Price to $.
[2016/10/18 - 7:47:35] Nicolas Guevara has edited HouseID 760's Level to 1000.
[2016/10/18 - 7:49:13] Nicolas Guevara has edited HouseID 1's Price to $.
[2016/10/18 - 7:49:18] Nicolas Guevara has edited HouseID 750's Level to 1.
[2016/10/18 - 7:49:22] Nicolas Guevara has edited HouseID 750's Level to 1000.
[2016/10/18 - 7:51:44] Nicolas Guevara has edited HouseID 778's Exterior.
[2016/10/18 - 7:52:5] Nicolas Guevara has edited HouseID 771's Exterior.
[2016/10/18 - 7:52:33] Nicolas Guevara has edited HouseID 772's Exterior.
[2016/10/18 - 7:52:39] Nicolas Guevara has edited HouseID 773's Exterior.
[2016/10/18 - 7:52:48] Nicolas Guevara has edited HouseID 774's Exterior.
[2016/10/18 - 7:54:0] Fady Saba has edited HouseID 690's Exterior.
[2016/10/18 - 7:54:39] Nicolas Guevara has edited HouseID 690's Exterior.
[2016/10/18 - 7:54:41] Fady Saba has edited HouseID 690's Interior.
[2016/10/18 - 7:59:7] Fady Saba has edited HouseID 532's Interior.
[2016/10/18 - 7:59:37] Fady Saba has edited HouseID 680's Exterior.
[2016/10/18 - 7:59:51] Fady Saba has edited HouseID 680's Exterior.
[2016/10/18 - 8:0:1] Fady Saba has edited HouseID 532's Exterior.
[2016/10/18 - 8:0:6] Nicolas Guevara has edited HouseID 774's Exterior.
[2016/10/18 - 8:1:5] Fady Saba has edited HouseID 681's Interior.
[2016/10/18 - 8:2:21] Fady Saba has edited HouseID 682's Interior.
[2016/10/18 - 8:6:28] Fady Saba has edited HouseID 683's Interior.
[2016/10/18 - 8:51:36] Nicolas Guevara has edited HouseID 1350000's Price to $.
[2016/10/18 - 18:4:25] Nicolas Guevara has edited HouseID 6's Exterior.
[2016/10/18 - 18:4:37] Nicolas Guevara has edited HouseID 6's Exterior.
[2016/10/18 - 18:17:2] Nicolas Guevara has edited HouseID 29's Exterior.
[2016/10/18 - 18:21:2] Nicolas Guevara has edited HouseID 47's Exterior.
[2016/10/18 - 18:21:8] Nicolas Guevara has edited HouseID 47's Exterior.
[2016/10/18 - 18:27:8] Nicolas Guevara has edited HouseID 105's Exterior.
[2016/10/18 - 18:40:10] Nicolas Guevara has edited HouseID 129's Exterior.
[2016/10/18 - 18:40:39] Nicolas Guevara has edited HouseID 139's Exterior.
[2016/10/18 - 18:40:50] Nicolas Guevara has edited HouseID 139's Exterior.
[2016/10/18 - 18:41:40] Nicolas Guevara has edited HouseID 139's Exterior.
[2016/10/18 - 18:42:11] Nicolas Guevara has edited HouseID 129's Exterior.
[2016/10/18 - 18:43:12] Nicolas Guevara has edited HouseID 129's Exterior.
[2016/10/18 - 19:19:22] Nicolas Guevara has edited HouseID 228's Exterior.
[2016/10/18 - 19:24:11] Nicolas Guevara has edited HouseID 238's Exterior.
[2016/10/18 - 19:28:0] Nicolas Guevara has edited HouseID 252's Exterior.
[2016/10/18 - 19:28:31] Nicolas Guevara has edited HouseID 252's Exterior.
[2016/10/18 - 19:29:58] Nicolas Guevara has edited HouseID 254's Exterior.
[2016/10/18 - 19:37:54] Nicolas Guevara has edited HouseID 261's Exterior.
[2016/10/18 - 19:43:34] Nicolas Guevara has edited HouseID 263's Exterior.
[2016/10/18 - 19:47:37] Nicolas Guevara has edited HouseID 267's Exterior.
[2016/10/18 - 19:52:20] Nicolas Guevara has edited HouseID 272's Exterior.
[2016/10/18 - 19:53:37] Nicolas Guevara has edited HouseID 276's Exterior.
[2016/10/18 - 19:54:58] Nicolas Guevara has edited HouseID 276's Exterior.
[2016/10/18 - 19:55:3] Nicolas Guevara has edited HouseID 276's Exterior.
[2016/10/18 - 19:55:6] Nicolas Guevara has edited HouseID 276's Exterior.
[2016/10/18 - 19:56:57] Nicolas Guevara has edited HouseID 277's Exterior.
[2016/10/18 - 20:0:1] Nicolas Guevara has edited HouseID 280's Exterior.
[2016/10/18 - 20:1:28] Nicolas Guevara has edited HouseID 280's Exterior.
[2016/10/18 - 20:3:22] Nicolas Guevara has edited HouseID 281's Exterior.
[2016/10/18 - 20:3:53] Nicolas Guevara has edited HouseID 277's Exterior.
[2016/10/18 - 20:3:59] Nicolas Guevara has edited HouseID 277's Exterior.
[2016/10/18 - 20:4:16] Nicolas Guevara has edited HouseID 261's Exterior.
[2016/10/18 - 20:4:22] Nicolas Guevara has edited HouseID 261's Exterior.
[2016/10/18 - 20:8:26] Nicolas Guevara has edited HouseID 288's Exterior.
[2016/10/18 - 20:11:39] Nicolas Guevara has edited HouseID 289's Exterior.
[2016/10/18 - 20:12:26] Nicolas Guevara has edited HouseID 289's Exterior.
[2016/10/18 - 20:13:39] Nicolas Guevara has edited HouseID 290's Exterior.
[2016/10/18 - 20:14:36] Nicolas Guevara has edited HouseID 290's Exterior.
[2016/10/18 - 20:17:4] Nicolas Guevara has edited HouseID 298's Exterior.
[2016/10/18 - 20:17:50] Nicolas Guevara has edited HouseID 298's Exterior.
[2016/10/18 - 20:43:28] Nicolas Guevara has edited HouseID 321's Exterior.
[2016/10/18 - 20:44:29] Nicolas Guevara has edited HouseID 321's Exterior.
[2016/10/18 - 20:45:43] Nicolas Guevara has edited HouseID 322's Exterior.
[2016/10/18 - 20:46:35] Nicolas Guevara has edited HouseID 322's Exterior.
[2016/10/18 - 20:47:29] Nicolas Guevara has edited HouseID 323's Exterior.
[2016/10/18 - 20:47:42] Nicolas Guevara has edited HouseID 323's Exterior.
[2016/10/18 - 20:48:57] Nicolas Guevara has edited HouseID 324's Exterior.
[2016/10/18 - 20:49:15] Nicolas Guevara has edited HouseID 324's Exterior.
[2016/10/18 - 20:50:17] Nicolas Guevara has edited HouseID 325's Exterior.
[2016/10/18 - 20:50:20] Nicolas Guevara has edited HouseID 326's Exterior.
[2016/10/18 - 20:50:23] Nicolas Guevara has edited HouseID 327's Exterior.
[2016/10/18 - 20:50:26] Nicolas Guevara has edited HouseID 328's Exterior.
[2016/10/18 - 20:50:29] Nicolas Guevara has edited HouseID 329's Exterior.
[2016/10/18 - 20:51:42] Nicolas Guevara has edited HouseID 329's Exterior.
[2016/10/18 - 20:51:58] Nicolas Guevara has edited HouseID 325's Exterior.
[2016/10/18 - 20:52:2] Nicolas Guevara has edited HouseID 326's Exterior.
[2016/10/18 - 20:52:6] Nicolas Guevara has edited HouseID 327's Exterior.
[2016/10/18 - 20:52:9] Nicolas Guevara has edited HouseID 328's Exterior.
[2016/10/18 - 20:54:4] Nicolas Guevara has edited HouseID 342's Exterior.
[2016/10/18 - 20:54:9] Nicolas Guevara has edited HouseID 107's Exterior.
[2016/10/18 - 20:57:39] Nicolas Guevara has edited HouseID 341's Exterior.
[2016/10/18 - 20:58:22] Nicolas Guevara has edited HouseID 341's Exterior.
[2016/10/18 - 20:58:26] Nicolas Guevara has edited HouseID 341's Exterior.
[2016/10/18 - 21:0:10] Nicolas Guevara has edited HouseID 355's Exterior.
[2016/10/18 - 21:1:52] Nicolas Guevara has edited HouseID 359's Exterior.
[2016/10/18 - 21:3:19] Nicolas Guevara has edited HouseID 366's Exterior.
[2016/10/18 - 21:3:52] Nicolas Guevara has edited HouseID 366's Exterior.
[2016/10/18 - 21:6:8] Nicolas Guevara has edited HouseID 367's Exterior.
[2016/10/18 - 21:6:40] Nicolas Guevara has edited HouseID 368's Exterior.
[2016/10/18 - 21:7:29] Nicolas Guevara has edited HouseID 368's Exterior.
[2016/10/18 - 22:56:7] Fady Saba has edited HouseID 424's Interior.
[2016/10/21 - 19:11:49] Harvey Specter has edited HouseID 425's Interior.
[2016/10/22 - 4:27:48] Fady Saba has edited HouseID 306's Exterior.
[2016/10/22 - 18:51:37] Fady Saba has edited HouseID 174's Interior.
[2016/10/23 - 4:15:51] Fady Saba has edited HouseID 376's Exterior.
[2016/10/23 - 4:18:57] Fady Saba has edited HouseID 376's Interior.
[2016/10/23 - 6:32:57] Fady Saba has edited HouseID 427's Interior.
[2016/10/23 - 19:35:28] Fady Saba has edited HouseID 191's Interior.
[2016/10/23 - 19:59:8] Fady Saba has edited HouseID 760's Exterior.
[2016/10/23 - 19:59:11] Fady Saba has edited HouseID 760's Exterior.
[2016/10/23 - 19:59:18] Fady Saba has edited HouseID 771's Exterior.
[2016/10/23 - 19:59:21] Fady Saba has edited HouseID 772's Exterior.
[2016/10/23 - 19:59:23] Fady Saba has edited HouseID 773's Exterior.
[2016/10/23 - 19:59:27] Fady Saba has edited HouseID 778's Exterior.
[2016/10/23 - 19:59:31] Fady Saba has edited HouseID 778's Exterior.
[2016/10/23 - 19:59:47] Fady Saba has edited HouseID 750's Exterior.
[2016/10/23 - 20:0:11] Fady Saba has edited HouseID 690's Exterior.
[2016/10/23 - 20:0:13] Fady Saba has edited HouseID 691's Exterior.
[2016/10/23 - 20:0:14] Fady Saba has edited HouseID 692's Exterior.
[2016/10/23 - 20:0:15] Fady Saba has edited HouseID 693's Exterior.
[2016/10/23 - 20:0:16] Fady Saba has edited HouseID 694's Exterior.
[2016/10/23 - 20:0:17] Fady Saba has edited HouseID 695's Exterior.
[2016/10/23 - 20:0:18] Fady Saba has edited HouseID 696's Exterior.
[2016/10/23 - 20:0:20] Fady Saba has edited HouseID 697's Exterior.
[2016/10/23 - 20:0:22] Fady Saba has edited HouseID 69's Exterior.
[2016/10/23 - 20:0:26] Fady Saba has edited HouseID 69's Exterior.
[2016/10/23 - 20:0:40] Fady Saba has edited HouseID 698's Exterior.
[2016/10/23 - 20:0:43] Fady Saba has edited HouseID 699's Exterior.
[2016/10/23 - 20:0:59] Fady Saba has edited HouseID 690's Exterior.
[2016/10/23 - 20:1:11] Fady Saba has edited HouseID 69's Exterior.
[2016/10/23 - 20:2:13] Fady Saba has edited HouseID 700's Exterior.
[2016/10/23 - 20:2:15] Fady Saba has edited HouseID 701's Exterior.
[2016/10/23 - 20:2:16] Fady Saba has edited HouseID 702's Exterior.
[2016/10/23 - 20:2:17] Fady Saba has edited HouseID 703's Exterior.
[2016/10/23 - 20:2:24] Fady Saba has edited HouseID 689's Exterior.
[2016/10/23 - 20:2:28] Fady Saba has edited HouseID 278's Exterior.
[2016/10/23 - 20:2:30] Fady Saba has edited HouseID 704's Exterior.
[2016/10/23 - 20:2:32] Fady Saba has edited HouseID 705's Exterior.
[2016/10/23 - 20:2:35] Fady Saba has edited HouseID 706's Exterior.
[2016/10/23 - 20:3:12] Fady Saba has edited HouseID 689's Exterior.
[2016/10/23 - 20:3:14] Fady Saba has edited HouseID 688's Exterior.
[2016/10/23 - 20:3:15] Fady Saba has edited HouseID 687's Exterior.
[2016/10/23 - 20:3:18] Fady Saba has edited HouseID 686's Exterior.
[2016/10/23 - 20:3:19] Fady Saba has edited HouseID 685's Exterior.
[2016/10/23 - 20:3:20] Fady Saba has edited HouseID 684's Exterior.
[2016/10/23 - 20:3:22] Fady Saba has edited HouseID 683's Exterior.
[2016/10/23 - 20:3:23] Fady Saba has edited HouseID 682's Exterior.
[2016/10/23 - 20:3:24] Fady Saba has edited HouseID 681's Exterior.
[2016/10/23 - 20:3:26] Fady Saba has edited HouseID 680's Exterior.
[2016/10/23 - 20:3:31] Fady Saba has edited HouseID 679's Exterior.
[2016/10/25 - 2:11:21] Klaus MacTavish has edited HouseID 69's Exterior.
[2016/10/25 - 2:11:27] Klaus MacTavish has edited HouseID 778's Exterior.
[2016/10/25 - 2:11:30] Klaus MacTavish has edited HouseID 778's Exterior.
[2016/10/25 - 2:11:34] Klaus MacTavish has edited HouseID 778's Exterior.
[2016/10/25 - 2:11:52] Klaus MacTavish has edited HouseID 778's Exterior.
[2016/10/25 - 2:12:4] Klaus MacTavish has edited HouseID 773's Exterior.
[2016/10/25 - 2:12:6] Klaus MacTavish has edited HouseID 772's Exterior.
[2016/10/25 - 2:12:17] Klaus MacTavish has edited HouseID 771's Exterior.
[2016/10/25 - 2:12:19] Klaus MacTavish has edited HouseID 760's Exterior.
[2016/10/25 - 2:12:21] Klaus MacTavish has edited HouseID 750's Exterior.
[2016/10/25 - 2:12:32] Klaus MacTavish has edited HouseID 706's Exterior.
[2016/10/25 - 2:12:34] Klaus MacTavish has edited HouseID 705's Exterior.
[2016/10/25 - 2:12:36] Klaus MacTavish has edited HouseID 704's Exterior.
[2016/10/25 - 2:12:37] Klaus MacTavish has edited HouseID 703's Exterior.
[2016/10/25 - 2:12:39] Klaus MacTavish has edited HouseID 702's Exterior.
[2016/10/25 - 2:12:41] Klaus MacTavish has edited HouseID 701's Exterior.
[2016/10/25 - 2:12:59] Klaus MacTavish has edited HouseID 700's Exterior.
[2016/10/25 - 2:13:4] Klaus MacTavish has edited HouseID 699's Exterior.
[2016/10/25 - 2:13:17] Klaus MacTavish has edited HouseID 698's Exterior.
[2016/10/25 - 2:13:18] Klaus MacTavish has edited HouseID 697's Exterior.
[2016/10/25 - 2:13:20] Klaus MacTavish has edited HouseID 696's Exterior.
[2016/10/25 - 2:13:21] Klaus MacTavish has edited HouseID 695's Exterior.
[2016/10/25 - 2:13:22] Klaus MacTavish has edited HouseID 694's Exterior.
[2016/10/25 - 2:13:24] Klaus MacTavish has edited HouseID 693's Exterior.
[2016/10/25 - 2:13:26] Klaus MacTavish has edited HouseID 692's Exterior.
[2016/10/25 - 2:13:31] Klaus MacTavish has edited HouseID 691's Exterior.
[2016/10/25 - 2:13:33] Klaus MacTavish has edited HouseID 690's Exterior.
[2016/10/25 - 2:13:59] Klaus MacTavish has edited HouseID 689's Exterior.
[2016/10/25 - 2:14:0] Klaus MacTavish has edited HouseID 688's Exterior.
[2016/10/25 - 2:14:2] Klaus MacTavish has edited HouseID 687's Exterior.
[2016/10/25 - 2:14:4] Klaus MacTavish has edited HouseID 686's Exterior.
[2016/10/25 - 2:14:6] Klaus MacTavish has edited HouseID 685's Exterior.
[2016/10/25 - 2:14:8] Klaus MacTavish has edited HouseID 684's Exterior.
[2016/10/25 - 2:14:9] Klaus MacTavish has edited HouseID 683's Exterior.
[2016/10/25 - 2:14:11] Klaus MacTavish has edited HouseID 682's Exterior.
[2016/10/25 - 2:14:12] Klaus MacTavish has edited HouseID 681's Exterior.
[2016/10/25 - 2:14:14] Klaus MacTavish has edited HouseID 680's Exterior.
[2016/10/25 - 2:14:40] Klaus MacTavish has edited HouseID 679's Exterior.
[2016/10/25 - 2:14:43] Klaus MacTavish has edited HouseID 278's Exterior.
[2016/10/25 - 2:14:46] Klaus MacTavish has edited HouseID 69's Exterior.
[2016/10/25 - 17:3:12] Klaus MacTavish has edited HouseID 653's Exterior.
[2016/10/26 - 8:17:12] Nicolas Guevara has edited HouseID 305's Exterior.
[2016/10/26 - 8:17:17] Nicolas Guevara has edited HouseID 305's Exterior.
[2016/10/26 - 8:19:57] Nicolas Guevara has edited HouseID 1's Level to 1.
[2016/10/26 - 8:20:9] Nicolas Guevara has edited HouseID 2's Level to 2.
[2016/10/26 - 8:20:20] Nicolas Guevara has edited HouseID 2's Level to 2.
[2016/10/26 - 8:55:28] Nicolas Guevara has edited HouseID 31's Exterior.
[2016/10/26 - 9:1:25] Nicolas Guevara has edited HouseID 290's Exterior.
[2016/10/26 - 9:1:30] Nicolas Guevara has edited HouseID 290's Exterior.
[2016/10/26 - 9:1:34] Nicolas Guevara has edited HouseID 290's Exterior.
[2016/10/26 - 9:2:23] Nicolas Guevara has edited HouseID 440's Exterior.
[2016/10/26 - 9:3:35] Nicolas Guevara has edited HouseID 230's Exterior.
[2016/10/26 - 9:8:27] Nicolas Guevara has edited HouseID 290's Exterior.
[2016/10/26 - 9:9:20] Nicolas Guevara has edited HouseID 272's Exterior.
[2016/10/26 - 9:10:25] Nicolas Guevara has edited HouseID 272's Exterior.
[2016/10/26 - 9:11:17] Nicolas Guevara has edited HouseID 359's Exterior.
[2016/10/26 - 20:31:46] Nicolas Guevara has edited HouseID 305's Exterior.
[2016/10/26 - 20:31:48] Nicolas Guevara has edited HouseID 305's Exterior.
[2016/10/28 - 6:49:29] Nicolas Guevara has edited HouseID 446's Exterior.
[2016/10/28 - 6:49:31] Nicolas Guevara has edited HouseID 446's Exterior.
[2016/10/28 - 7:28:12] Nicolas Guevara has edited HouseID 282's Exterior.
[2016/10/28 - 7:28:29] Nicolas Guevara has edited HouseID 57's Exterior.
[2016/10/28 - 7:46:3] Nicolas Guevara has edited HouseID 57's Exterior.
[2016/10/28 - 7:46:42] Nicolas Guevara has edited HouseID 290's Exterior.
[2016/10/28 - 7:46:49] Nicolas Guevara has edited HouseID 290's Exterior.
[2016/10/30 - 19:26:4] Nicolas Guevara has edited HouseID 379's Exterior.
[2016/10/30 - 19:26:32] Nicolas Guevara has edited HouseID 281's Exterior.
[2016/10/30 - 19:27:51] Nicolas Guevara has edited HouseID 281's Exterior.
[2016/10/30 - 19:36:39] Nicolas Guevara has edited HouseID 422's Exterior.
[2016/10/30 - 19:37:6] Nicolas Guevara has edited HouseID 281's Exterior.
[2016/10/30 - 19:37:11] Nicolas Guevara has edited HouseID 281's Exterior.
[2016/10/31 - 0:8:12] Nicolas Guevara has edited HouseID 200's Exterior.
[2016/10/31 - 5:32:49] Nicolas Guevara has edited HouseID 359's Exterior.
[2016/10/31 - 5:55:20] Nicolas Guevara has edited HouseID 298's Exterior.
[2016/10/31 - 5:55:53] Nicolas Guevara has edited HouseID 289's Exterior.
[2016/10/31 - 5:55:56] Nicolas Guevara has edited HouseID 289's Exterior.
[2016/10/31 - 5:56:59] Nicolas Guevara has edited HouseID 289's Exterior.
[2016/10/31 - 6:1:3] Nicolas Guevara has edited HouseID 305's Exterior.
[2016/10/31 - 6:2:43] Nicolas Guevara has edited HouseID 359's Exterior.
[2016/10/31 - 6:2:48] Nicolas Guevara has edited HouseID 359's Exterior.
