[2014/10/11 - 12:20:20] Stil Marley asignó lider de ayudantes a Tony Zill.
[2014/11/5 - 12:11:31] Tony Zill asignó ayudante a Tony Zill.
[2016/3/8 - 20:59:41] Benjamin Alastre asignó ayudante a Benjamin Alastre.
[2016/8/2 - 12:35:14] Benjamin Alastre asignó ayudante a Benjamin Alastre.
[2016/8/2 - 13:37:53] Benjamin Alastre asignó ayudante a Benjamin Alastre.
[2016/8/2 - 17:27:57] Benjamin Alastre asignó ayudante a Benjamin Alastre.
[2016/8/2 - 19:36:55] Benjamin Alastre asignó ayudante a Benjamin Alastre.
[2016/8/4 - 15:37:7] Benjamin Alastre asignó ayudante a Benjamin Alastre.
[2016/10/5 - 16:27:19] Abdul AlBergha asignó ayudante a John MacTavish.
[2016/10/5 - 16:27:27] Abdul AlBergha asignó lider de ayudantes a John MacTavish.
[2016/10/7 - 19:13:27] Azarel Thawne asignó ayudante a Azarel Thawne.
[2016/10/9 - 18:52:38] Azarel Thawne asignó lider de ayudantes a Azarel Thawne.
[2016/10/10 - 3:32:39] Takeshi asignó ayudante a Jaider Rico.
[2016/10/10 - 20:6:44] Azarel Thawne asignó lider de ayudantes a Juan Soriano.
[2016/10/10 - 20:6:57] Juan Soriano asignó ayudante a Daniel Tille.
[2016/10/12 - 1:27:47] Juan Soriano asignó ayudante a Bart Mcarny.
[2016/10/12 - 2:41:28] Juan Soriano asignó ayudante a Ernesto Beltran.
[2016/10/12 - 19:22:36] Joaco DeAvila asignó ayudante a Juanjo Jimenez.
[2016/10/12 - 19:22:39] Joaco DeAvila asignó ayudante a Juanjo Jimenez.
[2016/10/13 - 22:21:21] Joaco DeAvila asignó lider de ayudantes a Joaco DeAvila.
[2016/10/15 - 22:7:28] Juan Soriano asignó ayudante a Jeii Calore.
[2016/10/17 - 19:19:7] Juan Soriano asignó lider de ayudantes a Juan Soriano.
[2016/10/17 - 19:19:9] Juan Soriano asignó lider de ayudantes a Juan Soriano.
[2016/10/18 - 4:30:15] Nicolas Guevara asignó ayudante a Jason Odegaard.
[2016/10/18 - 5:23:24] Nicolas Guevara asignó ayudante a Gonzalo Bartolomeo.
[2016/10/19 - 19:20:7] Nicolas Guevara asignó ayudante a Adham Ashraf.
[2016/10/20 - 5:53:4] Nicolas Guevara asignó ayudante a Fady Sabah.
[2016/10/20 - 21:31:41] Juan Soriano asignó ayudante a Ernesto Beltran.
[2016/10/24 - 4:52:10] Fady Saba asignó ayudante a Jonas Jure.
[2016/10/25 - 22:36:31] Klaus MacTavish asignó lider de ayudantes a Klaus MacTavish.
[2016/10/28 - 7:40:55] Nicolas Guevara asignó lider de ayudantes a Nicolas Guevara.
[2016/10/29 - 6:14:11] Nicolas Guevara asignó ayudante a Paul Stiven.
[2016/11/2 - 3:11:32] Harvey Specter asignó lider de ayudantes a Nicolas Guevara.
