[2014/11/9 - 14:15:49] {FFFF00}[AdmWarning]:{FF0000} Tony Zill dio 200000000 de dinero a Tony Zill.
[2014/11/9 - 20:22:5] {FFFF00}[AdmWarning]:{FF0000} Tony Zill dio 10000 de dinero a Tony Zill.
[2014/11/10 - 13:23:1] {FFFF00}[AdmWarning]:{FF0000} Tony Zill dio 100000 de dinero a Tony Zill.
[2014/11/15 - 11:46:12] {FFFF00}[AdmWarning]:{FF0000} Tony Zill dio 10000000 de dinero a Tony Zill.
[2016/5/20 - 13:41:1] {FFFF00}[AdmWarning]:{FF0000} Benjamin Alastre dio 50 de dinero a Benjamin Alastre.
[2016/5/29 - 21:29:19] {FFFF00}[AdmWarning]:{FF0000} Benjamin Alastre dio 5320953 de dinero a Benjamin Alastre.
[2016/7/26 - 15:36:46] {FFFF00}[AdmWarning]:{FF0000} Benjamin Alastre dio 49327456 de dinero a Pablo Perez.
[2016/10/5 - 14:6:15] {FFFF00}[AdmWarning]:{FF0000} Azarel Thawne dio 1 de dinero a Azarel Thawne.
[2016/10/5 - 14:6:20] {FFFF00}[AdmWarning]:{FF0000} Azarel Thawne dio 99999999 de dinero a Azarel Thawne.
[2016/10/5 - 16:42:22] {FFFF00}[AdmWarning]:{FF0000} Abdul AlBergha dio 10000000 de dinero a Abdul AlBergha.
[2016/10/5 - 16:44:15] {FFFF00}[AdmWarning]:{FF0000} John MacTavish dio 100000000 de dinero a John MacTavish.
[2016/10/5 - 17:3:11] {FFFF00}[AdmWarning]:{FF0000} Abdul AlBergha dio 9999999 de dinero a Lucas Jordi.
[2016/10/5 - 17:3:16] {FFFF00}[AdmWarning]:{FF0000} Abdul AlBergha dio 99999999 de dinero a Lucas Jordi.
[2016/10/5 - 17:3:26] {FFFF00}[AdmWarning]:{FF0000} Abdul AlBergha dio 99999999 de dinero a Abdul AlBergha.
[2016/10/5 - 17:53:54] {FFFF00}[AdmWarning]:{FF0000} John MacTavish dio 10000000 de dinero a John MacTavish.
[2016/10/5 - 17:54:0] {FFFF00}[AdmWarning]:{FF0000} John MacTavish dio 99999999 de dinero a John MacTavish.
[2016/10/7 - 3:4:17] {FFFF00}[AdmWarning]:{FF0000} Harvey Specter dio 1000000 de dinero a Harvey Specter.
[2016/10/7 - 3:38:27] {FFFF00}[AdmWarning]:{FF0000} Harvey Specter dio 9000000 de dinero a Harvey Specter.
[2016/10/7 - 4:12:15] {FFFF00}[AdmWarning]:{FF0000} Harvey Specter dio 400000 de dinero a Juan Solano.
[2016/10/7 - 4:12:53] {FFFF00}[AdmWarning]:{FF0000} Harvey Specter dio 350000 de dinero a Juan Solano.
[2016/10/7 - 4:23:12] {FFFF00}[AdmWarning]:{FF0000} Harvey Specter dio 400000 de dinero a Ryder Smok.
[2016/10/7 - 4:25:7] {FFFF00}[AdmWarning]:{FF0000} Harvey Specter dio 500000 de dinero a Dubrasca Lafuente.
[2016/10/7 - 4:35:0] {FFFF00}[AdmWarning]:{FF0000} Harvey Specter dio 150000 de dinero a Dubrasca Lafuente.
[2016/10/7 - 4:39:0] {FFFF00}[AdmWarning]:{FF0000} Harvey Specter dio 350000 de dinero a Tom Builder.
[2016/10/7 - 5:35:31] {FFFF00}[AdmWarning]:{FF0000} Harvey Specter dio 480000 de dinero a Joseph Joestar.
[2016/10/7 - 5:36:24] {FFFF00}[AdmWarning]:{FF0000} Harvey Specter dio 500000 de dinero a Joseph Joestar.
[2016/10/7 - 5:37:19] {FFFF00}[AdmWarning]:{FF0000} Harvey Specter dio 900000 de dinero a Nicolas Guevara.
[2016/10/7 - 5:46:59] * Nicolas Guevara pagó 40000$ a Harvey Specter
[2016/10/7 - 5:58:8] {FFFF00}[AdmWarning]:{FF0000} Harvey Specter dio -1000000 de dinero a Troy Smok.
[2016/10/7 - 6:2:51] {FFFF00}[AdmWarning]:{FF0000} Harvey Specter dio 100000 de dinero a Brian Piazzoni.
[2016/10/7 - 6:8:26] {FFFF00}[AdmWarning]:{FF0000} Harvey Specter dio -7500000 de dinero a Facundo Fernandez.
[2016/10/7 - 6:8:44] {FFFF00}[AdmWarning]:{FF0000} Harvey Specter dio -7500000 de dinero a Karl Smok.
[2016/10/7 - 6:8:59] {FFFF00}[AdmWarning]:{FF0000} Harvey Specter dio 7500000 de dinero a Facundo Fernandez.
[2016/10/7 - 6:10:16] {FFFF00}[AdmWarning]:{FF0000} Harvey Specter dio -5000000 de dinero a Facundo Fernandez.
[2016/10/7 - 7:30:48] * Brian Piazzoni pagó 1000$ a Karl Smok
[2016/10/7 - 8:12:24] * Troy Smok pagó 10000$ a Brian Piazzoni
[2016/10/7 - 16:28:32] * Javier Marin pagó 30000$ a Fran Perez
[2016/10/7 - 16:32:51] * Javier Marin pagó 9385$ a Fran Perez
[2016/10/7 - 19:25:30] {FFFF00}[AdmWarning]:{FF0000} Azarel Thawne dio 1 de dinero a Azarel Thawne.
[2016/10/7 - 19:32:10] {FFFF00}[AdmWarning]:{FF0000} Azarel Thawne dio 1600000 de dinero a Bayron Wazouky.
[2016/10/7 - 19:33:36] {FFFF00}[AdmWarning]:{FF0000} Azarel Thawne dio 1000000 de dinero a Bayron Wazouky.
[2016/10/7 - 19:35:46] {FFFF00}[AdmWarning]:{FF0000} Harvey Specter dio 500000 de dinero a Xavier Navarro.
[2016/10/7 - 19:38:12] {FFFF00}[AdmWarning]:{FF0000} Azarel Thawne dio 80000 de dinero a Angel Luis.
[2016/10/7 - 19:49:42] {FFFF00}[AdmWarning]:{FF0000} Azarel Thawne dio 1000000 de dinero a Willi Alpinestars.
[2016/10/7 - 19:55:3] {FFFF00}[AdmWarning]:{FF0000} Azarel Thawne dio 500000 de dinero a Xavier Navarro.
[2016/10/7 - 20:1:48] * Nicolas Guevara pagó 10000$ a Xavier Navarro
[2016/10/7 - 20:9:30] {FFFF00}[AdmWarning]:{FF0000} Azarel Thawne dio 260000 de dinero a Xavier Navarro.
[2016/10/7 - 20:23:18] {FFFF00}[AdmWarning]:{FF0000} Azarel Thawne dio 900000 de dinero a Jaider Rico.
[2016/10/7 - 20:34:10] {FFFF00}[AdmWarning]:{FF0000} Azarel Thawne dio 500000 de dinero a Zein Gutiertk.
[2016/10/7 - 20:34:19] {FFFF00}[AdmWarning]:{FF0000} Azarel Thawne dio 350000 de dinero a Zein Gutiertk.
[2016/10/7 - 20:35:3] {FFFF00}[AdmWarning]:{FF0000} Azarel Thawne dio 480000 de dinero a Zein Gutiertk.
[2016/10/7 - 20:35:19] {FFFF00}[AdmWarning]:{FF0000} Azarel Thawne dio 350000 de dinero a Zein Gutiertk.
[2016/10/7 - 20:44:38] {FFFF00}[AdmWarning]:{FF0000} Azarel Thawne dio 250000 de dinero a Fran Perez.
[2016/10/7 - 20:48:34] * Nicolas Guevara pagó 10$ a Fady Saba
[2016/10/7 - 21:11:7] {FFFF00}[AdmWarning]:{FF0000} Azarel Thawne dio 100000 de dinero a Nestor Sanchez.
[2016/10/7 - 21:13:13] * Nicolas Guevara pagó 10$ a Azarel Thawne
[2016/10/7 - 21:58:54] {FFFF00}[AdmWarning]:{FF0000} Azarel Thawne dio 500000 de dinero a Feng Wu.
[2016/10/7 - 22:21:32] {FFFF00}[AdmWarning]:{FF0000} Azarel Thawne dio 60000 de dinero a Juan Soriano.
[2016/10/7 - 22:35:58] {FFFF00}[AdmWarning]:{FF0000} Azarel dio 200000 de dinero a Juanjo Arnaiz.
[2016/10/7 - 22:45:18] {FFFF00}[AdmWarning]:{FF0000} Azarel dio 200000 de dinero a Juan Soriano.
[2016/10/7 - 23:4:48] {FFFF00}[AdmWarning]:{FF0000} Hal Nozaki dio 10000000 de dinero a Hal Nozaki.
[2016/10/7 - 23:17:17] * Nicolas Guevara pagó 10$ a Azarel
[2016/10/7 - 23:18:1] * Nicolas Guevara pagó 10$ a Azarel
[2016/10/7 - 23:21:13] * Nicolas Guevara pagó 10$ a Hal Nozaki
[2016/10/7 - 23:22:39] * Nicolas Guevara pagó 10$ a Hal Nozaki
[2016/10/7 - 23:37:10] * Takeshi Yuki pagó 30000$ a Kristofer Paredes
[2016/10/7 - 23:37:17] * Nicolas Guevara pagó 10$ a Azarel Thawne
[2016/10/7 - 23:37:47] * Takeshi Yuki pagó 30000$ a Xavi Antonello
[2016/10/7 - 23:42:31] * Kristofer Paredes pagó 30500$ a Javier Marin
[2016/10/7 - 23:46:47] * Troy Smok pagó 10000$ a Bayron Wazouky
[2016/10/7 - 23:51:42] {FFFF00}[AdmWarning]:{FF0000} Azarel Thawne dio 50000 de dinero a Neo Acosta.
[2016/10/7 - 23:54:39] * Javier Marin pagó 1000$ a Leon Vaughn
[2016/10/7 - 23:58:15] {FFFF00}[AdmWarning]:{FF0000} Azarel Thawne dio 150000 de dinero a Kristofer Paredes.
[2016/10/8 - 0:0:0] {FFFF00}[AdmWarning]:{FF0000} Azarel Thawne dio 1500000 de dinero a Xavi Antonello.
[2016/10/8 - 0:32:44] * Nicolas Guevara pagó 10$ a Azarel Thawne
[2016/10/8 - 0:41:24] * Nicolas Guevara pagó 1000$ a Dylan Medina
[2016/10/8 - 0:54:9] {FFFF00}[AdmWarning]:{FF0000} Cornelio Contreras dio 4000000 de dinero a Cornelio Contreras.
[2016/10/8 - 0:56:42] * Bayron Wazouky pagó 100$ a Josbriel Rodriguez
[2016/10/8 - 2:21:34] * Brian Piazzoni pagó 1000$ a Steve Suarez
[2016/10/8 - 2:27:46] * Brian Piazzoni pagó 4120$ a Steve Suarez
[2016/10/8 - 2:44:42] * Brian Piazzoni pagó 600$ a Steve Suarez
[2016/10/8 - 2:47:56] * Manuel Martinez pagó 1000$ a Maicol Nico
[2016/10/8 - 4:46:27] * Nicolas Guevara pagó 5000$ a Tom Builder
[2016/10/8 - 4:46:42] * Tom Builder pagó 5000$ a Nicolas Guevara
[2016/10/8 - 4:59:55] * Brian Piazzoni pagó 1000$ a Angel Luis
[2016/10/8 - 5:2:5] * Xavier Navarro pagó 10000$ a Maicol Nico
[2016/10/8 - 5:48:24] * Angel Luis pagó 500$ a Nicolas Vercetti
[2016/10/8 - 5:53:5] * Nicolas Vercetti pagó 500$ a Angel Luis
[2016/10/8 - 6:6:33] * Nicolas Vercetti pagó 500$ a Angel Luis
[2016/10/8 - 6:7:32] * Nicolas Guevara pagó 10$ a Ricardo Montez
[2016/10/8 - 6:7:36] * Ricardo Montez pagó 111$ a Nicolas Guevara
[2016/10/8 - 6:44:30] * Brian Piazzoni pagó 500$ a Renzo Fernandez
[2016/10/8 - 7:30:30] * Brian Piazzoni pagó 5000$ a Renzo Fernandez
[2016/10/8 - 9:25:30] * Jonas Jure pagó 1000$ a Katherine Valentine
[2016/10/8 - 11:32:19] * Jonas Jure pagó 5000$ a Brian Piazzoni
[2016/10/8 - 14:24:11] * Ernesto Beltran pagó 20000$ a Jonas Jure
[2016/10/8 - 14:27:14] * Ernesto Beltran pagó 20000$ a Angel Luis
[2016/10/8 - 14:50:48] * Forrest Dyrdek pagó 1000$ a Raul Fernandeziel
[2016/10/8 - 16:26:49] {FFFF00}[AdmWarning]:{FF0000} Harvey Specter dio 350500 de dinero a Bayron Wazouky.
[2016/10/8 - 16:26:57] * Jaider Rico pagó 1500$ a Angel Luis
[2016/10/8 - 16:28:43] * Angel Luis pagó 1500$ a Eduardo Salazar
[2016/10/8 - 16:35:22] {FFFF00}[AdmWarning]:{FF0000} Harvey Specter dio 200000 de dinero a Angel Luis.
[2016/10/8 - 16:53:26] * Javier Marin pagó 1500$ a Angel Luis
[2016/10/8 - 16:55:22] {FFFF00}[AdmWarning]:{FF0000} Harvey Specter dio 1100000 de dinero a Bayron Wazouky.
[2016/10/8 - 17:25:20] {FFFF00}[AdmWarning]:{FF0000} Harvey Specter dio 250000 de dinero a Ramiro Rojas.
[2016/10/8 - 17:43:29] * Jaider Rico pagó 3000$ a Eduardo Salazar
[2016/10/8 - 17:56:2] {FFFF00}[AdmWarning]:{FF0000} Harvey Specter dio 350500 de dinero a Bayron Wazouky.
[2016/10/8 - 18:1:12] {FFFF00}[AdmWarning]:{FF0000} Harvey Specter dio 250000 de dinero a Ramiro Rojas.
[2016/10/8 - 18:16:53] * Pablo Villalobos pagó 1500$ a Angel Luis
[2016/10/8 - 18:29:40] * Javier Marin pagó 14000$ a Derek Petrov
[2016/10/8 - 18:50:3] * Pablo Villalobos pagó 1000$ a Dubrasca Lafuente
[2016/10/8 - 19:33:5] * Eduardo Salazar pagó 3000$ a Javier Marin
[2016/10/8 - 20:42:19] * Nicolas Guevara pagó 10$ a Fady Saba
[2016/10/8 - 20:51:26] * Ernesto Beltran pagó 500$ a Sofia Sanches
[2016/10/8 - 21:11:12] * Francisco Riquelme pagó 160$ a Ivan Ivi
[2016/10/8 - 21:11:40] * Francisco Riquelme pagó 100$ a Ivan Ivi
[2016/10/8 - 21:14:2] * Ernesto Beltran pagó 1000$ a Bart Mcarny
[2016/10/8 - 21:19:57] * Tom Builder pagó 268$ a Azarel Thawne
[2016/10/8 - 21:39:40] * Bayron Wazouky pagó 5000$ a Roy Isiordia
[2016/10/8 - 21:51:25] * Fran Perez pagó 40000$ a Alejandro Sanchez
[2016/10/8 - 21:51:37] * Fran Perez pagó 40000$ a Alejandro Sanchez
[2016/10/8 - 21:51:44] * Fran Perez pagó 40000$ a Alejandro Sanchez
[2016/10/8 - 21:51:56] * Fran Perez pagó 5793$ a Alejandro Sanchez
[2016/10/8 - 22:20:2] * Josbriel Rodriguez pagó 1000$ a Bart Mcarny
[2016/10/8 - 22:29:38] * Francisco Riquelme pagó 1000$ a Jaider Rico
[2016/10/8 - 22:44:16] * Jonas Jure pagó 100$ a Nahuel Beltran
[2016/10/8 - 22:55:52] * Manuel Martinez pagó 12000$ a Emanuel Lopez
[2016/10/8 - 23:12:6] * Tom Builder pagó 5000$ a Jonas Jure
[2016/10/8 - 23:24:19] * Raul Fernandeziel pagó 100$ a Pastore Lau
[2016/10/8 - 23:54:7] * Jesus Cortes pagó 10000$ a Fran Perez
[2016/10/8 - 23:56:42] * Jesus Cortes pagó 10000$ a Fran Perez
[2016/10/9 - 0:10:11] * Fran Perez pagó 10000$ a Jesus Cortes
[2016/10/9 - 0:12:18] * Juan Solorzano pagó 10000$ a Nahuel Beltran
[2016/10/9 - 0:14:16] * Jonas Jure pagó 2000$ a Javier Marin
[2016/10/9 - 0:39:23] * Azarel Thawne pagó 15000$ a Juanjo Jimenez
[2016/10/9 - 1:15:20] * Alejandro Sanchez pagó 5000$ a Juan Martinez
[2016/10/9 - 1:16:48] * Alejandro Sanchez pagó 5000$ a Bart Mcarny
[2016/10/9 - 1:21:51] * Alejandro Sanchez pagó 1500$ a Angel Luis
[2016/10/9 - 1:45:6] * Josbriel Rodriguez pagó 1500$ a Juan Martinez
[2016/10/9 - 1:49:51] * Azarel Thawne pagó 15000$ a Bart Mcarny
[2016/10/9 - 1:52:22] * Francisco Santillan pagó 7000$ a Jaider Rico
[2016/10/9 - 1:56:32] * Alejandro Sanchez pagó 7000$ a Bart Mcarny
[2016/10/9 - 2:12:21] * Manuel Martinez pagó 6000$ a Jaider Rico
[2016/10/9 - 2:17:52] * Angel Luis pagó 10000$ a Jaider Rico
[2016/10/9 - 2:32:43] * Alejandro Sanchez pagó 10000$ a Bart Mcarny
[2016/10/9 - 2:50:44] {FFFF00}[AdmWarning]:{FF0000} Harvey Specter dio 250000 de dinero a Max Aguila.
[2016/10/9 - 3:4:1] * Juan Martinez pagó 20000$ a Sebastian Chiuki
[2016/10/9 - 7:39:38] * Fady Saba pagó 2000$ a Juan Martinez
[2016/10/9 - 8:3:56] * Fady Saba pagó 5000$ a Brian Piazzoni
[2016/10/9 - 9:17:45] * Jonas Jure pagó 1000$ a Juan Martinez
[2016/10/9 - 9:36:2] * Juan Martinez pagó 1000$ a Brian Piazzoni
[2016/10/9 - 9:39:15] * Juan Martinez pagó 98$ a Jonas Jure
[2016/10/9 - 9:46:26] * Brian Piazzoni pagó 100$ a Jonas Jure
[2016/10/9 - 16:10:5] * Xavi Antonello pagó 15000$ a Juan Martinez
[2016/10/9 - 17:3:11] {FFFF00}[AdmWarning]:{FF0000} Harvey Specter dio 350500 de dinero a Tom Builder.
[2016/10/9 - 18:17:53] * Bayron Wazouky pagó 40000$ a Azarel Thawne
[2016/10/9 - 18:35:11] * Azarel Thawne pagó 40000$ a Eduardo Salazar
[2016/10/9 - 18:35:22] * Azarel Thawne pagó 10000$ a Eduardo Salazar
[2016/10/9 - 18:50:41] * Francisco Riquelme pagó 200$ a Francisco Santillan
[2016/10/9 - 18:57:46] * Pablo Villalobos pagó 1000$ a Francisco Santillan
[2016/10/9 - 19:15:9] * Nicolas Guevara pagó 10$ a Dubrasca Lafuente
[2016/10/9 - 19:15:20] * Nicolas Guevara pagó 10$ a Bayron Wazouky
[2016/10/9 - 19:35:15] * Pablo Villalobos pagó 400$ a Bart Mcarny
[2016/10/9 - 19:42:10] * Pablo Villalobos pagó 5$ a Sebastian Chiuki
[2016/10/9 - 19:42:22] * Pablo Villalobos pagó 5$ a Francisco Santillan
[2016/10/9 - 19:42:34] * Nicolas Guevara pagó 20000$ a Bayron Wazouky
[2016/10/9 - 19:50:12] * Francisco Riquelme pagó 1000$ a Bart Mcarny
[2016/10/9 - 19:57:27] * Nicolas Guevara pagó 5600$ a Azarel Thawne
[2016/10/9 - 19:59:53] * Bayron Wazouky pagó 5000$ a Nicolas Guevara
[2016/10/9 - 21:36:8] * Fady Saba pagó 15000$ a Eder Vhangelien
[2016/10/9 - 22:1:41] * Juanjo Jimenez pagó 10000$ a Bart Mcarny
[2016/10/9 - 22:16:36] * Manuel Melo pagó 1000$ a Juanjo Jimenez
[2016/10/9 - 22:32:24] * Nahuel Beltran pagó 1000$ a Alejandro Sanchez
[2016/10/10 - 2:5:28] * Francisco Riquelme pagó 1000$ a Tomas Ancamil
[2016/10/10 - 3:1:10] * Bart Mcarny pagó 3000$ a Francisco Riquelme
[2016/10/10 - 5:2:22] * Nahuel Beltran pagó 2000$ a Mariano Hernandez
[2016/10/10 - 6:18:8] * Mariano Hernandez pagó 5000$ a Jonas Jure
[2016/10/10 - 16:56:14] * Bayron Wazouky pagó 40$ a Francisco Santillan
[2016/10/10 - 16:56:28] * Bayron Wazouky pagó 40000$ a Francisco Santillan
[2016/10/10 - 16:56:40] * Bayron Wazouky pagó 17000$ a Francisco Santillan
[2016/10/10 - 19:51:12] * Josue Trejos pagó 7000$ a Max Aguila
[2016/10/10 - 20:36:17] * Nicolas Guevara pagó 40000$ a Max Aguila
[2016/10/10 - 20:36:29] * Nicolas Guevara pagó 40000$ a Max Aguila
[2016/10/10 - 20:36:43] * Nicolas Guevara pagó 40000$ a Max Aguila
[2016/10/10 - 20:36:56] * Nicolas Guevara pagó 40000$ a Max Aguila
[2016/10/10 - 20:37:7] * Nicolas Guevara pagó 40000$ a Max Aguila
[2016/10/10 - 20:37:14] * Nicolas Guevara pagó 40000$ a Max Aguila
[2016/10/10 - 20:37:28] * Nicolas Guevara pagó 10000$ a Max Aguila
[2016/10/10 - 20:37:38] * Nicolas Guevara pagó 10000$ a Max Aguila
[2016/10/10 - 20:41:21] * Eduardo Salazar pagó 6000$ a Jason Odegaard
[2016/10/10 - 21:9:52] * Bayron Wazouky pagó 2000$ a Max Aguila
[2016/10/10 - 22:10:8] * Mariano Hernandez pagó 40000$ a India Navarro
[2016/10/10 - 23:29:10] * Mariano Hernandez pagó 10000$ a Homero Mcarny
[2016/10/10 - 23:29:26] * Mariano Hernandez pagó 10000$ a Homero Mcarny
[2016/10/10 - 23:30:1] * Mariano Hernandez pagó 40000$ a Homero Mcarny
[2016/10/10 - 23:30:17] * Mariano Hernandez pagó 40000$ a Homero Mcarny
[2016/10/10 - 23:30:29] * Mariano Hernandez pagó 40000$ a Homero Mcarny
[2016/10/10 - 23:31:8] * Mariano Hernandez pagó 40000$ a Bart Mcarny
[2016/10/10 - 23:53:45] * Camilo Batista pagó 5000$ a Mariano Hernandez
[2016/10/11 - 0:1:44] * Harvey Specter pagó 10$ a Nicolas Guevara
[2016/10/11 - 0:16:39] {FFFF00}[AdmWarning]:{FF0000} Harvey Specter dio 150000 de dinero a Tom Builder.
[2016/10/11 - 0:31:14] * Bart Mcarny pagó 5$ a Mariano Hernandez
[2016/10/11 - 0:31:27] * Bart Mcarny pagó 5000$ a Mariano Hernandez
[2016/10/11 - 1:5:13] {FFFF00}[AdmWarning]:{FF0000} Harvey Specter dio 80000 de dinero a Pedro Lescano.
[2016/10/11 - 1:19:57] * Nicolas Guevara pagó 10000$ a Mariano Hernandez
[2016/10/11 - 1:21:52] * Mariano Hernandez pagó 20000$ a Max Aguila
[2016/10/11 - 1:28:32] * Eduardo Salazar pagó 5000$ a Max Aguila
[2016/10/11 - 1:30:14] * Nicolas Guevara pagó 2563$ a Nazareno Arias
[2016/10/11 - 1:35:50] * Nicolas Guevara pagó 40000$ a Pedro Lescano
[2016/10/11 - 1:36:2] * Nicolas Guevara pagó 35000$ a Pedro Lescano
[2016/10/11 - 1:36:11] * Nicolas Guevara pagó 40000$ a Nazareno Arias
[2016/10/11 - 1:36:22] * Nicolas Guevara pagó 35000$ a Nazareno Arias
[2016/10/11 - 1:37:0] * Pedro Lescano pagó 5000$ a Nazareno Arias
[2016/10/11 - 1:40:29] * Pedro Lescano pagó 2000$ a Nazareno Arias
[2016/10/11 - 1:41:48] * Nicolas Guevara pagó 40000$ a Azarel Thawne
[2016/10/11 - 1:42:6] * Nicolas Guevara pagó 40000$ a Azarel Thawne
[2016/10/11 - 1:42:17] * Nicolas Guevara pagó 40000$ a Azarel Thawne
[2016/10/11 - 1:42:32] * Nicolas Guevara pagó 40000$ a Azarel Thawne
[2016/10/11 - 1:42:44] * Nicolas Guevara pagó 40000$ a Azarel Thawne
[2016/10/11 - 1:42:52] * Nicolas Guevara pagó 40000$ a Azarel Thawne
[2016/10/11 - 1:43:3] * Nicolas Guevara pagó 40000$ a Azarel Thawne
[2016/10/11 - 1:43:10] * Nicolas Guevara pagó 40000$ a Azarel Thawne
[2016/10/11 - 1:43:22] * Nicolas Guevara pagó 40000$ a Azarel Thawne
[2016/10/11 - 1:43:42] * Nicolas Guevara pagó 40000$ a Azarel Thawne
[2016/10/11 - 1:43:54] * Nicolas Guevara pagó 40000$ a Azarel Thawne
[2016/10/11 - 1:44:10] * Nicolas Guevara pagó 40000$ a Azarel Thawne
[2016/10/11 - 1:44:27] * Nicolas Guevara pagó 40000$ a Azarel Thawne
[2016/10/11 - 1:52:22] * Pedro Lescano pagó 1900$ a Nazareno Arias
[2016/10/11 - 1:52:27] * Sebastian Chiuki pagó 5000$ a Francisco Santillan
[2016/10/11 - 2:1:4] * Nicolas Guevara pagó 10$ a Facundo Fernandez
[2016/10/11 - 2:33:5] * Nestor Sanchez pagó 1500$ a Manuel Melo
[2016/10/11 - 2:37:40] * Nestor Sanchez pagó 500$ a Alejandro Sanchez
[2016/10/11 - 3:3:38] {FFFF00}[AdmWarning]:{FF0000} Harvey Specter dio 150000 de dinero a Alejandro Sanchez.
[2016/10/11 - 3:16:28] * Nicolas Guevara pagó 10$ a Azarel Thawne
[2016/10/11 - 3:29:2] * Alejandro Sanchez pagó 20000$ a Nestor Sanchez
[2016/10/11 - 4:32:40] * Nicolas Guevara pagó 40000$ a Javier Sanjose
[2016/10/11 - 4:32:53] * Nicolas Guevara pagó 40000$ a Javier Sanjose
[2016/10/11 - 4:33:6] * Nicolas Guevara pagó 40000$ a Javier Sanjose
[2016/10/11 - 4:33:17] * Nicolas Guevara pagó 40000$ a Javier Sanjose
[2016/10/11 - 4:34:36] * Nicolas Guevara pagó 40000$ a Gonzalo Bartolomeo
[2016/10/11 - 4:34:47] * Nicolas Guevara pagó 40000$ a Gonzalo Bartolomeo
[2016/10/11 - 4:34:56] * Nicolas Guevara pagó 40000$ a Gonzalo Bartolomeo
[2016/10/11 - 4:35:19] * Nicolas Guevara pagó 40000$ a Gonzalo Bartolomeo
[2016/10/11 - 4:43:49] * Nicolas Guevara pagó 30000$ a Josue Trejos
[2016/10/11 - 7:33:33] * Nicolas Guevara pagó 40000$ a Jonas Jure
[2016/10/11 - 7:33:45] * Nicolas Guevara pagó 40000$ a Jonas Jure
[2016/10/11 - 7:33:58] * Nicolas Guevara pagó 15000$ a Jonas Jure
[2016/10/11 - 7:39:15] * Nicolas Guevara pagó 10$ a Sofia Fernandez
[2016/10/11 - 7:41:26] * Nicolas Guevara pagó 10$ a Sofia Fernandez
[2016/10/11 - 7:41:37] * Nicolas Guevara pagó 39$ a Sofia Fernandez
[2016/10/11 - 9:14:7] * Nicolas Guevara pagó 40000$ a Gonzalo Bartolomeo
[2016/10/11 - 9:39:45] * Nicolas Guevara pagó 36000$ a Gonzalo Bartolomeo
[2016/10/11 - 9:42:17] * Nicolas Guevara pagó 40000$ a Gonzalo Bartolomeo
[2016/10/11 - 9:48:22] * Nicolas Guevara pagó 20000$ a Gonzalo Bartolomeo
[2016/10/11 - 16:57:37] * Juanjo Jimenez pagó 1000$ a Maicol Nico
[2016/10/11 - 16:59:31] * Juanjo Jimenez pagó 1000$ a Maicol Nico
[2016/10/11 - 19:57:33] * Carlos Trejos pagó 36000$ a Josue Trejos
[2016/10/11 - 19:58:56] * Nicolas Guevara pagó 10$ a Carlos Trejos
[2016/10/11 - 20:15:18] * Pedro Lescano pagó 40000$ a Nazareno Arias
[2016/10/11 - 20:15:29] * Pedro Lescano pagó 40000$ a Nazareno Arias
[2016/10/11 - 20:15:41] * Pedro Lescano pagó 20000$ a Nazareno Arias
[2016/10/11 - 20:18:59] * Pedro Lescano pagó 500$ a Nazareno Arias
[2016/10/11 - 22:1:21] * Homero Mcarny pagó 5000$ a Jaider Rico
[2016/10/11 - 22:21:9] * Bart Mcarny pagó 5000$ a Jaider Rico
[2016/10/12 - 3:18:44] * Jonas Jure pagó 9000$ a Manuel Melo
[2016/10/12 - 3:27:7] * Homero Mcarny pagó 30000$ a Alejandra Marquez
[2016/10/12 - 4:9:8] * Nicolas Guevara pagó 40000$ a Gonzalo Bartolomeo
[2016/10/12 - 4:9:18] * Nicolas Guevara pagó 40000$ a Gonzalo Bartolomeo
[2016/10/12 - 4:9:38] * Lucas Rojo pagó 600$ a Manuel Melo
[2016/10/12 - 4:21:46] * Jonas Jure pagó 7000$ a Manuel Melo
[2016/10/12 - 4:28:27] * Nicolas Guevara pagó 40000$ a Mariano Hernandez
[2016/10/12 - 4:28:39] * Nicolas Guevara pagó 40000$ a Mariano Hernandez
[2016/10/12 - 4:28:45] * Nicolas Guevara pagó 40000$ a Mariano Hernandez
[2016/10/12 - 4:28:58] * Nicolas Guevara pagó 30000$ a Mariano Hernandez
[2016/10/12 - 4:30:3] * Nicolas Guevara pagó 40000$ a Gonzalo Bartolomeo
[2016/10/12 - 4:30:14] * Nicolas Guevara pagó 40000$ a Gonzalo Bartolomeo
[2016/10/12 - 4:30:23] * Mariano Hernandez pagó 40000$ a Pedro Lescano
[2016/10/12 - 4:30:25] * Nicolas Guevara pagó 40000$ a Gonzalo Bartolomeo
[2016/10/12 - 4:30:34] * Mariano Hernandez pagó 10000$ a Pedro Lescano
[2016/10/12 - 4:36:39] * Nicolas Guevara pagó 40000$ a Max Aguila
[2016/10/12 - 4:36:51] * Nicolas Guevara pagó 40000$ a Max Aguila
[2016/10/12 - 4:36:56] * Nicolas Guevara pagó 40000$ a Max Aguila
[2016/10/12 - 4:37:2] * Nicolas Guevara pagó 5000$ a Max Aguila
[2016/10/12 - 4:44:16] {FFFF00}[AdmWarning]:{FF0000} Mia Stone dio 30000 de dinero a Gonzalo Bartolomeo.
[2016/10/12 - 4:46:31] {FFFF00}[AdmWarning]:{FF0000} Mia Stone dio 30000 de dinero a Diplo Ramos.
[2016/10/12 - 4:49:35] {FFFF00}[AdmWarning]:{FF0000} Mia Stone dio 30000 de dinero a Max Aguila.
[2016/10/12 - 4:55:20] {FFFF00}[AdmWarning]:{FF0000} Mia Stone dio 30000 de dinero a Axel Yankee.
[2016/10/12 - 4:56:58] {FFFF00}[AdmWarning]:{FF0000} Mia Stone dio 30000 de dinero a Mariano Hernandez.
[2016/10/12 - 5:28:53] {FFFF00}[AdmWarning]:{FF0000} Mia Stone dio 200000 de dinero a Alberto Mercedes.
[2016/10/12 - 5:38:4] * Nicolas Guevara pagó 10$ a Gonzalo Bartolomeo
[2016/10/12 - 6:29:50] * Nicolas Guevara pagó 40000$ a Gonzalo Bartolomeo
[2016/10/12 - 6:30:1] * Nicolas Guevara pagó 40000$ a Gonzalo Bartolomeo
[2016/10/12 - 9:32:52] * Nicolas Guevara pagó 40000$ a Gonzalo Bartolomeo
[2016/10/12 - 9:33:8] * Nicolas Guevara pagó 40000$ a Gonzalo Bartolomeo
[2016/10/12 - 9:33:20] * Nicolas Guevara pagó 40000$ a Gonzalo Bartolomeo
[2016/10/12 - 9:33:40] * Nicolas Guevara pagó 40000$ a Gonzalo Bartolomeo
[2016/10/12 - 9:33:52] * Nicolas Guevara pagó 40000$ a Gonzalo Bartolomeo
[2016/10/12 - 9:34:3] * Nicolas Guevara pagó 40000$ a Gonzalo Bartolomeo
[2016/10/12 - 9:34:13] * Nicolas Guevara pagó 40000$ a Gonzalo Bartolomeo
[2016/10/12 - 9:34:25] * Nicolas Guevara pagó 40000$ a Gonzalo Bartolomeo
[2016/10/12 - 9:38:49] * Nicolas Guevara pagó 40000$ a Gonzalo Bartolomeo
[2016/10/12 - 9:39:0] * Nicolas Guevara pagó 40000$ a Gonzalo Bartolomeo
[2016/10/12 - 9:39:6] * Nicolas Guevara pagó 40000$ a Gonzalo Bartolomeo
[2016/10/12 - 9:39:13] * Nicolas Guevara pagó 40000$ a Gonzalo Bartolomeo
[2016/10/12 - 9:39:24] * Nicolas Guevara pagó 40000$ a Gonzalo Bartolomeo
[2016/10/12 - 9:39:35] * Nicolas Guevara pagó 40000$ a Gonzalo Bartolomeo
[2016/10/12 - 9:40:6] * Nicolas Guevara pagó 40000$ a Gonzalo Bartolomeo
[2016/10/12 - 9:46:31] * Nicolas Guevara pagó 30000$ a Juanjo Jimenez
[2016/10/12 - 9:47:23] * Nicolas Guevara pagó 30000$ a Brian Piazzoni
[2016/10/12 - 15:48:42] * Juanjo Jimenez pagó 2000$ a Homero Mcarny
[2016/10/12 - 16:2:55] * Juanjo Jimenez pagó 1000$ a Homero Mcarny
[2016/10/12 - 17:25:20] * Pedro Lescano pagó 1500$ a Alejandro Sanchez
[2016/10/12 - 17:29:0] * Alejandro Sanchez pagó 2000$ a Pedro Lescano
[2016/10/12 - 19:36:5] * Jason Odegaard pagó 2000$ a Eduardo Salazar
[2016/10/12 - 19:43:44] * Pedro Lescano pagó 10$ a Sebastian Chiuki
[2016/10/12 - 19:54:24] * Alejandro Sanchez pagó 11000$ a Jason Odegaard
[2016/10/12 - 20:8:6] * Alejandro Sanchez pagó 2000$ a Sebastian Chiuki
[2016/10/12 - 20:27:33] * Eduardo Salazar pagó 10000$ a Jason Odegaard
[2016/10/12 - 20:29:40] * Nicolas Guevara pagó 10000$ a Eduardo Salazar
[2016/10/12 - 20:29:52] * Nicolas Guevara pagó 10000$ a Eduardo Salazar
[2016/10/12 - 20:31:2] * Sebastian Chiuki pagó 500$ a Jason Odegaard
[2016/10/12 - 20:32:38] * Nicolas Guevara pagó 10$ a Azarel Thawne
[2016/10/12 - 20:32:50] * Nicolas Guevara pagó 10$ a Azarel Thawne
[2016/10/12 - 20:39:4] * Nicolas Guevara pagó 10$ a Azarel Thawne
[2016/10/12 - 20:48:24] * Jason Odegaard pagó 1000$ a Eduardo Salazar
[2016/10/12 - 20:54:51] * Nazareno Arias pagó 1000$ a Pedro Lescano
[2016/10/12 - 20:55:19] * Nazareno Arias pagó 40000$ a Pedro Lescano
[2016/10/12 - 20:55:33] * Nazareno Arias pagó 9000$ a Pedro Lescano
[2016/10/12 - 20:55:45] * Nazareno Arias pagó 11$ a Pedro Lescano
[2016/10/12 - 21:0:30] * Nicolas Guevara pagó 40000$ a Azarel Thawne
[2016/10/12 - 21:0:41] * Nicolas Guevara pagó 40000$ a Azarel Thawne
[2016/10/12 - 21:0:46] * Nicolas Guevara pagó 40000$ a Azarel Thawne
[2016/10/12 - 21:0:50] * Nicolas Guevara pagó 40000$ a Azarel Thawne
[2016/10/12 - 21:1:48] * Nicolas Guevara pagó 40000$ a Azarel Thawne
[2016/10/12 - 21:1:59] * Nicolas Guevara pagó 40000$ a Azarel Thawne
[2016/10/12 - 21:6:15] * Nicolas Guevara pagó 40000$ a Azarel Thawne
[2016/10/12 - 21:6:27] * Nicolas Guevara pagó 40000$ a Azarel Thawne
[2016/10/12 - 21:11:42] * Nicolas Guevara pagó 40000$ a Azarel Thawne
[2016/10/12 - 21:11:57] * Nicolas Guevara pagó 40000$ a Azarel Thawne
[2016/10/12 - 21:13:58] * Nicolas Guevara pagó 40000$ a Josue Trejos
[2016/10/12 - 21:44:30] * Nicolas Guevara pagó 10000$ a Nazareno Arias
[2016/10/12 - 22:24:33] * Homero Mcarny pagó 25000$ a Bart Mcarny
[2016/10/12 - 22:25:18] * Homero Mcarny pagó 20000$ a Bart Mcarny
[2016/10/12 - 22:41:25] * Alejandro Sanchez pagó 3000$ a Jonas Jure
[2016/10/13 - 1:1:28] * Bart Mcarny pagó 1000$ a Manuel Melo
[2016/10/13 - 2:34:27] * Nicolas Guevara pagó 40000$ a Oscar McLaren
[2016/10/13 - 2:39:11] * Alejandro Sanchez pagó 2000$ a Jason Odegaard
[2016/10/13 - 3:10:30] * Bayron Wazouky pagó 40000$ a Homero Mcarny
[2016/10/13 - 3:10:44] * Bayron Wazouky pagó 40000$ a Homero Mcarny
[2016/10/13 - 3:10:59] * Bayron Wazouky pagó 30000$ a Homero Mcarny
[2016/10/13 - 3:11:28] * Bayron Wazouky pagó 40000$ a Homero Mcarny
[2016/10/13 - 4:0:58] * Brian Piazzoni pagó 10000$ a Homero Mcarny
[2016/10/13 - 4:2:2] * Brian Piazzoni pagó 5000$ a Homero Mcarny
[2016/10/13 - 4:11:32] * Brian Piazzoni pagó 15000$ a Homero Mcarny
[2016/10/13 - 4:31:5] * Nicolas Guevara pagó 15000$ a Brian Piazzoni
[2016/10/13 - 4:41:56] * Alejandro Sanchez pagó 15000$ a Homero Mcarny
[2016/10/13 - 6:48:0] * Nicolas Guevara pagó 10$ a Josue Trejos
[2016/10/13 - 6:48:33] * Nicolas Guevara pagó 10$ a Josue Trejos
[2016/10/13 - 6:49:5] * Nicolas Guevara pagó 5000$ a Josue Trejos
[2016/10/13 - 6:50:59] * Nicolas Guevara pagó 10$ a Josue Trejos
[2016/10/13 - 6:53:34] * Nicolas Guevara pagó 20000$ a Josue Trejos
[2016/10/13 - 6:54:8] * Nicolas Guevara pagó 10000$ a Josue Trejos
[2016/10/13 - 18:53:11] * Eduardo Salazar pagó 12000$ a Jason Odegaard
[2016/10/13 - 21:49:47] * Jason Odegaard pagó 2000$ a Homero Mcarny
[2016/10/13 - 23:4:49] * Josue Trejos pagó 40000$ a Alejandro Sanchez
[2016/10/13 - 23:5:0] * Josue Trejos pagó 10000$ a Alejandro Sanchez
[2016/10/13 - 23:6:23] * Josue Trejos pagó 15000$ a Jason Odegaard
[2016/10/13 - 23:14:33] * Esmeralda Perez pagó 8000$ a Homero Mcarny
[2016/10/13 - 23:15:53] * Esmeralda Perez pagó 500$ a Homero Mcarny
[2016/10/13 - 23:24:51] * Mariano Hernandez pagó 40000$ a Bart Mcarny
[2016/10/13 - 23:25:3] * Mariano Hernandez pagó 40000$ a Bart Mcarny
[2016/10/13 - 23:25:15] * Mariano Hernandez pagó 40000$ a Bart Mcarny
[2016/10/13 - 23:25:28] * Mariano Hernandez pagó 40000$ a Bart Mcarny
[2016/10/13 - 23:25:38] * Mariano Hernandez pagó 40000$ a Bart Mcarny
[2016/10/13 - 23:25:52] * Mariano Hernandez pagó 40000$ a Bart Mcarny
[2016/10/13 - 23:48:43] * Bart Mcarny pagó 40000$ a Rudy Fox
[2016/10/13 - 23:48:54] * Bart Mcarny pagó 40000$ a Rudy Fox
[2016/10/14 - 0:6:24] * Rudy Fox pagó 15000$ a Homero Mcarny
[2016/10/14 - 0:28:17] * Mariano Hernandez pagó 40000$ a Adham Ashraf
[2016/10/14 - 0:28:41] * Mariano Hernandez pagó 40000$ a Adham Ashraf
[2016/10/14 - 0:36:17] * Pedro Lescano pagó 20000$ a Nazareno Arias
[2016/10/14 - 0:41:22] * Bart Mcarny pagó 20000$ a Vicenzo Luchinni
[2016/10/14 - 0:42:51] * Pedro Lescano pagó 15000$ a Nazareno Arias
[2016/10/14 - 0:59:58] * Bayron Wazouky pagó 40000$ a Bart Mcarny
[2016/10/14 - 1:0:9] * Bayron Wazouky pagó 40000$ a Bart Mcarny
[2016/10/14 - 1:0:16] * Bayron Wazouky pagó 40000$ a Bart Mcarny
[2016/10/14 - 1:0:31] * Bayron Wazouky pagó 35000$ a Bart Mcarny
[2016/10/14 - 1:1:42] * Bayron Wazouky pagó 40000$ a Bart Mcarny
[2016/10/14 - 1:1:54] * Bayron Wazouky pagó 40000$ a Bart Mcarny
[2016/10/14 - 1:1:59] * Bayron Wazouky pagó 40000$ a Bart Mcarny
[2016/10/14 - 1:2:8] * Bayron Wazouky pagó 30000$ a Bart Mcarny
[2016/10/14 - 1:4:10] * Bart Mcarny pagó 40000$ a Bayron Wazouky
[2016/10/14 - 1:4:41] * Bart Mcarny pagó 25000$ a Bayron Wazouky
[2016/10/14 - 1:24:6] * Bayron Wazouky pagó 40000$ a Xavi Antonello
[2016/10/14 - 1:25:7] * Bayron Wazouky pagó 40000$ a Xavi Antonello
[2016/10/14 - 1:25:19] * Bayron Wazouky pagó 40000$ a Xavi Antonello
[2016/10/14 - 1:25:32] * Bayron Wazouky pagó 30000$ a Xavi Antonello
[2016/10/14 - 1:46:21] * Mariano Hernandez pagó 40000$ a Jason Odegaard
[2016/10/14 - 1:46:34] * Mariano Hernandez pagó 40000$ a Jason Odegaard
[2016/10/14 - 1:46:47] * Mariano Hernandez pagó 40000$ a Jason Odegaard
[2016/10/14 - 1:47:1] * Mariano Hernandez pagó 40000$ a Jason Odegaard
[2016/10/14 - 1:47:13] * Mariano Hernandez pagó 40000$ a Jason Odegaard
[2016/10/14 - 1:47:25] * Mariano Hernandez pagó 40000$ a Jason Odegaard
[2016/10/14 - 1:47:37] * Mariano Hernandez pagó 40000$ a Jason Odegaard
[2016/10/14 - 1:47:50] * Mariano Hernandez pagó 40000$ a Jason Odegaard
[2016/10/14 - 1:48:4] * Mariano Hernandez pagó 40000$ a Jason Odegaard
[2016/10/14 - 1:48:16] * Mariano Hernandez pagó 40000$ a Jason Odegaard
[2016/10/14 - 2:37:42] * Nestor Sanchez pagó 40000$ a Alejandro Sanchez
[2016/10/14 - 2:38:6] * Nestor Sanchez pagó 15396$ a Alejandro Sanchez
[2016/10/14 - 2:52:29] * Pedro Lescano pagó 10$ a Jason Odegaard
[2016/10/14 - 3:2:58] * Jason Odegaard pagó 40000$ a Pedro Lescano
[2016/10/14 - 3:3:4] * Bayron Wazouky pagó 10000$ a Bart Mcarny
[2016/10/14 - 3:19:53] * Bayron Wazouky pagó 14997$ a Bart Mcarny
[2016/10/14 - 3:20:1] * Bart Mcarny pagó 14997$ a Bayron Wazouky
[2016/10/14 - 3:26:44] * Alejandro Sanchez pagó 1000$ a Samu Gomez
[2016/10/14 - 21:54:8] * Bart Mcarny pagó 5000$ a Homero Mcarny
[2016/10/14 - 22:28:10] * Bart Mcarny pagó 2000$ a Homero Mcarny
[2016/10/14 - 22:31:55] * Homero Mcarny pagó 2000$ a Bart Mcarny
[2016/10/14 - 22:32:34] * Homero Mcarny pagó 2000$ a Bart Mcarny
[2016/10/14 - 22:36:53] * Homero Mcarny pagó 2000$ a Bart Mcarny
[2016/10/14 - 22:39:58] * Homero Mcarny pagó 4000$ a Bart Mcarny
[2016/10/14 - 23:47:28] * Rudy Fox pagó 5000$ a Bart Mcarny
[2016/10/15 - 3:13:57] * Fady Saba pagó 40000$ a Homero Mcarny
[2016/10/15 - 3:14:9] * Fady Saba pagó 40000$ a Katherine Valentine
[2016/10/15 - 3:14:20] * Fady Saba pagó 40000$ a Katherine Valentine
[2016/10/15 - 3:14:33] * Fady Saba pagó 40000$ a Homero Mcarny
[2016/10/15 - 3:21:4] * Homero Mcarny pagó 2000$ a Katherine Valentine
[2016/10/15 - 3:58:18] * Jason Odegaard pagó 5000$ a Homero Mcarny
[2016/10/15 - 4:21:22] * Fady Saba pagó 10000$ a Homero Mcarny
[2016/10/15 - 8:26:17] * Jonas Jure pagó 5000$ a Brian Piazzoni
[2016/10/15 - 9:17:34] * Aaron WestBrook pagó 40000$ a Erick Capone
[2016/10/15 - 16:29:45] * Roberto Sanchez pagó 40000$ a Truth Reggor
[2016/10/15 - 16:29:59] * Roberto Sanchez pagó 40000$ a Truth Reggor
[2016/10/15 - 16:30:43] * Roberto Sanchez pagó 20000$ a Truth Reggor
[2016/10/15 - 16:36:1] * Truth Reggor pagó 40000$ a Daniel Tille
[2016/10/15 - 16:36:18] * Truth Reggor pagó 40000$ a Daniel Tille
[2016/10/15 - 16:36:28] * Truth Reggor pagó 40000$ a Daniel Tille
[2016/10/15 - 16:36:38] * Truth Reggor pagó 40000$ a Daniel Tille
[2016/10/15 - 16:36:49] * Truth Reggor pagó 40000$ a Daniel Tille
[2016/10/15 - 17:56:16] {FFFF00}[AdmWarning]:{FF0000} Azarel Thawne dio 1 de dinero a Azarel Thawne.
[2016/10/15 - 18:44:56] * Stiven Nolasco pagó 40000$ a Daniel Tille
[2016/10/15 - 18:45:8] * Stiven Nolasco pagó 40000$ a Daniel Tille
[2016/10/15 - 18:45:19] * Stiven Nolasco pagó 19975$ a Daniel Tille
[2016/10/15 - 19:49:39] * Kloe Andrade pagó 40000$ a Daniel Tille
[2016/10/15 - 19:49:50] * Kloe Andrade pagó 40000$ a Daniel Tille
[2016/10/15 - 19:50:26] * Kloe Andrade pagó 40000$ a Daniel Tille
[2016/10/15 - 19:50:37] * Kloe Andrade pagó 219$ a Daniel Tille
[2016/10/15 - 20:58:38] * Bart Mcarny pagó 2000$ a Pedro Lescano
[2016/10/15 - 21:3:31] * Yeison Knee pagó 10000$ a Ernesto Beltran
[2016/10/15 - 21:22:59] * Bart Mcarny pagó 25000$ a Fady Saba
[2016/10/15 - 21:23:24] * Nicolas Guevara pagó 100$ a Juan Soriano
[2016/10/15 - 21:24:10] {FFFF00}[AdmWarning]:{FF0000} Juan Soriano dio 210000 de dinero a Franco Plenazzio.
[2016/10/15 - 21:26:45] {FFFF00}[AdmWarning]:{FF0000} Juan Soriano dio 1000000 de dinero a Franco Plenazzio.
[2016/10/15 - 21:28:9] {FFFF00}[AdmWarning]:{FF0000} Juan Soriano dio 100000 de dinero a Franco Plenazzio.
[2016/10/15 - 21:37:32] * Fabricio Ramirez pagó 2000$ a Gonza Plena
[2016/10/15 - 21:54:46] {FFFF00}[AdmWarning]:{FF0000} Juan Soriano dio 100000 de dinero a Andy Alvarez.
[2016/10/15 - 22:29:32] * Homero Mcarny pagó 4000$ a Bart Mcarny
[2016/10/15 - 22:32:3] {FFFF00}[AdmWarning]:{FF0000} Juan Soriano dio 50000 de dinero a Bart Mcarny.
[2016/10/15 - 22:36:4] * Bart Mcarny pagó 10000$ a Homero Mcarny
[2016/10/15 - 22:38:58] * Gonzalo Bartolomeo pagó 1000$ a Max Aguila
[2016/10/15 - 23:2:16] * Desire Gomez pagó 15000$ a Max Aguila
[2016/10/15 - 23:9:29] {FFFF00}[AdmWarning]:{FF0000} Azarel Thawne dio 30000 de dinero a Adham Ashraf.
[2016/10/15 - 23:21:35] * Bart Mcarny pagó 1000$ a Pedro Lescano
[2016/10/15 - 23:32:34] * Nicolas Guevara pagó 1000$ a Pedro Lescano
[2016/10/15 - 23:34:17] {FFFF00}[AdmWarning]:{FF0000} Azarel Thawne dio 80000 de dinero a Diego Urbina.
[2016/10/15 - 23:39:8] * Eduardo Salazar pagó 1200$ a Francisco Riquelme
[2016/10/15 - 23:52:55] * Aquiles Bailo pagó 14997$ a Pedro Lescano
[2016/10/15 - 23:58:54] {FFFF00}[AdmWarning]:{FF0000} Azarel Thawne dio 15000 de dinero a Pedro Lescano.
[2016/10/15 - 23:59:7] {FFFF00}[AdmWarning]:{FF0000} Azarel Thawne dio 30000 de dinero a Bayron Wazouky.
[2016/10/16 - 0:8:33] * Trova Lobos pagó 40000$ a Daniel Tille
[2016/10/16 - 0:8:45] * Trova Lobos pagó 40000$ a Daniel Tille
[2016/10/16 - 0:9:15] * Trova Lobos pagó 20000$ a Daniel Tille
[2016/10/16 - 0:22:0] * Nicolas Guevara pagó 10000$ a Jonathan Ruiz
[2016/10/16 - 0:22:12] * Nicolas Guevara pagó 9000$ a Jonathan Ruiz
[2016/10/16 - 0:27:39] * Pedro Lescano pagó 5000$ a Bart Mcarny
[2016/10/16 - 1:4:54] * Franco Plenazzio pagó 15000$ a Homero Mcarny
[2016/10/16 - 1:23:35] * Nicolas Guevara pagó 40000$ a Adham Ashraf
[2016/10/16 - 1:23:47] * Nicolas Guevara pagó 40000$ a Adham Ashraf
[2016/10/16 - 1:45:19] * Nicolas Guevara pagó 20000$ a Bayron Wazouky
[2016/10/16 - 1:45:42] * Bayron Wazouky pagó 40000$ a Nicolas Guevara
[2016/10/16 - 1:50:45] * Jonathan Ruiz pagó 15000$ a Homero Mcarny
[2016/10/16 - 1:55:36] * Nicolas Guevara pagó 10000$ a Pablo Villalobos
[2016/10/16 - 2:3:13] * Jonathan Ruiz pagó 2000$ a Francisco Riquelme
[2016/10/16 - 2:41:48] * Fady Saba pagó 10$ a Bayron Wazouky
[2016/10/16 - 3:1:11] * Jason Odegaard pagó 3000$ a Francisco Riquelme
[2016/10/16 - 3:30:20] * Fady Saba pagó 10000$ a Vicenzo Luchinni
[2016/10/16 - 3:30:32] * Fady Saba pagó 10000$ a Bart Mcarny
[2016/10/16 - 3:30:40] * Javier Lopez pagó 40000$ a Daniel Tille
[2016/10/16 - 3:30:45] * Fady Saba pagó 10000$ a Jeii Calore
[2016/10/16 - 3:31:7] * Javier Lopez pagó 40000$ a Daniel Tille
[2016/10/16 - 3:31:17] * Javier Lopez pagó 20000$ a Daniel Tille
[2016/10/16 - 3:36:57] * John Quister pagó 40000$ a Daniel Tille
[2016/10/16 - 3:37:36] * John Quister pagó 40000$ a Daniel Tille
[2016/10/16 - 3:37:47] * John Quister pagó 20000$ a Daniel Tille
[2016/10/16 - 4:31:1] * Nicolas Guevara pagó 30000$ a Homero Mcarny
[2016/10/16 - 4:31:15] * Nicolas Guevara pagó 20000$ a Bart Mcarny
[2016/10/16 - 4:31:27] * Nicolas Guevara pagó 20000$ a Homero Mcarny
[2016/10/16 - 4:31:39] * Nicolas Guevara pagó 20000$ a Jeii Calore
[2016/10/16 - 4:34:8] * Nicolas Guevara pagó 15000$ a Francisco Riquelme
[2016/10/16 - 4:35:19] * Fady Saba pagó 40000$ a Jeii Calore
[2016/10/16 - 4:35:31] * Fady Saba pagó 40000$ a Homero Mcarny
[2016/10/16 - 4:35:37] * Fady Saba pagó 40000$ a Bart Mcarny
[2016/10/16 - 4:40:24] * Bart Mcarny pagó 10000$ a Vicenzo Luchinni
[2016/10/16 - 5:26:19] * Eder Vhangelien pagó 3000$ a Francisco Riquelme
[2016/10/16 - 5:27:48] * Francisco Riquelme pagó 1000$ a Jonas Jure
[2016/10/16 - 5:27:59] * Francisco Riquelme pagó 1000$ a Dylan Varela
[2016/10/16 - 5:57:22] * Jonas Jure pagó 100$ a Francisco Riquelme
[2016/10/16 - 8:4:35] * Nicolas Guevara pagó 10000$ a Brian Piazzoni
[2016/10/16 - 8:24:21] * Nicolas Guevara pagó 20000$ a Desire Gomez
[2016/10/16 - 14:35:55] * Brian Piazzoni pagó 50$ a Cristhian Rodrigueez
[2016/10/16 - 15:40:59] * Bayron Wazouky pagó 40000$ a Jeii Calore
[2016/10/16 - 15:41:10] * Bayron Wazouky pagó 40000$ a Jeii Calore
[2016/10/16 - 15:41:16] * Bayron Wazouky pagó 20000$ a Jeii Calore
[2016/10/16 - 16:59:20] * Bayron Wazouky pagó 40000$ a Pablo Villalobos
[2016/10/16 - 16:59:32] * Bayron Wazouky pagó 40000$ a Pablo Villalobos
[2016/10/16 - 16:59:37] * Bayron Wazouky pagó 40000$ a Pablo Villalobos
[2016/10/16 - 16:59:43] * Bayron Wazouky pagó 30000$ a Pablo Villalobos
[2016/10/16 - 17:34:19] {FFFF00}[AdmWarning]:{FF0000} Azarel Thawne dio 1 de dinero a Azarel Thawne.
[2016/10/16 - 17:52:50] * Pablo Villalobos pagó 40000$ a Homero Mcarny
[2016/10/16 - 17:53:11] * Pablo Villalobos pagó 10000$ a Homero Mcarny
[2016/10/16 - 18:24:24] * Pablo Villalobos pagó 3000$ a Homero Mcarny
[2016/10/16 - 18:30:17] * Esmeralda Perez pagó 5000$ a Homero Mcarny
[2016/10/16 - 18:58:28] * Homero Mcarny pagó 8000$ a Jason Odegaard
[2016/10/16 - 18:59:32] * Bart Mcarny pagó 5000$ a Bayron Wazouky
[2016/10/16 - 19:0:0] * Bart Mcarny pagó 1000$ a Alejandra Marquez
[2016/10/16 - 19:15:24] * Bart Mcarny pagó 5000$ a Jason Odegaard
[2016/10/16 - 19:35:47] * Josue Trejos pagó 20000$ a Vicenzo Luchinni
[2016/10/16 - 19:36:2] * Josue Trejos pagó 30000$ a Vicenzo Luchinni
[2016/10/16 - 20:32:14] * Fady Saba pagó 40000$ a Jaider Rico
[2016/10/16 - 20:32:40] * Fady Saba pagó 40000$ a Jaider Rico
[2016/10/16 - 20:47:1] * Vicenzo Luchinni pagó 20000$ a Bart Mcarny
[2016/10/16 - 21:40:59] * Alvaro Mansilla pagó 28000$ a Francisco Riquelme
[2016/10/16 - 21:41:1] * Dylan Varela pagó 3000$ a Francisco Riquelme
[2016/10/16 - 21:43:5] * Dylan Varela pagó 4000$ a Francisco Riquelme
[2016/10/16 - 22:23:49] * Bart Mcarny pagó 40000$ a Fady Saba
[2016/10/16 - 22:24:1] * Bart Mcarny pagó 10000$ a Fady Saba
[2016/10/16 - 22:25:14] * Fady Saba pagó 10000$ a Andy Alvarez
[2016/10/16 - 22:25:39] * Fady Saba pagó 10000$ a Jeii Calore
[2016/10/16 - 22:39:58] * Andy Alvarez pagó 20000$ a Jeii Calore
[2016/10/16 - 23:2:24] * Dylan Varela pagó 10000$ a Francisco Riquelme
[2016/10/17 - 0:0:1] * Sontek Lopez pagó 1000$ a Francisco Riquelme
[2016/10/17 - 0:0:41] * Sontek Lopez pagó 1000$ a Francisco Riquelme
[2016/10/17 - 0:0:53] * Josbriel Rodriguez pagó 2000$ a Francisco Riquelme
[2016/10/17 - 0:1:4] * Alejo Castillo pagó 2000$ a Francisco Riquelme
[2016/10/17 - 0:11:7] * Homero Mcarny pagó 2000$ a Bart Mcarny
[2016/10/17 - 0:11:51] * Homero Mcarny pagó 20000$ a Bart Mcarny
[2016/10/17 - 1:13:50] * Adham Ashraf pagó 4000$ a Javier Paredes
[2016/10/17 - 1:15:37] * Javier Paredes pagó 8000$ a Homero Mcarny
[2016/10/17 - 1:16:48] {FFFF00}[AdmWarning]:{FF0000} Juan Soriano dio 30000 de dinero a Adham Ashraf.
[2016/10/17 - 1:18:37] {FFFF00}[AdmWarning]:{FF0000} Juan Soriano dio 100000 de dinero a Adham Ashraf.
[2016/10/17 - 2:1:31] * Fady Saba pagó 30000$ a Bart Mcarny
[2016/10/17 - 2:2:44] * Bart Mcarny pagó 10000$ a Homero Mcarny
[2016/10/17 - 2:2:56] * Bart Mcarny pagó 10000$ a Vicenzo Luchinni
[2016/10/17 - 4:6:8] * Vicenzo Luchinni pagó 10000$ a Karol Sevilla
[2016/10/17 - 4:44:10] * Paul Stiven pagó 1500$ a Fady Saba
[2016/10/17 - 5:25:26] * Paul Stiven pagó 10000$ a Fady Saba
[2016/10/17 - 5:25:41] * Paul Stiven pagó 10000$ a Eder Vhangelien
[2016/10/17 - 5:30:24] * Paul Stiven pagó 10000$ a Erick Capone
[2016/10/17 - 19:54:59] * Adham Ashraf pagó 30000$ a Javier Paredes
[2016/10/17 - 20:46:50] * Adham Ashraf pagó 2000$ a Javier Paredes
[2016/10/17 - 20:47:1] * Javier Paredes pagó 2000$ a Francisco Riquelme
[2016/10/17 - 22:3:13] * Yeison Knee pagó 18000$ a Alejo Castillo
[2016/10/17 - 22:5:11] * Yeison Knee pagó 20000$ a Jonas Jure
[2016/10/17 - 22:45:28] {FFFF00}[AdmWarning]:{FF0000} Fady Saba dio 1 de dinero a Takeshi Yuki.
[2016/10/17 - 23:16:32] * Jeii Calore pagó 10000$ a Karol Sevilla
[2016/10/17 - 23:51:22] * Bart Mcarny pagó 15000$ a Jason Odegaard
[2016/10/17 - 23:52:57] * Vicenzo Luchinni pagó 10000$ a Jason Odegaard
[2016/10/17 - 23:58:2] * Karol Sevilla pagó 2500$ a Jonas Jure
[2016/10/18 - 1:52:43] * Nicolas Guevara pagó 30000$ a Adham Ashraf
[2016/10/18 - 1:53:1] * Nicolas Guevara pagó 30000$ a Axel Yankee
[2016/10/18 - 1:53:12] * Nicolas Guevara pagó 30000$ a Javier Paredes
[2016/10/18 - 2:16:1] {FFFF00}[AdmWarning]:{FF0000} Fady Saba dio 100000 de dinero a Yeison Knee.
[2016/10/18 - 5:21:23] * Nicolas Guevara pagó 10000$ a Gonzalo Bartolomeo
[2016/10/18 - 5:21:35] * Nicolas Guevara pagó 10000$ a Axel Yankee
[2016/10/18 - 5:26:19] * Nicolas Guevara pagó 40000$ a Deiker McLaren
[2016/10/18 - 5:26:33] * Nicolas Guevara pagó 20000$ a Deiker McLaren
[2016/10/18 - 5:48:36] * Nicolas Guevara pagó 40000$ a Deiker McLaren
[2016/10/18 - 5:48:48] * Nicolas Guevara pagó 10000$ a Deiker McLaren
[2016/10/18 - 6:51:14] * Bruno McSanders pagó 4000$ a Jonas Jure
[2016/10/18 - 6:55:19] * Nicolas Guevara pagó 10$ a Pablo Villalobos
[2016/10/18 - 6:55:31] * Nicolas Guevara pagó 20$ a Pablo Villalobos
[2016/10/18 - 6:55:44] * Nicolas Guevara pagó 100$ a Edward McLaren
[2016/10/18 - 7:2:39] * Nicolas Guevara pagó 20000$ a Edward McLaren
[2016/10/18 - 8:13:34] * Nicolas Guevara pagó 40000$ a Andy Alvarez
[2016/10/18 - 18:44:38] * Jason Odegaard pagó 2000$ a Homero Mcarny
[2016/10/18 - 18:47:2] * Bruno McSanders pagó 100$ a Moises Soto
[2016/10/18 - 19:14:45] * Brian Piazzoni pagó 3000$ a Sky McJenko
[2016/10/18 - 20:6:11] * Andy Alvarez pagó 10000$ a Brian Piazzoni
[2016/10/18 - 20:59:33] * Axel Yankee pagó 2000$ a Dylan Varela
[2016/10/18 - 21:55:50] * Jeii Calore pagó 10000$ a Karol Sevilla
[2016/10/18 - 22:16:26] * Jeii Calore pagó 10000$ a Karol Sevilla
[2016/10/18 - 22:21:31] {FFFF00}[AdmWarning]:{FF0000} Azarel Thawne dio 30000 de dinero a Pedro Lescano.
[2016/10/18 - 22:26:41] * Azarel Thawne pagó 10$ a Yeison Knee
[2016/10/18 - 22:37:32] * Erick Gonzalez pagó 10000$ a Karol Sevilla
[2016/10/18 - 23:5:33] * Bruno McSanders pagó 2000$ a Homero Mcarny
[2016/10/18 - 23:11:39] * Homero Mcarny pagó 40000$ a Bart Mcarny
[2016/10/18 - 23:11:50] * Homero Mcarny pagó 40000$ a Bart Mcarny
[2016/10/18 - 23:33:24] * Andy Alvarez pagó 10000$ a Karol Sevilla
[2016/10/19 - 0:30:21] * Bart Mcarny pagó 15000$ a Jason Odegaard
[2016/10/19 - 0:36:33] * Renzo Leone pagó 15000$ a Jason Odegaard
[2016/10/19 - 1:27:52] * Nicolas Guevara pagó 10000$ a Adham Ashraf
[2016/10/19 - 1:28:4] * Nicolas Guevara pagó 10000$ a Axel Yankee
[2016/10/19 - 1:58:18] * Nicolas Guevara pagó 10000$ a Adham Ashraf
[2016/10/19 - 1:58:32] * Nicolas Guevara pagó 10000$ a Axel Yankee
[2016/10/19 - 3:0:30] * Jonas Jure pagó 500$ a Pedro Lescano
[2016/10/19 - 19:32:19] * Nicolas Guevara pagó 40000$ a Adham Ashraf
[2016/10/19 - 21:50:59] {FFFF00}[AdmWarning]:{FF0000} Juan Soriano dio 30000 de dinero a Jason Odegaard.
[2016/10/19 - 22:28:37] {FFFF00}[AdmWarning]:{FF0000} Juan Soriano dio 75000 de dinero a Homero Mcarny.
[2016/10/19 - 22:30:24] * Jeii Calore pagó 3000$ a Karol Sevilla
[2016/10/19 - 22:31:43] * Jeii Calore pagó 13000$ a Karol Sevilla
[2016/10/20 - 2:20:4] * Nicolas Guevara pagó 40000$ a Paul Stiven
[2016/10/20 - 2:20:15] * Nicolas Guevara pagó 40000$ a Paul Stiven
[2016/10/20 - 2:20:24] * Nicolas Guevara pagó 20000$ a Paul Stiven
[2016/10/20 - 3:44:16] * Nicolas Guevara pagó 30000$ a Axel Yankee
[2016/10/20 - 4:23:48] * Homero Mcarny pagó 25000$ a Katherine Valentine
[2016/10/20 - 4:26:17] * Katherine Valentine pagó 30000$ a Bart Mcarny
[2016/10/21 - 20:32:50] {FFFF00}[AdmWarning]:{FF0000} Juan Soriano dio 1550000 de dinero a Klaus MacTavish.
[2016/10/22 - 2:7:49] {FFFF00}[AdmWarning]:{FF0000} Juan Soriano dio 30000 de dinero a Javier Paredes.
[2016/10/22 - 2:33:8] * Hal Nozaki pagó 10$ a Juan Soriano
[2016/10/22 - 2:34:30] {FFFF00}[AdmWarning]:{FF0000} Juan Soriano dio 30000 de dinero a Jason Odegaard.
[2016/10/22 - 2:36:51] {FFFF00}[AdmWarning]:{FF0000} Juan Soriano dio 30000 de dinero a Adham Ashraf.
[2016/10/22 - 3:28:36] * Juan Soriano pagó 10000$ a Ernesto Beltran
[2016/10/22 - 5:21:7] * Renzo Leone pagó 10000$ a Ernesto Beltran
[2016/10/22 - 6:2:8] * Alejo Castillo pagó 500$ a Alvaro Mansilla
[2016/10/22 - 6:2:21] * Alejo Castillo pagó 500$ a Renzo Leone
[2016/10/22 - 18:25:54] * Fady Saba pagó 40000$ a Vicenzo Luchinni
[2016/10/22 - 18:43:29] * Fady Saba pagó 5000$ a Eder Vhangelien
[2016/10/22 - 18:48:7] {FFFF00}[AdmWarning]:{FF0000} Fady Saba dio 30000 de dinero a Adham Ashraf.
[2016/10/22 - 19:13:14] {FFFF00}[AdmWarning]:{FF0000} Juan Soriano dio 50000 de dinero a Alvaro Mansilla.
[2016/10/22 - 21:7:19] * Bart Mcarny pagó 40000$ a Nacho Astiz
[2016/10/22 - 21:44:28] * Bart Mcarny pagó 40000$ a Matti Rodriguez
[2016/10/22 - 21:51:11] * Bart Mcarny pagó 20000$ a Nacho Astiz
[2016/10/22 - 22:28:23] * Bart Mcarny pagó 2000$ a Renzo Leone
[2016/10/23 - 0:18:46] * Alvaro Mansilla pagó 2000$ a Nicole Alvarez
[2016/10/23 - 0:27:28] * Brian Piazzoni pagó 3500$ a Ivan Morelli
[2016/10/23 - 0:37:39] * Brian Piazzoni pagó 1000$ a Ivan Morelli
[2016/10/23 - 0:43:38] * Adham Ashraf pagó 8500$ a Ivan Morelli
[2016/10/23 - 0:45:38] * Nacho Astiz pagó 4000$ a Jonas Jure
[2016/10/23 - 1:4:14] * Pedro Lescano pagó 20$ a Manuel Melo
[2016/10/23 - 1:4:25] * Brian Piazzoni pagó 500$ a Manuel Melo
[2016/10/23 - 1:46:21] * Hal Nozaki pagó 40000$ a Harvey Specter
[2016/10/23 - 1:49:3] {FFFF00}[AdmWarning]:{FF0000} Hal Nozaki dio 15555555 de dinero a Hal Nozaki.
[2016/10/23 - 2:31:23] * Fady Saba pagó 15000$ a Jeii Calore
[2016/10/23 - 2:31:39] * Fady Saba pagó 15000$ a Jason Odegaard
[2016/10/23 - 3:7:24] * Jonas Jure pagó 10$ a Pedro Lescano
[2016/10/23 - 3:7:35] * Jonas Jure pagó 5$ a Pedro Lescano
[2016/10/23 - 3:7:36] * Dylan Varela pagó 20$ a Pedro Lescano
[2016/10/23 - 3:7:56] * Jason Odegaard pagó 1000$ a Dylan Varela
[2016/10/23 - 3:7:59] * Manuel Melo pagó 100$ a Dylan Varela
[2016/10/23 - 3:9:46] * Dylan Varela pagó 100$ a Jason Odegaard
[2016/10/23 - 3:9:53] * Manuel Melo pagó 10000$ a Dylan Varela
[2016/10/23 - 3:17:59] * Jeii Calore pagó 40000$ a Jonas Jure
[2016/10/23 - 3:18:10] * Jeii Calore pagó 40000$ a Jonas Jure
[2016/10/23 - 3:18:17] * Jeii Calore pagó 20000$ a Jonas Jure
[2016/10/23 - 3:49:56] * Yeison Knee pagó 40000$ a Homero Mcarny
[2016/10/23 - 3:50:13] * Yeison Knee pagó 40000$ a Katherine Valentine
[2016/10/23 - 3:50:29] * Yeison Knee pagó 20000$ a Homero Mcarny
[2016/10/23 - 3:57:20] * Yeison Knee pagó 10$ a Jason Odegaard
[2016/10/23 - 3:57:46] * Yeison Knee pagó 40000$ a Jason Odegaard
[2016/10/23 - 3:57:57] * Yeison Knee pagó 40000$ a Jason Odegaard
[2016/10/23 - 3:58:4] * Yeison Knee pagó 20000$ a Jason Odegaard
[2016/10/23 - 5:10:0] * Jonas Jure pagó 10000$ a Pedro Lescano
[2016/10/23 - 8:49:52] * Nacho Astiz pagó 4000$ a Santiago Pillar
[2016/10/23 - 10:22:7] * Nacho Astiz pagó 800$ a Santiago Pillar
[2016/10/23 - 10:25:31] * Nacho Astiz pagó 2000$ a Santiago Pillar
[2016/10/23 - 18:16:36] * Michael Corvo pagó 4000$ a Alejo Castillo
[2016/10/23 - 19:1:9] {FFFF00}[AdmWarning]:{FF0000} Fady Saba dio 550000 de dinero a Gonza Fonseco.
[2016/10/23 - 19:26:12] * Gonza Fonseco pagó 4000$ a Alejo Castillo
[2016/10/23 - 20:4:49] {FFFF00}[AdmWarning]:{FF0000} Fady Saba dio 30000 de dinero a Nazareno Arias.
[2016/10/23 - 20:7:23] * Nazareno Arias pagó 5000$ a Camilo Hernandez
[2016/10/23 - 20:16:23] * Nazareno Arias pagó 10000$ a Pedro Lescano
[2016/10/23 - 20:33:5] * Gonza Fonseco pagó 1000$ a Alejo Castillo
[2016/10/23 - 20:43:30] * Nazareno Arias pagó 500$ a Adham Ashraf
[2016/10/23 - 20:46:30] {FFFF00}[AdmWarning]:{FF0000} Fady Saba dio 25000 de dinero a Edinson Bonifacio.
[2016/10/23 - 21:29:25] * Gonza Fonseco pagó 2500$ a Nacho Astiz
[2016/10/23 - 21:30:5] * Nacho Astiz pagó 2500$ a Gonza Fonseco
[2016/10/23 - 21:31:13] * Gonza Fonseco pagó 2000$ a Nacho Astiz
[2016/10/23 - 21:32:37] * Nacho Astiz pagó 200$ a Gonza Fonseco
[2016/10/23 - 22:10:26] * Pablo Villalobos pagó 40000$ a Alejo Castillo
[2016/10/23 - 22:42:6] * Gonza Fonseco pagó 300$ a Michael Corvo
[2016/10/24 - 5:54:8] * Wilfredo Velletri pagó 2000$ a Alejo Castillo
[2016/10/24 - 6:26:5] * Wilfredo Velletri pagó 6000$ a Alejo Castillo
[2016/10/24 - 6:27:17] * Wilfredo Velletri pagó 300$ a Alejo Castillo
[2016/10/24 - 18:8:56] * Michael Corvo pagó 9822$ a Jeii Calore
[2016/10/24 - 18:9:25] * Fady Saba pagó 20000$ a Michael Corvo
[2016/10/24 - 18:56:54] * Bayron Wazouky pagó 2001$ a Kevin Moya
[2016/10/24 - 19:1:59] * Bayron Wazouky pagó 2001$ a Kevin Moya
[2016/10/24 - 19:35:5] * Bayron Wazouky pagó 100$ a Alexandro Moya
[2016/10/24 - 19:36:44] * Bayron Wazouky pagó 40000$ a Alexandro Moya
[2016/10/24 - 19:36:55] * Bayron Wazouky pagó 40000$ a Alexandro Moya
[2016/10/24 - 19:37:0] * Bayron Wazouky pagó 20000$ a Alexandro Moya
[2016/10/24 - 19:44:25] * Bayron Wazouky pagó 2000$ a Kevin Moya
[2016/10/24 - 19:46:13] {FFFF00}[AdmWarning]:{FF0000} Fady Saba dio 40000 de dinero a Pablo Villalobos.
[2016/10/24 - 20:57:24] * Fady Saba pagó 40000$ a Jason Odegaard
[2016/10/24 - 20:57:54] * Fady Saba pagó 40000$ a Jeii Calore
[2016/10/24 - 21:12:24] * Erick Capone pagó 5000$ a Wilson Moran
[2016/10/24 - 21:42:1] * Jason Odegaard pagó 500$ a Wilson Moran
[2016/10/24 - 21:42:14] * Jason Odegaard pagó 4500$ a Wilson Moran
[2016/10/24 - 21:47:29] * Adham Ashraf pagó 10000$ a Homero Mcarny
[2016/10/24 - 21:54:17] * Adham Ashraf pagó 1500$ a Jason Odegaard
[2016/10/24 - 22:14:16] * Manuel Melo pagó 3000$ a Wilson Moran
[2016/10/24 - 22:14:51] * Wilfredo Velletri pagó 1000$ a Wilson Moran
[2016/10/24 - 23:18:24] * Daniel Tellez pagó 3000$ a Homero Mcarny
[2016/10/24 - 23:19:31] * Yair Drick pagó 30000$ a Jeii Calore
[2016/10/25 - 0:18:40] * Alejo Castillo pagó 5000$ a Homero Mcarny
[2016/10/25 - 0:27:18] * Jason Odegaard pagó 7500$ a Adham Ashraf
[2016/10/25 - 0:30:13] * Homero Mcarny pagó 10000$ a Adham Ashraf
[2016/10/25 - 2:2:13] * Erick Gonzalez pagó 5000$ a Nahuel Jimenez
[2016/10/25 - 2:5:20] * Josbriel Rodriguez pagó 200$ a Adham Ashraf
[2016/10/25 - 2:8:16] * Klaus MacTavish pagó 5000$ a Edwin Monts
[2016/10/25 - 2:9:40] * Josbriel Rodriguez pagó 500$ a Adham Ashraf
[2016/10/25 - 2:10:29] * Adham Ashraf pagó 200$ a Josbriel Rodriguez
[2016/10/25 - 2:17:36] * Adham Ashraf pagó 40000$ a Wilson Moran
[2016/10/25 - 2:17:49] * Adham Ashraf pagó 10000$ a Wilson Moran
[2016/10/25 - 3:14:47] * Antonella Johnson pagó 20000$ a Nahuel Jimenez
[2016/10/25 - 3:43:48] {FFFF00}[AdmWarning]:{FF0000} Fady Saba dio 30000 de dinero a Homero Mcarny.
[2016/10/25 - 4:22:29] * Jonas Jure pagó 100$ a Jason Odegaard
[2016/10/25 - 4:31:43] * Jonas Jure pagó 2000$ a Manuel Melo
[2016/10/25 - 4:40:16] * Jonas Jure pagó 10000$ a Manuel Melo
[2016/10/25 - 4:54:59] * Daniel Tellez pagó 1000$ a Alejo Castillo
[2016/10/25 - 4:55:28] * Alejo Castillo pagó 1000$ a Daniel Tellez
[2016/10/25 - 6:51:36] * Jonas Jure pagó 1500$ a Nacho Astiz
[2016/10/25 - 7:19:21] * Nacho Astiz pagó 2000$ a Jonas Jure
[2016/10/25 - 7:19:33] * Jonas Jure pagó 2000$ a Nacho Astiz
[2016/10/25 - 7:19:43] * Nacho Astiz pagó 10000$ a Jonas Jure
[2016/10/25 - 7:19:55] * Jonas Jure pagó 10000$ a Nacho Astiz
[2016/10/25 - 7:20:9] * Nacho Astiz pagó 10000$ a Jonas Jure
[2016/10/25 - 16:27:1] * Jeii Calore pagó 17000$ a Alejo Castillo
[2016/10/25 - 18:30:50] * Alejo Castillo pagó 20000$ a Jeii Calore
[2016/10/25 - 18:33:19] * Alejo Castillo pagó 10000$ a Jeii Calore
[2016/10/25 - 19:47:0] * Willi Alpinestars pagó 2000$ a Jeii Calore
[2016/10/25 - 19:47:25] * Willi Alpinestars pagó 2000$ a Jason Odegaard
[2016/10/25 - 20:49:11] * Angel Davi pagó 20000$ a Alvaro Mansilla
[2016/10/25 - 20:51:7] * Wilson Moran pagó 40000$ a Jeii Calore
[2016/10/25 - 20:51:36] * Wilson Moran pagó 10000$ a Jeii Calore
[2016/10/25 - 20:51:56] * Wilson Moran pagó 10000$ a Jeii Calore
[2016/10/25 - 20:54:58] * Alvaro Mansilla pagó 10000$ a Dylan Varela
[2016/10/25 - 21:22:17] * Jeii Calore pagó 30000$ a Erick Gonzalez
[2016/10/25 - 21:23:0] * Erick Gonzalez pagó 5000$ a Jeii Calore
[2016/10/25 - 21:43:10] * Gonza Fonseco pagó 10000$ a Wilson Moran
[2016/10/25 - 21:59:41] * Nico Celentano pagó 20000$ a Alvaro Mansilla
[2016/10/25 - 22:18:28] * Bayron Wazouky pagó 500$ a Kevin Moya
[2016/10/25 - 22:32:37] * Alex Martinez pagó 5500$ a Adham Ashraf
[2016/10/25 - 22:35:2] * Homero Mcarny pagó 5000$ a Adham Ashraf
[2016/10/25 - 22:36:15] * Homero Mcarny pagó 5000$ a Nacho Astiz
[2016/10/25 - 22:36:39] * Homero Mcarny pagó 5000$ a Jose Velasquez
[2016/10/25 - 22:36:52] * Homero Mcarny pagó 5000$ a Wilson Moran
[2016/10/25 - 22:45:6] * Homero Mcarny pagó 40000$ a Snitcheel Mcfly
[2016/10/25 - 22:45:18] * Homero Mcarny pagó 40000$ a Snitcheel Mcfly
[2016/10/25 - 22:45:59] * Fady Saba pagó 4000$ a Derek Petrov
[2016/10/25 - 22:46:15] * Fady Saba pagó 4000$ a Derek Petrov
[2016/10/25 - 22:46:27] * Fady Saba pagó 40000$ a Derek Petrov
[2016/10/25 - 22:49:24] * Josbriel Rodriguez pagó 5000$ a Adham Ashraf
[2016/10/25 - 23:59:59] * Jerry Montano pagó 3000$ a Michael Corvo
[2016/10/26 - 0:14:29] * Alvaro Mansilla pagó 10000$ a Jason Odegaard
[2016/10/26 - 0:34:33] * Alvaro Mansilla pagó 20$ a Adham Ashraf
[2016/10/26 - 1:14:13] * Bayron Wazouky pagó 10000$ a Paolo DeTitto
[2016/10/26 - 1:14:33] * Bayron Wazouky pagó 32196$ a Paolo DeTitto
[2016/10/26 - 1:23:32] * Bayron Wazouky pagó 20000$ a Paolo DeTitto
[2016/10/26 - 1:25:6] * Matti Rodriguez pagó 40000$ a Adham Ashraf
[2016/10/26 - 1:46:45] * Paolo DeTitto pagó 20000$ a Adham Ashraf
[2016/10/26 - 2:16:22] * Nicolas Guevara pagó 10$ a Klaus MacTavish
[2016/10/26 - 2:40:11] * Fady Saba pagó 40000$ a Eduardo Salazar
[2016/10/26 - 2:40:24] * Fady Saba pagó 40000$ a Eduardo Salazar
[2016/10/26 - 2:40:36] * Fady Saba pagó 40000$ a Eduardo Salazar
[2016/10/26 - 2:40:42] * Fady Saba pagó 40000$ a Eduardo Salazar
[2016/10/26 - 2:40:51] * Fady Saba pagó 40000$ a Paolo DeTitto
[2016/10/26 - 2:41:3] * Fady Saba pagó 40000$ a Paolo DeTitto
[2016/10/26 - 2:41:9] * Fady Saba pagó 40000$ a Paolo DeTitto
[2016/10/26 - 2:41:15] * Fady Saba pagó 40000$ a Paolo DeTitto
[2016/10/26 - 2:41:22] * Fady Saba pagó 40000$ a Bruno McSanders
[2016/10/26 - 2:41:47] * Fady Saba pagó 40000$ a Jason Odegaard
[2016/10/26 - 2:41:55] * Fady Saba pagó 40000$ a Eduardo Salazar
[2016/10/26 - 2:42:6] * Fady Saba pagó 40000$ a Eduardo Salazar
[2016/10/26 - 2:42:14] * Fady Saba pagó 40000$ a Eduardo Salazar
[2016/10/26 - 2:42:26] * Fady Saba pagó 40000$ a Eduardo Salazar
[2016/10/26 - 2:42:42] * Fady Saba pagó 40000$ a Nicolas Guevara
[2016/10/26 - 2:42:56] * Fady Saba pagó 40000$ a Nicolas Guevara
[2016/10/26 - 2:43:10] * Fady Saba pagó 40000$ a Nicolas Guevara
[2016/10/26 - 2:43:22] * Fady Saba pagó 40000$ a Nicolas Guevara
[2016/10/26 - 2:43:46] {FFFF00}[AdmWarning]:{FF0000} Fady Saba dio 250000 de dinero a Jason Odegaard.
[2016/10/26 - 2:43:55] {FFFF00}[AdmWarning]:{FF0000} Fady Saba dio 250000 de dinero a Jeii Calore.
[2016/10/26 - 2:44:18] * Fady Saba pagó 40000$ a Axel Yankee
[2016/10/26 - 2:44:31] * Fady Saba pagó 40000$ a Axel Yankee
[2016/10/26 - 2:44:37] * Fady Saba pagó 40000$ a Axel Yankee
[2016/10/26 - 2:45:2] * Fady Saba pagó 40000$ a Bruno McSanders
[2016/10/26 - 2:45:9] * Fady Saba pagó 40000$ a Axel Yankee
[2016/10/26 - 2:45:17] * Fady Saba pagó 40000$ a Nahuel Jimenez
[2016/10/26 - 2:45:29] * Fady Saba pagó 40000$ a Nahuel Jimenez
[2016/10/26 - 2:45:35] * Fady Saba pagó 40000$ a Nahuel Jimenez
[2016/10/26 - 2:45:48] * Fady Saba pagó 40000$ a Nahuel Jimenez
[2016/10/26 - 2:45:59] * Fady Saba pagó 40000$ a Eduardo Salazar
[2016/10/26 - 2:46:6] * Fady Saba pagó 40000$ a Nicolas Guevara
[2016/10/26 - 2:46:18] * Fady Saba pagó 40000$ a Bruno McSanders
[2016/10/26 - 3:15:16] * Fady Saba pagó 40000$ a Jeii Calore
[2016/10/26 - 3:15:27] * Fady Saba pagó 40000$ a Eduardo Salazar
[2016/10/26 - 3:15:36] * Fady Saba pagó 40000$ a Nahuel Jimenez
[2016/10/26 - 3:15:49] * Fady Saba pagó 40000$ a Erick Gonzalez
[2016/10/26 - 3:16:1] * Fady Saba pagó 40000$ a Nikolay Petrovsky
[2016/10/26 - 3:17:18] * Fady Saba pagó 40000$ a Bruno McSanders
[2016/10/26 - 3:17:39] * Fady Saba pagó 40000$ a Nicolas Guevara
[2016/10/26 - 3:17:55] * Fady Saba pagó 40000$ a Axel Yankee
[2016/10/26 - 3:18:8] * Fady Saba pagó 40000$ a Erick Gonzalez
[2016/10/26 - 4:0:7] * Ruben Alvarez pagó 30000$ a Nacho Astiz
[2016/10/26 - 4:5:54] * Fady Saba pagó 40000$ a Nahuel Jimenez
[2016/10/26 - 4:6:6] * Fady Saba pagó 40000$ a Jeii Calore
[2016/10/26 - 4:6:18] * Fady Saba pagó 40000$ a Bruno McSanders
[2016/10/26 - 4:6:29] * Fady Saba pagó 40000$ a Axel Yankee
[2016/10/26 - 4:15:25] * Ruben Alvarez pagó 40000$ a Nacho Astiz
[2016/10/26 - 4:27:40] * Jonas Jure pagó 5000$ a Maicol Nico
[2016/10/26 - 4:33:25] * Jonas Jure pagó 40000$ a Edwin Monts
[2016/10/26 - 4:33:37] * Jonas Jure pagó 40000$ a Edwin Monts
[2016/10/26 - 4:33:49] * Jonas Jure pagó 40000$ a Edwin Monts
[2016/10/26 - 4:34:11] * Jonas Jure pagó 10000$ a Edwin Monts
[2016/10/26 - 4:52:41] * Ruben Alvarez pagó 10000$ a Nacho Astiz
[2016/10/26 - 4:59:40] * Nacho Astiz pagó 10000$ a Bruno McSanders
[2016/10/26 - 5:0:46] * Jonas Jure pagó 40000$ a Jason Odegaard
[2016/10/26 - 5:1:6] * Jonas Jure pagó 40000$ a Jason Odegaard
[2016/10/26 - 5:1:17] * Jonas Jure pagó 20000$ a Jason Odegaard
[2016/10/26 - 5:3:15] * Nacho Astiz pagó 30000$ a Bruno McSanders
[2016/10/26 - 5:57:50] * Nicolas Guevara pagó 20000$ a Bruno McSanders
[2016/10/26 - 6:0:36] * Nicolas Guevara pagó 10000$ a Nacho Astiz
[2016/10/26 - 6:4:14] * Nicolas Guevara pagó 10000$ a Alejo Castillo
[2016/10/26 - 6:9:27] * Blasco Zeid pagó 2000$ a Ruben Alvarez
[2016/10/26 - 6:33:15] * Bruno McSanders pagó 100$ a Nacho Astiz
[2016/10/26 - 6:41:15] * Bruno McSanders pagó 25000$ a Nacho Astiz
[2016/10/26 - 7:10:46] * Nicolas Guevara pagó 10000$ a Nacho Astiz
[2016/10/26 - 18:48:55] * Paolo DeTitto pagó 300$ a Bruno McSanders
[2016/10/26 - 18:49:0] * Bruno McSanders pagó 300$ a Sofia Zuleta
[2016/10/26 - 19:6:4] * Nicolas Guevara pagó 40000$ a Sofia Zuleta
[2016/10/26 - 19:6:16] * Nicolas Guevara pagó 30000$ a Sofia Zuleta
[2016/10/26 - 20:0:54] * Nicolas Guevara pagó 30000$ a Troy Brown
[2016/10/26 - 20:46:55] * Paolo DeTitto pagó 10000$ a Jose Velasquez
[2016/10/26 - 20:48:16] * Bruno McSanders pagó 89$ a Jason Odegaard
[2016/10/26 - 21:0:15] * Wilson Moran pagó 39083$ a Sofia Zuleta
[2016/10/26 - 21:0:30] * Blasco Zeid pagó 30000$ a Manuel Melo
[2016/10/26 - 21:16:7] * Blasco Zeid pagó 40000$ a Nacho Astiz
[2016/10/26 - 21:20:49] * Nicolas Guevara pagó 40000$ a Jeffrey Deren
[2016/10/26 - 21:28:33] * Blasco Zeid pagó 3000$ a Alberto Patricio
[2016/10/26 - 21:32:51] * Manuel Melo pagó 15000$ a Nacho Astiz
[2016/10/26 - 21:39:47] * Blasco Zeid pagó 10000$ a Nacho Astiz
[2016/10/26 - 22:7:55] {FFFF00}[AdmWarning]:{FF0000} Klaus MacTavish dio 200000 de dinero a Pedro Lescano.
[2016/10/26 - 23:19:56] * Homero Mcarny pagó 5000$ a Alex Martinez
[2016/10/26 - 23:20:47] * Homero Mcarny pagó 5000$ a Daniel Tellez
[2016/10/26 - 23:24:4] * Homero Mcarny pagó 5000$ a Manuel Melo
[2016/10/26 - 23:25:9] * Homero Mcarny pagó 5000$ a Manuel Melo
[2016/10/27 - 0:12:26] * Jeii Calore pagó 20000$ a Alex Martinez
[2016/10/27 - 0:12:40] * Jeii Calore pagó 20000$ a Nahuel Jimenez
[2016/10/27 - 0:56:39] * Nahuel Beltran pagó 40000$ a Nacho Astiz
[2016/10/27 - 0:56:51] * Nahuel Beltran pagó 40000$ a Nacho Astiz
[2016/10/27 - 0:57:3] * Nahuel Beltran pagó 40000$ a Nacho Astiz
[2016/10/27 - 0:57:10] * Nahuel Beltran pagó 40000$ a Nacho Astiz
[2016/10/27 - 0:57:22] * Nahuel Beltran pagó 40000$ a Nacho Astiz
[2016/10/27 - 0:57:34] * Nahuel Beltran pagó 40000$ a Nacho Astiz
[2016/10/27 - 0:57:46] * Nahuel Beltran pagó 40000$ a Nacho Astiz
[2016/10/27 - 0:57:53] * Nahuel Beltran pagó 40000$ a Nacho Astiz
[2016/10/27 - 0:58:10] * Nahuel Beltran pagó 40000$ a Nacho Astiz
[2016/10/27 - 0:58:26] * Nahuel Beltran pagó 40000$ a Nacho Astiz
[2016/10/27 - 0:58:37] * Nahuel Beltran pagó 40000$ a Nacho Astiz
[2016/10/27 - 0:58:42] * Nahuel Beltran pagó 40000$ a Nacho Astiz
[2016/10/27 - 0:58:50] * Nahuel Beltran pagó 40000$ a Nacho Astiz
[2016/10/27 - 1:56:58] * Daniel Tellez pagó 1000$ a Dylan Varela
[2016/10/27 - 1:57:19] * Daniel Tellez pagó 1000$ a Nicole Suarez
[2016/10/27 - 1:57:42] * Daniel Tellez pagó 1000$ a Edwin Monts
[2016/10/27 - 2:16:47] * Nacho Astiz pagó 40000$ a Homero Mcarny
[2016/10/27 - 3:3:2] * Pedro Lescano pagó 50$ a Homero Mcarny
[2016/10/27 - 3:17:0] {FFFF00}[AdmWarning]:{FF0000} Nicolas Guevara dio 1 de dinero a Nicolas Guevara.
[2016/10/27 - 3:39:29] * Daniel Tellez pagó 1000$ a Jonas Jure
[2016/10/27 - 3:40:11] * Jonas Jure pagó 1000$ a Daniel Tellez
[2016/10/27 - 3:56:57] {FFFF00}[AdmWarning]:{FF0000} Nicolas Guevara dio 350000 de dinero a Homero Mcarny.
[2016/10/27 - 4:11:59] * Homero Mcarny pagó 5000$ a Nicole Suarez
[2016/10/27 - 4:26:56] * Nacho Astiz pagó 40000$ a Jonas Jure
[2016/10/27 - 4:27:4] * Jason Odegaard pagó 40000$ a Jonas Jure
[2016/10/27 - 4:27:16] * Jason Odegaard pagó 40000$ a Jonas Jure
[2016/10/27 - 4:27:29] * Jason Odegaard pagó 20000$ a Jonas Jure
[2016/10/27 - 4:33:2] * Nacho Astiz pagó 40000$ a Homero Mcarny
[2016/10/27 - 4:35:2] * Nacho Astiz pagó 25000$ a Homero Mcarny
[2016/10/27 - 4:35:15] * Nacho Astiz pagó 40000$ a Homero Mcarny
[2016/10/27 - 5:31:36] * Wilfredo Velletri pagó 5000$ a Daniel Tellez
[2016/10/27 - 21:1:57] * Wilfredo Velletri pagó 300$ a Homero Mcarny
[2016/10/27 - 21:2:3] * Jerry Montano pagó 1000$ a Nacho Astiz
[2016/10/27 - 21:2:18] * Jerry Montano pagó 9000$ a Nacho Astiz
[2016/10/27 - 21:2:22] * Wilfredo Velletri pagó 3000$ a Homero Mcarny
[2016/10/27 - 21:27:14] * Jeii Calore pagó 30000$ a Willi Alpinestars
[2016/10/27 - 22:43:15] * Daniel Tellez pagó 2000$ a Nacho Astiz
[2016/10/27 - 22:59:1] * Nacho Astiz pagó 40000$ a Paolo DeTitto
[2016/10/27 - 22:59:36] * Nacho Astiz pagó 10000$ a Paolo DeTitto
[2016/10/27 - 23:4:6] * Nacho Astiz pagó 4000$ a Paolo DeTitto
[2016/10/27 - 23:10:42] * Nacho Astiz pagó 40000$ a Jeii Calore
[2016/10/27 - 23:11:25] * Paolo DeTitto pagó 10000$ a Alex Martinez
[2016/10/27 - 23:11:26] * Nacho Astiz pagó 40000$ a Jeii Calore
[2016/10/27 - 23:11:36] * Nacho Astiz pagó 40000$ a Jeii Calore
[2016/10/27 - 23:11:37] * Paolo DeTitto pagó 10000$ a Jeii Calore
[2016/10/27 - 23:11:48] * Paolo DeTitto pagó 10000$ a Bruno McSanders
[2016/10/27 - 23:12:12] * Nacho Astiz pagó 40000$ a Jeii Calore
[2016/10/27 - 23:12:47] * Nacho Astiz pagó 40000$ a Jeii Calore
[2016/10/27 - 23:13:15] * Nacho Astiz pagó 40000$ a Jeii Calore
[2016/10/27 - 23:14:14] * Nacho Astiz pagó 40000$ a Jeii Calore
[2016/10/27 - 23:14:29] * Nacho Astiz pagó 40000$ a Jeii Calore
[2016/10/27 - 23:14:41] * Nacho Astiz pagó 40000$ a Jeii Calore
[2016/10/27 - 23:14:59] * Nacho Astiz pagó 40000$ a Jeii Calore
[2016/10/27 - 23:15:16] * Nacho Astiz pagó 40000$ a Jeii Calore
[2016/10/27 - 23:15:31] * Nacho Astiz pagó 40000$ a Jeii Calore
[2016/10/27 - 23:27:31] * Jeii Calore pagó 40000$ a Alex Martinez
[2016/10/27 - 23:27:44] * Jeii Calore pagó 40000$ a Alex Martinez
[2016/10/27 - 23:27:55] * Jeii Calore pagó 40000$ a Alex Martinez
[2016/10/27 - 23:28:7] * Jeii Calore pagó 40000$ a Bruno McSanders
[2016/10/27 - 23:28:20] * Jeii Calore pagó 40000$ a Bruno McSanders
[2016/10/27 - 23:28:33] * Jeii Calore pagó 40000$ a Bruno McSanders
[2016/10/27 - 23:28:45] * Jeii Calore pagó 40000$ a Paolo DeTitto
[2016/10/27 - 23:28:59] * Jeii Calore pagó 40000$ a Paolo DeTitto
[2016/10/27 - 23:29:15] * Jeii Calore pagó 40000$ a Paolo DeTitto
[2016/10/27 - 23:44:51] * Alex Martinez pagó 150$ a Jeii Calore
[2016/10/28 - 2:0:0] * Homero Mcarny pagó 40$ a Bruno McSanders
[2016/10/28 - 2:0:16] * Bruno McSanders pagó 40$ a Homero Mcarny
[2016/10/28 - 3:53:56] {FFFF00}[AdmWarning]:{FF0000} Nicolas Guevara dio 100000 de dinero a Cris Lores.
[2016/10/28 - 7:6:53] {FFFF00}[AdmWarning]:{FF0000} Nicolas Guevara dio 100000 de dinero a Jack Ramphell.
[2016/10/28 - 7:20:16] * Nicolas Guevara pagó 30000$ a Jack Ramphell
[2016/10/28 - 7:29:0] {FFFF00}[AdmWarning]:{FF0000} Nicolas Guevara dio 200000 de dinero a Alejo Castillo.
[2016/10/28 - 7:32:43] {FFFF00}[AdmWarning]:{FF0000} Nicolas Guevara dio 50000 de dinero a Alejo Emiliano.
[2016/10/28 - 19:58:57] * Pablo Villalobos pagó 200$ a Erick Gonzalez
[2016/10/28 - 20:7:9] * Willi Alpinestars pagó 40000$ a Jeii Calore
[2016/10/28 - 20:7:30] * Willi Alpinestars pagó 40000$ a Jeii Calore
[2016/10/28 - 20:7:46] * Willi Alpinestars pagó 40000$ a Jeii Calore
[2016/10/28 - 20:8:1] * Willi Alpinestars pagó 40000$ a Jeii Calore
[2016/10/28 - 20:8:15] * Willi Alpinestars pagó 40000$ a Jeii Calore
[2016/10/28 - 20:8:31] * Willi Alpinestars pagó 40000$ a Jeii Calore
[2016/10/28 - 20:8:50] * Willi Alpinestars pagó 40000$ a Jeii Calore
[2016/10/28 - 20:9:2] * Willi Alpinestars pagó 40000$ a Jeii Calore
[2016/10/28 - 20:9:15] * Willi Alpinestars pagó 40000$ a Jeii Calore
[2016/10/28 - 20:9:28] * Willi Alpinestars pagó 40000$ a Jeii Calore
[2016/10/28 - 20:9:47] * Willi Alpinestars pagó 40000$ a Jeii Calore
[2016/10/28 - 20:10:2] * Willi Alpinestars pagó 40000$ a Jeii Calore
[2016/10/28 - 20:10:17] * Willi Alpinestars pagó 20000$ a Jeii Calore
[2016/10/28 - 20:10:37] * Willi Alpinestars pagó 40000$ a Jeii Calore
[2016/10/28 - 20:10:49] * Willi Alpinestars pagó 40000$ a Jeii Calore
[2016/10/28 - 20:11:6] * Willi Alpinestars pagó 20000$ a Jeii Calore
[2016/10/28 - 20:32:7] * Jeii Calore pagó 10000$ a Adham Ashraf
[2016/10/28 - 21:4:45] {FFFF00}[AdmWarning]:{FF0000} Nicolas Guevara dio 50000 de dinero a Quinn Ford.
[2016/10/28 - 21:20:40] {FFFF00}[AdmWarning]:{FF0000} Nicolas Guevara dio 3000 de dinero a Quinn Ford.
[2016/10/28 - 21:32:27] * Gonza Fonseco pagó 5000$ a Nacho Astiz
[2016/10/29 - 4:54:5] * Paul Stiven pagó 15000$ a Nacho Astiz
[2016/10/29 - 5:12:16] * Dylan Varela pagó 15000$ a Nacho Astiz
[2016/10/29 - 6:38:35] {FFFF00}[AdmWarning]:{FF0000} Harvey Specter dio 60000 de dinero a Jose Bello.
[2016/10/29 - 6:43:20] * Paul Stiven pagó 40000$ a Alvaro Mansilla
[2016/10/29 - 7:11:27] * Nicolas Guevara pagó 30000$ a Jose Bello
[2016/10/29 - 7:11:54] * Nicolas Guevara pagó 30000$ a Miguel Rodriguez
[2016/10/29 - 7:13:51] {FFFF00}[AdmWarning]:{FF0000} Nicolas Guevara dio 30000 de dinero a Guillermo Jesus.
[2016/10/29 - 17:6:14] * Manuel Melo pagó 40000$ a Pedro Lescano
[2016/10/29 - 17:6:27] * Manuel Melo pagó 32000$ a Pedro Lescano
[2016/10/29 - 17:18:6] * Manuel Melo pagó 20000$ a Pedro Lescano
[2016/10/29 - 19:9:55] * Paul Stiven pagó 5000$ a Adham Ashraf
[2016/10/29 - 20:10:58] * Adham Ashraf pagó 2890$ a Bruno McSanders
[2016/10/30 - 0:12:48] * Jonas Jure pagó 15000$ a Adham Ashraf
[2016/10/30 - 0:19:7] * Nahuel Beltran pagó 40000$ a Bruno McSanders
[2016/10/30 - 0:19:18] * Nahuel Beltran pagó 40000$ a Bruno McSanders
[2016/10/30 - 0:19:27] * Nahuel Beltran pagó 40000$ a Bruno McSanders
[2016/10/30 - 0:19:44] * Nahuel Beltran pagó 40000$ a Bruno McSanders
[2016/10/30 - 0:21:3] * Nahuel Beltran pagó 40000$ a Dylan Varela
[2016/10/30 - 0:21:15] * Nahuel Beltran pagó 40000$ a Dylan Varela
[2016/10/30 - 0:21:21] * Nahuel Beltran pagó 40000$ a Dylan Varela
[2016/10/30 - 0:21:27] * Nahuel Beltran pagó 40000$ a Dylan Varela
[2016/10/30 - 0:21:32] * Nahuel Beltran pagó 40000$ a Dylan Varela
[2016/10/30 - 0:21:38] * Nahuel Beltran pagó 40000$ a Dylan Varela
[2016/10/30 - 0:21:50] * Nahuel Beltran pagó 40000$ a Dylan Varela
[2016/10/30 - 0:22:8] * Nahuel Beltran pagó 40000$ a Dylan Varela
[2016/10/30 - 0:22:15] * Nahuel Beltran pagó 40000$ a Dylan Varela
[2016/10/30 - 0:22:26] * Nahuel Beltran pagó 40000$ a Dylan Varela
[2016/10/30 - 0:23:47] * Nahuel Beltran pagó 40000$ a Eder Vhangelien
[2016/10/30 - 0:23:59] * Nahuel Beltran pagó 40000$ a Eder Vhangelien
[2016/10/30 - 0:24:7] * Nahuel Beltran pagó 40000$ a Eder Vhangelien
[2016/10/30 - 0:24:19] * Nahuel Beltran pagó 40000$ a Eder Vhangelien
[2016/10/30 - 0:25:3] * Nahuel Beltran pagó 40000$ a Eder Vhangelien
[2016/10/30 - 1:18:53] * Xavier Navarro pagó 20000$ a Dylan Varela
[2016/10/30 - 2:53:21] * Adham Ashraf pagó 1625$ a Bruno McSanders
[2016/10/30 - 3:56:0] * Pablo Villalobos pagó 40000$ a Paul Stiven
[2016/10/30 - 4:8:15] * Pablo Villalobos pagó 35000$ a Paul Stiven
[2016/10/30 - 5:39:3] * Jonas Jure pagó 2500$ a Brian Piazzoni
[2016/10/30 - 18:9:28] * Matti Rodriguez pagó 1200$ a Juan Snow
[2016/10/30 - 19:10:13] * Nahuel Beltran pagó 40000$ a Mariano Hernandez
[2016/10/30 - 19:10:44] * Nahuel Beltran pagó 40000$ a Mariano Hernandez
[2016/10/30 - 19:11:1] * Bruno McSanders pagó 15000$ a Adham Ashraf
[2016/10/30 - 19:12:18] * Nahuel Beltran pagó 40000$ a Adham Ashraf
[2016/10/30 - 19:18:36] * Mariano Hernandez pagó 40000$ a Adham Ashraf
[2016/10/30 - 19:20:13] * Nahuel Beltran pagó 40000$ a Adham Ashraf
[2016/10/30 - 19:20:31] * Jason Odegaard pagó 500$ a Adham Ashraf
[2016/10/30 - 19:20:50] * Nahuel Beltran pagó 40000$ a Adham Ashraf
[2016/10/30 - 19:20:56] * Jason Odegaard pagó 4500$ a Adham Ashraf
[2016/10/30 - 19:21:4] * Nahuel Beltran pagó 40000$ a Adham Ashraf
[2016/10/30 - 19:38:4] {FFFF00}[AdmWarning]:{FF0000} Nicolas Guevara dio 250000 de dinero a Jason Odegaard.
[2016/10/30 - 19:43:50] {FFFF00}[AdmWarning]:{FF0000} Nicolas Guevara dio 50000 de dinero a Miguel Aparik.
[2016/10/30 - 19:48:6] {FFFF00}[AdmWarning]:{FF0000} Nicolas Guevara dio 100000 de dinero a Mike Moretz.
[2016/10/30 - 19:50:54] * Nahuel Beltran pagó 40000$ a Adham Ashraf
[2016/10/30 - 19:51:19] * Nahuel Beltran pagó 40000$ a Adham Ashraf
[2016/10/30 - 20:2:44] * Michael Corvo pagó 1000$ a Bruno McSanders
[2016/10/30 - 20:2:54] * Nahuel Beltran pagó 40000$ a Adham Ashraf
[2016/10/30 - 20:3:9] * Bruno McSanders pagó 1000$ a Michael Corvo
[2016/10/30 - 20:18:32] * Matti Rodriguez pagó 1000$ a Sontek Lopez
[2016/10/30 - 20:35:32] * Paolo DeTitto pagó 5000$ a Adham Ashraf
[2016/10/30 - 20:36:29] * Jason Odegaard pagó 40000$ a Michael Corvo
[2016/10/30 - 20:36:40] * Jason Odegaard pagó 40000$ a Michael Corvo
[2016/10/30 - 20:36:47] * Jason Odegaard pagó 40000$ a Michael Corvo
[2016/10/30 - 20:37:20] * Jason Odegaard pagó 2000$ a Michael Corvo
[2016/10/30 - 20:40:12] * Paolo DeTitto pagó 10000$ a Adham Ashraf
[2016/10/30 - 23:4:45] {FFFF00}[AdmWarning]:{FF0000} Nicolas Guevara dio 600000 de dinero a Nicolas Guevara.
[2016/10/30 - 23:15:11] {FFFF00}[AdmWarning]:{FF0000} Nicolas Guevara dio 240000 de dinero a Nacho Astiz.
[2016/10/30 - 23:20:26] * Jonas Jure pagó 1999$ a Pedro Lescano
[2016/10/30 - 23:23:11] * Paul Stiven pagó 5000$ a Adham Ashraf
[2016/10/30 - 23:39:53] * Adham Ashraf pagó 6826$ a Nacho Astiz
[2016/10/30 - 23:40:9] * Nacho Astiz pagó 1260$ a Adham Ashraf
[2016/10/31 - 0:2:0] * Nahuel Jimenez pagó 5000$ a Adham Ashraf
[2016/10/31 - 0:17:56] * Eder Vhangelien pagó 15000$ a Nacho Astiz
[2016/10/31 - 0:19:33] * Nacho Astiz pagó 5000$ a Adham Ashraf
[2016/10/31 - 0:35:15] * Eder Vhangelien pagó 15000$ a Adham Ashraf
[2016/10/31 - 0:51:28] * Nahuel Jimenez pagó 8000$ a Niko Pacheco
[2016/10/31 - 0:51:44] * Alvaro Mansilla pagó 40$ a Adham Ashraf
[2016/10/31 - 1:1:9] * Josbriel Rodriguez pagó 500$ a Dylan Varela
[2016/10/31 - 1:7:31] * Josbriel Rodriguez pagó 3000$ a Dylan Varela
[2016/10/31 - 1:34:3] * Eder Vhangelien pagó 5000$ a Adham Ashraf
[2016/10/31 - 1:35:11] * Alvaro Mansilla pagó 160$ a Dylan Varela
[2016/10/31 - 2:28:9] {FFFF00}[AdmWarning]:{FF0000} Nicolas Guevara dio 500000 de dinero a Homero Mcarny.
[2016/10/31 - 2:58:43] * Aaron WestBrook pagó 20000$ a Nacho Astiz
[2016/10/31 - 3:31:12] {FFFF00}[AdmWarning]:{FF0000} Nicolas Guevara dio 400000 de dinero a Nicolas Guevara.
[2016/10/31 - 3:32:25] * Nicolas Guevara pagó 1000$ a Paul Stiven
[2016/10/31 - 3:43:57] * Jonas Jure pagó 10$ a Nacho Astiz
[2016/10/31 - 3:44:15] * Jonas Jure pagó 1000$ a Nacho Astiz
[2016/10/31 - 3:44:26] * Jonas Jure pagó 1000$ a Nacho Astiz
[2016/10/31 - 3:45:51] * Jason Odegaard pagó 100$ a Nacho Astiz
[2016/10/31 - 3:46:32] * Paul Stiven pagó 100$ a Nacho Astiz
[2016/10/31 - 5:10:42] * Alexandro Moya pagó 1000$ a Kevin Moya
[2016/10/31 - 5:22:24] * Alexandro Moya pagó 1000$ a Kevin Moya
[2016/10/31 - 18:26:48] * Homero Mcarny pagó 4000$ a Jason Odegaard
[2016/10/31 - 19:4:27] {FFFF00}[AdmWarning]:{FF0000} Harvey Specter dio -3721965 de dinero a Harvey Specter.
[2016/10/31 - 19:4:42] {FFFF00}[AdmWarning]:{FF0000} Nicolas Guevara dio 1000000 de dinero a Harvey Specter.
[2016/10/31 - 19:11:31] {FFFF00}[AdmWarning]:{FF0000} Harvey Specter dio 540000000 de dinero a Nicolas Guevara.
[2016/10/31 - 19:14:3] {FFFF00}[AdmWarning]:{FF0000} Harvey Specter dio -510000000 de dinero a Nicolas Guevara.
[2016/10/31 - 19:17:18] {FFFF00}[AdmWarning]:{FF0000} Harvey Specter dio -500000000 de dinero a Harvey Specter.
[2016/10/31 - 19:18:22] * Nicolas Guevara pagó 10$ a Harvey Specter
[2016/10/31 - 19:18:22] {FFFF00}[AdmWarning]:{FF0000} Harvey Specter dio 500 de dinero a Harvey Specter.
[2016/10/31 - 19:18:26] {FFFF00}[AdmWarning]:{FF0000} Harvey Specter dio 50000 de dinero a Harvey Specter.
[2016/10/31 - 19:18:40] {FFFF00}[AdmWarning]:{FF0000} Harvey Specter dio 5000000 de dinero a Harvey Specter.
[2016/10/31 - 19:18:46] {FFFF00}[AdmWarning]:{FF0000} Harvey Specter dio 50000000 de dinero a Harvey Specter.
[2016/10/31 - 19:18:58] {FFFF00}[AdmWarning]:{FF0000} Harvey Specter dio 500000000 de dinero a Harvey Specter.
[2016/10/31 - 19:32:54] {FFFF00}[AdmWarning]:{FF0000} Harvey Specter dio 5000000 de dinero a Nicolas Guevara.
[2016/10/31 - 19:34:3] {FFFF00}[AdmWarning]:{FF0000} Harvey Specter dio -110566509 de dinero a Harvey Specter.
[2016/10/31 - 20:0:58] * Pedro Lescano pagó 5000$ a Adham Ashraf
[2016/10/31 - 20:8:42] * Eder Vhangelien pagó 500$ a Alejo Castillo
[2016/10/31 - 20:11:9] * Dylan Varela pagó 5000$ a Niko Pacheco
[2016/10/31 - 20:11:17] * Eder Vhangelien pagó 500$ a Alejo Castillo
[2016/10/31 - 20:11:38] {FFFF00}[AdmWarning]:{FF0000} Nicolas Guevara dio 100000 de dinero a Anthony Olivares.
[2016/10/31 - 20:20:52] * Enzo Ferrari pagó 10000$ a Dylan Varela
[2016/10/31 - 21:31:59] * Niko Pacheco pagó 11000$ a Jeii Calore
[2016/10/31 - 21:32:37] * Niko Pacheco pagó 40000$ a Jeii Calore
[2016/10/31 - 21:32:48] * Niko Pacheco pagó 40000$ a Jeii Calore
[2016/10/31 - 21:33:15] * Niko Pacheco pagó 19450$ a Jeii Calore
[2016/10/31 - 21:35:10] {FFFF00}[AdmWarning]:{FF0000} Nicolas Guevara dio 100000 de dinero a Niko Pacheco.
[2016/10/31 - 21:43:25] * Eder Vhangelien pagó 1000$ a Anthony Olivares
[2016/10/31 - 22:2:35] * Wilfredo Velletri pagó 7000$ a Homero Mcarny
[2016/10/31 - 22:8:20] {FFFF00}[AdmWarning]:{FF0000} Nicolas Guevara dio 35000 de dinero a Francisco Ignacio.
[2016/10/31 - 22:16:5] {FFFF00}[AdmWarning]:{FF0000} Nicolas Guevara dio 30000 de dinero a Enzo Ferrari.
[2016/10/31 - 22:24:3] {FFFF00}[AdmWarning]:{FF0000} Nicolas Guevara dio 45000 de dinero a Francisco Ignacio.
[2016/10/31 - 22:28:39] * Jeii Calore pagó 2000$ a Alejo Castillo
[2016/10/31 - 22:52:4] {FFFF00}[AdmWarning]:{FF0000} Nicolas Guevara dio 300000 de dinero a Nicolas Guevara.
[2016/10/31 - 23:18:10] * Homero Mcarny pagó 10000$ a Dylan Varela
[2016/10/31 - 23:30:46] * Nicolas Guevara pagó 20000$ a Dylan Varela
[2016/10/31 - 23:51:10] * Niko Pacheco pagó 20000$ a Josbriel Rodriguez
[2016/11/1 - 0:0:31] * Juan Snow pagó 100$ a John Snow
[2016/11/1 - 0:10:3] * John Snow pagó 40000$ a Juan Snow
[2016/11/1 - 0:10:21] * John Snow pagó 30224$ a Juan Snow
[2016/11/1 - 0:12:28] * Nicolas Guevara pagó 10000$ a Paul Stiven
[2016/11/1 - 0:21:43] * John Snow pagó 20000$ a Juan Snow
[2016/11/1 - 0:22:20] * John Snow pagó 15000$ a Juan Snow
[2016/11/1 - 0:50:56] * Juan Snow pagó 20000$ a John Snow
[2016/11/1 - 0:51:34] * Alejo Castillo pagó 5000$ a Wilfredo Velletri
[2016/11/1 - 1:8:46] * Homero Mcarny pagó 5000$ a Adham Ashraf
[2016/11/1 - 1:35:33] {FFFF00}[AdmWarning]:{FF0000} Nicolas Guevara dio 2000 de dinero a Nicolas Mateus.
[2016/11/1 - 1:51:22] * Niko Pacheco pagó 12000$ a Nahuel Jimenez
[2016/11/1 - 2:2:21] * Jonas Jure pagó 15000$ a Bruno McSanders
[2016/11/1 - 2:33:13] * Jonas Jure pagó 800$ a Brian Piazzoni
[2016/11/1 - 2:33:39] * Bruno McSanders pagó 400$ a Jonas Jure
[2016/11/1 - 15:17:49] * Jeii Calore pagó 300$ a Jose Belisario
[2016/11/1 - 15:22:12] * Jeii Calore pagó 50$ a Jose Belisario
[2016/11/1 - 15:24:4] * Jeii Calore pagó 200$ a Jose Belisario
[2016/11/1 - 16:1:17] * Breison Enciso pagó 10000$ a Brian Kenny
[2016/11/1 - 16:4:0] * Breison Enciso pagó 10000$ a Enzo Ferrari
[2016/11/1 - 16:11:18] * Brian Kenny pagó 10000$ a Enzo Ferrari
[2016/11/1 - 16:14:1] * Breison Enciso pagó 2000$ a Brian Kenny
[2016/11/1 - 16:20:15] * Breison Enciso pagó 40000$ a Enzo Ferrari
[2016/11/1 - 17:30:5] * Anthony Olivares pagó 5000$ a Enzo Ferrari
[2016/11/1 - 17:36:25] * Breison Enciso pagó 10000$ a Enzo Ferrari
[2016/11/1 - 21:7:36] * Pedro Lescano pagó 15000$ a Adham Ashraf
[2016/11/1 - 21:12:58] * Pedro Lescano pagó 5000$ a Wilfredo Velletri
[2016/11/1 - 21:18:53] * Pedro Lescano pagó 5000$ a Wilfredo Velletri
[2016/11/1 - 21:26:32] * Brian Kenny pagó 10000$ a Adham Ashraf
[2016/11/1 - 21:52:54] * Jeii Calore pagó 40000$ a Nahuel Jimenez
[2016/11/1 - 21:53:6] * Jeii Calore pagó 40000$ a Nahuel Jimenez
[2016/11/1 - 21:53:17] * Jeii Calore pagó 20000$ a Nahuel Jimenez
[2016/11/1 - 21:56:58] * Nahuel Jimenez pagó 40000$ a Jeii Calore
[2016/11/1 - 21:57:10] * Nahuel Jimenez pagó 40000$ a Jeii Calore
[2016/11/1 - 21:57:18] * Nahuel Jimenez pagó 20000$ a Jeii Calore
[2016/11/1 - 22:10:25] * Enzo Ferrari pagó 100$ a Brian Kenny
[2016/11/1 - 22:20:34] * Alejo Castillo pagó 13000$ a Wilfredo Velletri
[2016/11/1 - 23:20:0] * Juan Snow pagó 2000$ a Carl Snow
[2016/11/1 - 23:22:9] * Alejo Castillo pagó 30000$ a Jeii Calore
[2016/11/1 - 23:44:30] * Alvaro Mansilla pagó 40000$ a Michael Corvo
[2016/11/1 - 23:44:44] * Alvaro Mansilla pagó 20000$ a Michael Corvo
[2016/11/1 - 23:57:2] {FFFF00}[AdmWarning]:{FF0000} Nicolas Guevara dio 150000 de dinero a Carl Snow.
[2016/11/1 - 23:57:45] * Niko Pacheco pagó 30000$ a Sofia Zuleta
[2016/11/1 - 23:58:44] {FFFF00}[AdmWarning]:{FF0000} Nicolas Guevara dio 20000 de dinero a Brandon Snow.
[2016/11/1 - 23:58:45] {FFFF00}[AdmWarning]:{FF0000} Nicolas Guevara dio 20000 de dinero a Brittany Snow.
[2016/11/2 - 0:24:24] * Alvaro Mansilla pagó 40000$ a Dylan Varela
[2016/11/2 - 0:24:39] * Alvaro Mansilla pagó 40000$ a Dylan Varela
[2016/11/2 - 0:24:52] * Alvaro Mansilla pagó 20000$ a Dylan Varela
[2016/11/2 - 0:30:36] * Jonas Jure pagó 30000$ a Niko Pacheco
[2016/11/2 - 0:32:49] * Alvaro Mansilla pagó 20000$ a Dylan Varela
[2016/11/2 - 1:26:0] * Carlos Villagran pagó 1000$ a Jonas Jure
[2016/11/2 - 1:30:5] * Jeii Calore pagó 40000$ a Sofia Zuleta
[2016/11/2 - 1:30:17] * Jeii Calore pagó 40000$ a Sofia Zuleta
[2016/11/2 - 1:30:27] * Jeii Calore pagó 20000$ a Sofia Zuleta
[2016/11/2 - 1:52:47] * Jeii Calore pagó 40000$ a Alvaro Mansilla
[2016/11/2 - 1:52:54] {FFFF00}[AdmWarning]:{FF0000} Nicolas Guevara dio 30000 de dinero a Brian Kenny.
[2016/11/2 - 1:53:4] * Jeii Calore pagó 10000$ a Alvaro Mansilla
[2016/11/2 - 2:0:11] {FFFF00}[AdmWarning]:{FF0000} Nicolas Guevara dio 3000 de dinero a Brian Kenny.
[2016/11/2 - 2:17:19] * Breison Enciso pagó 20000$ a Dylan Varela
[2016/11/2 - 3:1:8] * Alvaro Mansilla pagó 9000$ a Michael Corvo
[2016/11/2 - 3:1:53] * Michael Corvo pagó 9000$ a Alvaro Mansilla
[2016/11/2 - 6:43:21] {FFFF00}[AdmWarning]:{FF0000} Nicolas Guevara dio 10000 de dinero a Jonas Jure.
[2016/11/2 - 9:18:26] * Jonas Jure pagó 500$ a Frank Jure
[2016/11/2 - 9:37:26] * Jonas Jure pagó 500$ a Frank Jure
[2016/11/2 - 10:12:4] * Jonas Jure pagó 40000$ a Frank Jure
[2016/11/2 - 10:12:14] * Jonas Jure pagó 40000$ a Frank Jure
[2016/11/2 - 10:12:20] * Jonas Jure pagó 20000$ a Frank Jure
[2016/11/2 - 10:15:57] * Jonas Jure pagó 500$ a Frank Jure
[2016/11/2 - 12:14:51] * Jonas Jure pagó 500$ a Bruno McSanders
[2016/11/2 - 14:48:23] * Jeii Calore pagó 20000$ a Alvaro Mansilla
[2016/11/2 - 15:33:35] * Anthony Olivares pagó 20000$ a Jeii Calore
[2016/11/2 - 15:34:53] * Jeii Calore pagó 20000$ a Anthony Olivares
