[2014/11/2 - 11:10:50] [AdmCmdExe]: Tony Zill quitó $1006080 a Stil Marley, razón: a.
[2016/10/7 - 22:36:33] [AdmCmdExe]: Azarel quitó $200000 a Juanjo Arnaiz, razón: Fail ID.
[2016/10/8 - 0:1:51] [AdmCmdExe]: Azarel Thawne quitó $1500000 a Xavi Antonello, razón: Desde Platinum no se devuelven .
[2016/10/8 - 0:27:45] [AdmCmdExe]: Takeshi Yuki quitó $249597 a Takeshi Yuki, razón: asd.
[2016/10/8 - 0:27:50] [AdmCmdExe]: Joaco DeAvila quitó $1 a Takeshi Yuki, razón: xd.
[2016/10/8 - 0:28:6] [AdmCmdExe]: Joaco DeAvila quitó $0 a Takeshi Yuki, razón: ..
[2016/10/8 - 0:28:27] [AdmCmdExe]: Takeshi Yuki quitó $799 a Takeshi Yuki, razón: Prueba.
[2016/10/8 - 0:33:0] [AdmCmdExe]: Takeshi Yuki quitó $20 a Takeshi Yuki, razón: ....
[2016/10/9 - 18:59:56] [AdmCmdExe]: Azarel Thawne quitó $1 a Azarel Thawne, razón: Prueba..
[2016/10/9 - 19:8:26] [AdmCmdExe]: Azarel Thawne quitó $1 a Homero Mcarny, razón: Prueba.
[2016/10/10 - 19:45:43] [AdmCmdExe]: Azarel Thawne quitó $8000000 a Nahuel Beltran, razón: MultiCuenta/Hack's..
[2016/10/11 - 4:43:33] [AdmCmdExe]: Nicolas Guevara quitó $10 a Nicolas Guevara, razón: ..
[2016/10/11 - 9:48:39] [AdmCmdExe]: Nicolas Guevara quitó $40 a Gonzalo Bartolomeo, razón: ..
[2016/10/12 - 20:39:24] [AdmCmdExe]: Azarel Thawne quitó $10 a Nicolas Guevara, razón: Porque puedo..
[2016/10/15 - 21:25:40] [AdmCmdExe]: Juan Soriano quitó $1100000 a Franco Plenazzio, razón: Fail dinero.
[2016/10/15 - 21:27:5] [AdmCmdExe]: Juan Soriano quitó $110000 a Franco Plenazzio, razón: Fail id x 4.
[2016/10/16 - 1:55:58] [AdmCmdExe]: Nicolas Guevara quitó $10000 a Pablo Villalobos, razón: fail.
[2016/10/17 - 1:18:32] [AdmCmdExe]: Juan Soriano quitó $30000 a Adham Ashraf, razón: Error.
[2016/10/17 - 6:23:8] [AdmCmdExe]: Fady Saba quitó $450000 a Elius Araujo, razón: Fail xd.
[2016/10/18 - 7:45:11] [AdmCmdExe]: Nicolas Guevara quitó $10000000 a Nicolas Guevara, razón: ..
[2016/10/18 - 7:45:29] [AdmCmdExe]: Nicolas Guevara quitó $10000000 a Nicolas Guevara, razón: ..
[2016/10/18 - 7:45:30] [AdmCmdExe]: Nicolas Guevara quitó $10000000 a Nicolas Guevara, razón: ..
[2016/10/18 - 7:45:31] [AdmCmdExe]: Nicolas Guevara quitó $10000000 a Nicolas Guevara, razón: ..
[2016/10/18 - 8:13:51] [AdmCmdExe]: Nicolas Guevara quitó $100000 a Nicolas Guevara, razón: ..
[2016/10/18 - 8:13:59] [AdmCmdExe]: Nicolas Guevara quitó $10000000 a Nicolas Guevara, razón: ..
[2016/10/18 - 8:14:14] [AdmCmdExe]: Fady Saba quitó $42427634 a Nicolas Guevara, razón: u-u.
[2016/10/18 - 8:14:29] [AdmCmdExe]: Nicolas Guevara quitó $99999999 a Nicolas Guevara, razón: ..
[2016/10/18 - 8:18:25] [AdmCmdExe]: Nicolas Guevara quitó $99999999 a Nicolas Guevara, razón: ..
[2016/10/23 - 1:46:40] [AdmCmdExe]: Hal Nozaki quitó $3500000 a Hal Nozaki, razón: AA.
[2016/10/28 - 7:30:30] [AdmCmdExe]: Nicolas Guevara quitó $200000 a Alejo Castillo, razón: ..
[2016/10/30 - 23:7:25] [AdmCmdExe]: Nicolas Guevara quitó $240000 a Nicolas Guevara, razón: 0.
[2016/10/31 - 19:22:3] [AdmCmdExe]: Nicolas Guevara quitó $400000 a Homero Mcarny, razón: BA.
[2016/10/31 - 19:35:0] [AdmCmdExe]: Nicolas Guevara quitó $4500000 a Nicolas Guevara, razón: AA O HACKER.
[2016/10/31 - 20:37:40] [AdmCmdExe]: Nicolas Guevara quitó $500000 a Eder Vhangelien, razón: ..
[2016/10/31 - 21:48:41] [AdmCmdExe]: Nicolas Guevara quitó $47200000 a Nahuel Beltran, razón: :O.
[2016/10/31 - 21:54:56] [AdmCmdExe]: Nicolas Guevara quitó $200000 a Nahuel Beltran, razón: BA.
[2016/10/31 - 22:19:42] [AdmCmdExe]: Nicolas Guevara quitó $1584515 a Alexito Chan, razón: BA.
[2016/11/2 - 6:43:47] [AdmCmdExe]: Nicolas Guevara quitó $10000 a Jonas Jure, razón: Trol.
