[2014/10/11 - 12:36:23] Te han sancionado, por 1 minuto(s). Razón: Prueba
[2014/10/19 - 12:23:38] Te han sancionado, por 1 minuto(s). Razón: PRUEBA
[2014/10/30 - 15:51:38] Te han sancionado, por 1 minuto(s). Razón: 1
[2014/10/30 - 15:52:16] Te han sancionado, por 1 minuto(s). Razón: 0
[2014/10/30 - 15:52:21] Te han sancionado, por 0 minuto(s). Razón: 0
[2014/11/2 - 10:12:24] [AdmCmd]: Tony Zill encarceló a Tony Zill, razón: 1, tiempo: 1 minuto(s)
[2014/11/9 - 13:17:28] [AdmCmd]: Tony Zill encarceló a Tony Zill, razón: a, tiempo: 1 minuto(s)
[2016/7/26 - 20:18:2] [AdmCmd]: Benjamin Alastre fué sancionado por Benjamin Alastre, razón: PG, tiempo: 2 minuto(s)
[2016/8/1 - 15:41:15] [AdmCmd]: Benjamin Alastre fué sancionado por Benjamin Alastre, razón: Nula interpretación del personaje., tiempo: 15 m
[2016/10/5 - 14:27:39] [AdmCmd]: Azarel Thawne fué sancionado por Azarel Thawne, razón: Hermoso., tiempo: 100 minuto(s)
[2016/10/7 - 3:5:38] [AdmCmd]: Ramiro Rojas fué sancionado por Juan Soriano, razón: No Rol de Contratar, tiempo: 5 minuto(s)
[2016/10/7 - 3:7:50] [AdmCmd]: Ramiro Rojas fué sancionado por Nicolas Guevara, razón: ., tiempo: 0 minuto(s)
[2016/10/7 - 3:12:52] [AdmCmd]: Agustina Belen fué sancionado por Juan Soriano, razón: NRC, tiempo: 5 minuto(s)
[2016/10/7 - 3:14:37] [AdmCmd]: Manuel Melo fué sancionado por Juan Soriano, razón: PG, tiempo: 5 minuto(s)
[2016/10/7 - 3:17:8] [AdmCmd]: Maicol Romero fué sancionado por Juan Soriano, razón: PG+NRC+No Rol de Saltar , tiempo: 10 minuto(s)
[2016/10/7 - 7:17:10] [AdmCmd]: Facundo Fernandez fué sancionado por Nicolas Guevara, razón: dm, tiempo: 1 minuto(s)
[2016/10/7 - 7:17:19] [AdmCmd]: Facundo Fernandez fué sancionado por Nicolas Guevara, razón: ., tiempo: 0 minuto(s)
[2016/10/7 - 7:22:53] [AdmCmd]: Brayan Inoa fué sancionado por Nicolas Guevara, razón: BUG, tiempo: 0 minuto(s)
[2016/10/7 - 17:28:58] [AdmCmd]: Perico Capone fué sancionado por Forrest Dyrdek, razón: DM, tiempo: 30 minuto(s)
[2016/10/7 - 18:21:44] [AdmCmd]: Jefferson Rosero fué sancionado por Forrest Dyrdek, razón: DM, tiempo: 50 minuto(s)
[2016/10/7 - 18:53:27] [AdmCmd]: Maicol Nico fué sancionado por Juan Soriano, razón: MG`+FLOOD, tiempo: 10 minuto(s)
[2016/10/7 - 18:53:47] [AdmCmd]: Maicol Nico fué sancionado por Juan Soriano, razón: MG`+FLOOD, tiempo: 10 minuto(s)
[2016/10/7 - 18:54:32] [AdmCmd]: Maicol Nico fué sancionado por Juan Soriano, razón: MG+PG+AIOOC, tiempo: 50 minuto(s)
[2016/10/7 - 19:23:18] [AdmCmd]: Javier Marin fué sancionado por Azarel Thawne, razón: PG + NRH, tiempo: 7 minuto(s)
[2016/10/7 - 19:43:59] [AdmCmd]: Angel Luis fué sancionado por Bayron Wazouky, razón: NRH, tiempo: 10 minuto(s)
[2016/10/7 - 19:50:0] [AdmCmd]: Franco Cabrera fué sancionado por Bayron Wazouky, razón: NRH, tiempo: 10 minuto(s)
[2016/10/7 - 20:27:32] [AdmCmd]: Nestor Perez fué sancionado por Joaco DeAvila, razón: NRCA+NRE, tiempo: 16 minuto(s)
[2016/10/7 - 20:37:43] [AdmCmd]: Angel Luis fué sancionado por Azarel Thawne, razón: PG, tiempo: 10 minuto(s)
[2016/10/7 - 21:30:59] [AdmCmd]: Jonas Jure fué sancionado por Bayron Wazouky, razón: NRH, tiempo: 10 minuto(s)
[2016/10/7 - 21:41:58] [AdmCmd]: Javier Cortez fué sancionado por Juan Soriano, razón: DM, tiempo: 5 minuto(s)
[2016/10/7 - 21:43:28] [AdmCmd]: Pablo Villalobos fué sancionado por Bayron Wazouky, razón: Os Eh Dicho., tiempo: 5 minuto(s)
[2016/10/7 - 21:43:48] [AdmCmd]: Jonas Jure fué sancionado por Bayron Wazouky, razón: NRH, tiempo: 10 minuto(s)
[2016/10/7 - 21:49:7] [AdmCmd]: Xavier Navarro fué sancionado por Bayron Wazouky, razón: DM , tiempo: 10 minuto(s)
[2016/10/7 - 22:12:15] [AdmCmd]: Frandy Castillo fué sancionado por Bayron Wazouky, razón: DM, tiempo: 10 minuto(s)
[2016/10/7 - 22:24:17] [AdmCmd]: Angel Luis fué sancionado por Bayron Wazouky, razón: PG + DM + MG , tiempo: 15 minuto(s)
[2016/10/7 - 22:51:30] [AdmCmd]: Alan Cantero fué sancionado por Bayron Wazouky, razón: MG, tiempo: 5 minuto(s)
[2016/10/7 - 22:54:41] [AdmCmd]: Angel Luis fué sancionado por Bayron Wazouky, razón: NRH, tiempo: 5 minuto(s)
[2016/10/7 - 23:41:55] [AdmCmd]: Facundo Vazques fué sancionado por Azarel Thawne, razón: DM ((Dentro de SAPD)), tiempo: 5 minuto(s)
[2016/10/7 - 23:43:51] [AdmCmd]: Mariano Osorio fué sancionado por Azarel Thawne, razón: DM, tiempo: 5 minuto(s)
[2016/10/7 - 23:44:1] [AdmCmd]: Jorge Lonzalle fué sancionado por Azarel Thawne, razón: DM, tiempo: 5 minuto(s)
[2016/10/8 - 0:18:12] [AdmCmd]: Dylan Medina fué sancionado por Cornelio Contreras, razón: NMUTE, tiempo: 5 minuto(s)
[2016/10/8 - 0:21:15] [AdmCmd]: Jorge Lonzalle fué sancionado por Cornelio Contreras, razón: NRH, tiempo: 5 minuto(s)
[2016/10/8 - 0:21:29] [AdmCmd]: Milton Mercedes fué sancionado por Takeshi Yuki, razón: PG + BD, tiempo: 10 minuto(s)
[2016/10/8 - 0:22:23] [AdmCmd]: Tomas Carnevalli fué sancionado por Cornelio Contreras, razón: NRH, tiempo: 5 minuto(s)
[2016/10/8 - 0:23:1] [AdmCmd]: Figueroa Inoa fué sancionado por Cornelio Contreras, razón: MUD, tiempo: 5 minuto(s)
[2016/10/8 - 0:24:37] [AdmCmd]: Isaiah Horford fué sancionado por Joaco DeAvila, razón: NRC+BD, tiempo: 15 minuto(s)
[2016/10/8 - 0:26:57] [AdmCmd]: Ivan Morelli fué sancionado por Cornelio Contreras, razón: MUD, tiempo: 5 minuto(s)
[2016/10/8 - 0:27:18] [AdmCmd]: Jerome Casanova fué sancionado por Joaco DeAvila, razón: BH, tiempo: 10 minuto(s)
[2016/10/8 - 0:29:11] [AdmCmd]: Xavi Antonello fué sancionado por Joaco DeAvila, razón: MG, tiempo: 12 minuto(s)
[2016/10/8 - 0:29:28] [AdmCmd]: Jerome Casanova fué sancionado por Joaco DeAvila, razón: MG, tiempo: 15 minuto(s)
[2016/10/8 - 0:34:57] [AdmCmd]: Pablo Villalobos fué sancionado por Joaco DeAvila, razón: BD, tiempo: 20 minuto(s)
[2016/10/8 - 0:36:13] [AdmCmd]: Eduardo Salazar fué sancionado por Cornelio Contreras, razón: NRH, tiempo: 5 minuto(s)
[2016/10/8 - 0:36:16] [AdmCmd]: Eduardo Salazar fué sancionado por Joaco DeAvila, razón: Troll, tiempo: 30 minuto(s)
[2016/10/8 - 0:38:24] [AdmCmd]: Miliannys Sierra fué sancionado por Cornelio Contreras, razón: ., tiempo: 10 minuto(s)
[2016/10/8 - 0:46:28] [AdmCmd]: Xavi Antonello fué sancionado por Cornelio Contreras, razón: PG, tiempo: 5 minuto(s)
[2016/10/8 - 0:50:29] [AdmCmd]: Juanjo Jimenez fué sancionado por Cornelio Contreras, razón: NRH, tiempo: 5 minuto(s)
[2016/10/8 - 0:54:32] [AdmCmd]: Federico Sampietro fué sancionado por Joaco DeAvila, razón: PG, tiempo: 20 minuto(s)
[2016/10/8 - 0:54:49] [AdmCmd]: Cristian Sampietro fué sancionado por Joaco DeAvila, razón: MG, tiempo: 30 minuto(s)
[2016/10/8 - 1:3:37] [AdmCmd]: Juanjo Jimenez fué sancionado por Takeshi Yuki, razón: NRH, tiempo: 5 minuto(s)
[2016/10/8 - 1:16:46] [AdmCmd]: Tom Builder fué sancionado por PC Azarel, razón: NRH, tiempo: 5 minuto(s)
[2016/10/8 - 1:34:56] [AdmCmd]: Axel Yankee fué sancionado por PC Azarel, razón: Abandono de facción antes de tres días, tiempo: 10 minuto(s)
[2016/10/8 - 1:43:3] [AdmCmd]: Gabriel Sanchez fué sancionado por PC Azarel, razón: DM, tiempo: 5 minuto(s)
[2016/10/8 - 1:48:42] [AdmCmd]: Brai Tedeschini fué sancionado por Juan Soriano, razón: TROLL+NRC, tiempo: 10 minuto(s)
[2016/10/8 - 2:45:35] [AdmCmd]: Dylan Medina fué sancionado por Azarel Thawne, razón: NRC, tiempo: 5 minuto(s)
[2016/10/8 - 2:45:38] [AdmCmd]: Nicolas Vercetti fué sancionado por Azarel Thawne, razón: NRC, tiempo: 5 minuto(s)
[2016/10/8 - 2:48:9] [AdmCmd]: Steve Suarez fué sancionado por Azarel Thawne, razón: NRA + NRE, tiempo: 10 minuto(s)
[2016/10/8 - 4:36:35] [AdmCmd]: Juanjo Jimenez fué sancionado por Fady Saba, razón: PG., tiempo: 10 minuto(s)
[2016/10/8 - 4:36:37] [AdmCmd]: Juanjo Jimenez fué sancionado por Azarel Thawne, razón: PG ((Trompadas a un auto)), tiempo: 5 minuto(s)
[2016/10/8 - 4:38:16] [AdmCmd]: Brian Piazzoni fué sancionado por Nicolas Guevara, razón: Mal AD, tiempo: 3 minuto(s)
[2016/10/8 - 4:39:40] [AdmCmd]: Nicolas Vercetti fué sancionado por Azarel Thawne, razón: PG ((Cadete manejando patrulla)), tiempo: 5 minuto(
[2016/10/8 - 4:42:21] [AdmCmd]: Nicolas Guevara fué sancionado por Nicolas Guevara, razón: ., tiempo: 1 minuto(s)
[2016/10/8 - 4:52:11] [AdmCmd]: Brian Piazzoni fué sancionado por Nicolas Guevara, razón: Perdonado, tiempo: 0 minuto(s)
[2016/10/8 - 5:16:45] [AdmCmd]: Juanjo Jimenez fué sancionado por Fady Saba, razón: DM, tiempo: 10 minuto(s)
[2016/10/8 - 5:45:43] [AdmCmd]: Renzo Fernandez fué sancionado por Bayron Wazouky, razón: NRC + BD, tiempo: 5 minuto(s)
[2016/10/8 - 5:48:36] [AdmCmd]: Xavier Navarro fué sancionado por Bayron Wazouky, razón: NRH [Se Te Salen Las Tripas ], tiempo: 10 minuto(s)
[2016/10/8 - 10:2:32] [AdmCmd]: Jesus CortesG fué sancionado por Aaron WestBrook, razón: MG., tiempo: 900 minuto(s)
[2016/10/8 - 10:4:27] [AdmCmd]: Katherine Valentine fué sancionado por Aaron WestBrook, razón: AIOOC, tiempo: 20 minuto(s)
[2016/10/8 - 11:35:39] [AdmCmd]: Brian Piazzoni fué sancionado por Forrest Dyrdek, razón: NRE (AK-47), tiempo: 20 minuto(s)
[2016/10/8 - 14:50:59] [AdmCmd]: Felichile Alvarez fué sancionado por Forrest Dyrdek, razón: CHEATER, tiempo: 30000 minuto(s)
[2016/10/8 - 15:57:35] [AdmCmd]: Ignacio Sanchez fué sancionado por Takeshi Yuki, razón: NRH, tiempo: 5 minuto(s)
[2016/10/8 - 17:47:26] [AdmCmd]: Erick Gonzalez fué sancionado por Joaco DeAvila, razón: NRH, tiempo: 10 minuto(s)
[2016/10/8 - 18:10:13] [AdmCmd]: Santino Lansky fué sancionado por Bayron Wazouky, razón: NRH, tiempo: 5 minuto(s)
[2016/10/8 - 18:17:13] [AdmCmd]: Juanjo Jimenez fué sancionado por Azarel Thawne, razón: BD, tiempo: 5 minuto(s)
[2016/10/8 - 18:30:41] [AdmCmd]: Juanjo Jimenez fué sancionado por Azarel Thawne, razón: NRH (20 veces te dije)., tiempo: 5 minuto(s)
[2016/10/8 - 18:32:32] [AdmCmd]: Andres Beltran fué sancionado por Azarel Thawne, razón: DM, tiempo: 5 minuto(s)
[2016/10/8 - 18:33:23] [AdmCmd]: Angel Luis fué sancionado por Azarel Thawne, razón: PG (Un Policía no saca la escopeta para retirarlo de un l
[2016/10/8 - 18:44:56] [AdmCmd]: Andres Beltran fué sancionado por Bayron Wazouky, razón: MG, tiempo: 5 minuto(s)
[2016/10/8 - 18:49:15] [AdmCmd]: Raul Fernandeziel fué sancionado por Bayron Wazouky, razón: NRH , tiempo: 5 minuto(s)
[2016/10/8 - 18:58:15] [AdmCmd]: Facundo Gonzales fué sancionado por Bayron Wazouky, razón: NRC + BBH, tiempo: 10 minuto(s)
[2016/10/8 - 19:13:41] [AdmCmd]: Lukas Wallance fué sancionado por Bayron Wazouky, razón: PG2 [[2veces]], tiempo: 15 minuto(s)
[2016/10/8 - 19:18:15] [AdmCmd]: Carmelo Lule fué sancionado por Azarel Thawne, razón: DM, tiempo: 5 minuto(s)
[2016/10/8 - 19:21:43] [AdmCmd]: Angel Luis fué sancionado por Juan Soriano, razón: BD, tiempo: 5 minuto(s)
[2016/10/8 - 19:41:17] [AdmCmd]: Diego Holos fué sancionado por Bayron Wazouky, razón: CJ , tiempo: 5 minuto(s)
[2016/10/8 - 19:51:23] [AdmCmd]: Raul Fernandeziel fué sancionado por Juan Soriano, razón: MG, tiempo: 5 minuto(s)
[2016/10/8 - 20:1:51] [AdmCmd]: Pablo Villalobos fué sancionado por Azarel Thawne, razón: PG ((Llantas pinchadas andando)), tiempo: 5 minuto(
[2016/10/8 - 20:21:41] [AdmCmd]: Santiago Sosa fué sancionado por Bayron Wazouky, razón: CJ, tiempo: 5 minuto(s)
[2016/10/8 - 21:29:49] [AdmCmd]: Belu Agustina fué sancionado por Bayron Wazouky, razón: AIOOC, tiempo: 60 minuto(s)
[2016/10/8 - 21:30:14] [AdmCmd]: Victor Osorio fué sancionado por Azarel Thawne, razón: BD, tiempo: 5 minuto(s)
[2016/10/8 - 21:47:49] [AdmCmd]: Ernesto Beltran fué sancionado por Azarel Thawne, razón: NRH, tiempo: 5 minuto(s)
[2016/10/8 - 22:0:48] [AdmCmd]: Juanjo Jimenez fué sancionado por Fady Saba, razón: DM, tiempo: 5 minuto(s)
[2016/10/8 - 22:9:45] [AdmCmd]: Kenjy Menendez fué sancionado por Fady Saba, razón: CJ, tiempo: 5 minuto(s)
[2016/10/8 - 22:9:51] [AdmCmd]: Alejandro Menendez fué sancionado por Fady Saba, razón: CJ, tiempo: 5 minuto(s)
[2016/10/8 - 22:34:14] [AdmCmd]: Aaron Petterino fué sancionado por Fady Saba, razón: CJ, tiempo: 5 minuto(s)
[2016/10/8 - 23:19:22] [AdmCmd]: Daniel Britos fué sancionado por Fady Saba, razón: DM, tiempo: 5 minuto(s)
[2016/10/8 - 23:25:9] [AdmCmd]: Juanjo Jimenez fué sancionado por Aaron WestBrook, razón: NRH., tiempo: 10 minuto(s)
[2016/10/9 - 0:5:40] [AdmCmd]: Juanjo Jimenez fué sancionado por Azarel Thawne, razón: NRH, tiempo: 5 minuto(s)
[2016/10/9 - 0:17:13] [AdmCmd]: Fran Perez fué sancionado por Azarel Thawne, razón: PG + NRH (Cadete patrullando), tiempo: 8 minuto(s)
[2016/10/9 - 0:19:4] [AdmCmd]: Javier Marin fué sancionado por Azarel Thawne, razón: MG (No se usan caras en el /me), tiempo: 5 minuto(s)
[2016/10/9 - 0:34:18] [AdmCmd]: Javier Marin fué sancionado por Bayron Wazouky, razón: PG, tiempo: 10 minuto(s)
[2016/10/9 - 0:54:14] [AdmCmd]: Jonas Jure fué sancionado por Juan Soriano, razón: MG, tiempo: 5 minuto(s)
[2016/10/9 - 1:31:31] [AdmCmd]: Emanuel Lopez fué sancionado por Bayron Wazouky, razón: DM + PG, tiempo: 20 minuto(s)
[2016/10/9 - 1:53:9] [AdmCmd]: Juan Martinez fué sancionado por Bayron Wazouky, razón: NRH .-14 De Vida-., tiempo: 5 minuto(s)
[2016/10/9 - 2:0:44] [AdmCmd]: Aaron Petterino fué sancionado por Bayron Wazouky, razón: NRH, tiempo: 5 minuto(s)
[2016/10/9 - 2:29:27] [AdmCmd]: Josbriel Rodriguez fué sancionado por Azarel Thawne, razón: PG, tiempo: 3 minuto(s)
[2016/10/9 - 2:58:7] [AdmCmd]: Angel Luis fué sancionado por Azarel Thawne, razón: PG + NRA(Saltar de un puente a un techo sin rol), tiempo:
[2016/10/9 - 3:0:35] [AdmCmd]: Josbriel Rodriguez fué sancionado por Azarel Thawne, razón: DM + PG, tiempo: 5 minuto(s)
[2016/10/9 - 3:27:43] [AdmCmd]: Josue Trejos fué sancionado por Bayron Wazouky, razón: Anti-Rol., tiempo: 10 minuto(s)
[2016/10/9 - 3:38:57] [AdmCmd]: Angel Luis fué sancionado por Bayron Wazouky, razón: RK + DM , tiempo: 15 minuto(s)
[2016/10/9 - 3:45:52] [AdmCmd]: Alejandro Sanchez fué sancionado por Bayron Wazouky, razón: Mentir al Staff + DM., tiempo: 15 minuto(s)
[2016/10/9 - 4:46:10] [AdmCmd]: Giusepe Tartani fué sancionado por Bayron Wazouky, razón: NRH, tiempo: 5 minuto(s)
[2016/10/9 - 16:16:32] [AdmCmd]: Sebastian Chiuki fué sancionado por Juan Soriano, razón: NRC, tiempo: 5 minuto(s)
[2016/10/9 - 17:8:13] [AdmCmd]: Santiago Arca fué sancionado por Joaco DeAvila, razón: BD, tiempo: 5 minuto(s)
[2016/10/9 - 17:11:28] [AdmCmd]: Zein Gutiertk fué sancionado por Juan Soriano, razón: AIOOC, tiempo: 10 minuto(s)
[2016/10/9 - 17:12:9] [AdmCmd]: Jerry Montano fué sancionado por Juan Soriano, razón: PG, tiempo: 5 minuto(s)
[2016/10/9 - 17:17:29] [AdmCmd]: Juan Martinez fué sancionado por Joaco DeAvila, razón: BD, tiempo: 5 minuto(s)
[2016/10/9 - 17:22:16] [AdmCmd]: Sebastian Chiuki fué sancionado por Joaco DeAvila, razón: NRC+BD, tiempo: 15 minuto(s)
[2016/10/9 - 19:56:30] [AdmCmd]: Juanjo Jimenez fué sancionado por Bayron Wazouky, razón: PG, tiempo: 5 minuto(s)
[2016/10/9 - 20:18:55] [AdmCmd]: Francisco Riquelme fué sancionado por Azarel Thawne, razón: PG (FBI no actúa como SAPD), tiempo: 5 minuto(s)
[2016/10/9 - 20:25:25] [AdmCmd]: Pablo Ramirez fué sancionado por Azarel Thawne, razón: MG, tiempo: 5 minuto(s)
[2016/10/9 - 21:7:33] [AdmCmd]: Nahuel Beltran fué sancionado por Bayron Wazouky, razón: Hecho., tiempo: 1 minuto(s)
[2016/10/9 - 21:9:34] [AdmCmd]: Ernesto Beltran fué sancionado por Azarel Thawne, razón: BD, tiempo: 5 minuto(s)
[2016/10/9 - 21:18:53] [AdmCmd]: Ernesto Beltran fué sancionado por Fady Saba, razón: CJ a un administrador..., tiempo: 10 minuto(s)
[2016/10/9 - 21:35:58] [AdmCmd]: Raper Klarela fué sancionado por Azarel Thawne, razón: NRA + PG, tiempo: 10 minuto(s)
[2016/10/9 - 21:36:13] [AdmCmd]: Alejandro Sanchez fué sancionado por Bayron Wazouky, razón: Mentir al Staff, tiempo: 5 minuto(s)
[2016/10/9 - 22:8:23] [AdmCmd]: Yung Beefie fué sancionado por Azarel Thawne, razón: BD, tiempo: 5 minuto(s)
[2016/10/9 - 22:18:3] [AdmCmd]: Bayron Wazouky fué sancionado por Bayron Wazouky, razón: Anti, tiempo: 1 minuto(s)
[2016/10/9 - 22:21:18] [AdmCmd]: Tito Romero fué sancionado por Azarel, razón: NRH, tiempo: 5 minuto(s)
[2016/10/9 - 22:26:7] [AdmCmd]: Manuel Melo fué sancionado por Bayron Wazouky, razón: Nre Nra , tiempo: 5 minuto(s)
[2016/10/9 - 22:28:12] [AdmCmd]: Haziel Verraco fué sancionado por Bayron Wazouky, razón: MG [EXTREMO] CK , tiempo: 15 minuto(s)
[2016/10/9 - 22:45:23] [AdmCmd]: Jonas Jure fué sancionado por Bayron Wazouky, razón: PG + DM [Disparar Via Publica], tiempo: 10 minuto(s)
[2016/10/10 - 0:11:42] [AdmCmd]: Nahuel Beltran fué sancionado por Bayron Wazouky, razón: NRH, tiempo: 5 minuto(s)
[2016/10/10 - 3:11:40] [AdmCmd]: Klarita Guantebas fué sancionado por Bayron Wazouky, razón: DM, tiempo: 5 minuto(s)
[2016/10/10 - 3:11:58] [AdmCmd]: Mariano Hernandez fué sancionado por Joaco DeAvila, razón: MUD, tiempo: 5 minuto(s)
[2016/10/10 - 3:17:49] [AdmCmd]: Bayron Wazouky fué sancionado por Joaco DeAvila, razón: ., tiempo: 1 minuto(s)
[2016/10/10 - 3:19:19] [AdmCmd]: Joaco DeAvila fué sancionado por Bayron Wazouky, razón: WAPO  Te Chuparia Todo, tiempo: 1 minuto(s)
[2016/10/10 - 3:34:40] [AdmCmd]: Mario Gomez fué sancionado por Joaco DeAvila, razón: BH+PJ, tiempo: 20 minuto(s)
[2016/10/10 - 7:13:7] [AdmCmd]: Axel Yankee fué sancionado por Fady Saba, razón: PG DM, tiempo: 15 minuto(s)
[2016/10/10 - 8:17:0] [AdmCmd]: Mariano Hernandez fué sancionado por Takeshi Yuki, razón: NRC, tiempo: 5 minuto(s)
[2016/10/10 - 18:14:32] [AdmCmd]: Camilo Batista fué sancionado por Azarel Thawne, razón: NRGA, tiempo: 5 minuto(s)
[2016/10/10 - 19:51:53] [AdmCmd]: Nahuel Beltran fué sancionado por Nicolas Guevara, razón: Mal AD, tiempo: 5 minuto(s)
[2016/10/10 - 20:20:0] [AdmCmd]: Ignacio Abrea fué sancionado por Bayron Wazouky, razón: AIOOC, tiempo: 5 minuto(s)
[2016/10/11 - 1:53:59] [AdmCmd]: Nicolas Guevara fué sancionado por Azarel Thawne, razón: BH, tiempo: 99999 minuto(s)
[2016/10/11 - 1:57:27] [AdmCmd]: Manuel Melo fué sancionado por Nicolas Guevara, razón: bug, tiempo: 1 minuto(s)
[2016/10/11 - 2:1:32] [AdmCmd]: Facundo Fernandez fué sancionado por Nicolas Guevara, razón: PG, tiempo: 0 minuto(s)
[2016/10/11 - 2:12:52] [AdmCmd]: Facundo Fernandez fué sancionado por Cornelio Contreras, razón: PG, tiempo: 5 minuto(s)
[2016/10/11 - 2:22:17] [AdmCmd]: Fran Perez fué sancionado por Cornelio Contreras, razón: DB, tiempo: 5 minuto(s)
[2016/10/11 - 2:25:26] [AdmCmd]: Dubrasca Lafuente fué sancionado por Joaco DeAvila, razón: BD, tiempo: 5 minuto(s)
[2016/10/11 - 2:55:11] [AdmCmd]: Nestor Sanchez fué sancionado por Joaco DeAvila, razón: NRE+NRA+No rol de subir al techo+NRH, tiempo: 26 minu
[2016/10/12 - 2:12:55] [AdmCmd]: Mariano Hernandez fué sancionado por Joaco DeAvila, razón: NRE+NRCA, tiempo: 20 minuto(s)
[2016/10/12 - 2:19:24] [AdmCmd]: Jonas Jure fué sancionado por Juan Soriano, razón: MG, tiempo: 2 minuto(s)
[2016/10/12 - 2:20:17] [AdmCmd]: Brian Piazzoni fué sancionado por Joaco DeAvila, razón: MG, tiempo: 10 minuto(s)
[2016/10/12 - 6:4:4] [AdmCmd]: Facundo Fernandez fué sancionado por Nicolas Guevara, razón: ., tiempo: 0 minuto(s)
[2016/10/12 - 6:7:48] [AdmCmd]: Ernesto Beltran fué sancionado por Nicolas Guevara, razón: ., tiempo: 0 minuto(s)
[2016/10/12 - 6:10:43] [AdmCmd]: Harvey Specter fué sancionado por Nicolas Guevara, razón: pg, tiempo: 1 minuto(s)
[2016/10/12 - 19:20:51] [AdmCmd]: Juanjo Jimenez fué sancionado por Joaco DeAvila, razón: NRH+PG, tiempo: 20 minuto(s)
[2016/10/12 - 19:21:2] [AdmCmd]: Juanjo Jimenez fué sancionado por Joaco DeAvila, razón: NRH+PG+NRA+NRE, tiempo: 30 minuto(s)
[2016/10/12 - 20:28:42] [AdmCmd]: Eduardo Salazar fué sancionado por Nicolas Guevara, razón: IOOC, tiempo: 0 minuto(s)
[2016/10/12 - 20:33:2] [AdmCmd]: Nicolas Guevara fué sancionado por Azarel Thawne, razón: MG, tiempo: 88888888 minuto(s)
[2016/10/12 - 20:33:23] [AdmCmd]: Azarel Thawne fué sancionado por Nicolas Guevara, razón: IOOC, tiempo: -1304428545 minuto(s)
[2016/10/13 - 2:37:52] [AdmCmd]: Jimmy Diaz fué sancionado por Bayron Wazouky, razón: DM , tiempo: 5 minuto(s)
[2016/10/13 - 22:13:13] [AdmCmd]: Rudy Fox fué sancionado por Joaco DeAvila, razón: BD, tiempo: 5 minuto(s)
[2016/10/13 - 22:41:10] [AdmCmd]: Jason Odegaard fué sancionado por Joaco DeAvila, razón: NRCA, tiempo: 10 minuto(s)
[2016/10/14 - 2:26:46] [AdmCmd]: Lucas Rojo fué sancionado por Joaco DeAvila, razón: PG (Usar un dildo en plena calle .-.), tiempo: 10 minuto(
[2016/10/14 - 2:29:45] [AdmCmd]: Jason Odegaard fué sancionado por Joaco DeAvila, razón: NRH, tiempo: 10 minuto(s)
[2016/10/14 - 3:3:7] [AdmCmd]: Alejandro Sanchez fué sancionado por Joaco DeAvila, razón: PG+BD, tiempo: 14 minuto(s)
[2016/10/14 - 4:21:18] [AdmCmd]: Jason Odegaard fué sancionado por Takeshi Yuki, razón: PG, tiempo: 10 minuto(s)
[2016/10/14 - 18:53:52] [AdmCmd]: Jaider Rico fué sancionado por Joaco DeAvila, razón: MUD, tiempo: 10 minuto(s)
[2016/10/15 - 4:28:24] [AdmCmd]: Michael Sornoza fué sancionado por Jose Ascencio, razón: NRH, tiempo: 5 minuto(s)
[2016/10/15 - 19:39:12] [AdmCmd]: Renzo Fernandez fué sancionado por Bayron Wazouky, razón: Nra+ Nre +Nrga, tiempo: 15 minuto(s)
[2016/10/15 - 19:45:20] [AdmCmd]: Yeison Knee fué sancionado por Bayron Wazouky, razón: DB, tiempo: 5 minuto(s)
[2016/10/15 - 19:46:36] [AdmCmd]: Matias Carrion fué sancionado por Bayron Wazouky, razón: Macros 4 Lineas., tiempo: 5 minuto(s)
[2016/10/15 - 20:20:37] [AdmCmd]: Matias Carrion fué sancionado por Nicolas Guevara, razón: TTO NRE 5, tiempo: 10 minuto(s)
[2016/10/15 - 21:41:1] [AdmCmd]: Pedro Lescano fué sancionado por Fady Saba, razón: NRE PG, tiempo: 15 minuto(s)
[2016/10/15 - 21:55:6] [AdmCmd]: Sebatian Aranguiz fué sancionado por Fady Saba, razón: DM, tiempo: 5 minuto(s)
[2016/10/15 - 22:26:27] [AdmCmd]: Alejandro Graffes fué sancionado por Juan Soriano, razón: DM, tiempo: 5 minuto(s)
[2016/10/15 - 22:26:28] [AdmCmd]: Pablo Villalobos fué sancionado por Juan Soriano, razón: DM, tiempo: 5 minuto(s)
[2016/10/15 - 22:29:16] [AdmCmd]: Somas Romero fué sancionado por Juan Soriano, razón: NRH, tiempo: 2 minuto(s)
[2016/10/15 - 22:40:10] [AdmCmd]: Nela Galeano fué sancionado por Juan Soriano, razón: KAD+DM, tiempo: 15 minuto(s)
[2016/10/15 - 22:48:11] [AdmCmd]: Bart Mcarny fué sancionado por Juan Soriano, razón: No Rol de fumar droga., tiempo: 5 minuto(s)
[2016/10/15 - 22:51:4] [AdmCmd]: Geronimo Schultz fué sancionado por Azarel Thawne, razón: DM, tiempo: 5 minuto(s)
[2016/10/15 - 22:51:8] [AdmCmd]: Aleksei Ivanovich fué sancionado por Azarel Thawne, razón: DM, tiempo: 5 minuto(s)
[2016/10/15 - 23:44:31] [AdmCmd]: Carlos Prieto fué sancionado por Aquiles Bailo, razón: PG Entrar a La Comisaria, tiempo: 10 minuto(s)
[2016/10/16 - 1:0:30] [AdmCmd]: Dylan Varela fué sancionado por Joaco DeAvila, razón: NRCA, tiempo: 10 minuto(s)
[2016/10/16 - 1:4:50] [AdmCmd]: Adham Ashraf fué sancionado por Joaco DeAvila, razón: BD, tiempo: 6 minuto(s)
[2016/10/16 - 1:11:38] [AdmCmd]: Pedro Lescano fué sancionado por Joaco DeAvila, razón: PG, tiempo: 10 minuto(s)
[2016/10/16 - 1:17:45] [AdmCmd]: Juanjo Jimenez fué sancionado por Joaco DeAvila, razón: NRH, tiempo: 10 minuto(s)
[2016/10/16 - 1:20:31] [AdmCmd]: Nazareno Arias fué sancionado por Bayron Wazouky, razón: TTO + DM + NRE + NRA + NRGA , tiempo: 20 minuto(s)
[2016/10/16 - 1:23:37] [AdmCmd]: Pedro Lescano fué sancionado por Bayron Wazouky, razón: AIOOC [Son Re Marik], tiempo: 15 minuto(s)
[2016/10/16 - 1:34:25] [AdmCmd]: Carmelo Lule fué sancionado por Nicolas Guevara, razón: IHQ, tiempo: 3 minuto(s)
[2016/10/16 - 1:39:46] [AdmCmd]: Carmelo Lule fué sancionado por Bayron Wazouky, razón: IHQ, tiempo: 10 minuto(s)
[2016/10/16 - 2:3:46] [AdmCmd]: Bayron Wazouky fué sancionado por Fady Saba, razón: <3, tiempo: 9999 minuto(s)
[2016/10/16 - 2:3:53] [AdmCmd]: Bayron Wazouky fué sancionado por Nicolas Guevara, razón: el más sencual, tiempo: 1 minuto(s)
[2016/10/16 - 3:17:0] [AdmCmd]: Jesus Alcantarilla fué sancionado por Nicolas Guevara, razón: iooc, tiempo: 10 minuto(s)
[2016/10/16 - 3:18:3] [AdmCmd]: Francisco Riquelme fué sancionado por Nicolas Guevara, razón: pg, tiempo: 5 minuto(s)
[2016/10/16 - 3:18:31] [AdmCmd]: Yisus Alcantarilla fué sancionado por Nicolas Guevara, razón: dm, tiempo: 5 minuto(s)
[2016/10/16 - 3:18:35] [AdmCmd]: Yisus Alcantarilla fué sancionado por Nicolas Guevara, razón: dm, tiempo: 9 minuto(s)
[2016/10/16 - 3:18:40] [AdmCmd]: Macarena Ruth fué sancionado por Nicolas Guevara, razón: dm, tiempo: 9 minuto(s)
[2016/10/16 - 3:18:49] [AdmCmd]: Frank Fontaine fué sancionado por Nicolas Guevara, razón: dm, tiempo: 5 minuto(s)
[2016/10/16 - 3:18:59] [AdmCmd]: Frank Fontaine fué sancionado por Nicolas Guevara, razón: dm, tiempo: 5 minuto(s)
[2016/10/16 - 3:19:41] [AdmCmd]: Felipe Roja fué sancionado por Nicolas Guevara, razón: mg, tiempo: 10 minuto(s)
[2016/10/16 - 3:22:29] [AdmCmd]: Homero Mcarny fué sancionado por Bayron Wazouky, razón: DM, tiempo: 10 minuto(s)
[2016/10/16 - 18:34:13] [AdmCmd]: Yeison Knee fué sancionado por Bayron Wazouky, razón: AIOOC, tiempo: 10 minuto(s)
[2016/10/16 - 18:43:0] [AdmCmd]: Yeison Knee fué sancionado por Bayron Wazouky, razón: Admin Nivel 50000, tiempo: 5 minuto(s)
[2016/10/16 - 19:57:57] [AdmCmd]: Alejandra Marquez fué sancionado por Bayron Wazouky, razón: DM + TK, tiempo: 10 minuto(s)
[2016/10/16 - 20:12:5] [AdmCmd]: Agustin Sanchez fué sancionado por Bayron Wazouky, razón: DM [Reportado Papuh], tiempo: 15 minuto(s)
[2016/10/16 - 21:27:9] [AdmCmd]: Alejandra Marquez fué sancionado por Wilhelm Oppenheim, razón: NRC + BD, tiempo: 15 minuto(s)
[2016/10/16 - 22:19:10] [AdmCmd]: Alejandra Marquez fué sancionado por Takeshi Yuki, razón: NRH, tiempo: 5 minuto(s)
[2016/10/16 - 22:40:12] [AdmCmd]: Josbriel Rodriguez fué sancionado por Hal Nozaki, razón: PG, tiempo: 15 minuto(s)
[2016/10/16 - 23:11:56] [AdmCmd]: Alejandra Marquez fué sancionado por Bayron Wazouky, razón: PG + MG + NRH + No Obedecer Reglas Foros + Mentir
[2016/10/16 - 23:21:7] [AdmCmd]: Alejandra Marquez fué sancionado por Bayron Wazouky, razón: MG[EXCESIVO], tiempo: 15 minuto(s)
[2016/10/17 - 0:0:15] [AdmCmd]: Dylan Medina fué sancionado por Bayron Wazouky, razón: DM, tiempo: 10 minuto(s)
[2016/10/17 - 0:31:24] [AdmCmd]: Josbriel Rodriguez fué sancionado por Bayron Wazouky, razón: TTO, tiempo: 5 minuto(s)
[2016/10/17 - 0:33:4] [AdmCmd]: Vicenzo Luchinni fué sancionado por Bayron Wazouky, razón: MA, tiempo: 5 minuto(s)
[2016/10/17 - 1:6:50] [AdmCmd]: Jesus Gatica fué sancionado por Bayron Wazouky, razón: PG[Saltar Hacia El Estacionamiento de PD], tiempo: 5 m
[2016/10/17 - 1:11:26] [AdmCmd]: Maik Caseres fué sancionado por Bayron Wazouky, razón: PG [Disparar Afuera de La Comisaria], tiempo: 10 minut
[2016/10/17 - 1:20:42] [AdmCmd]: Josbriel Rodriguez fué sancionado por Juan Soriano, razón: No Rol de Megafono, tiempo: 5 minuto(s)
[2016/10/17 - 4:57:44] [AdmCmd]: Erick Capone fué sancionado por Aaron WestBrook, razón: NRGA, tiempo: 10 minuto(s)
[2016/10/17 - 5:19:8] [AdmCmd]: Alejo Castillo fué sancionado por Nicolas Guevara, razón: PG, tiempo: 5 minuto(s)
[2016/10/17 - 6:0:57] [AdmCmd]: Fady Saba fué sancionado por Fady Saba, razón: No venderle licencia de armas a Elius, tiempo: 50 minuto(s)
[2016/10/17 - 6:55:21] [AdmCmd]: Aleksei Necker fué sancionado por Fady Saba, razón: PG, tiempo: 5 minuto(s)
[2016/10/17 - 19:16:11] [AdmCmd]: Alejo Castillo fué sancionado por Juan Soriano, razón: Te vi papa, no mientas al staff pap, tiempo: 20 minuto
[2016/10/17 - 19:18:36] [AdmCmd]: Alejo Castillo fué sancionado por Juan Soriano, razón: Ajuste, tiempo: 8 minuto(s)
[2016/10/17 - 21:22:2] [AdmCmd]: Ricardo Rivera fué sancionado por Juan Soriano, razón: BD, tiempo: 5 minuto(s)
[2016/10/17 - 21:29:12] [AdmCmd]: Adham Ashraf fué sancionado por Juan Soriano, razón: MG, tiempo: 5 minuto(s)
[2016/10/17 - 21:59:49] [AdmCmd]: Sebatian Aranguiz fué sancionado por Joaco DeAvila, razón: NRH Extremo, tiempo: 16 minuto(s)
[2016/10/17 - 22:0:57] [AdmCmd]: Javier Paredes fué sancionado por Joaco DeAvila, razón: BD+NRC, tiempo: 35 minuto(s)
[2016/10/17 - 22:1:1] [AdmCmd]: Javier Paredes fué sancionado por Joaco DeAvila, razón: BD+NRC, tiempo: 25 minuto(s)
[2016/10/17 - 22:1:42] [AdmCmd]: Mauricio Velasquez fué sancionado por Joaco DeAvila, razón: NRH, tiempo: 20 minuto(s)
[2016/10/17 - 22:3:0] [AdmCmd]: Karol Sevilla fué sancionado por Joaco DeAvila, razón: BD, tiempo: 10 minuto(s)
[2016/10/17 - 23:26:33] [AdmCmd]: Vicenzo Luchinni fué sancionado por Fady Saba, razón: No seguir el rol, tiempo: 5 minuto(s)
[2016/10/17 - 23:46:6] [AdmCmd]: Karol Sevilla fué sancionado por Mandawa Makani, razón: NRH (No Rol de Heridas) + NRC (No Rol de Choque), tie
[2016/10/18 - 0:2:51] [AdmCmd]: Karol Sevilla fué sancionado por Mandawa Makani, razón: NRH (No rol heridas), tiempo: 5 minuto(s)
[2016/10/18 - 0:40:54] [AdmCmd]: Josbriel Rodriguez fué sancionado por Jeii Calore, razón: NRA Y NRGA, tiempo: 5 minuto(s)
[2016/10/18 - 0:44:0] [AdmCmd]: Joel Ruiz fué sancionado por Jeii Calore, razón: NRC, tiempo: 5 minuto(s)
[2016/10/18 - 1:42:30] [AdmCmd]: Jonas Jure fué sancionado por Pablo Villalobos, razón: AVP, tiempo: 3 minuto(s)
[2016/10/18 - 18:37:44] [AdmCmd]: Bruno McSanders fué sancionado por Jeii Calore, razón: NRH, tiempo: 6 minuto(s)
[2016/10/18 - 19:19:22] [AdmCmd]: Sky McJenko fué sancionado por Jeii Calore, razón: NRC, tiempo: 8 minuto(s)
[2016/10/18 - 19:45:4] [AdmCmd]: Karol Sevilla fué sancionado por Pablo Villalobos, razón: MG , tiempo: 5 minuto(s)
[2016/10/18 - 19:48:54] [AdmCmd]: Sebastian Chiuki fué sancionado por Jeii Calore, razón: PG + PG2, tiempo: 5 minuto(s)
[2016/10/18 - 19:54:46] [AdmCmd]: Brian Piazzoni fué sancionado por Jeii Calore, razón: MG, tiempo: 5 minuto(s)
[2016/10/18 - 20:4:56] [AdmCmd]: Karol Sevilla fué sancionado por Juan Soriano, razón: MG, tiempo: 5 minuto(s)
[2016/10/18 - 20:6:56] [AdmCmd]: Bruno McSanders fué sancionado por Juan Soriano, razón: FLOOD, tiempo: 5 minuto(s)
[2016/10/18 - 20:15:14] [AdmCmd]: Bruno McSanders fué sancionado por Juan Soriano, razón: MA, tiempo: 5 minuto(s)
[2016/10/18 - 20:26:21] [AdmCmd]: Jaider Rico fué sancionado por Pablo Villalobos, razón: MG , tiempo: 5 minuto(s)
[2016/10/18 - 21:53:12] [AdmCmd]: Ramiro Gonzalez fué sancionado por Jeii Calore, razón: PG saltas arriba de autos de la policia enfrente de la
[2016/10/18 - 22:6:59] [AdmCmd]: Brian Piazzoni fué sancionado por Jeii Calore, razón: NRA NRE DM MG , tiempo: 20 minuto(s)
[2016/10/18 - 22:22:56] [AdmCmd]: Lukas Wallance fué sancionado por Azarel Thawne, razón: NRA + DM, tiempo: 10 minuto(s)
[2016/10/18 - 22:36:23] [AdmCmd]: Homero Mcarny fué sancionado por Klaus MacTavish, razón: NRA + NRE + PG, tiempo: 15 minuto(s)
[2016/10/18 - 22:37:43] [AdmCmd]: Lukas Wallance fué sancionado por Joaco DeAvila, razón: BD, tiempo: 6 minuto(s)
[2016/10/18 - 22:49:40] [AdmCmd]: Pedro Lescano fué sancionado por Jeii Calore, razón: NRH, tiempo: 6 minuto(s)
[2016/10/18 - 22:50:6] [AdmCmd]: Karol Sevilla fué sancionado por Jeii Calore, razón: NRA + PG, tiempo: 6 minuto(s)
[2016/10/18 - 23:0:13] [AdmCmd]: Gonzalo Bartolomeo fué sancionado por Jeii Calore, razón: NRH Rolea herida papu, tiempo: 6 minuto(s)
[2016/10/18 - 23:0:51] [AdmCmd]: Sebatian Aranguiz fué sancionado por Jeii Calore, razón: NRH Rolea herida papu, tiempo: 6 minuto(s)
[2016/10/18 - 23:2:54] [AdmCmd]: Fady Saba fué sancionado por Fady Saba, razón: Prueba, tiempo: 5 minuto(s)
[2016/10/18 - 23:3:6] [AdmCmd]: Fady Saba fué sancionado por Fady Saba, razón: Prueba, tiempo: 1 minuto(s)
[2016/10/18 - 23:48:38] [AdmCmd]: Bruno McSanders fué sancionado por Bayron Wazouky, razón: NRH, tiempo: 5 minuto(s)
[2016/10/18 - 23:48:46] [AdmCmd]: Karol Sevilla fué sancionado por Bayron Wazouky, razón: MG, tiempo: 5 minuto(s)
[2016/10/18 - 23:50:4] [AdmCmd]: Sebatian Aranguiz fué sancionado por Bayron Wazouky, razón: NRH, tiempo: 5 minuto(s)
[2016/10/19 - 0:32:57] [AdmCmd]: Sebatian Aranguiz fué sancionado por Jeii Calore, razón: NRH Subete la vida papu o has el rol de herida, tiem
[2016/10/19 - 0:33:46] [AdmCmd]: Gonzalo Bartolomeo fué sancionado por Jeii Calore, razón: NRH Subete la vida papu o has el rol de herida, tie
[2016/10/19 - 1:28:32] [AdmCmd]: Karol Sevilla fué sancionado por Joaco DeAvila, razón: BD, tiempo: 6 minuto(s)
[2016/10/19 - 1:30:34] [AdmCmd]: Renzo Leone fué sancionado por Joaco DeAvila, razón: BD, tiempo: 6 minuto(s)
[2016/10/19 - 1:41:48] [AdmCmd]: Renzo Leone fué sancionado por Joaco DeAvila, razón: BD+NRC, tiempo: 16 minuto(s)
[2016/10/19 - 1:45:0] [AdmCmd]: Homero Mcarny fué sancionado por Jeii Calore, razón: BD + PG, tiempo: 6 minuto(s)
[2016/10/19 - 1:45:54] [AdmCmd]: Karol Sevilla fué sancionado por Joaco DeAvila, razón: PG, tiempo: 10 minuto(s)
[2016/10/19 - 1:51:36] [AdmCmd]: Yeison Knee fué sancionado por Jeii Calore, razón: NRC Rolea choque , tiempo: 5 minuto(s)
[2016/10/19 - 20:20:45] [AdmCmd]: Pedro Lescano fué sancionado por Jeii Calore, razón: NRA, tiempo: 5 minuto(s)
[2016/10/19 - 20:27:22] [AdmCmd]: Alejo Castillo fué sancionado por Pablo Villalobos, razón: NRC, tiempo: 5 minuto(s)
[2016/10/19 - 20:36:13] [AdmCmd]: Bautista Arias fué sancionado por Pablo Villalobos, razón: Macro De 3 Lineas, tiempo: 7 minuto(s)
[2016/10/19 - 20:36:55] [AdmCmd]: Jason Odegaard fué sancionado por Pablo Villalobos, razón: PG, tiempo: 5 minuto(s)
[2016/10/19 - 20:51:51] [AdmCmd]: Karol Sevilla fué sancionado por Pablo Villalobos, razón: PG+BD+MG, tiempo: 13 minuto(s)
[2016/10/19 - 20:54:25] [AdmCmd]: Sebatian Aranguiz fué sancionado por Juan Soriano, razón: NRC+PG, tiempo: 10 minuto(s)
[2016/10/19 - 22:0:28] [AdmCmd]: Eduardo Arteaga fué sancionado por Jeii Calore, razón: CK, tiempo: 6 minuto(s)
[2016/10/19 - 22:13:36] [AdmCmd]: Jonas Jure fué sancionado por Jeii Calore, razón: Evadir Rol, tiempo: 7 minuto(s)
[2016/10/19 - 22:53:20] [AdmCmd]: Karol Sevilla fué sancionado por Jeii Calore, razón: NRA + NRC + DM, tiempo: 10 minuto(s)
[2016/10/19 - 23:38:0] [AdmCmd]: Homero Mcarny fué sancionado por Jeii Calore, razón: NRE, tiempo: 8 minuto(s)
[2016/10/19 - 23:38:17] [AdmCmd]: Josbriel Rodriguez fué sancionado por Jeii Calore, razón: PG + DM , tiempo: 8 minuto(s)
[2016/10/19 - 23:59:21] [AdmCmd]: Karol Sevilla fué sancionado por Pablo Villalobos, razón: IOOC , Da el ejemplo, tiempo: 10 minuto(s)
[2016/10/19 - 23:59:47] [AdmCmd]: Ernesto Beltran fué sancionado por Pablo Villalobos, razón: IOOC , Da el ejemplo, tiempo: 5 minuto(s)
[2016/10/20 - 0:53:43] [AdmCmd]: Homero Mcarny fué sancionado por Fady Saba, razón: PG DM NRE, y ademas besar a la esposa de jeii frente a el,
[2016/10/20 - 0:53:50] [AdmCmd]: Jeii Calore fué sancionado por Fady Saba, razón: PG DM NRE, tiempo: 20 minuto(s)
[2016/10/20 - 2:27:3] [AdmCmd]: Jason Odegaard fué sancionado por Jeii Calore, razón: NRH, tiempo: 6 minuto(s)
[2016/10/20 - 17:56:45] [AdmCmd]: Alejo Castillo fué sancionado por Jeii Calore, razón: NRC + BD, tiempo: 8 minuto(s)
[2016/10/20 - 21:18:8] [AdmCmd]: Javier Paredes fué sancionado por Jeii Calore, razón: NRA + NRGA + PG, tiempo: 10 minuto(s)
[2016/10/20 - 21:22:31] [AdmCmd]: Jeii Calore fué sancionado por Jeii Calore, razón: Prueba, tiempo: 5 minuto(s)
[2016/10/20 - 21:22:54] [AdmCmd]: Jeii Calore fué sancionado por Jeii Calore, razón: Prueba, tiempo: 5 minuto(s)
[2016/10/20 - 22:22:35] [AdmCmd]: Karol Sevilla fué sancionado por Jeii Calore, razón: DM + PG , tiempo: 20 minuto(s)
[2016/10/20 - 23:59:24] [AdmCmd]: Yeison Knee fué sancionado por Joaco DeAvila, razón: PG, tiempo: 20 minuto(s)
[2016/10/21 - 0:2:47] [AdmCmd]: Yeison Knee fué sancionado por Joaco DeAvila, razón: PG, tiempo: 10 minuto(s)
[2016/10/21 - 0:5:19] [AdmCmd]: Yeison Knee fué sancionado por Pablo Villalobos, razón: pg, tiempo: 5 minuto(s)
[2016/10/21 - 0:5:45] [AdmCmd]: Hal Nozaki fué sancionado por Joaco DeAvila, razón: ., tiempo: 1 minuto(s)
[2016/10/21 - 1:17:15] [AdmCmd]: Javier Paredes fué sancionado por Jeii Calore, razón: NRC, tiempo: 5 minuto(s)
[2016/10/21 - 1:53:2] [AdmCmd]: Erick Capone fué sancionado por Jeii Calore, razón: NRC has el rol papi, tiempo: 6 minuto(s)
[2016/10/21 - 2:5:48] [AdmCmd]: Bart Mcarny fué sancionado por Jeii Calore, razón: Troll, tiempo: 6 minuto(s)
[2016/10/21 - 2:15:42] [AdmCmd]: Ivan Paredes fué sancionado por Jeii Calore, razón: NRC, tiempo: 5 minuto(s)
[2016/10/21 - 2:22:41] [AdmCmd]: Adham Ashraf fué sancionado por Jeii Calore, razón: NRC Has el rol papu, tiempo: 5 minuto(s)
[2016/10/21 - 19:42:30] [AdmCmd]: Alexander Hrain fué sancionado por Jeii Calore, razón: NRC, tiempo: 5 minuto(s)
[2016/10/21 - 20:1:51] [AdmCmd]: Alejo Castillo fué sancionado por Pablo Villalobos, razón: Ya no se te dará mas oportunidades ; PG , tiempo: 
[2016/10/21 - 20:23:2] [AdmCmd]: Pablo Villalobos fué sancionado por Pablo Villalobos, razón: Errores Cometidos Asumo Mi Error, tiempo: 10 min
[2016/10/21 - 20:30:58] [AdmCmd]: Josbriel Rodriguez fué sancionado por Juan Soriano, razón: Mini-PG., tiempo: 1 minuto(s)
[2016/10/21 - 21:16:46] [AdmCmd]: Jason Odegaard fué sancionado por Mike Wazouky, razón: <3, tiempo: 1 minuto(s)
[2016/10/21 - 21:34:39] [AdmCmd]: Karol Sevilla fué sancionado por Jason Odegaard, razón: MG, tiempo: 5 minuto(s)
[2016/10/21 - 22:29:36] [AdmCmd]: Bart Mcarny fué sancionado por Jason Odegaard, razón: PG (Arriba del cajero), tiempo: 5 minuto(s)
[2016/10/21 - 22:53:58] [AdmCmd]: Bart Mcarny fué sancionado por Jason Odegaard, razón: AIOOC, deja de decirme comefuego, tiempo: 15 minuto(s)
[2016/10/21 - 23:11:34] [AdmCmd]: Homero Mcarny fué sancionado por Jason Odegaard, razón: PG2, tiempo: 5 minuto(s)
[2016/10/21 - 23:20:4] [AdmCmd]: Homero Mcarny fué sancionado por Juan Soriano, razón: PG2, tiempo: 5 minuto(s)
[2016/10/21 - 23:28:32] [AdmCmd]: Fady Saba fué sancionado por Fady Saba, razón: Mal uso del /ao, tiempo: 15 minuto(s)
[2016/10/21 - 23:56:29] [AdmCmd]: Kevin Moya fué sancionado por Jeii Calore, razón: NRC, tiempo: 6 minuto(s)
[2016/10/22 - 0:15:27] [AdmCmd]: Bart Mcarny fué sancionado por Fady Saba, razón: NRH papu <3, tiempo: 5 minuto(s)
[2016/10/22 - 0:16:13] [AdmCmd]: Homero Mcarny fué sancionado por Jason Odegaard, razón: RK, tiempo: 5 minuto(s)
[2016/10/22 - 0:16:31] [AdmCmd]: Homero Mcarny fué sancionado por Fady Saba, razón: RK, tiempo: 10 minuto(s)
[2016/10/22 - 0:18:10] [AdmCmd]: Homero Mcarny fué sancionado por Bayron Wazouky, razón: RK, tiempo: 5 minuto(s)
[2016/10/22 - 0:20:45] [AdmCmd]: Jason Odegaard fué sancionado por Jason Odegaard, razón: NRH, tiempo: 5 minuto(s)
[2016/10/22 - 0:37:36] [AdmCmd]: Hal Nozaki fué sancionado por Hal Nozaki, razón: sd, tiempo: -727379969 minuto(s)
[2016/10/22 - 0:44:5] [AdmCmd]: Michael Corvo fué sancionado por Jeii Calore, razón: MG, tiempo: 6 minuto(s)
[2016/10/22 - 2:35:45] [AdmCmd]: Karol Sevilla fué sancionado por Jason Odegaard, razón: MG, tiempo: 5 minuto(s)
[2016/10/22 - 2:59:1] [AdmCmd]: Ivan Paredes fué sancionado por Jeii Calore, razón: NRC, tiempo: 5 minuto(s)
[2016/10/22 - 3:4:37] [AdmCmd]: Makarov Matavish fué sancionado por Pablo Villalobos, razón: NRH, tiempo: 5 minuto(s)
[2016/10/22 - 3:4:52] [AdmCmd]: Adham Ashraf fué sancionado por Pablo Villalobos, razón: PG+BDC, tiempo: 7 minuto(s)
[2016/10/22 - 3:42:13] [AdmCmd]: Michael Corvo fué sancionado por Jeii Calore, razón: NRC, tiempo: 5 minuto(s)
[2016/10/22 - 5:12:38] [AdmCmd]: Ernesto Beltran fué sancionado por Jason Odegaard, razón: No rol de megafono, tiempo: 5 minuto(s)
[2016/10/22 - 18:14:10] [AdmCmd]: Alejo Castillo fué sancionado por Pablo Villalobos, razón: PG, tiempo: 10 minuto(s)
[2016/10/22 - 18:14:27] [AdmCmd]: Alvaro Mansilla fué sancionado por Pablo Villalobos, razón: PG, tiempo: 10 minuto(s)
[2016/10/22 - 18:16:49] [AdmCmd]: Alvaro Mansilla fué sancionado por Pablo Villalobos, razón: PG+MG+AIOOC, tiempo: 20 minuto(s)
[2016/10/22 - 18:17:38] [AdmCmd]: Alejo Castillo fué sancionado por Pablo Villalobos, razón: IOOC+PG, tiempo: 20 minuto(s)
[2016/10/22 - 18:25:12] [AdmCmd]: Rick play fué sancionado por Jeii Calore, razón: MG, tiempo: 5 minuto(s)
[2016/10/22 - 19:19:4] [AdmCmd]: Yean Parra fué sancionado por Juan Soriano, razón: MG, tiempo: 5 minuto(s)
[2016/10/22 - 19:19:37] [AdmCmd]: Matti Rodriguez fué sancionado por Juan Soriano, razón: BPC, tiempo: 10 minuto(s)
[2016/10/22 - 19:22:1] [AdmCmd]: Matti Rodriguez fué sancionado por Juan Soriano, razón: BPC+, tiempo: 20 minuto(s)
[2016/10/22 - 19:26:17] [AdmCmd]: Yokosiko Yamikusa fué sancionado por Juan Soriano, razón: PG, tiempo: 5 minuto(s)
[2016/10/22 - 19:27:9] [AdmCmd]: Nicolas Guevara fué sancionado por Nicolas Guevara, razón: No seguir el rol, tiempo: 5 minuto(s)
[2016/10/22 - 19:29:59] [AdmCmd]: Kevin Moya fué sancionado por Jeii Calore, razón: MG , tiempo: 5 minuto(s)
[2016/10/22 - 20:6:48] [AdmCmd]: Nestor Almado fué sancionado por Jeii Calore, razón: DM, tiempo: 6 minuto(s)
[2016/10/22 - 20:53:52] [AdmCmd]: Yeison Knee fué sancionado por Jeii Calore, razón: PG usas uniforme de SWAT no siendo de ella, tiempo: 6 minu
[2016/10/22 - 21:25:36] [AdmCmd]: Eddy Lorn fué sancionado por Juan Soriano, razón: NRH+DM, tiempo: 20 minuto(s)
[2016/10/22 - 21:49:21] [AdmCmd]: Jonas Jure fué sancionado por Pablo Villalobos, razón: TTO, tiempo: 25 minuto(s)
[2016/10/22 - 21:58:46] [AdmCmd]: Matti Rodriguez fué sancionado por Juan Soriano, razón: FLOOD, tiempo: 5 minuto(s)
[2016/10/22 - 21:59:49] [AdmCmd]: Pablo Villalobos fué sancionado por Jeii Calore, razón: Flood, tiempo: 6 minuto(s)
[2016/10/22 - 22:3:22] [AdmCmd]: Bart Mcarny fué sancionado por Jason Odegaard, razón: NRC, tiempo: 5 minuto(s)
[2016/10/22 - 22:5:33] [AdmCmd]: Nacho Astiz fué sancionado por Pablo Villalobos, razón: PG, tiempo: 10 minuto(s)
[2016/10/22 - 22:6:51] [AdmCmd]: Gennaro Corleone fué sancionado por Pablo Villalobos, razón: AIOOC, tiempo: 10 minuto(s)
[2016/10/22 - 22:8:12] [AdmCmd]: Gennaro Corleone fué sancionado por Pablo Villalobos, razón: AIOOC, tiempo: 10 minuto(s)
[2016/10/22 - 22:8:40] [AdmCmd]: Gennaro Corleone fué sancionado por Pablo Villalobos, razón: AIOOC, tiempo: 10 minuto(s)
[2016/10/22 - 22:10:56] [AdmCmd]: Gennaro Corleone fué sancionado por Pablo Villalobos, razón: AIOOC, tiempo: 10 minuto(s)
[2016/10/22 - 22:13:15] [AdmCmd]: Gennaro Corleone fué sancionado por Pablo Villalobos, razón: Salir De Jail+ AIOOC ¿Recuerdas?, tiempo: 20 min
[2016/10/22 - 22:15:55] [AdmCmd]: Lucas Rojo fué sancionado por Jeii Calore, razón: MG, tiempo: 5 minuto(s)
[2016/10/22 - 22:16:5] [AdmCmd]: Josbriel Rodriguez fué sancionado por Pablo Villalobos, razón: Macro De 3 Líneas No 4, tiempo: 5 minuto(s)
[2016/10/22 - 22:27:51] [AdmCmd]: Ricardo Romero fué sancionado por Jeii Calore, razón: MG, tiempo: 6 minuto(s)
[2016/10/22 - 22:28:38] [AdmCmd]: Anthony Olivares fué sancionado por Jason Odegaard, razón: MG, /b es para hablar OOC, tiempo: 5 minuto(s)
[2016/10/22 - 22:43:40] [AdmCmd]: Robinson Fox fué sancionado por Jeii Calore, razón: DM, tiempo: 6 minuto(s)
[2016/10/22 - 22:47:36] [AdmCmd]: Wilson Moran fué sancionado por Jeii Calore, razón: MG, tiempo: 5 minuto(s)
[2016/10/22 - 22:54:49] [AdmCmd]: Ivan Morelli fué sancionado por Jeii Calore, razón: PG Fumas adentro de la ayuntamiento, tiempo: 8 minuto(s)
[2016/10/22 - 23:27:4] [AdmCmd]: Robinson Fox fué sancionado por Jeii Calore, razón: Robas el banco sin permiso de un admin, tiempo: 20 minuto
[2016/10/22 - 23:58:36] [AdmCmd]: Wilson Moran fué sancionado por Jeii Calore, razón: MG, tiempo: 5 minuto(s)
[2016/10/23 - 0:26:8] [AdmCmd]: Matti Rodriguez fué sancionado por Fady Saba, razón: IOOC, tiempo: 10 minuto(s)
[2016/10/23 - 0:26:52] [AdmCmd]: Jason Odegaard fué sancionado por Juan Soriano, razón: Robar un banco solo., tiempo: 5 minuto(s)
[2016/10/23 - 0:55:1] [AdmCmd]: Wilson Moran fué sancionado por Jeii Calore, razón: MG, tiempo: 6 minuto(s)
[2016/10/23 - 1:11:49] [AdmCmd]: Manuel Melo fué sancionado por Jeii Calore, razón: NRH, tiempo: 6 minuto(s)
[2016/10/23 - 1:15:17] [AdmCmd]: Ivan Morelli fué sancionado por Juan Soriano, razón: DM, tiempo: 5 minuto(s)
[2016/10/23 - 1:45:40] [AdmCmd]: Lance Jefferson fué sancionado por Hal Nozaki, razón: NRC, tiempo: 5 minuto(s)
[2016/10/23 - 2:6:32] [AdmCmd]: Jaider Rico fué sancionado por Hal Nozaki, razón: MA, tiempo: 3 minuto(s)
[2016/10/23 - 2:36:24] [AdmCmd]: Fady Saba fué sancionado por Fady Saba, razón: PG2, tiempo: 10 minuto(s)
[2016/10/23 - 2:58:20] [AdmCmd]: Josbriel Rodriguez fué sancionado por Jason Odegaard, razón: TK + DM, tiempo: 10 minuto(s)
[2016/10/23 - 2:58:44] [AdmCmd]: Yeison Knee fué sancionado por Jason Odegaard, razón: TK + DM, tiempo: 10 minuto(s)
[2016/10/23 - 2:59:7] [AdmCmd]: Jason Odegaard fué sancionado por Jason Odegaard, razón: Ser sexy, tiempo: 99999 minuto(s)
[2016/10/23 - 3:36:14] [AdmCmd]: Eder Vhangelien fué sancionado por Jeii Calore, razón: IHQ, tiempo: 8 minuto(s)
[2016/10/23 - 4:9:22] [AdmCmd]: Jonas Jure fué sancionado por Jason Odegaard, razón: DM + TK, tiempo: 10 minuto(s)
[2016/10/23 - 4:22:14] [AdmCmd]: Michael Corvo fué sancionado por Juan Soriano, razón: MG, tiempo: 5 minuto(s)
[2016/10/23 - 4:25:21] [AdmCmd]: Snitcheel Mcfly fué sancionado por Jason Odegaard, razón: IOOC, tiempo: 10 minuto(s)
[2016/10/23 - 4:58:25] [AdmCmd]: Kevin Moya fué sancionado por Jason Odegaard, razón: NRH, tiempo: 5 minuto(s)
[2016/10/23 - 16:14:42] [AdmCmd]: Santiago Pillar fué sancionado por Jeii Calore, razón: NRC, tiempo: 8 minuto(s)
[2016/10/23 - 18:2:49] [AdmCmd]: Nico Schneider fué sancionado por Jeii Calore, razón: NRC, tiempo: 6 minuto(s)
[2016/10/23 - 18:41:37] [AdmCmd]: Ricardo Romero fué sancionado por Jeii Calore, razón: MG, tiempo: 5 minuto(s)
[2016/10/23 - 19:3:54] [AdmCmd]: Ricardo Romero fué sancionado por Jeii Calore, razón: NRC, tiempo: 5 minuto(s)
[2016/10/23 - 19:54:40] [AdmCmd]: Jeii Calore fué sancionado por Pablo Villalobos, razón: AA, tiempo: 10 minuto(s)
[2016/10/23 - 19:59:1] [AdmCmd]: Pedro Lescano fué sancionado por Jeii Calore, razón: DB, tiempo: 8 minuto(s)
[2016/10/23 - 20:13:35] [AdmCmd]: Gonza Fonseco fué sancionado por Pablo Villalobos, razón: Mentir A Un Administrador , tiempo: 10 minuto(s)
[2016/10/23 - 20:26:50] [AdmCmd]: Yeison Knee fué sancionado por Miguel Useche, razón: NUA [Sniper], tiempo: 15 minuto(s)
[2016/10/23 - 20:30:25] [AdmCmd]: Nicole Suarez fué sancionado por Pablo Villalobos, razón: ZZ+PG, tiempo: 15 minuto(s)
[2016/10/23 - 20:32:27] [AdmCmd]: Miguel Useche fué sancionado por Miguel Useche, razón: OIE ZHI, JAIL ZHUCULENTA, tiempo: 999 minuto(s)
[2016/10/23 - 20:38:50] [AdmCmd]: Nazareno Arias fué sancionado por Jeii Calore, razón: CK, tiempo: 6 minuto(s)
[2016/10/23 - 20:58:35] [AdmCmd]: Yeison Knee fué sancionado por Jeii Calore, razón: NRC, tiempo: 6 minuto(s)
[2016/10/23 - 21:3:49] [AdmCmd]: Gonza Fonseco fué sancionado por Jeii Calore, razón: LA, tiempo: 8 minuto(s)
[2016/10/23 - 21:11:35] [AdmCmd]: Yeison Knee fué sancionado por Pablo Villalobos, razón: Abúso De Mayus!, tiempo: 5 minuto(s)
[2016/10/23 - 21:11:47] [AdmCmd]: Edinson Bonifacio fué sancionado por Jeii Calore, razón: NRC + PG + NRA , tiempo: 20 minuto(s)
[2016/10/23 - 21:15:7] [AdmCmd]: Pedro Lescano fué sancionado por Pablo Villalobos, razón: IOOC, tiempo: 5 minuto(s)
[2016/10/23 - 21:47:26] [AdmCmd]: Pablo Villalobos fué sancionado por Jeii Calore, razón: AA, tiempo: 10 minuto(s)
[2016/10/23 - 21:47:54] [AdmCmd]: Josbriel Rodriguez fué sancionado por Jeii Calore, razón: ZZ, tiempo: 6 minuto(s)
[2016/10/23 - 22:11:57] [AdmCmd]: Josbriel Rodriguez fué sancionado por Pablo Villalobos, razón: TK+PG, tiempo: 15 minuto(s)
[2016/10/23 - 23:17:16] [AdmCmd]: Yeison Knee fué sancionado por Yeison Knee, razón: Me voi del sv, tiempo: -402653184 minuto(s)
[2016/10/24 - 18:39:47] [AdmCmd]: Jackie Teller fué sancionado por Fady Saba, razón: PG PG2, tiempo: 20 minuto(s)
[2016/10/24 - 18:55:23] [AdmCmd]: Nicolas Guevara fué sancionado por Jeii Calore, razón: PG2, tiempo: 10 minuto(s)
[2016/10/24 - 19:25:51] [AdmCmd]: Wilfredo Velletri fué sancionado por Jason Odegaard, razón: No rol de poner estrellas, tiempo: 5 minuto(s)
[2016/10/24 - 19:25:55] [AdmCmd]: Manuel Melo fué sancionado por Jason Odegaard, razón: No rol de poner estrellas, tiempo: 5 minuto(s)
[2016/10/24 - 19:26:3] [AdmCmd]: Alejo Castillo fué sancionado por Jason Odegaard, razón: No rol de poner estrellas, tiempo: 5 minuto(s)
[2016/10/24 - 19:42:13] [AdmCmd]: Gonza Fonseco fué sancionado por Pablo Villalobos, razón: No Rolear Robo De Auto+PG, tiempo: 5 minuto(s)
[2016/10/24 - 19:42:20] [AdmCmd]: Erick Capone fué sancionado por Pablo Villalobos, razón: No Rolear Robo De Auto+PG, tiempo: 5 minuto(s)
[2016/10/24 - 19:48:50] [AdmCmd]: Wilfredo Velletri fué sancionado por Pablo Villalobos, razón: PG Masivo ..., tiempo: 10 minuto(s)
[2016/10/24 - 20:27:32] [AdmCmd]: Erick Capone fué sancionado por Fady Saba, razón: AHQ, tiempo: 10 minuto(s)
[2016/10/24 - 20:33:43] [AdmCmd]: Alejo Castillo fué sancionado por Jason Odegaard, razón: AIOOC, tiempo: 20 minuto(s)
[2016/10/24 - 22:8:54] [AdmCmd]: Ricardo Romero fué sancionado por Jeii Calore, razón: MG, tiempo: 6 minuto(s)
[2016/10/24 - 22:40:39] [AdmCmd]: Manuel Melo fué sancionado por Hal Nozaki, razón: TK, tiempo: 5 minuto(s)
[2016/10/24 - 23:9:59] [AdmCmd]: Yair Drick fué sancionado por Hal Nozaki, razón: MA, tiempo: 3 minuto(s)
[2016/10/24 - 23:27:52] [AdmCmd]: Adham Ashraf fué sancionado por Jason Odegaard, razón: DM, tiempo: 5 minuto(s)
[2016/10/24 - 23:33:32] [AdmCmd]: Snitcheel Mcfly fué sancionado por Jason Odegaard, razón: Lo dijo Hal, los cadetes de SAPD no pueden patrulla
[2016/10/24 - 23:50:46] [AdmCmd]: Wilfredo Velletri fué sancionado por Jeii Calore, razón: NRE + PG + Mentir al staff , tiempo: 20 minuto(s)
[2016/10/24 - 23:58:30] [AdmCmd]: Josbriel Rodriguez fué sancionado por Jeii Calore, razón: PG, tiempo: 8 minuto(s)
[2016/10/24 - 23:58:45] [AdmCmd]: Josbriel Rodriguez fué sancionado por Jason Odegaard, razón: PG, tiempo: 8 minuto(s)
[2016/10/25 - 0:8:28] [AdmCmd]: Anthony Olivares fué sancionado por Jason Odegaard, razón: PG2, tiempo: 8 minuto(s)
[2016/10/25 - 0:45:21] [AdmCmd]: Harvey Specter fué sancionado por Harvey Specter, razón: prueba., tiempo: 10 minuto(s)
[2016/10/25 - 1:7:45] [AdmCmd]: Anthony Olivares fué sancionado por Jeii Calore, razón: MG Le hablas a un admin por el canal IC, tiempo: 6 mi
[2016/10/25 - 2:0:31] [AdmCmd]: Carlos Villagran fué sancionado por Klaus MacTavish, razón: PG (SAEM no se encarga de esas cuestiones), tiemp
[2016/10/25 - 2:0:56] [AdmCmd]: Carlos Villagran fué sancionado por Klaus MacTavish, razón: Reajuste., tiempo: 5 minuto(s)
[2016/10/25 - 2:45:4] [AdmCmd]: Nacho Astiz fué sancionado por Jeii Calore, razón: NRH, tiempo: 6 minuto(s)
[2016/10/25 - 2:48:18] [AdmCmd]: Alvaro Mansilla fué sancionado por Jeii Calore, razón: PG: Andas con una escopeta en la calle, tiempo: 2 minu
[2016/10/25 - 3:46:32] [AdmCmd]: Homero Mcarny fué sancionado por Jason Odegaard, razón: CK, tiempo: 8 minuto(s)
[2016/10/25 - 17:20:14] [AdmCmd]: Nahuel Jimenez fué sancionado por Dreker Vaskar, razón: NRC+Troll, tiempo: 10 minuto(s)
[2016/10/25 - 17:22:51] [AdmCmd]: Nahuel Jimenez fué sancionado por Dreker Vaskar, razón: ., tiempo: 5 minuto(s)
[2016/10/25 - 18:24:10] [AdmCmd]: Kevin Moya fué sancionado por Dreker Vaskar, razón: MG, tiempo: 5 minuto(s)
[2016/10/25 - 19:38:38] [AdmCmd]: Joel Ruiz fué sancionado por Viru, razón: PG2 +´PG + DM, tiempo: 15 minuto(s)
[2016/10/25 - 20:53:39] [AdmCmd]: Wilson Moran fué sancionado por Dreker Vaskar, razón: No seguir rol, tiempo: 5 minuto(s)
[2016/10/25 - 20:53:52] [AdmCmd]: Wilson Moran fué sancionado por Dreker Vaskar, razón: No seguir rol, tiempo: 5 minuto(s)
[2016/10/25 - 21:28:26] [AdmCmd]: Wilfredo Velletri fué sancionado por Jeii Calore, razón: PG, tiempo: 10 minuto(s)
[2016/10/25 - 21:38:59] [AdmCmd]: Roxana Juarez fué sancionado por Jeii Calore, razón: PG, tiempo: 15 minuto(s)
[2016/10/25 - 22:3:24] [AdmCmd]: Jeii Calore fué sancionado por Bayron Wazouky, razón: MA, tiempo: 5 minuto(s)
[2016/10/25 - 22:4:33] [AdmCmd]: Josbriel Rodriguez fué sancionado por Bayron Wazouky, razón: NRH, tiempo: 10 minuto(s)
[2016/10/25 - 22:5:33] [AdmCmd]: Jeii Calore fué sancionado por Bayron Wazouky, razón: AA, tiempo: 15 minuto(s)
[2016/10/25 - 22:8:8] [AdmCmd]: Nico Celentano fué sancionado por Jason Odegaard, razón: MG +DM, tiempo: 10 minuto(s)
[2016/10/25 - 22:9:17] [AdmCmd]: Michael Corvo fué sancionado por Klaus MacTavish, razón: NRH, tiempo: 5 minuto(s)
[2016/10/25 - 22:24:20] [AdmCmd]: Jeii Calore fué sancionado por Klaus MacTavish, razón: MA, tiempo: 3 minuto(s)
[2016/10/25 - 22:26:9] [AdmCmd]: Alexandro Moya fué sancionado por Fady Saba, razón: NRH, tiempo: 5 minuto(s)
[2016/10/25 - 22:54:5] [AdmCmd]: Wilfredo Velletri fué sancionado por Dreker Vaskar, razón: NRE+PG, tiempo: 5 minuto(s)
[2016/10/25 - 22:54:22] [AdmCmd]: Wilfredo Velletri fué sancionado por Dreker Vaskar, razón: NRE+PG ATT:Fady, tiempo: 15 minuto(s)
[2016/10/25 - 22:59:10] [AdmCmd]: Snitcheel Mcfly fué sancionado por Bayron Wazouky, razón: Patrullando Sin Uniforme, tiempo: 5 minuto(s)
[2016/10/25 - 23:40:0] [AdmCmd]: Carlos Villagran fué sancionado por Klaus MacTavish, razón: PG (Ruedas pinchadas conduciendo), tiempo: 5 minu
[2016/10/25 - 23:43:8] [AdmCmd]: Jeii Calore fué sancionado por Fady Saba, razón: Cumple la condena., tiempo: 20 minuto(s)
[2016/10/26 - 0:9:19] [AdmCmd]: Jimmy Kalashnikov fué sancionado por Dreker Vaskar, razón: PG, tiempo: 5 minuto(s)
[2016/10/26 - 0:18:25] [AdmCmd]: Obito Uchiha fué sancionado por Jeii Calore, razón: PG + BD: Te lanzas de una escaleras en moto y subes en mo
[2016/10/26 - 0:26:40] [AdmCmd]: Nico Teche fué sancionado por Jeii Calore, razón: NRH, tiempo: 5 minuto(s)
[2016/10/26 - 0:33:5] [AdmCmd]: Nico Teche fué sancionado por Jennifer Ferlit, razón: NRH, tiempo: 5 minuto(s)
[2016/10/26 - 1:3:42] [AdmCmd]: Emanuel Eguiazabal fué sancionado por Jeii Calore, razón: CJ Robas un auto sin rol?, tiempo: 6 minuto(s)
[2016/10/26 - 1:36:47] [AdmCmd]: Bayron Wazouky fué sancionado por Bayron Wazouky, razón: Sensualmente CURSI, tiempo: 5 minuto(s)
[2016/10/26 - 1:37:27] [AdmCmd]: Bayron Wazouky fué sancionado por Jason Odegaard, razón: Admin sin mouse, sensualmente sexy y de nivel 6 :v, 
[2016/10/26 - 1:41:12] [AdmCmd]: Luis Dixon fué sancionado por Jennifer Ferlit, razón: NRH, tiempo: 5 minuto(s)
[2016/10/26 - 1:50:27] [AdmCmd]: Luis Dixon fué sancionado por Jennifer Ferlit, razón: NRH, tiempo: 5 minuto(s)
[2016/10/26 - 2:30:19] [AdmCmd]: Luis Dixon fué sancionado por Dreker Vaskar, razón: NRH Advertido, tiempo: 5 minuto(s)
[2016/10/26 - 2:35:32] [AdmCmd]: Matti Rodriguez fué sancionado por Dreker Vaskar, razón: PG ULTRA, tiempo: 10 minuto(s)
[2016/10/26 - 5:22:59] [AdmCmd]: Harvey Specter fué sancionado por Nicolas Guevara, razón: BUG, tiempo: 1 minuto(s)
[2016/10/26 - 18:24:59] [AdmCmd]: Blasco Zeid fué sancionado por Jeii Calore, razón: NRC, tiempo: 6 minuto(s)
[2016/10/26 - 19:0:19] [AdmCmd]: Carlos Ramirez fué sancionado por Jason Odegaard, razón: IHQ, tiempo: 8 minuto(s)
[2016/10/26 - 19:59:51] [AdmCmd]: Cris Lores fué sancionado por Klaus MacTavish, razón: NRH + Mini PG, tiempo: 5 minuto(s)
[2016/10/26 - 20:1:10] [AdmCmd]: Maicol Nico fué sancionado por Klaus MacTavish, razón: MG, tiempo: 5 minuto(s)
[2016/10/26 - 20:24:38] [AdmCmd]: Harvey Specter fué sancionado por Nicolas Guevara, razón: Se, tiempo: 4 minuto(s)
[2016/10/26 - 20:25:49] [AdmCmd]: Harvey Specter fué sancionado por Nicolas Guevara, razón: Jail, tiempo: 10 minuto(s)
[2016/10/26 - 20:50:42] [AdmCmd]: Troy Brown fué sancionado por Pablo Villalobos, razón: AN+DM, tiempo: 15 minuto(s)
[2016/10/26 - 21:12:47] [AdmCmd]: Sofia Zuleta fué sancionado por Pablo Villalobos, razón: PG, tiempo: 15 minuto(s)
[2016/10/26 - 21:14:3] [AdmCmd]: Sofia Zuleta fué sancionado por Pablo Villalobos, razón: PG+EvadirJail, tiempo: 20 minuto(s)
[2016/10/26 - 21:24:41] [AdmCmd]: Jeffrey Deren fué sancionado por Pablo Villalobos, razón: PG, tiempo: 10 minuto(s)
[2016/10/26 - 21:51:40] [AdmCmd]: Troy Brown fué sancionado por Pablo Villalobos, razón: AIOOC+Abusó M, tiempo: 20 minuto(s)
[2016/10/26 - 21:55:55] [AdmCmd]: Blasco Zeid fué sancionado por Jeii Calore, razón: NRC, tiempo: 6 minuto(s)
[2016/10/26 - 22:0:11] [AdmCmd]: Josbriel Rodriguez fué sancionado por Jeii Calore, razón: PG: Matas a un policia enfrente del ayuntamiento?, 
[2016/10/26 - 22:1:26] [AdmCmd]: Manuel Melo fué sancionado por Jeii Calore, razón: DB, tiempo: 10 minuto(s)
[2016/10/26 - 22:9:51] [AdmCmd]: Quinn Ford fué sancionado por Klaus MacTavish, razón: PG, tiempo: 5 minuto(s)
[2016/10/26 - 22:11:11] [AdmCmd]: Anthony Olivares fué sancionado por Klaus MacTavish, razón: ZZ, tiempo: 3 minuto(s)
[2016/10/26 - 22:26:4] [AdmCmd]: Blasco Zeid fué sancionado por Jason Odegaard, razón: CK, tiempo: 5 minuto(s)
[2016/10/26 - 22:36:0] [AdmCmd]: Alejo Castillo fué sancionado por Klaus MacTavish, razón: No rol de esposas., tiempo: 3 minuto(s)
[2016/10/26 - 22:41:33] [AdmCmd]: Sofia Zuleta fué sancionado por Jeii Calore, razón: DM, tiempo: 16 minuto(s)
[2016/10/26 - 22:42:39] [AdmCmd]: Anthony Olivares fué sancionado por Jeii Calore, razón: No seguir el rol, tiempo: 8 minuto(s)
[2016/10/26 - 22:43:38] [AdmCmd]: Sofia Zuleta fué sancionado por Jeii Calore, razón: DM, tiempo: 6 minuto(s)
[2016/10/26 - 22:57:34] [AdmCmd]: Anthony Olivares fué sancionado por Jeii Calore, razón: IHQ, tiempo: 8 minuto(s)
[2016/10/26 - 23:12:35] [AdmCmd]: Josbriel Rodriguez fué sancionado por Jason Odegaard, razón: DM, tiempo: 5 minuto(s)
[2016/10/26 - 23:12:49] [AdmCmd]: Bruno McSanders fué sancionado por Jason Odegaard, razón: TTO, tiempo: 5 minuto(s)
[2016/10/26 - 23:13:12] [AdmCmd]: Anthony Olivares fué sancionado por Jason Odegaard, razón: NRH, tiempo: 5 minuto(s)
[2016/10/26 - 23:13:12] [AdmCmd]: Anthony Olivares fué sancionado por Jason Odegaard, razón: NRH, tiempo: 5 minuto(s)
[2016/10/26 - 23:22:9] [AdmCmd]: Josbriel Rodriguez fué sancionado por Jeii Calore, razón: CJ, tiempo: 8 minuto(s)
[2016/10/27 - 0:19:53] [AdmCmd]: Andres Gonzales fué sancionado por Jeii Calore, razón: BH, tiempo: 6 minuto(s)
[2016/10/27 - 0:23:57] [AdmCmd]: Anthony Olivares fué sancionado por Jeii Calore, razón: PG: Llevas un sniper en la calle?, tiempo: 8 minuto(s
[2016/10/27 - 1:1:37] [AdmCmd]: Quinn Ford fué sancionado por Klaus, razón: 8 NRC + BD, tiempo: 8 minuto(s)
[2016/10/27 - 1:20:1] [AdmCmd]: Quinn Ford fué sancionado por Jeii, razón: BD, tiempo: 8 minuto(s)
[2016/10/27 - 1:20:23] [AdmCmd]: Quinn Ford fué sancionado por Viru, razón: IOOC, tiempo: 10 minuto(s)
[2016/10/27 - 1:32:13] [AdmCmd]: Alexandro Moya fué sancionado por Jason Odegaard, razón: PG2, tiempo: 10 minuto(s)
[2016/10/27 - 1:33:24] [AdmCmd]: Makarov Matavich fué sancionado por Jason Odegaard, razón: NRH, tiempo: 5 minuto(s)
[2016/10/27 - 1:45:59] [AdmCmd]: Josbriel Rodriguez fué sancionado por Jeii Calore, razón: NRC, tiempo: 8 minuto(s)
[2016/10/27 - 1:46:10] [AdmCmd]: Daniel Tellez fué sancionado por Jeii Calore, razón: NRC, tiempo: 8 minuto(s)
[2016/10/27 - 1:49:49] [AdmCmd]: Nicole Suarez fué sancionado por Jeii Calore, razón: PG, tiempo: 6 minuto(s)
[2016/10/27 - 1:50:8] [AdmCmd]: Jonas Jure fué sancionado por Jeii Calore, razón: PG, tiempo: 6 minuto(s)
[2016/10/27 - 2:2:2] [AdmCmd]: Alexandro Moya fué sancionado por Jason Odegaard, razón: NRH, tiempo: 8 minuto(s)
[2016/10/27 - 2:34:23] [AdmCmd]: Quinn Ford fué sancionado por Jeii Calore, razón: NRC, tiempo: 6 minuto(s)
[2016/10/27 - 2:38:32] [AdmCmd]: Harvey Specter fué sancionado por Jeii Calore, razón: DM, tiempo: 6 minuto(s)
[2016/10/27 - 2:42:19] [AdmCmd]: Bruno McSanders fué sancionado por Jeii Calore, razón: PG, tiempo: 8 minuto(s)
[2016/10/27 - 2:42:26] [AdmCmd]: Bruno McSanders fué sancionado por Jeii Calore, razón: PG, tiempo: 8 minuto(s)
[2016/10/27 - 2:44:18] [AdmCmd]: Andy Alvarez fué sancionado por Jeii Calore, razón: PG Te subes la vida en un tiroteo, tiempo: 8 minuto(s)
[2016/10/27 - 2:53:13] [AdmCmd]: Maicol Nico fué sancionado por Nicolas Guevara, razón: MG, tiempo: 5 minuto(s)
[2016/10/27 - 2:53:40] [AdmCmd]: Maicol Nico fué sancionado por Jeii Calore, razón: DM, tiempo: 8 minuto(s)
[2016/10/27 - 2:53:47] [AdmCmd]: Maicol Nico fué sancionado por Jeii Calore, razón: DM, tiempo: 8 minuto(s)
[2016/10/27 - 2:53:56] [AdmCmd]: Maicol Nico fué sancionado por Jeii Calore, razón: DM, tiempo: 8 minuto(s)
[2016/10/27 - 2:54:37] [AdmCmd]: Maicol Nico fué sancionado por Jeii Calore, razón: DM, tiempo: 8 minuto(s)
[2016/10/27 - 3:43:59] [AdmCmd]: Jason Odegaard fué sancionado por Nicolas Guevara, razón: NRE, tiempo: 3 minuto(s)
[2016/10/27 - 3:47:36] [AdmCmd]: Nahuel Jimenez fué sancionado por Nicolas Guevara, razón: TTO, tiempo: 3 minuto(s)
[2016/10/27 - 19:43:41] [AdmCmd]: Alexandro Moya fué sancionado por Pablo Villalobos, razón: NRC+BD, tiempo: 10 minuto(s)
[2016/10/27 - 20:18:12] [AdmCmd]: Quinn Ford fué sancionado por Jeii Calore, razón: DM, tiempo: 10 minuto(s)
[2016/10/27 - 20:21:13] [AdmCmd]: Nacho Astiz fué sancionado por Jeii Calore, razón: DM, tiempo: 8 minuto(s)
[2016/10/27 - 20:42:39] [AdmCmd]: Jonas Jure fué sancionado por Jeii Calore, razón: IHQ, tiempo: 8 minuto(s)
[2016/10/27 - 20:47:33] [AdmCmd]: Wilfredo Velletri fué sancionado por Jeii Calore, razón: DB, tiempo: 8 minuto(s)
[2016/10/27 - 20:49:58] [AdmCmd]: Pablo Villalobos fué sancionado por Jeii Calore, razón: DM , tiempo: 6 minuto(s)
[2016/10/27 - 20:51:24] [AdmCmd]: Quinn Ford fué sancionado por Pablo Villalobos, razón: BD+Abúso Mayus, tiempo: 15 minuto(s)
[2016/10/27 - 20:51:35] [AdmCmd]: Pablo Villalobos fué sancionado por Pablo Villalobos, razón: ..., tiempo: 5 minuto(s)
[2016/10/27 - 20:53:40] [AdmCmd]: Quinn Ford fué sancionado por Pablo Villalobos, razón: ZZ+DB+AIOOC, tiempo: 30 minuto(s)
[2016/10/27 - 21:3:14] [AdmCmd]: Anthony Olivares fué sancionado por Jeii Calore, razón: IHQ, tiempo: 10 minuto(s)
[2016/10/27 - 21:36:54] [AdmCmd]: Jerry Montano fué sancionado por Jeii Calore, razón: PG: Le escupes las botas a un policia estando corriendo?
[2016/10/28 - 0:49:32] [AdmCmd]: Pablo Villalobos fué sancionado por Nicolas Guevara, razón: AA, tiempo: 3 minuto(s)
[2016/10/28 - 2:58:18] [AdmCmd]: Sofia Zuleta fué sancionado por Pablo Villalobos, razón: PG+PG2, tiempo: 15 minuto(s)
[2016/10/28 - 2:58:38] [AdmCmd]: Sofia Zuleta fué sancionado por Pablo Villalobos, razón: PG+PG2, tiempo: 15 minuto(s)
[2016/10/28 - 2:58:46] [AdmCmd]: Sofia Zuleta fué sancionado por Pablo Villalobos, razón: PG+PG2, tiempo: 15 minuto(s)
[2016/10/28 - 2:58:57] [AdmCmd]: Sofia Zuleta fué sancionado por Pablo Villalobos, razón: PG+PG2, tiempo: 15 minuto(s)
[2016/10/28 - 2:59:34] [AdmCmd]: Sofia Zuleta fué sancionado por Pablo Villalobos, razón: PG+PG2+AIOOC, tiempo: 30 minuto(s)
[2016/10/28 - 3:34:36] [AdmCmd]: Nicole Suarez fué sancionado por Pablo Villalobos, razón: AIOOC, tiempo: 10000000 minuto(s)
[2016/10/28 - 3:52:36] [AdmCmd]: Nicole Suarez fué sancionado por Pablo Villalobos, razón: PG+DB+DMCAR+DM+AIOOC, tiempo: 60 minuto(s)
[2016/10/28 - 3:53:4] [AdmCmd]: Dylan Varela fué sancionado por Pablo Villalobos, razón: DB, tiempo: 10 minuto(s)
[2016/10/28 - 3:55:24] [AdmCmd]: Nicole Suarez fué sancionado por Nicolas Guevara, razón: Baja de condena, tiempo: 10 minuto(s)
[2016/10/28 - 4:27:16] [AdmCmd]: Edwin Monts fué sancionado por Pablo Villalobos, razón: IOOC, tiempo: 3 minuto(s)
[2016/10/28 - 19:10:23] [AdmCmd]: Sofia Zuleta fué sancionado por Pablo Villalobos, razón: IHQ+PG, tiempo: 5 minuto(s)
[2016/10/28 - 21:11:36] [AdmCmd]: Quinn Ford fué sancionado por Jeii Calore, razón: NRC, tiempo: 6 minuto(s)
[2016/10/28 - 21:18:7] [AdmCmd]: Quinn Ford fué sancionado por Bayron Wazouky, razón: Fuera de Jail. [Bug], tiempo: 5 minuto(s)
[2016/10/28 - 21:18:29] [AdmCmd]: Quinn Ford fué sancionado por Nicolas Guevara, razón: BUG, tiempo: 1 minuto(s)
[2016/10/28 - 21:20:23] [AdmCmd]: Ramiro Bustamante fué sancionado por Jeii Calore, razón: NRC, tiempo: 6 minuto(s)
[2016/10/28 - 21:25:37] [AdmCmd]: Carlos Villagran fué sancionado por Jeii Calore, razón: MG + PG, tiempo: 10 minuto(s)
[2016/10/28 - 21:37:31] [AdmCmd]: Quinn Ford fué sancionado por Jeii Calore, razón: BD: Manejas por las vias de trenes?, tiempo: 8 minuto(s)
[2016/10/30 - 2:50:13] [AdmCmd]: Anthony Olivares fué sancionado por Jason Odegaard, razón: MG y MUD, tiempo: 5 minuto(s)
[2016/10/30 - 2:4:36] [AdmCmd]: Jonas Jure fué sancionado por Jeii Calore, razón: TTO, tiempo: 6 minuto(s)
[2016/10/30 - 4:13:55] [AdmCmd]: Paul Stiven fué sancionado por Pablo Villalobos, razón: feo, tiempo: 1410065408 minuto(s)
[2016/10/30 - 4:14:16] [AdmCmd]: Paul Stiven fué sancionado por Pablo Villalobos, razón: feo, tiempo: 1410065408 minuto(s)
[2016/10/30 - 4:15:37] [AdmCmd]: Bruno McSanders fué sancionado por Pablo Villalobos, razón: ..., tiempo: 100 minuto(s)
[2016/10/30 - 4:18:34] [AdmCmd]: Bruno McSanders fué sancionado por Pablo Villalobos, razón: CJ, tiempo: 5 minuto(s)
[2016/10/30 - 4:18:44] [AdmCmd]: Paul Stiven fué sancionado por Pablo Villalobos, razón: Complice CJ, tiempo: 2 minuto(s)
[2016/10/30 - 17:59:27] [AdmCmd]: Escobar Edgar fué sancionado por Nicolas Guevara, razón: MG PG, tiempo: 5 minuto(s)
[2016/10/30 - 19:5:2] [AdmCmd]: Esteban Cesar fué sancionado por Pablo Villalobos, razón: Evadir Rol, tiempo: 5 minuto(s)
[2016/10/30 - 19:11:32] [AdmCmd]: Esteban Cesar fué sancionado por Pablo Villalobos, razón: MG+NRH, tiempo: 6 minuto(s)
[2016/10/30 - 19:13:26] [AdmCmd]: Brian Piazzoni fué sancionado por Pablo Villalobos, razón: AN, tiempo: 3 minuto(s)
[2016/10/30 - 19:49:8] [AdmCmd]: Mike Moretz fué sancionado por Nicolas Guevara, razón: fj, tiempo: 3 minuto(s)
[2016/10/30 - 20:11:14] [AdmCmd]: Nahuel Beltran fué sancionado por Nicolas Guevara, razón: MA, tiempo: 3 minuto(s)
[2016/10/30 - 20:44:24] [AdmCmd]: Matti Rodriguez fué sancionado por Jason Odegaard, razón: AVP, tiempo: 5 minuto(s)
[2016/10/30 - 21:9:9] [AdmCmd]: Brian Piazzoni fué sancionado por Pablo Villalobos, razón: PG, tiempo: 7 minuto(s)
[2016/10/30 - 21:15:4] [AdmCmd]: Dylan Varela fué sancionado por Pablo Villalobos, razón: PG SAPD No Usa m4, tiempo: 10 minuto(s)
[2016/10/30 - 21:17:53] [AdmCmd]: Nicole Suarez fué sancionado por Jason Odegaard, razón: NRA, tiempo: 6 minuto(s)
[2016/10/30 - 21:33:43] [AdmCmd]: Paolo DeTitto fué sancionado por Pablo Villalobos, razón: NRA, tiempo: 3 minuto(s)
[2016/10/31 - 0:22:24] [AdmCmd]: Manuel Melo fué sancionado por Nicolas Guevara, razón: dm, tiempo: 10 minuto(s)
[2016/10/31 - 0:22:35] [AdmCmd]: Manuel Melo fué sancionado por Nicolas Guevara, razón: dm, tiempo: 10 minuto(s)
[2016/10/31 - 0:45:17] [AdmCmd]: Sofia Zuleta fué sancionado por Nicolas Guevara, razón: MG, tiempo: 3 minuto(s)
[2016/10/31 - 1:7:8] [AdmCmd]: Sofia Zuleta fué sancionado por Jason Odegaard, razón: BPC , tiempo: 8 minuto(s)
[2016/10/31 - 1:45:30] [AdmCmd]: Eder Vhangelien fué sancionado por Jason Odegaard, razón: MA, tiempo: 7 minuto(s)
[2016/10/31 - 17:54:2] [AdmCmd]: Sofia Zuleta fué sancionado por Jason Odegaard, razón: PG - Carrera Ilegal en comesaría, tiempo: 6 minuto(s)
[2016/10/31 - 17:54:29] [AdmCmd]: Eder Vhangelien fué sancionado por Jason Odegaard, razón: PG - Carrera Ilegal en frente de la comisaría, tiem
[2016/10/31 - 18:8:22] [AdmCmd]: Nahuel Jimenez fué sancionado por Jason Odegaard, razón: PG + NRH, tiempo: 10 minuto(s)
[2016/10/31 - 18:24:37] [AdmCmd]: Paolo DeTitto fué sancionado por Jason Odegaard, razón: DM + NRA + NRH, tiempo: 12 minuto(s)
[2016/10/31 - 19:30:15] [AdmCmd]: Nahuel Jimenez fué sancionado por Jeii Calore, razón: DM + TK, tiempo: 10 minuto(s)
[2016/10/31 - 19:33:59] [AdmCmd]: Jurgen Klopp fué sancionado por Jeii Calore, razón: NRC , tiempo: 6 minuto(s)
[2016/10/31 - 19:35:59] [AdmCmd]: Enzo Ferrari fué sancionado por Harvey Specter, razón: Bug Abuse/, tiempo: 20 minuto(s)
[2016/10/31 - 19:36:7] [AdmCmd]: Homero Mcarny fué sancionado por Harvey Specter, razón: Bug Abuse/, tiempo: 20 minuto(s)
[2016/10/31 - 19:46:1] [AdmCmd]: Anthony Olivares fué sancionado por Jeii Calore, razón: NRH, tiempo: 6 minuto(s)
[2016/10/31 - 20:33:17] [AdmCmd]: Brian Piazzoni fué sancionado por Nicolas Guevara, razón: PG MG, tiempo: 5 minuto(s)
[2016/10/31 - 20:35:9] [AdmCmd]: Nahuel Jimenez fué sancionado por Nicolas Guevara, razón: IOOC, tiempo: 3 minuto(s)
[2016/10/31 - 21:25:24] [AdmCmd]: Enzo Ferrari fué sancionado por Jeii Calore, razón: PG, tiempo: 8 minuto(s)
[2016/10/31 - 21:56:49] [AdmCmd]: Niko Pacheco fué sancionado por Jeii Calore, razón: NRC + BD, tiempo: 8 minuto(s)
[2016/10/31 - 23:55:40] [AdmCmd]: Nahuel Jimenez fué sancionado por Klaus MacTavish, razón: IOOC, tiempo: 10 minuto(s)
[2016/10/31 - 23:55:46] [AdmCmd]: Paul Stiven fué sancionado por Klaus MacTavish, razón: IOOC, tiempo: 10 minuto(s)
[2016/10/31 - 23:55:49] [AdmCmd]: Paul Stiven fué sancionado por Klaus MacTavish, razón: IOOC, tiempo: 0 minuto(s)
[2016/10/31 - 23:55:57] [AdmCmd]: Paul Stiven fué sancionado por Klaus MacTavish, razón: IOOC, tiempo: 10 minuto(s)
[2016/10/31 - 23:56:1] [AdmCmd]: Dylan Varela fué sancionado por Klaus MacTavish, razón: IOOC, tiempo: 10 minuto(s)
[2016/10/31 - 23:59:52] [AdmCmd]: Klaus MacTavish fué sancionado por Nicolas Guevara, razón: ., tiempo: 1 minuto(s)
[2016/11/1 - 0:5:46] [AdmCmd]: Klaus MacTavish fué sancionado por Nicolas Guevara, razón: jail, tiempo: 1 minuto(s)
[2016/11/1 - 2:19:4] [AdmCmd]: Wilfredo Velletri fué sancionado por Nicolas Guevara, razón: PG2, tiempo: 5 minuto(s)
[2016/11/1 - 2:19:43] [AdmCmd]: Alejo Castillo fué sancionado por Nicolas Guevara, razón: PG2, tiempo: 5 minuto(s)
[2016/11/1 - 2:37:46] [AdmCmd]: Brian Piazzoni fué sancionado por Nicolas Guevara, razón: bug, tiempo: 0 minuto(s)
[2016/11/1 - 2:49:21] [AdmCmd]: Bruno McSanders fué sancionado por Nicolas Guevara, razón: bug, tiempo: 1 minuto(s)
[2016/11/1 - 14:51:50] [AdmCmd]: Breison Enciso fué sancionado por Jeii Calore, razón: ZZ, tiempo: 5 minuto(s)
[2016/11/1 - 15:27:39] [AdmCmd]: Jeremias Schultz fué sancionado por Jeii Calore, razón: NRC, tiempo: 5 minuto(s)
[2016/11/1 - 19:8:27] [AdmCmd]: Alejo Castillo fué sancionado por Pablo Villalobos, razón: PG, tiempo: 3 minuto(s)
[2016/11/1 - 19:8:31] [AdmCmd]: Wilfredo Velletri fué sancionado por Pablo Villalobos, razón: PG, tiempo: 3 minuto(s)
[2016/11/1 - 19:32:53] [AdmCmd]: Alejo Castillo fué sancionado por Pablo Villalobos, razón: IOOC, tiempo: 4 minuto(s)
[2016/11/1 - 19:37:29] [AdmCmd]: Homero Mcarny fué sancionado por Pablo Villalobos, razón: NRC, tiempo: 5 minuto(s)
[2016/11/1 - 19:47:28] [AdmCmd]: Ranses Vargas fué sancionado por Jeii Calore, razón: NRC, tiempo: 5 minuto(s)
[2016/11/1 - 19:49:37] [AdmCmd]: Renzo Leone fué sancionado por Jeii Calore, razón: NRE + PG, tiempo: 8 minuto(s)
[2016/11/1 - 19:52:0] [AdmCmd]: Anthony Olivares fué sancionado por Jeii Calore, razón: PG, tiempo: 8 minuto(s)
[2016/11/1 - 22:24:44] [AdmCmd]: Wilfredo Velletri fué sancionado por Jeii Calore, razón: DM, tiempo: 6 minuto(s)
[2016/11/1 - 22:24:50] [AdmCmd]: Alejo Castillo fué sancionado por Jeii Calore, razón: DM, tiempo: 6 minuto(s)
[2016/11/1 - 22:28:31] [AdmCmd]: Enzo Ferrari fué sancionado por Jeii Calore, razón: PG2, tiempo: 6 minuto(s)
[2016/11/1 - 22:30:44] [AdmCmd]: Brian Kenny fué sancionado por Jeii Calore, razón: IOOC, tiempo: 10 minuto(s)
[2016/11/1 - 22:53:3] [AdmCmd]: Enzo Ferrari fué sancionado por Jeii Calore, razón: DM, tiempo: 6 minuto(s)
[2016/11/1 - 23:59:7] [AdmCmd]: Enzo Ferrari fué sancionado por Jeii Calore, razón: MG, tiempo: 5 minuto(s)
[2016/11/2 - 0:8:50] [AdmCmd]: Jose Velasquez fué sancionado por Nicolas Guevara, razón: IHQ-MG, tiempo: 10 minuto(s)
[2016/11/2 - 0:12:52] [AdmCmd]: Axel Yankee fué sancionado por Nicolas Guevara, razón: IHQ, tiempo: 10 minuto(s)
[2016/11/2 - 0:13:6] [AdmCmd]: Erick Schmidt fué sancionado por Jeii Calore, razón: IHQ, tiempo: 10 minuto(s)
[2016/11/2 - 0:13:27] [AdmCmd]: Angel Cristian fué sancionado por Nicolas Guevara, razón: IHQ, tiempo: 10 minuto(s)
[2016/11/2 - 0:34:11] [AdmCmd]: Sofia Zuleta fué sancionado por Nicolas Guevara, razón: PG, tiempo: 5 minuto(s)
[2016/11/2 - 0:34:23] [AdmCmd]: Niko Pacheco fué sancionado por Nicolas Guevara, razón: PG, tiempo: 5 minuto(s)
[2016/11/2 - 2:1:29] [AdmCmd]: Paul Stiven fué sancionado por Nicolas Guevara, razón: PG2, tiempo: 5 minuto(s)
[2016/11/2 - 6:56:48] [AdmCmd]: Bruno McSanders fué sancionado por Nicolas Guevara, razón: bug, tiempo: 1 minuto(s)
