[2014/10/11 - 12:19:19] Stil Marley ha asignado moderador de facciones a Stil Marley
[2014/10/20 - 13:20:4] Tony Zill ha asignado Técnico de la Tienda Online a Tony Zill
[2016/3/8 - 21:4:1] Benjamin Alastre ha asignado Encargado de Staff a Benjamin Alastre
[2016/3/9 - 21:36:52] Benjamin Alastre ha asignado Encargado de Staff a Benjamin Alastre
[2016/3/10 - 18:27:57] Benjamin Alastre ha asignado Encargado de Staff a Benjamin Alastre
[2016/3/14 - 20:52:26] Benjamin Alastre ha asignado Encargado de Staff a Benjamin Alastre
[2016/3/21 - 15:59:36] Benjamin Alastre ha asignado Encargado de Staff a Benjamin Alastre
[2016/3/25 - 16:25:44] Benjamin Alastre ha asignado Técnico de la Tienda Online a Benjamin Alastre
[2016/3/27 - 20:44:28] Benjamin Alastre ha asignado Técnico de la Tienda Online a Benjamin Alastre
[2016/3/27 - 20:45:47] Benjamin Alastre ha asignado Técnico de la Tienda Online a Benjamin Alastre
[2016/3/27 - 20:49:54] Benjamin Alastre ha asignado Encargado de Staff a Benjamin Alastre
[2016/3/27 - 20:53:43] Benjamin Alastre ha asignado Técnico de la Tienda Online a Benjamin Alastre
[2016/6/2 - 21:16:48] Benjamin Alastre ha asignado Encargado de Staff a Benjamin Alastre
[2016/8/9 - 17:10:37] Benjamin Alastre ha asignado moderador de facciones a Benjamin Alastre
[2016/9/29 - 23:35:17] Azarel Thawne ha asignado Encargado de Staff a Azarel Thawne
[2016/9/29 - 23:42:58] Azarel Thawne ha asignado moderador de facciones a Azarel Thawne
[2016/10/5 - 14:8:47] Azarel Thawne ha asignado moderador de familias y bandas a Azarel Thawne
[2016/10/5 - 14:9:9] Azarel Thawne ha asignado Encargado de Staff a Azarel Thawne
[2016/10/5 - 14:9:17] Azarel Thawne ha asignado moderador de facciones a Azarel Thawne
[2016/10/5 - 14:9:44] Azarel Thawne ha asignado Técnico de la Tienda Online a Azarel Thawne
[2016/10/5 - 14:9:55] Azarel Thawne ha asignado Apelador de desbaneos a Azarel Thawne
[2016/10/5 - 16:26:56] Abdul AlBergha ha asignado Encargado de Staff a Abdul AlBergha
[2016/10/5 - 16:32:31] John MacTavish ha asignado Encargado de Staff a Abdul AlBergha
[2016/10/5 - 16:32:33] John MacTavish ha asignado Encargado de Staff a Abdul AlBergha
[2016/10/5 - 16:32:39] John MacTavish ha asignado Encargado de Staff a John MacTavish
[2016/10/5 - 16:33:27] John MacTavish ha asignado moderador de facciones a John MacTavish
[2016/10/5 - 16:33:28] John MacTavish ha asignado moderador de familias y bandas a John MacTavish
[2016/10/5 - 16:36:23] John MacTavish ha asignado Apelador de desbaneos a Abdul AlBergha
[2016/10/5 - 16:36:26] John MacTavish ha asignado Apelador de desbaneos a John MacTavish
[2016/10/5 - 16:39:37] Abdul AlBergha ha asignado moderador de facciones a Abdul AlBergha
[2016/10/6 - 20:38:18] Harvey Specter ha asignado Encargado de Staff a Harvey Specter
[2016/10/7 - 2:53:2] Harvey Specter ha asignado Encargado de Staff a Azarel Thawne
[2016/10/7 - 3:2:47] Harvey Specter ha asignado moderador de facciones a Azarel Thawne
[2016/10/7 - 3:3:3] Harvey Specter ha asignado moderador de facciones a Harvey Specter
[2016/10/7 - 3:8:50] Harvey Specter ha asignado moderador de familias y bandas a Harvey Specter
[2016/10/7 - 3:8:51] Harvey Specter ha asignado moderador de familias y bandas a Harvey Specter
[2016/10/7 - 4:19:58] Harvey Specter ha asignado Apelador de desbaneos a Harvey Specter
[2016/10/7 - 6:16:31] Harvey Specter ha asignado moderador de facciones a Nicolas Guevara
[2016/10/7 - 6:16:36] Harvey Specter ha asignado moderador de facciones a Nicolas Guevara
[2016/10/7 - 6:17:25] Harvey Specter ha asignado Técnico de la Tienda Online a Harvey Specter
[2016/10/7 - 6:17:40] Harvey Specter ha asignado moderador de familias y bandas a Brian Piazzoni
[2016/10/7 - 6:17:48] Harvey Specter ha asignado moderador de familias y bandas a Harvey Specter
[2016/10/7 - 6:18:41] Harvey Specter ha asignado moderador de familias y bandas a Harvey Specter
[2016/10/7 - 6:21:38] Harvey Specter ha asignado Apelador de desbaneos a Harvey Specter
[2016/10/7 - 23:59:18] Cornelio Contreras ha asignado Encargado de Staff a Takeshi Yuki
[2016/10/8 - 0:17:59] Cornelio Contreras ha asignado Encargado de Staff a Joaco DeAvila
[2016/10/8 - 6:20:28] Harvey Specter ha asignado moderador de familias y bandas a Fady Saba
[2016/10/8 - 18:43:51] Hal Nozaki ha asignado moderador de facciones a Hal Nozaki
[2016/10/8 - 18:44:3] Hal Nozaki ha asignado moderador de familias y bandas a Hal Nozaki
[2016/10/8 - 18:44:9] Hal Nozaki ha asignado Apelador de desbaneos a Hal Nozaki
[2016/10/8 - 18:44:21] Hal Nozaki ha asignado Encargado de Staff a Hal Nozaki
[2016/10/8 - 19:33:52] Hal Nozaki ha asignado moderador de facciones a Azarel Thawne
[2016/10/8 - 19:34:6] Hal Nozaki ha asignado Técnico de la Tienda Online a Hal Nozaki
[2016/10/11 - 2:20:20] Cornelio Contreras ha asignado Encargado de Staff a Joaco DeAvila
[2016/10/14 - 18:54:28] Lodes Garrix ha asignado moderador de facciones a Lodes Garrix
[2016/10/14 - 18:55:9] Lodes Garrix ha asignado Técnico de la Tienda Online a Lodes Garrix
[2016/10/15 - 2:52:25] Harvey Specter ha asignado Encargado de Staff a Juan Soriano
[2016/10/15 - 3:15:3] Fady Saba ha asignado Apelador de desbaneos a Fady Saba
[2016/10/15 - 4:37:54] Harvey Specter ha asignado Encargado de Staff a Azarel Thawne
[2016/10/15 - 6:16:48] Fady Saba ha asignado Técnico de la Tienda Online a Fady Saba
[2016/10/15 - 22:19:34] Harvey Specter ha asignado Encargado de Staff a Azarel Thawne
[2016/10/15 - 22:19:37] Harvey Specter ha asignado Encargado de Staff a Fady Saba
[2016/10/15 - 22:19:39] Harvey Specter ha asignado Encargado de Staff a Juan Soriano
[2016/10/15 - 23:57:1] Azarel Thawne ha asignado Técnico de la Tienda Online a Azarel Thawne
[2016/10/16 - 17:56:25] Wilhelm Oppenheim ha asignado Apelador de desbaneos a Wilhelm Oppenheim
[2016/10/17 - 20:56:6] Harvey Specter ha asignado Encargado de Staff a Azarel Thawne
[2016/10/17 - 20:57:18] Harvey Specter ha asignado Encargado de Staff a Azarel Thawne
[2016/10/17 - 20:58:56] Harvey Specter ha asignado Encargado de Staff a Azarel Thawne
[2016/10/17 - 21:2:33] Harvey Specter ha asignado Encargado de Staff a Azarel Thawne
[2016/10/17 - 21:14:1] Harvey Specter ha asignado Encargado de Staff a Fady Saba
[2016/10/21 - 19:35:29] Harvey Specter ha asignado Encargado de Staff a Fady Saba
[2016/10/21 - 19:38:39] Harvey Specter ha asignado moderador de facciones a Juan Soriano
[2016/10/21 - 19:48:26] Fady Saba ha asignado moderador de facciones a Fady Saba
[2016/10/21 - 19:48:34] Fady Saba ha asignado Apelador de desbaneos a Fady Saba
[2016/10/21 - 19:48:42] Fady Saba ha asignado Técnico de la Tienda Online a Fady Saba
[2016/10/21 - 19:49:27] Fady Saba ha asignado moderador de familias y bandas a Fady Saba
[2016/10/22 - 0:39:56] Hal Nozaki ha asignado Técnico de la Tienda Online a Hal Nozaki
[2016/10/22 - 2:20:0] Hal Nozaki ha asignado Encargado de Staff a Hal Nozaki
[2016/10/23 - 2:22:8] Hal Nozaki ha asignado moderador de facciones a Hal Nozaki
[2016/10/23 - 5:58:27] Hal Nozaki ha asignado Encargado de Staff a Hal Nozaki
[2016/10/24 - 22:34:16] Hal Nozaki ha asignado Técnico de la Tienda Online a Hal Nozaki
[2016/10/25 - 1:54:20] Klaus MacTavish ha asignado Apelador de desbaneos a Klaus MacTavish
[2016/10/25 - 2:31:15] Klaus MacTavish ha asignado moderador de facciones a Klaus MacTavish
[2016/10/25 - 2:31:19] Klaus MacTavish ha asignado moderador de familias y bandas a Klaus MacTavish
[2016/10/26 - 5:22:38] Harvey Specter ha asignado Encargado de Staff a Nicolas Guevara
[2016/10/26 - 5:27:44] Harvey Specter ha asignado Encargado de Staff a Harvey Specter
[2016/10/26 - 5:27:48] Harvey Specter ha asignado moderador de facciones a Harvey Specter
[2016/10/26 - 5:27:57] Harvey Specter ha asignado Apelador de desbaneos a Harvey Specter
[2016/10/26 - 5:27:59] Harvey Specter ha asignado moderador de familias y bandas a Harvey Specter
[2016/10/26 - 5:40:42] Nicolas Guevara ha asignado moderador de facciones a Nicolas Guevara
[2016/10/26 - 5:41:0] Harvey Specter ha asignado moderador de facciones a Nicolas Guevara
[2016/10/26 - 6:14:26] Harvey Specter ha asignado moderador de facciones a Fady Saba
[2016/10/26 - 7:5:48] Nicolas Guevara ha asignado Apelador de desbaneos a Nicolas Guevara
[2016/10/26 - 7:9:30] Nicolas Guevara ha asignado Técnico de la Tienda Online a Nicolas Guevara
[2016/10/26 - 20:15:22] Nicolas Guevara ha asignado moderador de facciones a Nicolas Guevara
[2016/10/26 - 20:36:40] Harvey Specter ha asignado Encargado de Staff a Harvey Specter
[2016/10/26 - 20:36:54] Harvey Specter ha asignado moderador de facciones a Harvey Specter
[2016/10/26 - 20:37:3] Harvey Specter ha asignado moderador de familias y bandas a Harvey Specter
[2016/10/26 - 20:37:6] Harvey Specter ha asignado Apelador de desbaneos a Harvey Specter
[2016/10/26 - 20:39:0] Nicolas Guevara ha asignado Apelador de desbaneos a Nicolas Guevara
[2016/10/28 - 1:37:26] Klaus MacTavish ha asignado Técnico de la Tienda Online a Klaus MacTavish
[2016/10/28 - 7:2:1] Nicolas Guevara ha asignado Encargado de Staff a Nicolas Guevara
[2016/10/28 - 7:18:15] Nicolas Guevara ha asignado Técnico de la Tienda Online a Nicolas Guevara
[2016/11/1 - 2:2:45] Nicolas Guevara ha asignado Encargado de Staff a Klaus MacTavish
[2016/11/1 - 2:2:47] Nicolas Guevara ha asignado Encargado de Staff a Klaus MacTavish
[2016/11/1 - 2:25:38] Natalie Reynolds ha asignado Encargado de Staff a Natalie Reynolds
