[2014/10/11 - 12:15:11] [SHOPCAR] Tony Zill creó [M-522 C1-0 C2-0] - Factura por 0 a Tony Zill
[2014/10/24 - 20:7:20] {A2DC35}[CREARAUTO]:{FFFFFF} Tony Zill creó [M-532 C1-0 C2-0] - Factura por 0 a Tony Zill
[2014/11/5 - 11:12:26] {A2DC35}[CREARAUTO]:{FFFFFF} Tony Zill creó [M-532 C1-0 C2-0] - Factura por 0 a Tony Zill
[2016/3/25 - 16:25:56] {A2DC35}[CREARAUTO]:{FFFFFF} Benjamin Alastre creó [M-473 C1-0 C2-0] - Factura por 1 a Benjamin Alastre
[2016/3/25 - 16:26:52] {A2DC35}[CREARAUTO]:{FFFFFF} Benjamin Alastre creó [M-431 C1-0 C2-0] - Factura por 1 a Benjamin Alastre
[2016/3/27 - 20:58:11] [SHOP ExpDoble] Benjamin Alastre dió 6 horas a Benjamin Alastre - Pagó fue de lol
[2016/3/27 - 20:58:17] [SHOP ExpDoble] Benjamin Alastre dió 0 horas a Benjamin Alastre - Pagó fue de .
[2016/3/27 - 21:3:58] {A2DC35}[CREARAUTO]:{FFFFFF} Benjamin Alastre creó [M-433 C1-0 C2-0] - Factura por 1 a Benjamin Alastre
[2016/4/19 - 15:0:26] {A2DC35}[CREARAUTO]:{FFFFFF} Benjamin Alastre creó [M-582 C1-0 C2-0] - Factura por 1 a Benjamin Alastre
[2016/4/19 - 15:0:35] {A2DC35}[CREARAUTO]:{FFFFFF} Benjamin Alastre creó [M-580 C1-0 C2-0] - Factura por 1 a Benjamin Alastre
[2016/5/30 - 12:43:45] {A2DC35}[CREARAUTO]:{FFFFFF} Benjamin Alastre creó [M-526 C1-0 C2-0] - Factura por 1 a Benjamin Alastre
[2016/7/25 - 21:33:7] {A2DC35}[CREARAUTO]:{FFFFFF} Benjamin Alastre creó [M-599 C1-1 C2-1] - Factura por 1 a Benjamin Alastre
[2016/10/8 - 4:28:3] [FICHASVIP] Fady Saba a Fady Saba, dió 100 Tokens VIP - Detalles 1.
[2016/10/8 - 4:28:36] [FICHASVIP] Fady Saba a Fady Saba, dió 100 Tokens VIP - Detalles 1.
[2016/10/10 - 18:53:41] [FICHASVIP] Azarel Thawne a Azarel Thawne, dió 100 Tokens VIP - Detalles #.
[2016/10/23 - 6:40:45] {A2DC35}[CREARAUTO]:{FFFFFF} Fady Saba creó [M-571 C1-0 C2-0] - Factura por a-a a Fady Saba
[2016/10/23 - 20:50:34] {A2DC35}[CREARAUTO]:{FFFFFF} Fady Saba creó [M-567 C1-1 C2-1] - Factura por 1 a Pablo Villalobos
[2016/10/24 - 3:59:36] {A2DC35}[CREARAUTO]:{FFFFFF} Fady Saba creó [M-482 C1-0 C2-0] - Factura por 1 a Fady Saba
[2016/10/24 - 4:1:0] {A2DC35}[CREARAUTO]:{FFFFFF} Fady Saba creó [M-559 C1-1 C2-1] - Factura por 1 a Fady Saba
[2016/10/24 - 4:7:10] {A2DC35}[CREARAUTO]:{FFFFFF} Fady Saba creó [M-579 C1-0 C2-0] - Factura por 1 a Fady Saba
[2016/10/24 - 4:9:7] {A2DC35}[CREARAUTO]:{FFFFFF} Fady Saba creó [M-596 C1-0 C2-1] - Factura por 1 a Fady Saba
[2016/10/24 - 4:13:28] {A2DC35}[CREARAUTO]:{FFFFFF} Fady Saba creó [M-451 C1-2 C2-2] - Factura por 1 a Fady Saba
[2016/10/24 - 4:14:45] {A2DC35}[CREARAUTO]:{FFFFFF} Fady Saba creó [M-447 C1-0 C2-0] - Factura por 1 a Fady Saba
[2016/10/24 - 4:16:43] {A2DC35}[CREARAUTO]:{FFFFFF} Fady Saba creó [M-428 C1-0 C2-0] - Factura por 1 a Fady Saba
[2016/10/24 - 4:19:42] {A2DC35}[CREARAUTO]:{FFFFFF} Fady Saba creó [M-468 C1-0 C2-0] - Factura por 1 a Fady Saba
[2016/10/24 - 4:19:50] {A2DC35}[CREARAUTO]:{FFFFFF} Fady Saba creó [M-409 C1-0 C2-0] - Factura por 1 a Fady Saba
[2016/10/24 - 4:22:32] {A2DC35}[CREARAUTO]:{FFFFFF} Fady Saba creó [M-502 C1-0 C2-1] - Factura por 1a a Fady Saba
[2016/10/24 - 4:24:40] {A2DC35}[CREARAUTO]:{FFFFFF} Fady Saba creó [M-451 C1-0 C2-0] - Factura por 1 a Jonas Jure
[2016/10/25 - 3:25:54] [SHOPLASER] Fady Saba dió Fady Saba un laser toy - Pagó fue de 1
[2016/10/25 - 3:26:56] [SHOPLASER] Fady Saba dió Fady Saba un laser toy - Pagó fue de 1
[2016/10/25 - 3:27:5] [SHOPLASER] Fady Saba dió Fady Saba un laser toy - Pagó fue de 1
[2016/10/25 - 3:29:30] [SHOPLASER] Fady Saba dió Fady Saba un laser toy - Pagó fue de 1
[2016/10/25 - 3:31:45] [SHOPLASER] Fady Saba dió Jeii Calore un laser toy - Pagó fue de 1
[2016/10/25 - 3:32:30] [SHOPLASER] Fady Saba dió Fady Saba un laser toy - Pagó fue de 1
[2016/10/25 - 3:32:45] [SHOPLASER] Fady Saba dió Fady Saba un laser toy - Pagó fue de 1
[2016/10/25 - 3:33:0] [SHOPLASER] Fady Saba dió Fady Saba un laser toy - Pagó fue de 1
[2016/10/25 - 3:33:28] [SHOPLASER] Fady Saba dió Fady Saba un laser toy - Pagó fue de 1
[2016/10/25 - 3:37:44] [SHOPLASER] Fady Saba dió Fady Saba un laser toy - Pagó fue de 1
[2016/10/25 - 3:42:40] [SHOPLASER] Fady Saba dió Fady Saba un laser toy - Pagó fue de 1
[2016/10/25 - 5:54:6] [SHOPLASER] Fady Saba dió Nacho Astiz un laser toy - Pagó fue de 1
[2016/10/25 - 5:56:24] [SHOPLASER] Fady Saba dió Jonas Jure un laser toy - Pagó fue de 1
[2016/10/25 - 5:59:51] [SHOPLASER] Fady Saba dió  un laser toy - Pagó fue de 1
[2016/10/25 - 23:14:2] [SHOPLASER] Fady Saba dió Jason Odegaard un laser toy - Pagó fue de 1
[2016/10/25 - 23:14:8] [SHOPLASER] Fady Saba dió Nikolay Petrovsky un laser toy - Pagó fue de 1
[2016/10/26 - 8:4:16] {A2DC35}[CREARAUTO]:{FFFFFF} Harvey Specter creó [M-607 C1-1 C2-1] - Factura por 1 a Harvey Specter
[2016/10/26 - 8:6:32] {A2DC35}[CREARAUTO]:{FFFFFF} Harvey Specter creó [M-606 C1-1 C2-1] - Factura por 1 a Harvey Specter
[2016/10/26 - 8:7:25] {A2DC35}[CREARAUTO]:{FFFFFF} Harvey Specter creó [M-606 C1-1 C2-1] - Factura por 1 a Nicolas Guevara
[2016/10/26 - 22:1:43] {A2DC35}[CREARAUTO]:{FFFFFF} Nicolas Guevara creó [M-519 C1-1 C2-1] - Factura por 1 a Nicolas Guevara
[2016/11/1 - 3:57:4] {A2DC35}[CREARAUTO]:{FFFFFF} Natalie Reynolds creó [M-467 C1-1 C2-126] - Factura por 1 a Natalie Reynolds
[2016/11/2 - 1:37:28] {A2DC35}[CREARAUTO]:{FFFFFF} Natalie Reynolds creó [M-411 C1-1 C2-1] - Factura por 1 a Natalie Reynolds
[2016/11/2 - 1:43:8] {A2DC35}[CREARAUTO]:{FFFFFF} Natalie Reynolds creó [M-541 C1-1 C2-126] - Factura por 800000 a Natalie Reynolds
[2016/11/2 - 6:52:16] {A2DC35}[CREARAUTO]:{FFFFFF} Nicolas Guevara creó [M-477 C1-1 C2-1] - Factura por 1 a Nicolas Guevara
