[2014/10/30 - 15:46:46] Stil Marley estableción el dinero de Stil Marley a $10000 (/dardinero)
[2014/10/31 - 14:41:32] Stil Marley estableción el dinero de Stil Marley a $1 (/dardinero)
[2014/10/31 - 14:41:36] Stil Marley estableción el dinero de Stil Marley a $100000 (/dardinero)
[2014/11/5 - 11:58:4] Tony Zill estableción el dinero de Tony Zill a $10000 (/dardinero)
[2014/11/9 - 16:10:19] Tony Zill estableció el dinero de Tony Zill a $0 (/seteardinero)
[2016/3/8 - 21:14:43] Benjamin Alastre estableció el dinero de Benjamin Alastre a $1 (/seteardinero)
[2016/3/8 - 21:14:48] Benjamin Alastre estableció el dinero de Benjamin Alastre a $200000 (/seteardinero)
[2016/3/29 - 10:25:6] Benjamin Alastre estableció el dinero de Benjamin Alastre a $1 (/seteardinero)
[2016/3/29 - 10:25:12] Benjamin Alastre estableció el dinero de Benjamin Alastre a $600000 (/seteardinero)
[2016/4/3 - 0:29:40] Benjamin Alastre estableció el dinero de Benjamin Alastre a $2000000 (/seteardinero)
[2016/5/13 - 11:30:41] Benjamin Alastre estableció el dinero de Benjamin Alastre a $0 (/seteardinero)
[2016/5/13 - 11:31:40] Benjamin Alastre estableció el dinero de Benjamin Alastre a $-445677867 (/seteardinero)
[2016/5/13 - 11:31:44] Benjamin Alastre estableció el dinero de Benjamin Alastre a $3849289 (/seteardinero)
[2016/5/20 - 12:20:56] Benjamin Alastre estableció el dinero de Benjamin Alastre a $0 (/seteardinero)
[2016/5/20 - 12:56:6] Benjamin Alastre estableció el dinero de Benjamin Alastre a $0 (/seteardinero)
[2016/7/2 - 13:13:22] Benjamin Alastre estableció el dinero de Benjamin Alastre a $0 (/seteardinero)
[2016/7/2 - 13:14:1] Benjamin Alastre estableció el dinero de Benjamin Alastre a $100000 (/seteardinero)
[2016/7/19 - 12:11:22] Benjamin Alastre estableció el dinero de Benjamin Alastre a $2000000 (/seteardinero)
[2016/7/25 - 13:54:38] Benjamin Alastre estableció el dinero de Benjamin Alastre a $500000 (/seteardinero)
[2016/8/2 - 17:48:57] Benjamin Alastre estableció el dinero de Benjamin Alastre a $89128391 (/seteardinero)
[2016/8/6 - 15:18:7] Benjamin Alastre estableció el dinero de Benjamin Alastre a $0 (/seteardinero)
[2016/8/6 - 15:20:53] Benjamin Alastre estableció el dinero de Benjamin Alastre a $500000 (/seteardinero)
[2016/8/13 - 21:4:10] Benjamin Alastre estableció el dinero de Benjamin Alastre a $519230 (/seteardinero)
[2016/8/13 - 22:13:40] Benjamin Alastre estableció el dinero de Benjamin Alastre a $451290 (/seteardinero)
[2016/8/14 - 13:28:40] Benjamin Alastre estableció el dinero de Benjamin Alastre a $912130 (/seteardinero)
[2016/10/15 - 6:17:31] Fady Saba estableció el dinero de Paul Stiven a $15000 (/seteardinero)
[2016/10/15 - 6:18:41] Fady Saba estableció el dinero de Paul Stiven a $40000 (/seteardinero)
[2016/10/15 - 21:22:16] Hal Nozaki estableció el dinero de Hal Nozaki a $9999999 (/seteardinero)
[2016/10/15 - 22:2:15] Hal Nozaki estableció el dinero de Hal Nozaki a $99999999 (/seteardinero)
[2016/10/16 - 2:36:55] Fady Saba estableció el dinero de Bayron Wazouky a $1000000 (/seteardinero)
[2016/10/16 - 2:37:16] Fady Saba estableció el dinero de Bayron Wazouky a $600000 (/seteardinero)
[2016/10/16 - 4:35:5] Fady Saba estableció el dinero de Fady Saba a $150000 (/seteardinero)
[2016/10/16 - 4:39:59] Fady Saba estableció el dinero de Fady Saba a $100000 (/seteardinero)
[2016/10/16 - 22:24:28] Hal Nozaki estableció el dinero de Hal Nozaki a $9999999 (/seteardinero)
[2016/10/17 - 5:41:10] Fady Saba estableció el dinero de Elius Araujo a $700000 (/seteardinero)
[2016/10/17 - 5:42:47] Fady Saba estableció el dinero de Elius Araujo a $100000 (/seteardinero)
[2016/10/17 - 5:43:16] Fady Saba estableció el dinero de Elius Araujo a $150000 (/seteardinero)
[2016/10/17 - 6:38:4] Fady Saba estableció el dinero de Axel Yankee a $50000 (/seteardinero)
[2016/10/17 - 22:45:7] Fady Saba estableció el dinero de Takeshi Yuki a $50000 (/seteardinero)
[2016/10/17 - 22:47:37] Fady Saba estableció el dinero de Fady Saba a $100000 (/seteardinero)
[2016/10/18 - 3:30:50] Fady Saba estableció el dinero de Paul Stiven a $50000 (/seteardinero)
[2016/10/18 - 4:2:39] Fady Saba estableció el dinero de Homero Mcarny a $450000 (/seteardinero)
[2016/10/18 - 6:29:4] Fady Saba estableció el dinero de Jonas Jure a $50000 (/seteardinero)
[2016/10/18 - 6:55:31] Fady Saba estableció el dinero de Pablo Villalobos a $50000 (/seteardinero)
[2016/10/19 - 6:20:43] Fady Saba estableció el dinero de Fady Saba a $400000 (/seteardinero)
[2016/10/19 - 6:28:17] Fady Saba estableció el dinero de Fady Saba a $400000 (/seteardinero)
[2016/10/19 - 6:38:31] Fady Saba estableció el dinero de Fady Saba a $1617046653 (/seteardinero)
[2016/10/19 - 20:18:14] Fady Saba estableció el dinero de Fady Saba a $10000000 (/seteardinero)
[2016/10/19 - 21:10:12] Fady Saba estableció el dinero de Fady Saba a $140000 (/seteardinero)
[2016/10/19 - 23:51:30] Fady Saba estableció el dinero de Fady Saba a $500000 (/seteardinero)
[2016/10/22 - 2:35:45] Hal Nozaki estableció el dinero de Hal Nozaki a $5000000 (/seteardinero)
[2016/10/23 - 6:51:36] Hal Nozaki estableció el dinero de Hal Nozaki a $0 (/seteardinero)
[2016/10/26 - 2:37:44] Fady Saba estableció el dinero de Fady Saba a $1000000 (/seteardinero)
[2016/10/26 - 2:40:1] Fady Saba estableció el dinero de Fady Saba a $2000000 (/seteardinero)
[2016/10/27 - 2:17:35] Nicolas Guevara estableció el dinero de Homero Mcarny a $300000 (/seteardinero)
[2016/10/27 - 2:21:29] Nicolas Guevara estableció el dinero de Nicolas Guevara a $1 (/seteardinero)
[2016/10/27 - 2:21:39] Nicolas Guevara estableció el dinero de Nicolas Guevara a $350000 (/seteardinero)
[2016/10/27 - 2:45:43] Nicolas Guevara estableció el dinero de David Rojas a $100000 (/seteardinero)
[2016/10/27 - 2:59:29] Nicolas Guevara estableció el dinero de Nicole Suarez a $200000 (/seteardinero)
